#
# There is insufficient memory for the Java Runtime Environment to continue.
# Native memory allocation (malloc) failed to allocate 1094256 bytes for Chunk::new
# Possible reasons:
#   The system is out of physical RAM or swap space
#   The process is running with CompressedOops enabled, and the Java Heap may be blocking the growth of the native heap
# Possible solutions:
#   Reduce memory load on the system
#   Increase physical memory or swap space
#   Check if swap backing store is full
#   Decrease Java heap size (-Xmx/-Xms)
#   Decrease number of Java threads
#   Decrease Java thread stack sizes (-Xss)
#   Set larger code cache with -XX:ReservedCodeCacheSize=
#   JVM is running with Unscaled Compressed Oops mode in which the Java heap is
#     placed in the first 4GB address space. The Java Heap base address is the
#     maximum limit for the native heap growth. Please use -XX:HeapBaseMinAddress
#     to set the Java Heap base and to place the Java Heap above 4GB virtual address.
# This output file may be truncated or incomplete.
#
#  Out of Memory Error (./src/hotspot/share/memory/arena.cpp:197), pid=12572, tid=12536
#
# JRE version: OpenJDK Runtime Environment (11.0.12+7) (build 11.0.12+7-b1504.28-7817840)
# Java VM: OpenJDK 64-Bit Server VM (11.0.12+7-b1504.28-7817840, mixed mode, tiered, compressed oops, g1 gc, windows-amd64)
# No core dump will be written. Minidumps are not enabled by default on client versions of Windows
#

---------------  S U M M A R Y ------------

Command Line: --add-opens=java.base/java.util=ALL-UNNAMED --add-opens=java.base/java.lang=ALL-UNNAMED --add-opens=java.base/java.lang.invoke=ALL-UNNAMED --add-opens=java.base/java.util=ALL-UNNAMED --add-opens=java.prefs/java.util.prefs=ALL-UNNAMED --add-opens=java.prefs/java.util.prefs=ALL-UNNAMED --add-opens=java.base/java.nio.charset=ALL-UNNAMED --add-opens=java.base/java.net=ALL-UNNAMED --add-opens=java.base/java.util.concurrent.atomic=ALL-UNNAMED -Xmx2048m -Dfile.encoding=UTF-8 -Duser.country=CA -Duser.language=en -Duser.variant org.gradle.launcher.daemon.bootstrap.GradleDaemon 7.4.2

Host: Intel(R) Core(TM) i7-8550U CPU @ 1.80GHz, 8 cores, 11G,  Windows 10 , 64 bit Build 18362 (10.0.18362.1)
Time: Mon May 23 16:46:56 2022 Eastern Daylight Time elapsed time: 75.706817 seconds (0d 0h 1m 15s)

---------------  T H R E A D  ---------------

Current thread (0x000001f1cff18800):  JavaThread "C2 CompilerThread0" daemon [_thread_in_native, id=12536, stack(0x000000082f400000,0x000000082f500000)]


Current CompileTask:
C2:  75706 11470 %     4       java.io.WinNTFileSystem::normalize @ 22 (143 bytes)

Stack: [0x000000082f400000,0x000000082f500000]
Native frames: (J=compiled Java code, j=interpreted, Vv=VM code, C=native code)
V  [jvm.dll+0x5fbcea]
V  [jvm.dll+0x731905]
V  [jvm.dll+0x732f1d]
V  [jvm.dll+0x7335d3]
V  [jvm.dll+0x247bf8]
V  [jvm.dll+0xc018c]
V  [jvm.dll+0xc06cc]
V  [jvm.dll+0x35b31d]
V  [jvm.dll+0x328803]
V  [jvm.dll+0x327cfa]
V  [jvm.dll+0x200602]
V  [jvm.dll+0x1ff794]
V  [jvm.dll+0x18868c]
V  [jvm.dll+0x20e0d7]
V  [jvm.dll+0x20c901]
V  [jvm.dll+0x6f9b7f]
V  [jvm.dll+0x6f26a5]
V  [jvm.dll+0x5fabf6]
C  [ucrtbase.dll+0x1d912]
C  [KERNEL32.DLL+0x17944]
C  [ntdll.dll+0x6ce71]


---------------  P R O C E S S  ---------------

Threads class SMR info:
_java_thread_list=0x000001f1d3e90a00, length=125, elements={
0x000001f1b51dc800, 0x000001f1cf681800, 0x000001f1cf683000, 0x000001f1cfecc800,
0x000001f1cfed0800, 0x000001f1cfed2000, 0x000001f1cff18800, 0x000001f1cff1b800,
0x000001f1cff1c800, 0x000001f1d0071000, 0x000001f1d13ac000, 0x000001f1d304c000,
0x000001f1d2b89800, 0x000001f1d04c0000, 0x000001f1d2a12800, 0x000001f1d180e800,
0x000001f1d2fc5800, 0x000001f1d1ee4800, 0x000001f1d264e800, 0x000001f1d2652000,
0x000001f1d264c000, 0x000001f1d2652800, 0x000001f1d264d000, 0x000001f1d264e000,
0x000001f1d264f800, 0x000001f1d2650000, 0x000001f1d2651000, 0x000001f1d332b000,
0x000001f1d3328800, 0x000001f1d3326800, 0x000001f1d332a000, 0x000001f1d3329000,
0x000001f1d332b800, 0x000001f1d332c800, 0x000001f1d332d000, 0x000001f1d3327800,
0x000001f1d10d5000, 0x000001f1d10d8000, 0x000001f1d10d4000, 0x000001f1d10df800,
0x000001f1d10de000, 0x000001f1d10e0800, 0x000001f1d10da800, 0x000001f1d10e1000,
0x000001f1d10db800, 0x000001f1d10dd000, 0x000001f1d10e2000, 0x000001f1d10dc800,
0x000001f1d10de800, 0x000001f1d3717000, 0x000001f1d3718800, 0x000001f1d3719800,
0x000001f1d3713800, 0x000001f1d3716000, 0x000001f1d3717800, 0x000001f1d3714800,
0x000001f1d371a000, 0x000001f1d371b000, 0x000001f1d3715000, 0x000001f1d3720800,
0x000001f1d3721800, 0x000001f1d371c800, 0x000001f1d3720000, 0x000001f1d371b800,
0x000001f1d371e000, 0x000001f1d371d800, 0x000001f1d371f000, 0x000001f1d3722800,
0x000001f1dad12800, 0x000001f1dad15000, 0x000001f1dad13800, 0x000001f1dad16800,
0x000001f1dad16000, 0x000001f1dad17800, 0x000001f1dad18800, 0x000001f1dad19000,
0x000001f1dad1a000, 0x000001f1dad14800, 0x000001f1dad1e000, 0x000001f1dad1f000,
0x000001f1dad20800, 0x000001f1dad1c800, 0x000001f1dad1b000, 0x000001f1dad1f800,
0x000001f1dad1d000, 0x000001f1dad21800, 0x000001f1dad1b800, 0x000001f1d3e3b000,
0x000001f1d3e39000, 0x000001f1d3e38000, 0x000001f1d3e39800, 0x000001f1d3e3a800,
0x000001f1d3e3c000, 0x000001f1d3e36800, 0x000001f1d3e37000, 0x000001f1d3e3f800,
0x000001f1d3e42800, 0x000001f1d3e3d000, 0x000001f1d3e43800, 0x000001f1d3e40000,
0x000001f1d3e3d800, 0x000001f1d3e41000, 0x000001f1d3e42000, 0x000001f1d3e44000,
0x000001f1d3e3e800, 0x000001f1d3e45000, 0x000001f1d9d09800, 0x000001f1d9d06800,
0x000001f1d9d0a800, 0x000001f1d9d05000, 0x000001f1d9d07800, 0x000001f1d9d0b800,
0x000001f1d9d05800, 0x000001f1d9d09000, 0x000001f1d9d0e000, 0x000001f1d9d0d000,
0x000001f1d9d08000, 0x000001f1d9d12000, 0x000001f1d9d11000, 0x000001f1d9d0e800,
0x000001f1d9d13800, 0x000001f1d10d9000, 0x000001f1d7b16000, 0x000001f1d7b12000,
0x000001f1d7b10000
}

Java Threads: ( => current thread )
  0x000001f1b51dc800 JavaThread "main" [_thread_blocked, id=11272, stack(0x000000082e800000,0x000000082e900000)]
  0x000001f1cf681800 JavaThread "Reference Handler" daemon [_thread_blocked, id=8036, stack(0x000000082ef00000,0x000000082f000000)]
  0x000001f1cf683000 JavaThread "Finalizer" daemon [_thread_blocked, id=1060, stack(0x000000082f000000,0x000000082f100000)]
  0x000001f1cfecc800 JavaThread "Signal Dispatcher" daemon [_thread_blocked, id=8912, stack(0x000000082f100000,0x000000082f200000)]
  0x000001f1cfed0800 JavaThread "Attach Listener" daemon [_thread_blocked, id=5124, stack(0x000000082f200000,0x000000082f300000)]
  0x000001f1cfed2000 JavaThread "Service Thread" daemon [_thread_blocked, id=9812, stack(0x000000082f300000,0x000000082f400000)]
=>0x000001f1cff18800 JavaThread "C2 CompilerThread0" daemon [_thread_in_native, id=12536, stack(0x000000082f400000,0x000000082f500000)]
  0x000001f1cff1b800 JavaThread "C1 CompilerThread0" daemon [_thread_blocked, id=8316, stack(0x000000082f500000,0x000000082f600000)]
  0x000001f1cff1c800 JavaThread "Sweeper thread" daemon [_thread_blocked, id=8556, stack(0x000000082f600000,0x000000082f700000)]
  0x000001f1d0071000 JavaThread "Common-Cleaner" daemon [_thread_blocked, id=9528, stack(0x000000082f700000,0x000000082f800000)]
  0x000001f1d13ac000 JavaThread "Daemon health stats" [_thread_blocked, id=13276, stack(0x000000082fe00000,0x000000082ff00000)]
  0x000001f1d304c000 JavaThread "Incoming local TCP Connector on port 10056" [_thread_in_native, id=7028, stack(0x000000082fa00000,0x000000082fb00000)]
  0x000001f1d2b89800 JavaThread "Daemon periodic checks" [_thread_blocked, id=12384, stack(0x000000082ff00000,0x0000000830000000)]
  0x000001f1d04c0000 JavaThread "Daemon" [_thread_blocked, id=5716, stack(0x0000000830000000,0x0000000830100000)]
  0x000001f1d2a12800 JavaThread "Handler for socket connection from /127.0.0.1:10056 to /127.0.0.1:10057" [_thread_in_native, id=6360, stack(0x0000000830100000,0x0000000830200000)]
  0x000001f1d180e800 JavaThread "Cancel handler" [_thread_blocked, id=2140, stack(0x0000000830200000,0x0000000830300000)]
  0x000001f1d2fc5800 JavaThread "Daemon worker" [_thread_in_native, id=10584, stack(0x0000000830300000,0x0000000830400000)]
  0x000001f1d1ee4800 JavaThread "Asynchronous log dispatcher for DefaultDaemonConnection: socket connection from /127.0.0.1:10056 to /127.0.0.1:10057" [_thread_blocked, id=12880, stack(0x0000000830400000,0x0000000830500000)]
  0x000001f1d264e800 JavaThread "Daemon client event forwarder" [_thread_blocked, id=9136, stack(0x0000000830600000,0x0000000830700000)]
  0x000001f1d2652000 JavaThread "Cache worker for journal cache (F:\AndroidStudio\jre\caches\journal-1)" [_thread_blocked, id=13192, stack(0x0000000830b00000,0x0000000830c00000)]
  0x000001f1d264c000 JavaThread "File lock request listener" [_thread_in_native, id=7276, stack(0x0000000830c00000,0x0000000830d00000)]
  0x000001f1d2652800 JavaThread "Cache worker for file hash cache (F:\AndroidStudio\jre\caches\7.4.2\fileHashes)" [_thread_blocked, id=13136, stack(0x0000000830e00000,0x0000000830f00000)]
  0x000001f1d264d000 JavaThread "File watcher server" daemon [_thread_in_native, id=11020, stack(0x0000000830f00000,0x0000000831000000)]
  0x000001f1d264e000 JavaThread "File watcher consumer" daemon [_thread_blocked, id=8480, stack(0x0000000831000000,0x0000000831100000)]
  0x000001f1d264f800 JavaThread "jar transforms" [_thread_blocked, id=6592, stack(0x000000082f900000,0x000000082fa00000)]
  0x000001f1d2650000 JavaThread "jar transforms Thread 2" [_thread_blocked, id=10332, stack(0x0000000831100000,0x0000000831200000)]
  0x000001f1d2651000 JavaThread "jar transforms Thread 3" [_thread_blocked, id=11276, stack(0x0000000831200000,0x0000000831300000)]
  0x000001f1d332b000 JavaThread "jar transforms Thread 4" [_thread_blocked, id=11460, stack(0x0000000831300000,0x0000000831400000)]
  0x000001f1d3328800 JavaThread "jar transforms Thread 5" [_thread_blocked, id=1280, stack(0x0000000831400000,0x0000000831500000)]
  0x000001f1d3326800 JavaThread "jar transforms Thread 6" [_thread_blocked, id=12552, stack(0x0000000831500000,0x0000000831600000)]
  0x000001f1d332a000 JavaThread "jar transforms Thread 7" [_thread_blocked, id=6792, stack(0x0000000831600000,0x0000000831700000)]
  0x000001f1d3329000 JavaThread "jar transforms Thread 8" [_thread_blocked, id=12180, stack(0x0000000831700000,0x0000000831800000)]
  0x000001f1d332b800 JavaThread "Cache worker for checksums cache (E:\Android\Repositories\PhotoFinder\.gradle\7.4.2\checksums)" [_thread_blocked, id=5436, stack(0x0000000831a00000,0x0000000831b00000)]
  0x000001f1d332c800 JavaThread "Cache worker for cache directory md-rule (F:\AndroidStudio\jre\caches\7.4.2\md-rule)" [_thread_blocked, id=12620, stack(0x0000000831b00000,0x0000000831c00000)]
  0x000001f1d332d000 JavaThread "Cache worker for file hash cache (E:\Android\Repositories\PhotoFinder\.gradle\7.4.2\fileHashes)" [_thread_blocked, id=248, stack(0x0000000831c00000,0x0000000831d00000)]
  0x000001f1d3327800 JavaThread "Cache worker for cache directory md-supplier (F:\AndroidStudio\jre\caches\7.4.2\md-supplier)" [_thread_blocked, id=3012, stack(0x0000000831d00000,0x0000000831e00000)]
  0x000001f1d10d5000 JavaThread "Cache worker for execution history cache (F:\AndroidStudio\jre\caches\7.4.2\executionHistory)" [_thread_blocked, id=12312, stack(0x0000000831e00000,0x0000000831f00000)]
  0x000001f1d10d8000 JavaThread "Cache worker for file content cache (F:\AndroidStudio\jre\caches\7.4.2\fileContent)" [_thread_blocked, id=12280, stack(0x0000000831f00000,0x0000000832000000)]
  0x000001f1d10d4000 JavaThread "Cache worker for dependencies-accessors (E:\Android\Repositories\PhotoFinder\.gradle\7.4.2\dependencies-accessors)" [_thread_blocked, id=7492, stack(0x0000000832000000,0x0000000832100000)]
  0x000001f1d10df800 JavaThread "Cache worker for Build Output Cleanup Cache (E:\Android\Repositories\PhotoFinder\.gradle\buildOutputCleanup)" [_thread_blocked, id=10632, stack(0x0000000832100000,0x0000000832200000)]
  0x000001f1d10de000 JavaThread "Unconstrained build operations" [_thread_blocked, id=2204, stack(0x0000000832200000,0x0000000832300000)]
  0x000001f1d10e0800 JavaThread "Unconstrained build operations Thread 2" [_thread_blocked, id=2512, stack(0x0000000832300000,0x0000000832400000)]
  0x000001f1d10da800 JavaThread "Unconstrained build operations Thread 3" [_thread_blocked, id=12912, stack(0x0000000832400000,0x0000000832500000)]
  0x000001f1d10e1000 JavaThread "Unconstrained build operations Thread 4" [_thread_blocked, id=8000, stack(0x0000000832500000,0x0000000832600000)]
  0x000001f1d10db800 JavaThread "Unconstrained build operations Thread 5" [_thread_blocked, id=4084, stack(0x0000000832600000,0x0000000832700000)]
  0x000001f1d10dd000 JavaThread "Unconstrained build operations Thread 6" [_thread_blocked, id=3824, stack(0x0000000832700000,0x0000000832800000)]
  0x000001f1d10e2000 JavaThread "Unconstrained build operations Thread 7" [_thread_blocked, id=10064, stack(0x0000000832800000,0x0000000832900000)]
  0x000001f1d10dc800 JavaThread "Unconstrained build operations Thread 8" [_thread_blocked, id=12840, stack(0x0000000832900000,0x0000000832a00000)]
  0x000001f1d10de800 JavaThread "Unconstrained build operations Thread 9" [_thread_blocked, id=12872, stack(0x0000000832a00000,0x0000000832b00000)]
  0x000001f1d3717000 JavaThread "Unconstrained build operations Thread 10" [_thread_blocked, id=2680, stack(0x0000000832b00000,0x0000000832c00000)]
  0x000001f1d3718800 JavaThread "Unconstrained build operations Thread 11" [_thread_blocked, id=8628, stack(0x0000000832c00000,0x0000000832d00000)]
  0x000001f1d3719800 JavaThread "Unconstrained build operations Thread 12" [_thread_blocked, id=8248, stack(0x0000000832d00000,0x0000000832e00000)]
  0x000001f1d3713800 JavaThread "Unconstrained build operations Thread 13" [_thread_blocked, id=5296, stack(0x0000000832e00000,0x0000000832f00000)]
  0x000001f1d3716000 JavaThread "Unconstrained build operations Thread 14" [_thread_blocked, id=7424, stack(0x0000000832f00000,0x0000000833000000)]
  0x000001f1d3717800 JavaThread "Unconstrained build operations Thread 15" [_thread_blocked, id=10600, stack(0x0000000833000000,0x0000000833100000)]
  0x000001f1d3714800 JavaThread "Unconstrained build operations Thread 16" [_thread_blocked, id=12244, stack(0x0000000833100000,0x0000000833200000)]
  0x000001f1d371a000 JavaThread "Unconstrained build operations Thread 17" [_thread_blocked, id=6732, stack(0x0000000833200000,0x0000000833300000)]
  0x000001f1d371b000 JavaThread "Unconstrained build operations Thread 18" [_thread_blocked, id=8988, stack(0x0000000833300000,0x0000000833400000)]
  0x000001f1d3715000 JavaThread "Unconstrained build operations Thread 19" [_thread_blocked, id=9228, stack(0x0000000833400000,0x0000000833500000)]
  0x000001f1d3720800 JavaThread "Unconstrained build operations Thread 20" [_thread_blocked, id=7392, stack(0x0000000833500000,0x0000000833600000)]
  0x000001f1d3721800 JavaThread "Unconstrained build operations Thread 21" [_thread_blocked, id=10100, stack(0x0000000833600000,0x0000000833700000)]
  0x000001f1d371c800 JavaThread "Unconstrained build operations Thread 22" [_thread_blocked, id=3920, stack(0x0000000833700000,0x0000000833800000)]
  0x000001f1d3720000 JavaThread "Unconstrained build operations Thread 23" [_thread_blocked, id=9668, stack(0x0000000833800000,0x0000000833900000)]
  0x000001f1d371b800 JavaThread "Unconstrained build operations Thread 24" [_thread_blocked, id=4860, stack(0x0000000833900000,0x0000000833a00000)]
  0x000001f1d371e000 JavaThread "Unconstrained build operations Thread 25" [_thread_blocked, id=11444, stack(0x0000000833a00000,0x0000000833b00000)]
  0x000001f1d371d800 JavaThread "Unconstrained build operations Thread 26" [_thread_blocked, id=3596, stack(0x0000000833b00000,0x0000000833c00000)]
  0x000001f1d371f000 JavaThread "Unconstrained build operations Thread 27" [_thread_blocked, id=7308, stack(0x0000000833c00000,0x0000000833d00000)]
  0x000001f1d3722800 JavaThread "Unconstrained build operations Thread 28" [_thread_blocked, id=11544, stack(0x0000000833d00000,0x0000000833e00000)]
  0x000001f1dad12800 JavaThread "Unconstrained build operations Thread 29" [_thread_blocked, id=5084, stack(0x0000000833e00000,0x0000000833f00000)]
  0x000001f1dad15000 JavaThread "Unconstrained build operations Thread 30" [_thread_blocked, id=7840, stack(0x0000000833f00000,0x0000000834000000)]
  0x000001f1dad13800 JavaThread "Unconstrained build operations Thread 31" [_thread_blocked, id=12844, stack(0x0000000834000000,0x0000000834100000)]
  0x000001f1dad16800 JavaThread "Unconstrained build operations Thread 32" [_thread_blocked, id=8700, stack(0x0000000834100000,0x0000000834200000)]
  0x000001f1dad16000 JavaThread "Unconstrained build operations Thread 33" [_thread_blocked, id=10612, stack(0x0000000834200000,0x0000000834300000)]
  0x000001f1dad17800 JavaThread "Unconstrained build operations Thread 34" [_thread_blocked, id=10704, stack(0x0000000834300000,0x0000000834400000)]
  0x000001f1dad18800 JavaThread "Unconstrained build operations Thread 35" [_thread_blocked, id=4056, stack(0x0000000834400000,0x0000000834500000)]
  0x000001f1dad19000 JavaThread "Unconstrained build operations Thread 36" [_thread_blocked, id=6672, stack(0x0000000834500000,0x0000000834600000)]
  0x000001f1dad1a000 JavaThread "Unconstrained build operations Thread 37" [_thread_blocked, id=6396, stack(0x0000000834600000,0x0000000834700000)]
  0x000001f1dad14800 JavaThread "Unconstrained build operations Thread 38" [_thread_blocked, id=8128, stack(0x0000000834700000,0x0000000834800000)]
  0x000001f1dad1e000 JavaThread "Unconstrained build operations Thread 39" [_thread_blocked, id=2312, stack(0x0000000834800000,0x0000000834900000)]
  0x000001f1dad1f000 JavaThread "Unconstrained build operations Thread 40" [_thread_blocked, id=12020, stack(0x0000000834900000,0x0000000834a00000)]
  0x000001f1dad20800 JavaThread "Unconstrained build operations Thread 41" [_thread_blocked, id=1912, stack(0x0000000834a00000,0x0000000834b00000)]
  0x000001f1dad1c800 JavaThread "Unconstrained build operations Thread 42" [_thread_blocked, id=12040, stack(0x0000000834b00000,0x0000000834c00000)]
  0x000001f1dad1b000 JavaThread "Unconstrained build operations Thread 43" [_thread_blocked, id=9312, stack(0x0000000834c00000,0x0000000834d00000)]
  0x000001f1dad1f800 JavaThread "Unconstrained build operations Thread 44" [_thread_blocked, id=10756, stack(0x0000000834d00000,0x0000000834e00000)]
  0x000001f1dad1d000 JavaThread "Unconstrained build operations Thread 45" [_thread_blocked, id=11404, stack(0x0000000834e00000,0x0000000834f00000)]
  0x000001f1dad21800 JavaThread "Unconstrained build operations Thread 46" [_thread_blocked, id=4292, stack(0x0000000834f00000,0x0000000835000000)]
  0x000001f1dad1b800 JavaThread "Unconstrained build operations Thread 47" [_thread_blocked, id=12884, stack(0x0000000835000000,0x0000000835100000)]
  0x000001f1d3e3b000 JavaThread "Unconstrained build operations Thread 48" [_thread_blocked, id=13112, stack(0x0000000835100000,0x0000000835200000)]
  0x000001f1d3e39000 JavaThread "Unconstrained build operations Thread 49" [_thread_blocked, id=10616, stack(0x0000000835200000,0x0000000835300000)]
  0x000001f1d3e38000 JavaThread "Unconstrained build operations Thread 50" [_thread_blocked, id=12484, stack(0x0000000835300000,0x0000000835400000)]
  0x000001f1d3e39800 JavaThread "Unconstrained build operations Thread 51" [_thread_blocked, id=12072, stack(0x0000000835400000,0x0000000835500000)]
  0x000001f1d3e3a800 JavaThread "Unconstrained build operations Thread 52" [_thread_blocked, id=1480, stack(0x0000000835500000,0x0000000835600000)]
  0x000001f1d3e3c000 JavaThread "Unconstrained build operations Thread 53" [_thread_blocked, id=12976, stack(0x0000000835600000,0x0000000835700000)]
  0x000001f1d3e36800 JavaThread "Unconstrained build operations Thread 54" [_thread_blocked, id=13144, stack(0x0000000835700000,0x0000000835800000)]
  0x000001f1d3e37000 JavaThread "Unconstrained build operations Thread 55" [_thread_blocked, id=5824, stack(0x0000000835800000,0x0000000835900000)]
  0x000001f1d3e3f800 JavaThread "Unconstrained build operations Thread 56" [_thread_blocked, id=1864, stack(0x0000000835900000,0x0000000835a00000)]
  0x000001f1d3e42800 JavaThread "Unconstrained build operations Thread 57" [_thread_blocked, id=11044, stack(0x0000000835a00000,0x0000000835b00000)]
  0x000001f1d3e3d000 JavaThread "Unconstrained build operations Thread 58" [_thread_blocked, id=1476, stack(0x0000000835b00000,0x0000000835c00000)]
  0x000001f1d3e43800 JavaThread "Unconstrained build operations Thread 59" [_thread_blocked, id=10120, stack(0x0000000835c00000,0x0000000835d00000)]
  0x000001f1d3e40000 JavaThread "Unconstrained build operations Thread 60" [_thread_blocked, id=10764, stack(0x0000000835d00000,0x0000000835e00000)]
  0x000001f1d3e3d800 JavaThread "Unconstrained build operations Thread 61" [_thread_blocked, id=8568, stack(0x0000000835e00000,0x0000000835f00000)]
  0x000001f1d3e41000 JavaThread "Unconstrained build operations Thread 62" [_thread_blocked, id=4728, stack(0x0000000835f00000,0x0000000836000000)]
  0x000001f1d3e42000 JavaThread "Unconstrained build operations Thread 63" [_thread_blocked, id=2556, stack(0x0000000836000000,0x0000000836100000)]
  0x000001f1d3e44000 JavaThread "Unconstrained build operations Thread 64" [_thread_blocked, id=6912, stack(0x0000000836100000,0x0000000836200000)]
  0x000001f1d3e3e800 JavaThread "Unconstrained build operations Thread 65" [_thread_blocked, id=12876, stack(0x0000000836200000,0x0000000836300000)]
  0x000001f1d3e45000 JavaThread "Unconstrained build operations Thread 66" [_thread_blocked, id=12580, stack(0x0000000836300000,0x0000000836400000)]
  0x000001f1d9d09800 JavaThread "Unconstrained build operations Thread 67" [_thread_blocked, id=2880, stack(0x0000000836400000,0x0000000836500000)]
  0x000001f1d9d06800 JavaThread "Unconstrained build operations Thread 68" [_thread_blocked, id=5352, stack(0x0000000836500000,0x0000000836600000)]
  0x000001f1d9d0a800 JavaThread "Unconstrained build operations Thread 69" [_thread_blocked, id=8740, stack(0x0000000836600000,0x0000000836700000)]
  0x000001f1d9d05000 JavaThread "Unconstrained build operations Thread 70" [_thread_blocked, id=8936, stack(0x0000000836700000,0x0000000836800000)]
  0x000001f1d9d07800 JavaThread "Unconstrained build operations Thread 71" [_thread_blocked, id=8812, stack(0x0000000836800000,0x0000000836900000)]
  0x000001f1d9d0b800 JavaThread "Unconstrained build operations Thread 72" [_thread_blocked, id=3404, stack(0x0000000836900000,0x0000000836a00000)]
  0x000001f1d9d05800 JavaThread "Unconstrained build operations Thread 73" [_thread_blocked, id=1600, stack(0x0000000836a00000,0x0000000836b00000)]
  0x000001f1d9d09000 JavaThread "Unconstrained build operations Thread 74" [_thread_blocked, id=9464, stack(0x0000000836b00000,0x0000000836c00000)]
  0x000001f1d9d0e000 JavaThread "Unconstrained build operations Thread 75" [_thread_blocked, id=7884, stack(0x0000000836c00000,0x0000000836d00000)]
  0x000001f1d9d0d000 JavaThread "Unconstrained build operations Thread 76" [_thread_blocked, id=12208, stack(0x0000000836d00000,0x0000000836e00000)]
  0x000001f1d9d08000 JavaThread "Unconstrained build operations Thread 77" [_thread_blocked, id=5768, stack(0x0000000836e00000,0x0000000836f00000)]
  0x000001f1d9d12000 JavaThread "Unconstrained build operations Thread 78" [_thread_blocked, id=10816, stack(0x0000000836f00000,0x0000000837000000)]
  0x000001f1d9d11000 JavaThread "Unconstrained build operations Thread 79" [_thread_blocked, id=2052, stack(0x0000000837000000,0x0000000837100000)]
  0x000001f1d9d0e800 JavaThread "Unconstrained build operations Thread 80" [_thread_blocked, id=10808, stack(0x0000000837100000,0x0000000837200000)]
  0x000001f1d9d13800 JavaThread "Memory manager" [_thread_blocked, id=6012, stack(0x000000082e700000,0x000000082e800000)]
  0x000001f1d10d9000 JavaThread "included builds" [_thread_blocked, id=8148, stack(0x000000082e500000,0x000000082e600000)]
  0x000001f1d7b16000 JavaThread "Cache worker for execution history cache (E:\Android\Repositories\PhotoFinder\.gradle\7.4.2\executionHistory)" [_thread_blocked, id=13096, stack(0x0000000837700000,0x0000000837800000)]
  0x000001f1d7b12000 JavaThread "C2 CompilerThread1" daemon [_thread_in_native, id=12508, stack(0x0000000837800000,0x0000000837900000)]

Other Threads:
  0x000001f1cfeb6800 VMThread "VM Thread" [stack: 0x000000082ee00000,0x000000082ef00000] [id=8796]
  0x000001f1d00c4000 WatcherThread [stack: 0x000000082f800000,0x000000082f900000] [id=2356]
  0x000001f1b51f4000 GCTaskThread "GC Thread#0" [stack: 0x000000082e900000,0x000000082ea00000] [id=13268]
  0x000001f1d0d3c800 GCTaskThread "GC Thread#1" [stack: 0x000000082fb00000,0x000000082fc00000] [id=9948]
  0x000001f1d110d000 GCTaskThread "GC Thread#2" [stack: 0x000000082fc00000,0x000000082fd00000] [id=3736]
  0x000001f1d0f7f800 GCTaskThread "GC Thread#3" [stack: 0x000000082fd00000,0x000000082fe00000] [id=584]
  0x000001f1d2529800 GCTaskThread "GC Thread#4" [stack: 0x0000000830700000,0x0000000830800000] [id=956]
  0x000001f1d129b800 GCTaskThread "GC Thread#5" [stack: 0x0000000830800000,0x0000000830900000] [id=3408]
  0x000001f1d1ede800 GCTaskThread "GC Thread#6" [stack: 0x0000000830900000,0x0000000830a00000] [id=6048]
  0x000001f1d1ee1800 GCTaskThread "GC Thread#7" [stack: 0x0000000830a00000,0x0000000830b00000] [id=11724]
  0x000001f1b522b000 ConcurrentGCThread "G1 Main Marker" [stack: 0x000000082ea00000,0x000000082eb00000] [id=1232]
  0x000001f1b522c800 ConcurrentGCThread "G1 Conc#0" [stack: 0x000000082eb00000,0x000000082ec00000] [id=1016]
  0x000001f1d12b4800 ConcurrentGCThread "G1 Conc#1" [stack: 0x0000000830d00000,0x0000000830e00000] [id=10048]
  0x000001f1b52ae000 ConcurrentGCThread "G1 Refine#0" [stack: 0x000000082ec00000,0x000000082ed00000] [id=6856]
  0x000001f1cf4e6800 ConcurrentGCThread "G1 Young RemSet Sampling" [stack: 0x000000082ed00000,0x000000082ee00000] [id=10356]

Threads with active compile tasks:
C2 CompilerThread0  78358 11470 %     4       java.io.WinNTFileSystem::normalize @ 22 (143 bytes)
C2 CompilerThread1  78358 11515       4       org.codehaus.groovy.vmplugin.v9.Java9::checkCanSetAccessible (137 bytes)

VM state:not at safepoint (normal execution)

VM Mutex/Monitor currently owned by a thread: None

Heap address: 0x0000000080000000, size: 2048 MB, Compressed Oops mode: 32-bit
Narrow klass base: 0x0000000000000000, Narrow klass shift: 3
Compressed class space size: 1073741824 Address: 0x0000000100000000

Heap:
 garbage-first heap   total 297984K, used 171110K [0x0000000080000000, 0x0000000100000000)
  region size 1024K, 74 young (75776K), 19 survivors (19456K)
 Metaspace       used 89377K, capacity 91853K, committed 92032K, reserved 1128448K
  class space    used 11650K, capacity 12567K, committed 12672K, reserved 1048576K
Heap Regions: E=young(eden), S=young(survivor), O=old, HS=humongous(starts), HC=humongous(continues), CS=collection set, F=free, A=archive, TAMS=top-at-mark-start (previous, next)
|   0|0x0000000080000000, 0x0000000080100000, 0x0000000080100000|100%| O|  |TAMS 0x0000000080100000, 0x0000000080000000| Untracked 
|   1|0x0000000080100000, 0x0000000080200000, 0x0000000080200000|100%| O|  |TAMS 0x0000000080200000, 0x0000000080100000| Untracked 
|   2|0x0000000080200000, 0x0000000080300000, 0x0000000080300000|100%| O|  |TAMS 0x0000000080300000, 0x0000000080200000| Untracked 
|   3|0x0000000080300000, 0x0000000080400000, 0x0000000080400000|100%|HS|  |TAMS 0x0000000080400000, 0x0000000080300000| Complete 
|   4|0x0000000080400000, 0x0000000080500000, 0x0000000080500000|100%|HC|  |TAMS 0x0000000080500000, 0x0000000080400000| Complete 
|   5|0x0000000080500000, 0x0000000080600000, 0x0000000080600000|100%|HC|  |TAMS 0x0000000080600000, 0x0000000080500000| Complete 
|   6|0x0000000080600000, 0x0000000080700000, 0x0000000080700000|100%| O|  |TAMS 0x0000000080700000, 0x0000000080600000| Untracked 
|   7|0x0000000080700000, 0x0000000080800000, 0x0000000080800000|100%| O|  |TAMS 0x0000000080800000, 0x0000000080700000| Untracked 
|   8|0x0000000080800000, 0x0000000080900000, 0x0000000080900000|100%| O|  |TAMS 0x0000000080900000, 0x0000000080800000| Untracked 
|   9|0x0000000080900000, 0x0000000080a00000, 0x0000000080a00000|100%| O|  |TAMS 0x0000000080a00000, 0x0000000080900000| Untracked 
|  10|0x0000000080a00000, 0x0000000080b00000, 0x0000000080b00000|100%| O|  |TAMS 0x0000000080b00000, 0x0000000080a00000| Untracked 
|  11|0x0000000080b00000, 0x0000000080c00000, 0x0000000080c00000|100%| O|  |TAMS 0x0000000080c00000, 0x0000000080b00000| Untracked 
|  12|0x0000000080c00000, 0x0000000080d00000, 0x0000000080d00000|100%|HS|  |TAMS 0x0000000080d00000, 0x0000000080c00000| Complete 
|  13|0x0000000080d00000, 0x0000000080e00000, 0x0000000080e00000|100%|HC|  |TAMS 0x0000000080e00000, 0x0000000080d00000| Complete 
|  14|0x0000000080e00000, 0x0000000080f00000, 0x0000000080f00000|100%|HS|  |TAMS 0x0000000080f00000, 0x0000000080e00000| Complete 
|  15|0x0000000080f00000, 0x0000000081000000, 0x0000000081000000|100%|HC|  |TAMS 0x0000000081000000, 0x0000000080f00000| Complete 
|  16|0x0000000081000000, 0x0000000081100000, 0x0000000081100000|100%|HC|  |TAMS 0x0000000081100000, 0x0000000081000000| Complete 
|  17|0x0000000081100000, 0x0000000081200000, 0x0000000081200000|100%|HS|  |TAMS 0x0000000081200000, 0x0000000081100000| Complete 
|  18|0x0000000081200000, 0x0000000081300000, 0x0000000081300000|100%|HS|  |TAMS 0x0000000081300000, 0x0000000081200000| Complete 
|  19|0x0000000081300000, 0x0000000081400000, 0x0000000081400000|100%|HC|  |TAMS 0x0000000081400000, 0x0000000081300000| Complete 
|  20|0x0000000081400000, 0x0000000081500000, 0x0000000081500000|100%|HC|  |TAMS 0x0000000081500000, 0x0000000081400000| Complete 
|  21|0x0000000081500000, 0x0000000081600000, 0x0000000081600000|100%|HC|  |TAMS 0x0000000081600000, 0x0000000081500000| Complete 
|  22|0x0000000081600000, 0x0000000081700000, 0x0000000081700000|100%| O|  |TAMS 0x0000000081700000, 0x0000000081600000| Untracked 
|  23|0x0000000081700000, 0x0000000081800000, 0x0000000081800000|100%| O|  |TAMS 0x0000000081800000, 0x0000000081700000| Untracked 
|  24|0x0000000081800000, 0x0000000081900000, 0x0000000081900000|100%| O|  |TAMS 0x0000000081900000, 0x0000000081800000| Untracked 
|  25|0x0000000081900000, 0x0000000081a00000, 0x0000000081a00000|100%| O|  |TAMS 0x0000000081a00000, 0x0000000081900000| Untracked 
|  26|0x0000000081a00000, 0x0000000081b00000, 0x0000000081b00000|100%| O|  |TAMS 0x0000000081b00000, 0x0000000081a00000| Untracked 
|  27|0x0000000081b00000, 0x0000000081c00000, 0x0000000081c00000|100%| O|  |TAMS 0x0000000081c00000, 0x0000000081b00000| Untracked 
|  28|0x0000000081c00000, 0x0000000081d00000, 0x0000000081d00000|100%| O|  |TAMS 0x0000000081d00000, 0x0000000081c00000| Untracked 
|  29|0x0000000081d00000, 0x0000000081e00000, 0x0000000081e00000|100%| O|  |TAMS 0x0000000081e00000, 0x0000000081d00000| Untracked 
|  30|0x0000000081e00000, 0x0000000081f00000, 0x0000000081f00000|100%| O|  |TAMS 0x0000000081f00000, 0x0000000081e00000| Untracked 
|  31|0x0000000081f00000, 0x0000000082000000, 0x0000000082000000|100%| O|  |TAMS 0x0000000082000000, 0x0000000081f00000| Untracked 
|  32|0x0000000082000000, 0x0000000082100000, 0x0000000082100000|100%| O|  |TAMS 0x0000000082100000, 0x0000000082000000| Untracked 
|  33|0x0000000082100000, 0x0000000082200000, 0x0000000082200000|100%| O|  |TAMS 0x0000000082200000, 0x0000000082100000| Untracked 
|  34|0x0000000082200000, 0x0000000082300000, 0x0000000082300000|100%| O|  |TAMS 0x0000000082300000, 0x0000000082200000| Untracked 
|  35|0x0000000082300000, 0x0000000082400000, 0x0000000082400000|100%| O|  |TAMS 0x0000000082400000, 0x0000000082300000| Untracked 
|  36|0x0000000082400000, 0x0000000082500000, 0x0000000082500000|100%| O|  |TAMS 0x0000000082500000, 0x0000000082400000| Untracked 
|  37|0x0000000082500000, 0x0000000082600000, 0x0000000082600000|100%| O|  |TAMS 0x0000000082600000, 0x0000000082500000| Untracked 
|  38|0x0000000082600000, 0x0000000082700000, 0x0000000082700000|100%|HS|  |TAMS 0x0000000082600000, 0x0000000082600000| Complete 
|  39|0x0000000082700000, 0x0000000082800000, 0x0000000082800000|100%| O|  |TAMS 0x0000000082800000, 0x0000000082700000| Untracked 
|  40|0x0000000082800000, 0x0000000082900000, 0x0000000082900000|100%|HS|  |TAMS 0x0000000082900000, 0x0000000082800000| Complete 
|  41|0x0000000082900000, 0x0000000082a00000, 0x0000000082a00000|100%|HC|  |TAMS 0x0000000082a00000, 0x0000000082900000| Complete 
|  42|0x0000000082a00000, 0x0000000082b00000, 0x0000000082b00000|100%|HC|  |TAMS 0x0000000082b00000, 0x0000000082a00000| Complete 
|  43|0x0000000082b00000, 0x0000000082c00000, 0x0000000082c00000|100%|HC|  |TAMS 0x0000000082c00000, 0x0000000082b00000| Complete 
|  44|0x0000000082c00000, 0x0000000082d00000, 0x0000000082d00000|100%| O|  |TAMS 0x0000000082d00000, 0x0000000082c00000| Untracked 
|  45|0x0000000082d00000, 0x0000000082e00000, 0x0000000082e00000|100%| O|  |TAMS 0x0000000082e00000, 0x0000000082d00000| Untracked 
|  46|0x0000000082e00000, 0x0000000082f00000, 0x0000000082f00000|100%| O|  |TAMS 0x0000000082f00000, 0x0000000082e00000| Untracked 
|  47|0x0000000082f00000, 0x0000000083000000, 0x0000000083000000|100%| O|  |TAMS 0x0000000083000000, 0x0000000082f00000| Untracked 
|  48|0x0000000083000000, 0x0000000083100000, 0x0000000083100000|100%| O|  |TAMS 0x0000000083100000, 0x0000000083000000| Untracked 
|  49|0x0000000083100000, 0x0000000083200000, 0x0000000083200000|100%| O|  |TAMS 0x0000000083200000, 0x0000000083100000| Untracked 
|  50|0x0000000083200000, 0x0000000083300000, 0x0000000083300000|100%| O|  |TAMS 0x0000000083300000, 0x0000000083200000| Untracked 
|  51|0x0000000083300000, 0x0000000083400000, 0x0000000083400000|100%| O|  |TAMS 0x0000000083400000, 0x0000000083300000| Untracked 
|  52|0x0000000083400000, 0x0000000083500000, 0x0000000083500000|100%| O|  |TAMS 0x0000000083500000, 0x0000000083400000| Untracked 
|  53|0x0000000083500000, 0x0000000083600000, 0x0000000083600000|100%| O|  |TAMS 0x0000000083600000, 0x0000000083500000| Untracked 
|  54|0x0000000083600000, 0x0000000083700000, 0x0000000083700000|100%| O|  |TAMS 0x0000000083700000, 0x0000000083600000| Untracked 
|  55|0x0000000083700000, 0x0000000083800000, 0x0000000083800000|100%| O|  |TAMS 0x0000000083800000, 0x0000000083700000| Untracked 
|  56|0x0000000083800000, 0x0000000083900000, 0x0000000083900000|100%| O|  |TAMS 0x0000000083900000, 0x0000000083800000| Untracked 
|  57|0x0000000083900000, 0x0000000083a00000, 0x0000000083a00000|100%| O|  |TAMS 0x0000000083a00000, 0x0000000083900000| Untracked 
|  58|0x0000000083a00000, 0x0000000083b00000, 0x0000000083b00000|100%|HS|  |TAMS 0x0000000083b00000, 0x0000000083a00000| Complete 
|  59|0x0000000083b00000, 0x0000000083c00000, 0x0000000083c00000|100%|HC|  |TAMS 0x0000000083c00000, 0x0000000083b00000| Complete 
|  60|0x0000000083c00000, 0x0000000083d00000, 0x0000000083d00000|100%|HC|  |TAMS 0x0000000083d00000, 0x0000000083c00000| Complete 
|  61|0x0000000083d00000, 0x0000000083e00000, 0x0000000083e00000|100%|HS|  |TAMS 0x0000000083e00000, 0x0000000083d00000| Complete 
|  62|0x0000000083e00000, 0x0000000083f00000, 0x0000000083f00000|100%| O|  |TAMS 0x0000000083f00000, 0x0000000083e00000| Untracked 
|  63|0x0000000083f00000, 0x0000000084000000, 0x0000000084000000|100%| O|  |TAMS 0x0000000084000000, 0x0000000083f00000| Untracked 
|  64|0x0000000084000000, 0x0000000084100000, 0x0000000084100000|100%| O|  |TAMS 0x0000000084094800, 0x0000000084000000| Untracked 
|  65|0x0000000084100000, 0x0000000084200000, 0x0000000084200000|100%| O|  |TAMS 0x0000000084200000, 0x0000000084100000| Untracked 
|  66|0x0000000084200000, 0x0000000084300000, 0x0000000084300000|100%| O|  |TAMS 0x0000000084300000, 0x0000000084200000| Untracked 
|  67|0x0000000084300000, 0x0000000084400000, 0x0000000084400000|100%| O|  |TAMS 0x0000000084400000, 0x0000000084300000| Untracked 
|  68|0x0000000084400000, 0x0000000084500000, 0x0000000084500000|100%| O|  |TAMS 0x0000000084500000, 0x0000000084400000| Untracked 
|  69|0x0000000084500000, 0x0000000084600000, 0x0000000084600000|100%|HS|  |TAMS 0x0000000084600000, 0x0000000084500000| Complete 
|  70|0x0000000084600000, 0x0000000084700000, 0x0000000084700000|100%| O|  |TAMS 0x0000000084700000, 0x0000000084600000| Untracked 
|  71|0x0000000084700000, 0x0000000084800000, 0x0000000084800000|100%| O|  |TAMS 0x0000000084800000, 0x0000000084700000| Untracked 
|  72|0x0000000084800000, 0x0000000084900000, 0x0000000084900000|100%| O|  |TAMS 0x0000000084900000, 0x0000000084800000| Untracked 
|  73|0x0000000084900000, 0x0000000084a00000, 0x0000000084a00000|100%| O|  |TAMS 0x0000000084a00000, 0x0000000084900000| Untracked 
|  74|0x0000000084a00000, 0x0000000084b00000, 0x0000000084b00000|100%|HS|  |TAMS 0x0000000084a00000, 0x0000000084a00000| Complete 
|  75|0x0000000084b00000, 0x0000000084c00000, 0x0000000084c00000|100%|HC|  |TAMS 0x0000000084b00000, 0x0000000084b00000| Complete 
|  76|0x0000000084c00000, 0x0000000084d00000, 0x0000000084d00000|100%|HS|  |TAMS 0x0000000084d00000, 0x0000000084c00000| Complete 
|  77|0x0000000084d00000, 0x0000000084e00000, 0x0000000084e00000|100%|HS|  |TAMS 0x0000000084e00000, 0x0000000084d00000| Complete 
|  78|0x0000000084e00000, 0x0000000084f00000, 0x0000000084f00000|100%|HS|  |TAMS 0x0000000084f00000, 0x0000000084e00000| Complete 
|  79|0x0000000084f00000, 0x0000000085000000, 0x0000000085000000|100%|HC|  |TAMS 0x0000000085000000, 0x0000000084f00000| Complete 
|  80|0x0000000085000000, 0x0000000085100000, 0x0000000085100000|100%|HC|  |TAMS 0x0000000085100000, 0x0000000085000000| Complete 
|  81|0x0000000085100000, 0x0000000085200000, 0x0000000085200000|100%|HS|  |TAMS 0x0000000085200000, 0x0000000085100000| Complete 
|  82|0x0000000085200000, 0x0000000085300000, 0x0000000085300000|100%|HC|  |TAMS 0x0000000085300000, 0x0000000085200000| Complete 
|  83|0x0000000085300000, 0x0000000085300000, 0x0000000085400000|  0%| F|  |TAMS 0x0000000085300000, 0x0000000085300000| Untracked 
|  84|0x0000000085400000, 0x0000000085400000, 0x0000000085500000|  0%| F|  |TAMS 0x0000000085400000, 0x0000000085400000| Untracked 
|  85|0x0000000085500000, 0x0000000085600000, 0x0000000085600000|100%| O|  |TAMS 0x0000000085500000, 0x0000000085500000| Untracked 
|  86|0x0000000085600000, 0x0000000085700000, 0x0000000085700000|100%| O|  |TAMS 0x0000000085600000, 0x0000000085600000| Untracked 
|  87|0x0000000085700000, 0x0000000085800000, 0x0000000085800000|100%| O|  |TAMS 0x0000000085700000, 0x0000000085700000| Untracked 
|  88|0x0000000085800000, 0x0000000085900000, 0x0000000085900000|100%| O|  |TAMS 0x0000000085800000, 0x0000000085800000| Untracked 
|  89|0x0000000085900000, 0x0000000085a00000, 0x0000000085a00000|100%| O|  |TAMS 0x0000000085900000, 0x0000000085900000| Untracked 
|  90|0x0000000085a00000, 0x0000000085aea800, 0x0000000085b00000| 91%| O|  |TAMS 0x0000000085a00000, 0x0000000085a00000| Untracked 
|  91|0x0000000085b00000, 0x0000000085c00000, 0x0000000085c00000|100%|HS|  |TAMS 0x0000000085b00000, 0x0000000085b00000| Complete 
|  92|0x0000000085c00000, 0x0000000085d00000, 0x0000000085d00000|100%|HC|  |TAMS 0x0000000085c00000, 0x0000000085c00000| Complete 
|  93|0x0000000085d00000, 0x0000000085e00000, 0x0000000085e00000|100%|HC|  |TAMS 0x0000000085d00000, 0x0000000085d00000| Complete 
|  94|0x0000000085e00000, 0x0000000085f00000, 0x0000000085f00000|100%|HS|  |TAMS 0x0000000085e00000, 0x0000000085e00000| Complete 
|  95|0x0000000085f00000, 0x0000000086000000, 0x0000000086000000|100%|HC|  |TAMS 0x0000000085f00000, 0x0000000085f00000| Complete 
|  96|0x0000000086000000, 0x0000000086100000, 0x0000000086100000|100%|HC|  |TAMS 0x0000000086000000, 0x0000000086000000| Complete 
|  97|0x0000000086100000, 0x0000000086200000, 0x0000000086200000|100%|HC|  |TAMS 0x0000000086100000, 0x0000000086100000| Complete 
|  98|0x0000000086200000, 0x0000000086200000, 0x0000000086300000|  0%| F|  |TAMS 0x0000000086200000, 0x0000000086200000| Untracked 
|  99|0x0000000086300000, 0x0000000086300000, 0x0000000086400000|  0%| F|  |TAMS 0x0000000086300000, 0x0000000086300000| Untracked 
| 100|0x0000000086400000, 0x0000000086400000, 0x0000000086500000|  0%| F|  |TAMS 0x0000000086400000, 0x0000000086400000| Untracked 
| 101|0x0000000086500000, 0x0000000086500000, 0x0000000086600000|  0%| F|  |TAMS 0x0000000086500000, 0x0000000086500000| Untracked 
| 102|0x0000000086600000, 0x0000000086600000, 0x0000000086700000|  0%| F|  |TAMS 0x0000000086600000, 0x0000000086600000| Untracked 
| 103|0x0000000086700000, 0x0000000086700000, 0x0000000086800000|  0%| F|  |TAMS 0x0000000086700000, 0x0000000086700000| Untracked 
| 104|0x0000000086800000, 0x0000000086800000, 0x0000000086900000|  0%| F|  |TAMS 0x0000000086800000, 0x0000000086800000| Untracked 
| 105|0x0000000086900000, 0x0000000086900000, 0x0000000086a00000|  0%| F|  |TAMS 0x0000000086900000, 0x0000000086900000| Untracked 
| 106|0x0000000086a00000, 0x0000000086a00000, 0x0000000086b00000|  0%| F|  |TAMS 0x0000000086a00000, 0x0000000086a00000| Untracked 
| 107|0x0000000086b00000, 0x0000000086b00000, 0x0000000086c00000|  0%| F|  |TAMS 0x0000000086b00000, 0x0000000086b00000| Untracked 
| 108|0x0000000086c00000, 0x0000000086c00000, 0x0000000086d00000|  0%| F|  |TAMS 0x0000000086c00000, 0x0000000086c00000| Untracked 
| 109|0x0000000086d00000, 0x0000000086d00000, 0x0000000086e00000|  0%| F|  |TAMS 0x0000000086d00000, 0x0000000086d00000| Untracked 
| 110|0x0000000086e00000, 0x0000000086e00000, 0x0000000086f00000|  0%| F|  |TAMS 0x0000000086e00000, 0x0000000086e00000| Untracked 
| 111|0x0000000086f00000, 0x0000000086f00000, 0x0000000087000000|  0%| F|  |TAMS 0x0000000086f00000, 0x0000000086f00000| Untracked 
| 112|0x0000000087000000, 0x0000000087000000, 0x0000000087100000|  0%| F|  |TAMS 0x0000000087000000, 0x0000000087000000| Untracked 
| 113|0x0000000087100000, 0x0000000087100000, 0x0000000087200000|  0%| F|  |TAMS 0x0000000087100000, 0x0000000087100000| Untracked 
| 114|0x0000000087200000, 0x0000000087200000, 0x0000000087300000|  0%| F|  |TAMS 0x0000000087200000, 0x0000000087200000| Untracked 
| 115|0x0000000087300000, 0x0000000087300000, 0x0000000087400000|  0%| F|  |TAMS 0x0000000087300000, 0x0000000087300000| Untracked 
| 116|0x0000000087400000, 0x0000000087400000, 0x0000000087500000|  0%| F|  |TAMS 0x0000000087400000, 0x0000000087400000| Untracked 
| 117|0x0000000087500000, 0x0000000087500000, 0x0000000087600000|  0%| F|  |TAMS 0x0000000087500000, 0x0000000087500000| Untracked 
| 118|0x0000000087600000, 0x0000000087600000, 0x0000000087700000|  0%| F|  |TAMS 0x0000000087600000, 0x0000000087600000| Untracked 
| 119|0x0000000087700000, 0x0000000087700000, 0x0000000087800000|  0%| F|  |TAMS 0x0000000087700000, 0x0000000087700000| Untracked 
| 120|0x0000000087800000, 0x0000000087800000, 0x0000000087900000|  0%| F|  |TAMS 0x0000000087800000, 0x0000000087800000| Untracked 
| 121|0x0000000087900000, 0x000000008792f088, 0x0000000087a00000| 18%| S|CS|TAMS 0x0000000087900000, 0x0000000087900000| Complete 
| 122|0x0000000087a00000, 0x0000000087b00000, 0x0000000087b00000|100%| S|CS|TAMS 0x0000000087a00000, 0x0000000087a00000| Complete 
| 123|0x0000000087b00000, 0x0000000087c00000, 0x0000000087c00000|100%| S|CS|TAMS 0x0000000087b00000, 0x0000000087b00000| Complete 
| 124|0x0000000087c00000, 0x0000000087d00000, 0x0000000087d00000|100%| S|CS|TAMS 0x0000000087c00000, 0x0000000087c00000| Complete 
| 125|0x0000000087d00000, 0x0000000087e00000, 0x0000000087e00000|100%| S|CS|TAMS 0x0000000087d00000, 0x0000000087d00000| Complete 
| 126|0x0000000087e00000, 0x0000000087f00000, 0x0000000087f00000|100%| S|CS|TAMS 0x0000000087e00000, 0x0000000087e00000| Complete 
| 127|0x0000000087f00000, 0x0000000088000000, 0x0000000088000000|100%| S|CS|TAMS 0x0000000087f00000, 0x0000000087f00000| Complete 
| 128|0x0000000088000000, 0x0000000088100000, 0x0000000088100000|100%| S|CS|TAMS 0x0000000088000000, 0x0000000088000000| Complete 
| 129|0x0000000088100000, 0x0000000088200000, 0x0000000088200000|100%| S|CS|TAMS 0x0000000088100000, 0x0000000088100000| Complete 
| 130|0x0000000088200000, 0x0000000088300000, 0x0000000088300000|100%| S|CS|TAMS 0x0000000088200000, 0x0000000088200000| Complete 
| 131|0x0000000088300000, 0x0000000088400000, 0x0000000088400000|100%| S|CS|TAMS 0x0000000088300000, 0x0000000088300000| Complete 
| 132|0x0000000088400000, 0x0000000088500000, 0x0000000088500000|100%| S|CS|TAMS 0x0000000088400000, 0x0000000088400000| Complete 
| 133|0x0000000088500000, 0x0000000088600000, 0x0000000088600000|100%| S|CS|TAMS 0x0000000088500000, 0x0000000088500000| Complete 
| 134|0x0000000088600000, 0x0000000088700000, 0x0000000088700000|100%| S|CS|TAMS 0x0000000088600000, 0x0000000088600000| Complete 
| 135|0x0000000088700000, 0x0000000088800000, 0x0000000088800000|100%| S|CS|TAMS 0x0000000088700000, 0x0000000088700000| Complete 
| 136|0x0000000088800000, 0x0000000088900000, 0x0000000088900000|100%| S|CS|TAMS 0x0000000088800000, 0x0000000088800000| Complete 
| 137|0x0000000088900000, 0x0000000088a00000, 0x0000000088a00000|100%| S|CS|TAMS 0x0000000088900000, 0x0000000088900000| Complete 
| 138|0x0000000088a00000, 0x0000000088b00000, 0x0000000088b00000|100%| S|CS|TAMS 0x0000000088a00000, 0x0000000088a00000| Complete 
| 139|0x0000000088b00000, 0x0000000088c00000, 0x0000000088c00000|100%| S|CS|TAMS 0x0000000088b00000, 0x0000000088b00000| Complete 
| 140|0x0000000088c00000, 0x0000000088c00000, 0x0000000088d00000|  0%| F|  |TAMS 0x0000000088c00000, 0x0000000088c00000| Untracked 
| 141|0x0000000088d00000, 0x0000000088d00000, 0x0000000088e00000|  0%| F|  |TAMS 0x0000000088d00000, 0x0000000088d00000| Untracked 
| 142|0x0000000088e00000, 0x0000000088e00000, 0x0000000088f00000|  0%| F|  |TAMS 0x0000000088e00000, 0x0000000088e00000| Untracked 
| 143|0x0000000088f00000, 0x0000000088f00000, 0x0000000089000000|  0%| F|  |TAMS 0x0000000088f00000, 0x0000000088f00000| Untracked 
| 144|0x0000000089000000, 0x0000000089000000, 0x0000000089100000|  0%| F|  |TAMS 0x0000000089000000, 0x0000000089000000| Untracked 
| 145|0x0000000089100000, 0x0000000089100000, 0x0000000089200000|  0%| F|  |TAMS 0x0000000089100000, 0x0000000089100000| Untracked 
| 146|0x0000000089200000, 0x0000000089200000, 0x0000000089300000|  0%| F|  |TAMS 0x0000000089200000, 0x0000000089200000| Untracked 
| 147|0x0000000089300000, 0x0000000089300000, 0x0000000089400000|  0%| F|  |TAMS 0x0000000089300000, 0x0000000089300000| Untracked 
| 148|0x0000000089400000, 0x0000000089400000, 0x0000000089500000|  0%| F|  |TAMS 0x0000000089400000, 0x0000000089400000| Untracked 
| 149|0x0000000089500000, 0x0000000089500000, 0x0000000089600000|  0%| F|  |TAMS 0x0000000089500000, 0x0000000089500000| Untracked 
| 150|0x0000000089600000, 0x0000000089600000, 0x0000000089700000|  0%| F|  |TAMS 0x0000000089600000, 0x0000000089600000| Untracked 
| 151|0x0000000089700000, 0x0000000089700000, 0x0000000089800000|  0%| F|  |TAMS 0x0000000089700000, 0x0000000089700000| Untracked 
| 152|0x0000000089800000, 0x0000000089800000, 0x0000000089900000|  0%| F|  |TAMS 0x0000000089800000, 0x0000000089800000| Untracked 
| 153|0x0000000089900000, 0x0000000089900000, 0x0000000089a00000|  0%| F|  |TAMS 0x0000000089900000, 0x0000000089900000| Untracked 
| 154|0x0000000089a00000, 0x0000000089a00000, 0x0000000089b00000|  0%| F|  |TAMS 0x0000000089a00000, 0x0000000089a00000| Untracked 
| 155|0x0000000089b00000, 0x0000000089b00000, 0x0000000089c00000|  0%| F|  |TAMS 0x0000000089b00000, 0x0000000089b00000| Untracked 
| 156|0x0000000089c00000, 0x0000000089c00000, 0x0000000089d00000|  0%| F|  |TAMS 0x0000000089c00000, 0x0000000089c00000| Untracked 
| 157|0x0000000089d00000, 0x0000000089d00000, 0x0000000089e00000|  0%| F|  |TAMS 0x0000000089d00000, 0x0000000089d00000| Untracked 
| 158|0x0000000089e00000, 0x0000000089e00000, 0x0000000089f00000|  0%| F|  |TAMS 0x0000000089e00000, 0x0000000089e00000| Untracked 
| 159|0x0000000089f00000, 0x0000000089f00000, 0x000000008a000000|  0%| F|  |TAMS 0x0000000089f00000, 0x0000000089f00000| Untracked 
| 160|0x000000008a000000, 0x000000008a000000, 0x000000008a100000|  0%| F|  |TAMS 0x000000008a000000, 0x000000008a000000| Untracked 
| 161|0x000000008a100000, 0x000000008a100000, 0x000000008a200000|  0%| F|  |TAMS 0x000000008a100000, 0x000000008a100000| Untracked 
| 162|0x000000008a200000, 0x000000008a200000, 0x000000008a300000|  0%| F|  |TAMS 0x000000008a200000, 0x000000008a200000| Untracked 
| 163|0x000000008a300000, 0x000000008a300000, 0x000000008a400000|  0%| F|  |TAMS 0x000000008a300000, 0x000000008a300000| Untracked 
| 164|0x000000008a400000, 0x000000008a400000, 0x000000008a500000|  0%| F|  |TAMS 0x000000008a400000, 0x000000008a400000| Untracked 
| 165|0x000000008a500000, 0x000000008a500000, 0x000000008a600000|  0%| F|  |TAMS 0x000000008a500000, 0x000000008a500000| Untracked 
| 166|0x000000008a600000, 0x000000008a600000, 0x000000008a700000|  0%| F|  |TAMS 0x000000008a600000, 0x000000008a600000| Untracked 
| 167|0x000000008a700000, 0x000000008a700000, 0x000000008a800000|  0%| F|  |TAMS 0x000000008a700000, 0x000000008a700000| Untracked 
| 168|0x000000008a800000, 0x000000008a800000, 0x000000008a900000|  0%| F|  |TAMS 0x000000008a800000, 0x000000008a800000| Untracked 
| 169|0x000000008a900000, 0x000000008a900000, 0x000000008aa00000|  0%| F|  |TAMS 0x000000008a900000, 0x000000008a900000| Untracked 
| 170|0x000000008aa00000, 0x000000008aa00000, 0x000000008ab00000|  0%| F|  |TAMS 0x000000008aa00000, 0x000000008aa00000| Untracked 
| 171|0x000000008ab00000, 0x000000008ab00000, 0x000000008ac00000|  0%| F|  |TAMS 0x000000008ab00000, 0x000000008ab00000| Untracked 
| 172|0x000000008ac00000, 0x000000008ac00000, 0x000000008ad00000|  0%| F|  |TAMS 0x000000008ac00000, 0x000000008ac00000| Untracked 
| 173|0x000000008ad00000, 0x000000008ad00000, 0x000000008ae00000|  0%| F|  |TAMS 0x000000008ad00000, 0x000000008ad00000| Untracked 
| 174|0x000000008ae00000, 0x000000008ae00000, 0x000000008af00000|  0%| F|  |TAMS 0x000000008ae00000, 0x000000008ae00000| Untracked 
| 175|0x000000008af00000, 0x000000008af00000, 0x000000008b000000|  0%| F|  |TAMS 0x000000008af00000, 0x000000008af00000| Untracked 
| 176|0x000000008b000000, 0x000000008b000000, 0x000000008b100000|  0%| F|  |TAMS 0x000000008b000000, 0x000000008b000000| Untracked 
| 177|0x000000008b100000, 0x000000008b100000, 0x000000008b200000|  0%| F|  |TAMS 0x000000008b100000, 0x000000008b100000| Untracked 
| 178|0x000000008b200000, 0x000000008b200000, 0x000000008b300000|  0%| F|  |TAMS 0x000000008b200000, 0x000000008b200000| Untracked 
| 179|0x000000008b300000, 0x000000008b300000, 0x000000008b400000|  0%| F|  |TAMS 0x000000008b300000, 0x000000008b300000| Untracked 
| 180|0x000000008b400000, 0x000000008b400000, 0x000000008b500000|  0%| F|  |TAMS 0x000000008b400000, 0x000000008b400000| Untracked 
| 181|0x000000008b500000, 0x000000008b500000, 0x000000008b600000|  0%| F|  |TAMS 0x000000008b500000, 0x000000008b500000| Untracked 
| 182|0x000000008b600000, 0x000000008b600000, 0x000000008b700000|  0%| F|  |TAMS 0x000000008b600000, 0x000000008b600000| Untracked 
| 183|0x000000008b700000, 0x000000008b700000, 0x000000008b800000|  0%| F|  |TAMS 0x000000008b700000, 0x000000008b700000| Untracked 
| 184|0x000000008b800000, 0x000000008b800000, 0x000000008b900000|  0%| F|  |TAMS 0x000000008b800000, 0x000000008b800000| Untracked 
| 185|0x000000008b900000, 0x000000008b900000, 0x000000008ba00000|  0%| F|  |TAMS 0x000000008b900000, 0x000000008b900000| Untracked 
| 186|0x000000008ba00000, 0x000000008ba00000, 0x000000008bb00000|  0%| F|  |TAMS 0x000000008ba00000, 0x000000008ba00000| Untracked 
| 187|0x000000008bb00000, 0x000000008bb00000, 0x000000008bc00000|  0%| F|  |TAMS 0x000000008bb00000, 0x000000008bb00000| Untracked 
| 188|0x000000008bc00000, 0x000000008bc00000, 0x000000008bd00000|  0%| F|  |TAMS 0x000000008bc00000, 0x000000008bc00000| Untracked 
| 189|0x000000008bd00000, 0x000000008bd00000, 0x000000008be00000|  0%| F|  |TAMS 0x000000008bd00000, 0x000000008bd00000| Untracked 
| 190|0x000000008be00000, 0x000000008be00000, 0x000000008bf00000|  0%| F|  |TAMS 0x000000008be00000, 0x000000008be00000| Untracked 
| 191|0x000000008bf00000, 0x000000008bf00000, 0x000000008c000000|  0%| F|  |TAMS 0x000000008bf00000, 0x000000008bf00000| Untracked 
| 192|0x000000008c000000, 0x000000008c000000, 0x000000008c100000|  0%| F|  |TAMS 0x000000008c000000, 0x000000008c000000| Untracked 
| 193|0x000000008c100000, 0x000000008c100000, 0x000000008c200000|  0%| F|  |TAMS 0x000000008c100000, 0x000000008c100000| Untracked 
| 194|0x000000008c200000, 0x000000008c200000, 0x000000008c300000|  0%| F|  |TAMS 0x000000008c200000, 0x000000008c200000| Untracked 
| 195|0x000000008c300000, 0x000000008c300000, 0x000000008c400000|  0%| F|  |TAMS 0x000000008c300000, 0x000000008c300000| Untracked 
| 196|0x000000008c400000, 0x000000008c400000, 0x000000008c500000|  0%| F|  |TAMS 0x000000008c400000, 0x000000008c400000| Untracked 
| 197|0x000000008c500000, 0x000000008c500000, 0x000000008c600000|  0%| F|  |TAMS 0x000000008c500000, 0x000000008c500000| Untracked 
| 198|0x000000008c600000, 0x000000008c600000, 0x000000008c700000|  0%| F|  |TAMS 0x000000008c600000, 0x000000008c600000| Untracked 
| 199|0x000000008c700000, 0x000000008c700000, 0x000000008c800000|  0%| F|  |TAMS 0x000000008c700000, 0x000000008c700000| Untracked 
| 200|0x000000008c800000, 0x000000008c800000, 0x000000008c900000|  0%| F|  |TAMS 0x000000008c800000, 0x000000008c800000| Untracked 
| 201|0x000000008c900000, 0x000000008c900000, 0x000000008ca00000|  0%| F|  |TAMS 0x000000008c900000, 0x000000008c900000| Untracked 
| 202|0x000000008ca00000, 0x000000008ca00000, 0x000000008cb00000|  0%| F|  |TAMS 0x000000008ca00000, 0x000000008ca00000| Untracked 
| 203|0x000000008cb00000, 0x000000008cb00000, 0x000000008cc00000|  0%| F|  |TAMS 0x000000008cb00000, 0x000000008cb00000| Untracked 
| 204|0x000000008cc00000, 0x000000008cc00000, 0x000000008cd00000|  0%| F|  |TAMS 0x000000008cc00000, 0x000000008cc00000| Untracked 
| 205|0x000000008cd00000, 0x000000008cd00000, 0x000000008ce00000|  0%| F|  |TAMS 0x000000008cd00000, 0x000000008cd00000| Untracked 
| 206|0x000000008ce00000, 0x000000008ce00000, 0x000000008cf00000|  0%| F|  |TAMS 0x000000008ce00000, 0x000000008ce00000| Untracked 
| 207|0x000000008cf00000, 0x000000008cf00000, 0x000000008d000000|  0%| F|  |TAMS 0x000000008cf00000, 0x000000008cf00000| Untracked 
| 208|0x000000008d000000, 0x000000008d000000, 0x000000008d100000|  0%| F|  |TAMS 0x000000008d000000, 0x000000008d000000| Untracked 
| 209|0x000000008d100000, 0x000000008d100000, 0x000000008d200000|  0%| F|  |TAMS 0x000000008d100000, 0x000000008d100000| Untracked 
| 210|0x000000008d200000, 0x000000008d200000, 0x000000008d300000|  0%| F|  |TAMS 0x000000008d200000, 0x000000008d200000| Untracked 
| 211|0x000000008d300000, 0x000000008d300000, 0x000000008d400000|  0%| F|  |TAMS 0x000000008d300000, 0x000000008d300000| Untracked 
| 212|0x000000008d400000, 0x000000008d400000, 0x000000008d500000|  0%| F|  |TAMS 0x000000008d400000, 0x000000008d400000| Untracked 
| 213|0x000000008d500000, 0x000000008d500000, 0x000000008d600000|  0%| F|  |TAMS 0x000000008d500000, 0x000000008d500000| Untracked 
| 214|0x000000008d600000, 0x000000008d600000, 0x000000008d700000|  0%| F|  |TAMS 0x000000008d600000, 0x000000008d600000| Untracked 
| 215|0x000000008d700000, 0x000000008d700000, 0x000000008d800000|  0%| F|  |TAMS 0x000000008d700000, 0x000000008d700000| Untracked 
| 216|0x000000008d800000, 0x000000008d800000, 0x000000008d900000|  0%| F|  |TAMS 0x000000008d800000, 0x000000008d800000| Untracked 
| 217|0x000000008d900000, 0x000000008d900000, 0x000000008da00000|  0%| F|  |TAMS 0x000000008d900000, 0x000000008d900000| Untracked 
| 218|0x000000008da00000, 0x000000008da00000, 0x000000008db00000|  0%| F|  |TAMS 0x000000008da00000, 0x000000008da00000| Untracked 
| 219|0x000000008db00000, 0x000000008db00000, 0x000000008dc00000|  0%| F|  |TAMS 0x000000008db00000, 0x000000008db00000| Untracked 
| 220|0x000000008dc00000, 0x000000008dc00000, 0x000000008dd00000|  0%| F|  |TAMS 0x000000008dc00000, 0x000000008dc00000| Untracked 
| 221|0x000000008dd00000, 0x000000008dd00000, 0x000000008de00000|  0%| F|  |TAMS 0x000000008dd00000, 0x000000008dd00000| Untracked 
| 222|0x000000008de00000, 0x000000008de00000, 0x000000008df00000|  0%| F|  |TAMS 0x000000008de00000, 0x000000008de00000| Untracked 
| 223|0x000000008df00000, 0x000000008df00000, 0x000000008e000000|  0%| F|  |TAMS 0x000000008df00000, 0x000000008df00000| Untracked 
| 224|0x000000008e000000, 0x000000008e000000, 0x000000008e100000|  0%| F|  |TAMS 0x000000008e000000, 0x000000008e000000| Untracked 
| 225|0x000000008e100000, 0x000000008e100000, 0x000000008e200000|  0%| F|  |TAMS 0x000000008e100000, 0x000000008e100000| Untracked 
| 226|0x000000008e200000, 0x000000008e200000, 0x000000008e300000|  0%| F|  |TAMS 0x000000008e200000, 0x000000008e200000| Untracked 
| 227|0x000000008e300000, 0x000000008e300000, 0x000000008e400000|  0%| F|  |TAMS 0x000000008e300000, 0x000000008e300000| Untracked 
| 228|0x000000008e400000, 0x000000008e400000, 0x000000008e500000|  0%| F|  |TAMS 0x000000008e400000, 0x000000008e400000| Untracked 
| 229|0x000000008e500000, 0x000000008e500000, 0x000000008e600000|  0%| F|  |TAMS 0x000000008e500000, 0x000000008e500000| Untracked 
| 230|0x000000008e600000, 0x000000008e600000, 0x000000008e700000|  0%| F|  |TAMS 0x000000008e600000, 0x000000008e600000| Untracked 
| 231|0x000000008e700000, 0x000000008e700000, 0x000000008e800000|  0%| F|  |TAMS 0x000000008e700000, 0x000000008e700000| Untracked 
| 232|0x000000008e800000, 0x000000008e800000, 0x000000008e900000|  0%| F|  |TAMS 0x000000008e800000, 0x000000008e800000| Untracked 
| 233|0x000000008e900000, 0x000000008e900000, 0x000000008ea00000|  0%| F|  |TAMS 0x000000008e900000, 0x000000008e900000| Untracked 
| 234|0x000000008ea00000, 0x000000008ea00000, 0x000000008eb00000|  0%| F|  |TAMS 0x000000008ea00000, 0x000000008ea00000| Untracked 
| 235|0x000000008eb00000, 0x000000008eb00000, 0x000000008ec00000|  0%| F|  |TAMS 0x000000008eb00000, 0x000000008eb00000| Untracked 
| 236|0x000000008ec00000, 0x000000008ec84738, 0x000000008ed00000| 51%| E|  |TAMS 0x000000008ec00000, 0x000000008ec00000| Complete 
| 237|0x000000008ed00000, 0x000000008ee00000, 0x000000008ee00000|100%| E|CS|TAMS 0x000000008ed00000, 0x000000008ed00000| Complete 
| 238|0x000000008ee00000, 0x000000008ef00000, 0x000000008ef00000|100%| E|CS|TAMS 0x000000008ee00000, 0x000000008ee00000| Complete 
| 239|0x000000008ef00000, 0x000000008f000000, 0x000000008f000000|100%| E|CS|TAMS 0x000000008ef00000, 0x000000008ef00000| Complete 
| 240|0x000000008f000000, 0x000000008f100000, 0x000000008f100000|100%| E|CS|TAMS 0x000000008f000000, 0x000000008f000000| Complete 
| 241|0x000000008f100000, 0x000000008f200000, 0x000000008f200000|100%| E|CS|TAMS 0x000000008f100000, 0x000000008f100000| Complete 
| 242|0x000000008f200000, 0x000000008f300000, 0x000000008f300000|100%| E|CS|TAMS 0x000000008f200000, 0x000000008f200000| Complete 
| 243|0x000000008f300000, 0x000000008f400000, 0x000000008f400000|100%| E|CS|TAMS 0x000000008f300000, 0x000000008f300000| Complete 
| 244|0x000000008f400000, 0x000000008f500000, 0x000000008f500000|100%| E|CS|TAMS 0x000000008f400000, 0x000000008f400000| Complete 
| 245|0x000000008f500000, 0x000000008f600000, 0x000000008f600000|100%| E|CS|TAMS 0x000000008f500000, 0x000000008f500000| Complete 
| 246|0x000000008f600000, 0x000000008f700000, 0x000000008f700000|100%| E|CS|TAMS 0x000000008f600000, 0x000000008f600000| Complete 
| 247|0x000000008f700000, 0x000000008f800000, 0x000000008f800000|100%| E|CS|TAMS 0x000000008f700000, 0x000000008f700000| Complete 
| 248|0x000000008f800000, 0x000000008f900000, 0x000000008f900000|100%| E|CS|TAMS 0x000000008f800000, 0x000000008f800000| Complete 
| 249|0x000000008f900000, 0x000000008fa00000, 0x000000008fa00000|100%| E|CS|TAMS 0x000000008f900000, 0x000000008f900000| Complete 
| 250|0x000000008fa00000, 0x000000008fb00000, 0x000000008fb00000|100%| E|CS|TAMS 0x000000008fa00000, 0x000000008fa00000| Complete 
| 251|0x000000008fb00000, 0x000000008fc00000, 0x000000008fc00000|100%| E|CS|TAMS 0x000000008fb00000, 0x000000008fb00000| Complete 
| 252|0x000000008fc00000, 0x000000008fd00000, 0x000000008fd00000|100%| E|CS|TAMS 0x000000008fc00000, 0x000000008fc00000| Complete 
| 253|0x000000008fd00000, 0x000000008fe00000, 0x000000008fe00000|100%| E|CS|TAMS 0x000000008fd00000, 0x000000008fd00000| Complete 
| 254|0x000000008fe00000, 0x000000008ff00000, 0x000000008ff00000|100%| E|CS|TAMS 0x000000008fe00000, 0x000000008fe00000| Complete 
| 255|0x000000008ff00000, 0x0000000090000000, 0x0000000090000000|100%| E|CS|TAMS 0x000000008ff00000, 0x000000008ff00000| Complete 
| 256|0x0000000090000000, 0x0000000090100000, 0x0000000090100000|100%| E|CS|TAMS 0x0000000090000000, 0x0000000090000000| Complete 
| 257|0x0000000090100000, 0x0000000090200000, 0x0000000090200000|100%| E|CS|TAMS 0x0000000090100000, 0x0000000090100000| Complete 
| 258|0x0000000090200000, 0x0000000090300000, 0x0000000090300000|100%| E|CS|TAMS 0x0000000090200000, 0x0000000090200000| Complete 
| 259|0x0000000090300000, 0x0000000090400000, 0x0000000090400000|100%| E|CS|TAMS 0x0000000090300000, 0x0000000090300000| Complete 
| 260|0x0000000090400000, 0x0000000090500000, 0x0000000090500000|100%| E|CS|TAMS 0x0000000090400000, 0x0000000090400000| Complete 
| 261|0x0000000090500000, 0x0000000090600000, 0x0000000090600000|100%| E|CS|TAMS 0x0000000090500000, 0x0000000090500000| Complete 
| 262|0x0000000090600000, 0x0000000090700000, 0x0000000090700000|100%| E|CS|TAMS 0x0000000090600000, 0x0000000090600000| Complete 
| 263|0x0000000090700000, 0x0000000090800000, 0x0000000090800000|100%| E|CS|TAMS 0x0000000090700000, 0x0000000090700000| Complete 
| 264|0x0000000090800000, 0x0000000090900000, 0x0000000090900000|100%| E|CS|TAMS 0x0000000090800000, 0x0000000090800000| Complete 
| 265|0x0000000090900000, 0x0000000090a00000, 0x0000000090a00000|100%| E|CS|TAMS 0x0000000090900000, 0x0000000090900000| Complete 
| 266|0x0000000090a00000, 0x0000000090b00000, 0x0000000090b00000|100%| E|CS|TAMS 0x0000000090a00000, 0x0000000090a00000| Complete 
| 267|0x0000000090b00000, 0x0000000090c00000, 0x0000000090c00000|100%| E|CS|TAMS 0x0000000090b00000, 0x0000000090b00000| Complete 
| 268|0x0000000090c00000, 0x0000000090d00000, 0x0000000090d00000|100%| E|CS|TAMS 0x0000000090c00000, 0x0000000090c00000| Complete 
| 269|0x0000000090d00000, 0x0000000090e00000, 0x0000000090e00000|100%| E|CS|TAMS 0x0000000090d00000, 0x0000000090d00000| Complete 
| 270|0x0000000090e00000, 0x0000000090f00000, 0x0000000090f00000|100%| E|CS|TAMS 0x0000000090e00000, 0x0000000090e00000| Complete 
| 271|0x0000000090f00000, 0x0000000091000000, 0x0000000091000000|100%| E|  |TAMS 0x0000000090f00000, 0x0000000090f00000| Complete 
| 272|0x0000000091000000, 0x0000000091100000, 0x0000000091100000|100%| E|CS|TAMS 0x0000000091000000, 0x0000000091000000| Complete 
| 273|0x0000000091100000, 0x0000000091200000, 0x0000000091200000|100%| E|CS|TAMS 0x0000000091100000, 0x0000000091100000| Complete 
| 274|0x0000000091200000, 0x0000000091300000, 0x0000000091300000|100%| E|CS|TAMS 0x0000000091200000, 0x0000000091200000| Complete 
| 275|0x0000000091300000, 0x0000000091400000, 0x0000000091400000|100%| E|CS|TAMS 0x0000000091300000, 0x0000000091300000| Complete 
| 276|0x0000000091400000, 0x0000000091500000, 0x0000000091500000|100%| E|CS|TAMS 0x0000000091400000, 0x0000000091400000| Complete 
| 277|0x0000000091500000, 0x0000000091600000, 0x0000000091600000|100%| E|CS|TAMS 0x0000000091500000, 0x0000000091500000| Complete 
| 278|0x0000000091600000, 0x0000000091700000, 0x0000000091700000|100%| E|CS|TAMS 0x0000000091600000, 0x0000000091600000| Complete 
| 279|0x0000000091700000, 0x0000000091800000, 0x0000000091800000|100%| E|CS|TAMS 0x0000000091700000, 0x0000000091700000| Complete 
| 280|0x0000000091800000, 0x0000000091900000, 0x0000000091900000|100%| E|CS|TAMS 0x0000000091800000, 0x0000000091800000| Complete 
| 281|0x0000000091900000, 0x0000000091a00000, 0x0000000091a00000|100%| E|CS|TAMS 0x0000000091900000, 0x0000000091900000| Complete 
| 282|0x0000000091a00000, 0x0000000091b00000, 0x0000000091b00000|100%| E|CS|TAMS 0x0000000091a00000, 0x0000000091a00000| Complete 
| 283|0x0000000091b00000, 0x0000000091c00000, 0x0000000091c00000|100%| E|CS|TAMS 0x0000000091b00000, 0x0000000091b00000| Complete 
| 284|0x0000000091c00000, 0x0000000091d00000, 0x0000000091d00000|100%| E|CS|TAMS 0x0000000091c00000, 0x0000000091c00000| Complete 
| 285|0x0000000091d00000, 0x0000000091e00000, 0x0000000091e00000|100%| E|CS|TAMS 0x0000000091d00000, 0x0000000091d00000| Complete 
| 286|0x0000000091e00000, 0x0000000091f00000, 0x0000000091f00000|100%| E|CS|TAMS 0x0000000091e00000, 0x0000000091e00000| Complete 
| 287|0x0000000091f00000, 0x0000000092000000, 0x0000000092000000|100%| E|CS|TAMS 0x0000000091f00000, 0x0000000091f00000| Complete 
| 288|0x0000000092000000, 0x0000000092100000, 0x0000000092100000|100%| E|CS|TAMS 0x0000000092000000, 0x0000000092000000| Complete 
| 289|0x0000000092100000, 0x0000000092200000, 0x0000000092200000|100%| E|CS|TAMS 0x0000000092100000, 0x0000000092100000| Complete 
| 290|0x0000000092200000, 0x0000000092300000, 0x0000000092300000|100%| E|CS|TAMS 0x0000000092200000, 0x0000000092200000| Complete 

Card table byte_map: [0x000001f1c8410000,0x000001f1c8810000] _byte_map_base: 0x000001f1c8010000

Marking Bits (Prev, Next): (CMBitMap*) 0x000001f1b52216d0, (CMBitMap*) 0x000001f1b5221698
 Prev Bits: [0x000001f1cac10000, 0x000001f1ccc10000)
 Next Bits: [0x000001f1c8c10000, 0x000001f1cac10000)

Polling page: 0x000001f1b3090000

Metaspace:

Usage:
  Non-class:     77.43 MB capacity,    75.91 MB ( 98%) used,     1.28 MB (  2%) free+waste,   251.56 KB ( <1%) overhead. 
      Class:     12.27 MB capacity,    11.38 MB ( 93%) used,   798.59 KB (  6%) free+waste,   117.75 KB ( <1%) overhead. 
       Both:     89.70 MB capacity,    87.28 MB ( 97%) used,     2.06 MB (  2%) free+waste,   369.31 KB ( <1%) overhead. 

Virtual space:
  Non-class space:       78.00 MB reserved,      77.50 MB (>99%) committed 
      Class space:        1.00 GB reserved,      12.38 MB (  1%) committed 
             Both:        1.08 GB reserved,      89.88 MB (  8%) committed 

Chunk freelists:
   Non-Class:  10.00 KB
       Class:  9.00 KB
        Both:  19.00 KB

MaxMetaspaceSize: 17179869184.00 GB
CompressedClassSpaceSize: 1.00 GB
Initial GC threshold: 20.80 MB
Current GC threshold: 98.54 MB
CDS: off

CodeHeap 'non-profiled nmethods': size=120000Kb used=11505Kb max_used=11505Kb free=108494Kb
 bounds [0x000001f1c07b0000, 0x000001f1c12f0000, 0x000001f1c7ce0000]
CodeHeap 'profiled nmethods': size=120000Kb used=23774Kb max_used=23774Kb free=96225Kb
 bounds [0x000001f1b9280000, 0x000001f1ba9c0000, 0x000001f1c07b0000]
CodeHeap 'non-nmethods': size=5760Kb used=2383Kb max_used=2426Kb free=3376Kb
 bounds [0x000001f1b8ce0000, 0x000001f1b8f50000, 0x000001f1b9280000]
 total_blobs=11593 nmethods=10696 adapters=808
 compilation: enabled
              stopped_count=0, restarted_count=0
 full_count=0

Compilation events (20 events):
Event: 74.797 Thread 0x000001f1cff1b800 11536       1       org.gradle.api.internal.artifacts.PreResolvedResolvableArtifact::getId (5 bytes)
Event: 74.797 Thread 0x000001f1cff1b800 nmethod 11536 0x000001f1c12ddc90 code [0x000001f1c12dde40, 0x000001f1c12ddef8]
Event: 74.797 Thread 0x000001f1cff1b800 11537       1       org.gradle.api.internal.artifacts.ivyservice.modulecache.dynamicversions.DefaultResolvedModuleVersion::getId (5 bytes)
Event: 74.797 Thread 0x000001f1cff1b800 nmethod 11537 0x000001f1c12ddf90 code [0x000001f1c12de140, 0x000001f1c12de1f8]
Event: 74.798 Thread 0x000001f1cff1b800 11538       3       org.gradle.api.internal.artifacts.repositories.resolver.AbstractResourcePattern::isOptionalToken (153 bytes)
Event: 74.799 Thread 0x000001f1cff1b800 nmethod 11538 0x000001f1ba94f210 code [0x000001f1ba94f520, 0x000001f1ba950708]
Event: 74.799 Thread 0x000001f1cff1b800 11539       3       org.gradle.util.internal.SimpleMapInterner::intern (40 bytes)
Event: 74.799 Thread 0x000001f1cff1b800 nmethod 11539 0x000001f1ba950e90 code [0x000001f1ba951080, 0x000001f1ba9514b8]
Event: 74.799 Thread 0x000001f1cff1b800 11542       3       java.util.Collection::stream (11 bytes)
Event: 74.800 Thread 0x000001f1cff1b800 nmethod 11542 0x000001f1ba951610 code [0x000001f1ba951820, 0x000001f1ba951d58]
Event: 74.800 Thread 0x000001f1cff1b800 11545   !   3       org.gradle.internal.serialize.kryo.KryoBackedDecoder::readBoolean (15 bytes)
Event: 74.800 Thread 0x000001f1cff1b800 nmethod 11545 0x000001f1ba951f90 code [0x000001f1ba9521c0, 0x000001f1ba952848]
Event: 74.800 Thread 0x000001f1cff1b800 11543       3       org.gradle.api.internal.artifacts.ModuleComponentSelectorSerializer::readVersionConstraint (91 bytes)
Event: 74.800 Thread 0x000001f1cff1b800 nmethod 11543 0x000001f1ba952b10 code [0x000001f1ba952dc0, 0x000001f1ba953ba8]
Event: 74.800 Thread 0x000001f1cff1b800 11540       3       org.gradle.internal.component.external.model.DefaultModuleComponentSelector::getGroup (10 bytes)
Event: 74.800 Thread 0x000001f1cff1b800 nmethod 11540 0x000001f1ba954110 code [0x000001f1ba9542c0, 0x000001f1ba954488]
Event: 74.800 Thread 0x000001f1cff1b800 11541       3       org.gradle.internal.component.external.model.DefaultModuleComponentSelector::getModule (10 bytes)
Event: 74.801 Thread 0x000001f1cff1b800 nmethod 11541 0x000001f1ba954590 code [0x000001f1ba954740, 0x000001f1ba954908]
Event: 74.802 Thread 0x000001f1cff1b800 11546       3       org.gradle.util.internal.DefaultGradleVersion::compareTo (9 bytes)
Event: 74.802 Thread 0x000001f1cff1b800 nmethod 11546 0x000001f1ba954a10 code [0x000001f1ba954be0, 0x000001f1ba954e08]

GC Heap History (20 events):
Event: 63.581 GC heap before
{Heap before GC invocations=80 (full 0):
 garbage-first heap   total 297984K, used 256247K [0x0000000080000000, 0x0000000100000000)
  region size 1024K, 174 young (178176K), 8 survivors (8192K)
 Metaspace       used 58381K, capacity 60162K, committed 60288K, reserved 1101824K
  class space    used 7444K, capacity 8008K, committed 8064K, reserved 1048576K
}
Event: 63.582 GC heap after
{Heap after GC invocations=81 (full 0):
 garbage-first heap   total 297984K, used 76961K [0x0000000080000000, 0x0000000100000000)
  region size 1024K, 2 young (2048K), 2 survivors (2048K)
 Metaspace       used 58381K, capacity 60162K, committed 60288K, reserved 1101824K
  class space    used 7444K, capacity 8008K, committed 8064K, reserved 1048576K
}
Event: 63.856 GC heap before
{Heap before GC invocations=81 (full 0):
 garbage-first heap   total 297984K, used 254113K [0x0000000080000000, 0x0000000100000000)
  region size 1024K, 174 young (178176K), 2 survivors (2048K)
 Metaspace       used 58382K, capacity 60162K, committed 60288K, reserved 1101824K
  class space    used 7444K, capacity 8008K, committed 8064K, reserved 1048576K
}
Event: 63.857 GC heap after
{Heap after GC invocations=82 (full 0):
 garbage-first heap   total 297984K, used 76702K [0x0000000080000000, 0x0000000100000000)
  region size 1024K, 2 young (2048K), 2 survivors (2048K)
 Metaspace       used 58382K, capacity 60162K, committed 60288K, reserved 1101824K
  class space    used 7444K, capacity 8008K, committed 8064K, reserved 1048576K
}
Event: 64.168 GC heap before
{Heap before GC invocations=82 (full 0):
 garbage-first heap   total 297984K, used 252830K [0x0000000080000000, 0x0000000100000000)
  region size 1024K, 174 young (178176K), 2 survivors (2048K)
 Metaspace       used 58385K, capacity 60163K, committed 60288K, reserved 1101824K
  class space    used 7444K, capacity 8008K, committed 8064K, reserved 1048576K
}
Event: 64.169 GC heap after
{Heap after GC invocations=83 (full 0):
 garbage-first heap   total 297984K, used 75096K [0x0000000080000000, 0x0000000100000000)
  region size 1024K, 1 young (1024K), 1 survivors (1024K)
 Metaspace       used 58385K, capacity 60163K, committed 60288K, reserved 1101824K
  class space    used 7444K, capacity 8008K, committed 8064K, reserved 1048576K
}
Event: 64.462 GC heap before
{Heap before GC invocations=83 (full 0):
 garbage-first heap   total 297984K, used 255320K [0x0000000080000000, 0x0000000100000000)
  region size 1024K, 174 young (178176K), 1 survivors (1024K)
 Metaspace       used 58386K, capacity 60163K, committed 60288K, reserved 1101824K
  class space    used 7444K, capacity 8008K, committed 8064K, reserved 1048576K
}
Event: 64.464 GC heap after
{Heap after GC invocations=84 (full 0):
 garbage-first heap   total 297984K, used 79968K [0x0000000080000000, 0x0000000100000000)
  region size 1024K, 3 young (3072K), 3 survivors (3072K)
 Metaspace       used 58386K, capacity 60163K, committed 60288K, reserved 1101824K
  class space    used 7444K, capacity 8008K, committed 8064K, reserved 1048576K
}
Event: 64.750 GC heap before
{Heap before GC invocations=84 (full 0):
 garbage-first heap   total 297984K, used 255072K [0x0000000080000000, 0x0000000100000000)
  region size 1024K, 174 young (178176K), 3 survivors (3072K)
 Metaspace       used 58386K, capacity 60163K, committed 60288K, reserved 1101824K
  class space    used 7444K, capacity 8008K, committed 8064K, reserved 1048576K
}
Event: 64.753 GC heap after
{Heap after GC invocations=85 (full 0):
 garbage-first heap   total 297984K, used 82449K [0x0000000080000000, 0x0000000100000000)
  region size 1024K, 6 young (6144K), 6 survivors (6144K)
 Metaspace       used 58386K, capacity 60163K, committed 60288K, reserved 1101824K
  class space    used 7444K, capacity 8008K, committed 8064K, reserved 1048576K
}
Event: 65.291 GC heap before
{Heap before GC invocations=85 (full 0):
 garbage-first heap   total 297984K, used 253457K [0x0000000080000000, 0x0000000100000000)
  region size 1024K, 174 young (178176K), 6 survivors (6144K)
 Metaspace       used 58386K, capacity 60163K, committed 60288K, reserved 1101824K
  class space    used 7444K, capacity 8008K, committed 8064K, reserved 1048576K
}
Event: 65.293 GC heap after
{Heap after GC invocations=86 (full 0):
 garbage-first heap   total 297984K, used 75053K [0x0000000080000000, 0x0000000100000000)
  region size 1024K, 1 young (1024K), 1 survivors (1024K)
 Metaspace       used 58386K, capacity 60163K, committed 60288K, reserved 1101824K
  class space    used 7444K, capacity 8008K, committed 8064K, reserved 1048576K
}
Event: 65.588 GC heap before
{Heap before GC invocations=86 (full 0):
 garbage-first heap   total 297984K, used 253229K [0x0000000080000000, 0x0000000100000000)
  region size 1024K, 174 young (178176K), 1 survivors (1024K)
 Metaspace       used 58392K, capacity 60163K, committed 60288K, reserved 1101824K
  class space    used 7444K, capacity 8008K, committed 8064K, reserved 1048576K
}
Event: 65.590 GC heap after
{Heap after GC invocations=87 (full 0):
 garbage-first heap   total 297984K, used 78553K [0x0000000080000000, 0x0000000100000000)
  region size 1024K, 3 young (3072K), 3 survivors (3072K)
 Metaspace       used 58392K, capacity 60163K, committed 60288K, reserved 1101824K
  class space    used 7444K, capacity 8008K, committed 8064K, reserved 1048576K
}
Event: 66.664 GC heap before
{Heap before GC invocations=87 (full 0):
 garbage-first heap   total 297984K, used 230105K [0x0000000080000000, 0x0000000100000000)
  region size 1024K, 145 young (148480K), 3 survivors (3072K)
 Metaspace       used 58468K, capacity 60235K, committed 60288K, reserved 1101824K
  class space    used 7444K, capacity 8011K, committed 8064K, reserved 1048576K
}
Event: 66.669 GC heap after
{Heap after GC invocations=88 (full 0):
 garbage-first heap   total 297984K, used 90061K [0x0000000080000000, 0x0000000100000000)
  region size 1024K, 8 young (8192K), 8 survivors (8192K)
 Metaspace       used 58468K, capacity 60235K, committed 60288K, reserved 1101824K
  class space    used 7444K, capacity 8011K, committed 8064K, reserved 1048576K
}
Event: 69.898 GC heap before
{Heap before GC invocations=89 (full 0):
 garbage-first heap   total 297984K, used 254925K [0x0000000080000000, 0x0000000100000000)
  region size 1024K, 170 young (174080K), 8 survivors (8192K)
 Metaspace       used 74889K, capacity 76919K, committed 77056K, reserved 1116160K
  class space    used 9517K, capacity 10203K, committed 10240K, reserved 1048576K
}
Event: 69.908 GC heap after
{Heap after GC invocations=90 (full 0):
 garbage-first heap   total 297984K, used 96674K [0x0000000080000000, 0x0000000100000000)
  region size 1024K, 15 young (15360K), 15 survivors (15360K)
 Metaspace       used 74889K, capacity 76919K, committed 77056K, reserved 1116160K
  class space    used 9517K, capacity 10203K, committed 10240K, reserved 1048576K
}
Event: 72.326 GC heap before
{Heap before GC invocations=90 (full 0):
 garbage-first heap   total 297984K, used 256418K [0x0000000080000000, 0x0000000100000000)
  region size 1024K, 166 young (169984K), 15 survivors (15360K)
 Metaspace       used 85719K, capacity 87993K, committed 88320K, reserved 1126400K
  class space    used 11130K, capacity 11956K, committed 12032K, reserved 1048576K
}
Event: 72.340 GC heap after
{Heap after GC invocations=91 (full 0):
 garbage-first heap   total 297984K, used 106598K [0x0000000080000000, 0x0000000100000000)
  region size 1024K, 19 young (19456K), 19 survivors (19456K)
 Metaspace       used 85719K, capacity 87993K, committed 88320K, reserved 1126400K
  class space    used 11130K, capacity 11956K, committed 12032K, reserved 1048576K
}

Deoptimization events (20 events):
Event: 74.720 Thread 0x000001f1d9d0f800 Uncommon trap: trap_request=0xffffffde fr.pc=0x000001f1c0c5b3d8 relative=0x0000000000000298
Event: 74.720 Thread 0x000001f1d9d0f800 Uncommon trap: reason=class_check action=maybe_recompile pc=0x000001f1c0c5b3d8 method=java.util.stream.StreamOpFlag.fromCharacteristics(Ljava/util/Spliterator;)I @ 14 c2
Event: 74.720 Thread 0x000001f1d9d0f800 DEOPT PACKING pc=0x000001f1c0c5b3d8 sp=0x00000008305fe200
Event: 74.720 Thread 0x000001f1d9d0f800 DEOPT UNPACKING pc=0x000001f1b8d2a1af sp=0x00000008305fe150 mode 2
Event: 74.729 Thread 0x000001f1d9d0f800 Uncommon trap: trap_request=0xffffffde fr.pc=0x000001f1c08ab64c relative=0x000000000000030c
Event: 74.729 Thread 0x000001f1d9d0f800 Uncommon trap: reason=class_check action=maybe_recompile pc=0x000001f1c08ab64c method=java.util.Collections$SetFromMap.remove(Ljava/lang/Object;)Z @ 5 c2
Event: 74.729 Thread 0x000001f1d9d0f800 DEOPT PACKING pc=0x000001f1c08ab64c sp=0x00000008305fec40
Event: 74.729 Thread 0x000001f1d9d0f800 DEOPT UNPACKING pc=0x000001f1b8d2a1af sp=0x00000008305fec28 mode 2
Event: 74.730 Thread 0x000001f1d7b10000 Uncommon trap: trap_request=0xffffffc6 fr.pc=0x000001f1c12266b8 relative=0x0000000000001b58
Event: 74.730 Thread 0x000001f1d7b10000 Uncommon trap: reason=bimorphic_or_optimized_type_check action=maybe_recompile pc=0x000001f1c12266b8 method=java.util.concurrent.ConcurrentHashMap.putVal(Ljava/lang/Object;Ljava/lang/Object;Z)Ljava/lang/Object; @ 159 c2
Event: 74.730 Thread 0x000001f1d7b10000 DEOPT PACKING pc=0x000001f1c12266b8 sp=0x00000008376fe200
Event: 74.730 Thread 0x000001f1d7b10000 DEOPT UNPACKING pc=0x000001f1b8d2a1af sp=0x00000008376fe1a0 mode 2
Event: 74.787 Thread 0x000001f1d2fc5800 Uncommon trap: trap_request=0xffffffde fr.pc=0x000001f1c10e60cc relative=0x000000000000782c
Event: 74.787 Thread 0x000001f1d2fc5800 Uncommon trap: reason=class_check action=maybe_recompile pc=0x000001f1c10e60cc method=org.objectweb.asm.ClassReader.readCode(Lorg/objectweb/asm/MethodVisitor;Lorg/objectweb/asm/Context;I)V @ 4307 c2
Event: 74.787 Thread 0x000001f1d2fc5800 DEOPT PACKING pc=0x000001f1c10e60cc sp=0x00000008303f9de0
Event: 74.787 Thread 0x000001f1d2fc5800 DEOPT UNPACKING pc=0x000001f1b8d2a1af sp=0x00000008303f9d48 mode 2
Event: 74.787 Thread 0x000001f1d2fc5800 Uncommon trap: trap_request=0xffffff4d fr.pc=0x000001f1c0dfbb34 relative=0x0000000000000634
Event: 74.787 Thread 0x000001f1d2fc5800 Uncommon trap: reason=unstable_if action=reinterpret pc=0x000001f1c0dfbb34 method=org.objectweb.asm.MethodWriter.visitIincInsn(II)V @ 75 c2
Event: 74.787 Thread 0x000001f1d2fc5800 DEOPT PACKING pc=0x000001f1c0dfbb34 sp=0x00000008303f9ce0
Event: 74.787 Thread 0x000001f1d2fc5800 DEOPT UNPACKING pc=0x000001f1b8d2a1af sp=0x00000008303f9cd8 mode 2

Classes redefined (0 events):
No events

Internal exceptions (20 events):
Event: 74.729 Thread 0x000001f1d264e800 Exception <a 'java/lang/NoSuchMethodError'{0x0000000090409e00}: <clinit>> (0x0000000090409e00) thrown at [./src/hotspot/share/prims/jni.cpp, line 1365]
Event: 74.733 Thread 0x000001f1d264e800 Exception <a 'java/lang/NoSuchMethodError'{0x0000000090424ea8}: <clinit>> (0x0000000090424ea8) thrown at [./src/hotspot/share/prims/jni.cpp, line 1365]
Event: 74.733 Thread 0x000001f1d264e800 Exception <a 'java/lang/NoSuchMethodError'{0x0000000090426620}: <clinit>> (0x0000000090426620) thrown at [./src/hotspot/share/prims/jni.cpp, line 1365]
Event: 74.733 Thread 0x000001f1d264e800 Exception <a 'java/lang/NoSuchMethodError'{0x0000000090428410}: <clinit>> (0x0000000090428410) thrown at [./src/hotspot/share/prims/jni.cpp, line 1365]
Event: 74.742 Thread 0x000001f1d2fc5800 Exception <a 'java/lang/ClassNotFoundException'{0x000000009096ff18}: org/jetbrains/plugins/gradle/tooling/util/SourceSetCachedFinder$1BeanInfo> (0x000000009096ff18) thrown at [./src/hotspot/share/classfile/systemDictionary.cpp, line 231]
Event: 74.743 Thread 0x000001f1d2fc5800 Exception <a 'java/lang/ClassNotFoundException'{0x0000000090432258}: org/jetbrains/plugins/gradle/tooling/util/SourceSetCachedFinder$1Customizer> (0x0000000090432258) thrown at [./src/hotspot/share/classfile/systemDictionary.cpp, line 231]
Event: 74.746 Thread 0x000001f1d2fc5800 Exception <a 'java/lang/ClassNotFoundException'{0x000000009046dc00}: org/jetbrains/plugins/gradle/tooling/util/SourceSetCachedFinder$2BeanInfo> (0x000000009046dc00) thrown at [./src/hotspot/share/classfile/systemDictionary.cpp, line 231]
Event: 74.746 Thread 0x000001f1d2fc5800 Exception <a 'java/lang/ClassNotFoundException'{0x000000009047f5e0}: org/jetbrains/plugins/gradle/tooling/util/SourceSetCachedFinder$2Customizer> (0x000000009047f5e0) thrown at [./src/hotspot/share/classfile/systemDictionary.cpp, line 231]
Event: 74.748 Thread 0x000001f1d2fc5800 Exception <a 'java/lang/ClassNotFoundException'{0x00000000904b5fd8}: org/jetbrains/plugins/gradle/tooling/util/SourceSetCachedFinderBeanInfo> (0x00000000904b5fd8) thrown at [./src/hotspot/share/classfile/systemDictionary.cpp, line 231]
Event: 74.748 Thread 0x000001f1d2fc5800 Exception <a 'java/lang/ClassNotFoundException'{0x00000000904c70c0}: org/jetbrains/plugins/gradle/tooling/util/SourceSetCachedFinderCustomizer> (0x00000000904c70c0) thrown at [./src/hotspot/share/classfile/systemDictionary.cpp, line 231]
Event: 74.755 Thread 0x000001f1d2fc5800 Exception <a 'java/lang/ClassNotFoundException'{0x000000009017ef18}: org/gradle/api/internal/tasks/DefaultSourceSetContainer_DecoratedBeanInfo> (0x000000009017ef18) thrown at [./src/hotspot/share/classfile/systemDictionary.cpp, line 231]
Event: 74.756 Thread 0x000001f1d2fc5800 Exception <a 'java/lang/ClassNotFoundException'{0x00000000901a25d8}: org/gradle/api/internal/tasks/DefaultSourceSetContainerBeanInfo> (0x00000000901a25d8) thrown at [./src/hotspot/share/classfile/systemDictionary.cpp, line 231]
Event: 74.756 Thread 0x000001f1d2fc5800 Exception <a 'java/lang/ClassNotFoundException'{0x00000000901bbeb8}: org/gradle/api/internal/AbstractValidatingNamedDomainObjectContainerBeanInfo> (0x00000000901bbeb8) thrown at [./src/hotspot/share/classfile/systemDictionary.cpp, line 231]
Event: 74.757 Thread 0x000001f1d2fc5800 Exception <a 'java/lang/ClassNotFoundException'{0x00000000901d5be0}: org/gradle/api/internal/AbstractValidatingNamedDomainObjectContainerCustomizer> (0x00000000901d5be0) thrown at [./src/hotspot/share/classfile/systemDictionary.cpp, line 231]
Event: 74.758 Thread 0x000001f1d2fc5800 Exception <a 'java/lang/ClassNotFoundException'{0x0000000090004518}: org/gradle/api/internal/tasks/DefaultSourceSetContainerCustomizer> (0x0000000090004518) thrown at [./src/hotspot/share/classfile/systemDictionary.cpp, line 231]
Event: 74.759 Thread 0x000001f1d2fc5800 Exception <a 'java/lang/ClassNotFoundException'{0x0000000090035688}: org/gradle/api/internal/tasks/DefaultSourceSetContainer_DecoratedCustomizer> (0x0000000090035688) thrown at [./src/hotspot/share/classfile/systemDictionary.cpp, line 231]
Event: 74.784 Thread 0x000001f1d2fc5800 Exception <a 'java/lang/ClassNotFoundException'{0x000000008fdca018}: java/io/FileBeanInfo> (0x000000008fdca018) thrown at [./src/hotspot/share/classfile/systemDictionary.cpp, line 231]
Event: 74.784 Thread 0x000001f1d2fc5800 Exception <a 'java/lang/ClassNotFoundException'{0x000000008fdd2850}: java/io/FileCustomizer> (0x000000008fdd2850) thrown at [./src/hotspot/share/classfile/systemDictionary.cpp, line 231]
Event: 74.785 Thread 0x000001f1d2fc5800 Exception <a 'java/lang/ClassNotFoundException'{0x000000008fc1d420}: org/jetbrains/plugins/gradle/tooling/util/SourceSetCachedFinder$ArtifactsMapBeanInfo> (0x000000008fc1d420) thrown at [./src/hotspot/share/classfile/systemDictionary.cpp, line 231]
Event: 74.785 Thread 0x000001f1d2fc5800 Exception <a 'java/lang/ClassNotFoundException'{0x000000008fc2fa30}: org/jetbrains/plugins/gradle/tooling/util/SourceSetCachedFinder$ArtifactsMapCustomizer> (0x000000008fc2fa30) thrown at [./src/hotspot/share/classfile/systemDictionary.cpp, line 231]

Events (20 events):
Event: 74.800 loading class org/gradle/internal/component/model/ComponentResolveMetadata
Event: 74.800 loading class org/gradle/internal/component/model/ComponentResolveMetadata done
Event: 74.800 loading class org/gradle/api/internal/artifacts/ivyservice/ivyresolve/ErrorHandlingModuleComponentRepository$ErrorHandlingModuleComponentRepositoryAccess
Event: 74.800 loading class org/gradle/api/internal/artifacts/ivyservice/ivyresolve/ErrorHandlingModuleComponentRepository$ErrorHandlingModuleComponentRepositoryAccess done
Event: 74.800 loading class org/gradle/internal/component/model/ComponentResolveMetadata
Event: 74.800 loading class org/gradle/internal/component/model/ComponentResolveMetadata done
Event: 74.800 loading class org/gradle/internal/component/model/ComponentResolveMetadata
Event: 74.800 loading class org/gradle/internal/component/model/ComponentResolveMetadata done
Event: 74.800 loading class org/gradle/internal/component/model/ComponentResolveMetadata
Event: 74.800 loading class org/gradle/internal/component/model/ComponentResolveMetadata done
Event: 74.800 loading class org/gradle/internal/component/model/ComponentResolveMetadata
Event: 74.800 loading class org/gradle/internal/component/model/ComponentResolveMetadata done
Event: 74.800 loading class org/gradle/api/internal/artifacts/ivyservice/modulecache/artifacts/ArtifactsAtRepositoryKey
Event: 74.800 loading class org/gradle/api/internal/artifacts/ivyservice/modulecache/artifacts/ArtifactsAtRepositoryKey done
Event: 74.801 loading class org/gradle/api/internal/artifacts/ivyservice/modulecache/artifacts/DefaultModuleArtifactsCache$ModuleArtifactsKeySerializer
Event: 74.801 loading class org/gradle/api/internal/artifacts/ivyservice/modulecache/artifacts/DefaultModuleArtifactsCache$ModuleArtifactsKeySerializer done
Event: 74.801 loading class org/gradle/api/internal/artifacts/ivyservice/modulecache/artifacts/DefaultModuleArtifactsCache$ModuleArtifactsCacheEntrySerializer
Event: 74.801 loading class org/gradle/api/internal/artifacts/ivyservice/modulecache/artifacts/DefaultModuleArtifactsCache$ModuleArtifactsCacheEntrySerializer done
Event: 74.801 loading class org/gradle/api/internal/artifacts/metadata/ComponentArtifactMetadataSerializer
Event: 74.801 loading class org/gradle/api/internal/artifacts/metadata/ComponentArtifactMetadataSerializer done


Dynamic libraries:
0x00007ff600ff0000 - 0x00007ff600ffa000 	F:\AndroidStudio\jre\bin\java.exe
0x00007ff8bad00000 - 0x00007ff8baef0000 	C:\Windows\SYSTEM32\ntdll.dll
0x00007ff8bac00000 - 0x00007ff8bacb2000 	C:\Windows\System32\KERNEL32.DLL
0x00007ff8b8130000 - 0x00007ff8b83d2000 	C:\Windows\System32\KERNELBASE.dll
0x00007ff8b8430000 - 0x00007ff8b852a000 	C:\Windows\System32\ucrtbase.dll
0x00007ff8b1520000 - 0x00007ff8b1539000 	F:\AndroidStudio\jre\bin\jli.dll
0x00007ff8a1a90000 - 0x00007ff8a1aa7000 	F:\AndroidStudio\jre\bin\VCRUNTIME140.dll
0x00007ff8ba880000 - 0x00007ff8baa13000 	C:\Windows\System32\USER32.dll
0x00007ff89bd10000 - 0x00007ff89bf95000 	C:\Windows\WinSxS\amd64_microsoft.windows.common-controls_6595b64144ccf1df_6.0.18362.30_none_a1435978519dce7f\COMCTL32.dll
0x00007ff8b8530000 - 0x00007ff8b8551000 	C:\Windows\System32\win32u.dll
0x00007ff8ba2b0000 - 0x00007ff8ba34e000 	C:\Windows\System32\msvcrt.dll
0x00007ff8b93c0000 - 0x00007ff8b93e6000 	C:\Windows\System32\GDI32.dll
0x00007ff8b9ee0000 - 0x00007ff8ba216000 	C:\Windows\System32\combase.dll
0x00007ff8b7d30000 - 0x00007ff8b7ec4000 	C:\Windows\System32\gdi32full.dll
0x00007ff8b8dc0000 - 0x00007ff8b8ee0000 	C:\Windows\System32\RPCRT4.dll
0x00007ff8b7c90000 - 0x00007ff8b7d2e000 	C:\Windows\System32\msvcp_win.dll
0x00007ff8b8ce0000 - 0x00007ff8b8d61000 	C:\Windows\System32\bcryptPrimitives.dll
0x00007ff8b9e40000 - 0x00007ff8b9e6e000 	C:\Windows\System32\IMM32.DLL
0x00007ff89d0a0000 - 0x00007ff89d13d000 	F:\AndroidStudio\jre\bin\msvcp140.dll
0x00007ff86afd0000 - 0x00007ff86bab5000 	F:\AndroidStudio\jre\bin\server\jvm.dll
0x00007ff8ba720000 - 0x00007ff8ba7c3000 	C:\Windows\System32\ADVAPI32.dll
0x00007ff8bab60000 - 0x00007ff8babf7000 	C:\Windows\System32\sechost.dll
0x00007ff8ba220000 - 0x00007ff8ba228000 	C:\Windows\System32\PSAPI.DLL
0x00007ff89c4a0000 - 0x00007ff89c4a9000 	C:\Windows\SYSTEM32\WSOCK32.dll
0x00007ff8b9e70000 - 0x00007ff8b9edf000 	C:\Windows\System32\WS2_32.dll
0x00007ff8b5190000 - 0x00007ff8b51b4000 	C:\Windows\SYSTEM32\WINMM.dll
0x00007ff8aade0000 - 0x00007ff8aadea000 	C:\Windows\SYSTEM32\VERSION.dll
0x00007ff8b5160000 - 0x00007ff8b518d000 	C:\Windows\SYSTEM32\WINMMBASE.dll
0x00007ff8b83e0000 - 0x00007ff8b842a000 	C:\Windows\System32\cfgmgr32.dll
0x00007ff8b7be0000 - 0x00007ff8b7bf1000 	C:\Windows\System32\kernel.appcore.dll
0x00007ff8b40b0000 - 0x00007ff8b40c1000 	F:\AndroidStudio\jre\bin\verify.dll
0x00007ff8b6520000 - 0x00007ff8b6714000 	C:\Windows\SYSTEM32\DBGHELP.DLL
0x00007ff898d70000 - 0x00007ff898d9a000 	C:\Windows\SYSTEM32\dbgcore.DLL
0x00007ff8b4080000 - 0x00007ff8b40a9000 	F:\AndroidStudio\jre\bin\java.dll
0x00007ff8b4070000 - 0x00007ff8b407b000 	F:\AndroidStudio\jre\bin\jimage.dll
0x00007ff8b4050000 - 0x00007ff8b4068000 	F:\AndroidStudio\jre\bin\zip.dll
0x00007ff8b9760000 - 0x00007ff8b9e40000 	C:\Windows\System32\SHELL32.dll
0x00007ff8ba610000 - 0x00007ff8ba6b9000 	C:\Windows\System32\shcore.dll
0x00007ff8b8560000 - 0x00007ff8b8cdb000 	C:\Windows\System32\windows.storage.dll
0x00007ff8b7c00000 - 0x00007ff8b7c1f000 	C:\Windows\System32\profapi.dll
0x00007ff8b7c20000 - 0x00007ff8b7c6a000 	C:\Windows\System32\powrprof.dll
0x00007ff8b7bd0000 - 0x00007ff8b7be0000 	C:\Windows\System32\UMPDC.dll
0x00007ff8b9350000 - 0x00007ff8b93a2000 	C:\Windows\System32\shlwapi.dll
0x00007ff8b8da0000 - 0x00007ff8b8db7000 	C:\Windows\System32\cryptsp.dll
0x00007ff8b4030000 - 0x00007ff8b404a000 	F:\AndroidStudio\jre\bin\net.dll
0x00007ff8aa420000 - 0x00007ff8aa50f000 	C:\Windows\SYSTEM32\WINHTTP.dll
0x00007ff8b7440000 - 0x00007ff8b74a7000 	C:\Windows\system32\mswsock.dll
0x00007ff8b4010000 - 0x00007ff8b4024000 	F:\AndroidStudio\jre\bin\nio.dll
0x00007ff8b0ed0000 - 0x00007ff8b0ef7000 	F:\AndroidStudio\jre\native\e1d6ef7f7dcc3fd88c89a11ec53ec762bb8ba0a96d01ffa2cd45eb1d1d8dd5c5\windows-amd64\native-platform.dll
0x00007ff882330000 - 0x00007ff882474000 	F:\AndroidStudio\jre\native\0d407fdbe67a94daf76414ababcb853783967236a71b16ec16e742cd7a986fd3\windows-amd64\native-platform-file-events.dll
0x00007ff8b4000000 - 0x00007ff8b400a000 	F:\AndroidStudio\jre\bin\management.dll
0x00007ff8b3ff0000 - 0x00007ff8b3ffd000 	F:\AndroidStudio\jre\bin\management_ext.dll
0x00007ff8b7000000 - 0x00007ff8b7033000 	C:\Windows\system32\rsaenh.dll
0x00007ff8b8d70000 - 0x00007ff8b8d96000 	C:\Windows\System32\bcrypt.dll
0x00007ff8b7af0000 - 0x00007ff8b7b15000 	C:\Windows\SYSTEM32\USERENV.dll
0x00007ff8b7610000 - 0x00007ff8b761c000 	C:\Windows\SYSTEM32\CRYPTBASE.dll
0x00007ff8b71a0000 - 0x00007ff8b71da000 	C:\Windows\SYSTEM32\IPHLPAPI.DLL
0x00007ff8b93b0000 - 0x00007ff8b93b8000 	C:\Windows\System32\NSI.dll
0x00007ff8a8c70000 - 0x00007ff8a8c86000 	C:\Windows\SYSTEM32\dhcpcsvc6.DLL
0x00007ff8a9090000 - 0x00007ff8a90ac000 	C:\Windows\SYSTEM32\dhcpcsvc.DLL
0x00007ff8b71e0000 - 0x00007ff8b72aa000 	C:\Windows\SYSTEM32\DNSAPI.dll
0x00007ff8b12d0000 - 0x00007ff8b12f7000 	F:\AndroidStudio\jre\bin\sunec.dll

dbghelp: loaded successfully - version: 4.0.5 - missing functions: none
symbol engine: initialized successfully - sym options: 0x614 - pdb path: .;F:\AndroidStudio\jre\bin;C:\Windows\SYSTEM32;C:\Windows\WinSxS\amd64_microsoft.windows.common-controls_6595b64144ccf1df_6.0.18362.30_none_a1435978519dce7f;F:\AndroidStudio\jre\bin\server;F:\AndroidStudio\jre\native\e1d6ef7f7dcc3fd88c89a11ec53ec762bb8ba0a96d01ffa2cd45eb1d1d8dd5c5\windows-amd64;F:\AndroidStudio\jre\native\0d407fdbe67a94daf76414ababcb853783967236a71b16ec16e742cd7a986fd3\windows-amd64

VM Arguments:
jvm_args: --add-opens=java.base/java.util=ALL-UNNAMED --add-opens=java.base/java.lang=ALL-UNNAMED --add-opens=java.base/java.lang.invoke=ALL-UNNAMED --add-opens=java.base/java.util=ALL-UNNAMED --add-opens=java.prefs/java.util.prefs=ALL-UNNAMED --add-opens=java.prefs/java.util.prefs=ALL-UNNAMED --add-opens=java.base/java.nio.charset=ALL-UNNAMED --add-opens=java.base/java.net=ALL-UNNAMED --add-opens=java.base/java.util.concurrent.atomic=ALL-UNNAMED -Xmx2048m -Dfile.encoding=UTF-8 -Duser.country=CA -Duser.language=en -Duser.variant 
java_command: org.gradle.launcher.daemon.bootstrap.GradleDaemon 7.4.2
java_class_path (initial): F:\AndroidStudio\jre\wrapper\dists\gradle-7.4.2-bin\48ivgl02cpt2ed3fh9dbalvx8\gradle-7.4.2\lib\gradle-launcher-7.4.2.jar
Launcher Type: SUN_STANDARD

[Global flags]
     intx CICompilerCount                          = 4                                         {product} {ergonomic}
     uint ConcGCThreads                            = 2                                         {product} {ergonomic}
     uint G1ConcRefinementThreads                  = 8                                         {product} {ergonomic}
   size_t G1HeapRegionSize                         = 1048576                                   {product} {ergonomic}
    uintx GCDrainStackTargetSize                   = 64                                        {product} {ergonomic}
   size_t InitialHeapSize                          = 201326592                                 {product} {ergonomic}
   size_t MarkStackSize                            = 4194304                                   {product} {ergonomic}
   size_t MaxHeapSize                              = 2147483648                                {product} {command line}
   size_t MaxNewSize                               = 1287651328                                {product} {ergonomic}
   size_t MinHeapDeltaBytes                        = 1048576                                   {product} {ergonomic}
    uintx NonNMethodCodeHeapSize                   = 5836300                                {pd product} {ergonomic}
    uintx NonProfiledCodeHeapSize                  = 122910970                              {pd product} {ergonomic}
    uintx ProfiledCodeHeapSize                     = 122910970                              {pd product} {ergonomic}
    uintx ReservedCodeCacheSize                    = 251658240                              {pd product} {ergonomic}
     bool SegmentedCodeCache                       = true                                      {product} {ergonomic}
     bool UseCompressedClassPointers               = true                                 {lp64_product} {ergonomic}
     bool UseCompressedOops                        = true                                 {lp64_product} {ergonomic}
     bool UseG1GC                                  = true                                      {product} {ergonomic}
     bool UseLargePagesIndividualAllocation        = false                                  {pd product} {ergonomic}

Logging:
Log output configuration:
 #0: stdout all=warning uptime,level,tags
 #1: stderr all=off uptime,level,tags

Environment Variables:
JAVA_HOME=F:\IntelliJ IDEA Community Edition 2022.1\jbr
PATH=C:\Windows\system32;C:\Windows;C:\Windows\System32\Wbem;C:\Windows\System32\WindowsPowerShell\v1.0\;C:\Windows\System32\OpenSSH\;C:\Program Files (x86)\NVIDIA Corporation\PhysX\Common;C:\Program Files\Microsoft SQL Server\130\Tools\Binn\;C:\Program Files (x86)\Common Files\lenovo\easyplussdk\bin;C:\Program Files\NVIDIA Corporation\NVIDIA NvDLISR;C:\Program Files\Intel\WiFi\bin\;C:\Program Files\Common Files\Intel\WirelessCommon\;C:\ProgramData\chocolatey\bin;C:\Program Files\dotnet\;C:\Program Files\Git\cmd;F:\Python310\Scripts\;F:\Python310\;C:\Program Files\Intel\WiFi\bin\;C:\Program Files\Common Files\Intel\WirelessCommon\;C:\Users\mojan\.dotnet\tools;C:\Users\mojan\AppData\Roaming\Pub\Cache\bin;F:\Microsoft VS Code\bin;C:\Program Files\mingw-w64\x86_64-8.1.0-posix-seh-rt_v6-rev0\mingw64\bin;C:\Users\mojan\.dotnet\tools;F:\PyCharm Community Edition 2021.3.3\bin;;F:\Java18\bin;F:\IntelliJ IDEA Community Edition 2022.1\bin;
USERNAME=mojan
OS=Windows_NT
PROCESSOR_IDENTIFIER=Intel64 Family 6 Model 142 Stepping 10, GenuineIntel



---------------  S Y S T E M  ---------------

OS: Windows 10 , 64 bit Build 18362 (10.0.18362.1)
OS uptime: 0 days 5:59 hours

CPU:total 8 (initial active 8) (4 cores per cpu, 2 threads per core) family 6 model 142 stepping 10 microcode 0x96, cmov, cx8, fxsr, mmx, sse, sse2, sse3, ssse3, sse4.1, sse4.2, popcnt, avx, avx2, aes, clmul, erms, 3dnowpref, lzcnt, ht, tsc, tscinvbit, bmi1, bmi2, adx, fma

Memory: 4k page, system-wide physical 12166M (1609M free)
TotalPageFile size 12166M (AvailPageFile size 311M)
current process WorkingSet (physical memory assigned to process): 583M, peak: 587M
current process commit charge ("private bytes"): 624M, peak: 628M

vm_info: OpenJDK 64-Bit Server VM (11.0.12+7-b1504.28-7817840) for windows-amd64 JRE (11.0.12+7-b1504.28-7817840), built on Oct 13 2021 22:12:33 by "builder" with MS VC++ 14.0 (VS2015)

END.
