#
# There is insufficient memory for the Java Runtime Environment to continue.
# Native memory allocation (malloc) failed to allocate 1214896 bytes for Chunk::new
# Possible reasons:
#   The system is out of physical RAM or swap space
#   The process is running with CompressedOops enabled, and the Java Heap may be blocking the growth of the native heap
# Possible solutions:
#   Reduce memory load on the system
#   Increase physical memory or swap space
#   Check if swap backing store is full
#   Decrease Java heap size (-Xmx/-Xms)
#   Decrease number of Java threads
#   Decrease Java thread stack sizes (-Xss)
#   Set larger code cache with -XX:ReservedCodeCacheSize=
#   JVM is running with Unscaled Compressed Oops mode in which the Java heap is
#     placed in the first 4GB address space. The Java Heap base address is the
#     maximum limit for the native heap growth. Please use -XX:HeapBaseMinAddress
#     to set the Java Heap base and to place the Java Heap above 4GB virtual address.
# This output file may be truncated or incomplete.
#
#  Out of Memory Error (./src/hotspot/share/memory/arena.cpp:197), pid=11204, tid=6200
#
# JRE version: OpenJDK Runtime Environment (11.0.10) (build 11.0.10+0-b96-7249189)
# Java VM: OpenJDK 64-Bit Server VM (11.0.10+0-b96-7249189, mixed mode, tiered, compressed oops, g1 gc, windows-amd64)
# No core dump will be written. Minidumps are not enabled by default on client versions of Windows
#

---------------  S U M M A R Y ------------

Command Line: --add-opens=java.base/java.util=ALL-UNNAMED --add-opens=java.base/java.lang=ALL-UNNAMED --add-opens=java.base/java.lang.invoke=ALL-UNNAMED --add-opens=java.base/java.util=ALL-UNNAMED --add-opens=java.prefs/java.util.prefs=ALL-UNNAMED --add-opens=java.prefs/java.util.prefs=ALL-UNNAMED --add-opens=java.base/java.nio.charset=ALL-UNNAMED --add-opens=java.base/java.net=ALL-UNNAMED --add-opens=java.base/java.util.concurrent.atomic=ALL-UNNAMED -Xmx2048m -Dfile.encoding=UTF-8 -Duser.country=CA -Duser.language=en -Duser.variant org.gradle.launcher.daemon.bootstrap.GradleDaemon 7.0.2

Host: Intel(R) Core(TM) i7-8550U CPU @ 1.80GHz, 8 cores, 11G,  Windows 10 , 64 bit Build 18362 (10.0.18362.1)
Time: Thu Apr 28 14:33:02 2022 Eastern Daylight Time elapsed time: 3.918317 seconds (0d 0h 0m 3s)

---------------  T H R E A D  ---------------

Current thread (0x00000236c73c5800):  JavaThread "C2 CompilerThread0" daemon [_thread_in_native, id=6200, stack(0x000000f20f100000,0x000000f20f200000)]


Current CompileTask:
C2:   3918 3630       4       org.codehaus.groovy.runtime.metaclass.MetaMethodIndex::addMethodToList (131 bytes)

Stack: [0x000000f20f100000,0x000000f20f200000]
Native frames: (J=compiled Java code, j=interpreted, Vv=VM code, C=native code)
V  [jvm.dll+0x5ecfaa]
V  [jvm.dll+0x722bd5]
V  [jvm.dll+0x72412d]
V  [jvm.dll+0x7247e3]
V  [jvm.dll+0x242928]
V  [jvm.dll+0xbc4fc]
V  [jvm.dll+0xbca0c]
V  [jvm.dll+0x352d7d]
V  [jvm.dll+0x320ad3]
V  [jvm.dll+0x31ffca]
V  [jvm.dll+0x1fb602]
V  [jvm.dll+0x1fa7f4]
V  [jvm.dll+0x18354c]
V  [jvm.dll+0x208ee7]
V  [jvm.dll+0x207731]
V  [jvm.dll+0x6eb1cf]
V  [jvm.dll+0x6e3d45]
V  [jvm.dll+0x5ebe96]
C  [ucrtbase.dll+0x1d912]
C  [KERNEL32.DLL+0x17944]
C  [ntdll.dll+0x6ce71]


---------------  P R O C E S S  ---------------

Threads class SMR info:
_java_thread_list=0x00000236cacc29d0, length=41, elements={
0x00000236ac6ac000, 0x00000236c6b1e800, 0x00000236c6b2a000, 0x00000236c7375000,
0x00000236c7378000, 0x00000236c737a000, 0x00000236c73c5800, 0x00000236c73c7000,
0x00000236c73c8000, 0x00000236c7524800, 0x00000236c7638000, 0x00000236c9d71800,
0x00000236c79a1000, 0x00000236c8897800, 0x00000236c89e5000, 0x00000236c9366800,
0x00000236c8fc0800, 0x00000236c965f000, 0x00000236c8fc1000, 0x00000236c9e2c800,
0x00000236c9721000, 0x00000236c9723800, 0x00000236c9721800, 0x00000236c9722800,
0x00000236c971f000, 0x00000236c9724000, 0x00000236c9720000, 0x00000236c971e800,
0x00000236c9725000, 0x00000236ca9cc800, 0x00000236ca9ce800, 0x00000236ca9d1800,
0x00000236ca9cf000, 0x00000236ca9d0000, 0x00000236ca9cc000, 0x00000236c9b5b800,
0x00000236ca9d1000, 0x00000236ca9d2800, 0x00000236ca9d3800, 0x00000236ca9cd800,
0x00000236ca9d5800
}

Java Threads: ( => current thread )
  0x00000236ac6ac000 JavaThread "main" [_thread_blocked, id=3832, stack(0x000000f20e500000,0x000000f20e600000)]
  0x00000236c6b1e800 JavaThread "Reference Handler" daemon [_thread_blocked, id=2248, stack(0x000000f20ec00000,0x000000f20ed00000)]
  0x00000236c6b2a000 JavaThread "Finalizer" daemon [_thread_blocked, id=6040, stack(0x000000f20ed00000,0x000000f20ee00000)]
  0x00000236c7375000 JavaThread "Signal Dispatcher" daemon [_thread_blocked, id=2648, stack(0x000000f20ee00000,0x000000f20ef00000)]
  0x00000236c7378000 JavaThread "Attach Listener" daemon [_thread_blocked, id=10920, stack(0x000000f20ef00000,0x000000f20f000000)]
  0x00000236c737a000 JavaThread "Service Thread" daemon [_thread_blocked, id=668, stack(0x000000f20f000000,0x000000f20f100000)]
=>0x00000236c73c5800 JavaThread "C2 CompilerThread0" daemon [_thread_in_native, id=6200, stack(0x000000f20f100000,0x000000f20f200000)]
  0x00000236c73c7000 JavaThread "C1 CompilerThread0" daemon [_thread_in_vm, id=9196, stack(0x000000f20f200000,0x000000f20f300000)]
  0x00000236c73c8000 JavaThread "Sweeper thread" daemon [_thread_blocked, id=3416, stack(0x000000f20f300000,0x000000f20f400000)]
  0x00000236c7524800 JavaThread "Common-Cleaner" daemon [_thread_blocked, id=9392, stack(0x000000f20f400000,0x000000f20f500000)]
  0x00000236c7638000 JavaThread "C2 CompilerThread1" daemon [_thread_in_native, id=2656, stack(0x000000f20f600000,0x000000f20f700000)]
  0x00000236c9d71800 JavaThread "Daemon health stats" [_thread_blocked, id=6472, stack(0x000000f20fb00000,0x000000f20fc00000)]
  0x00000236c79a1000 JavaThread "Incoming local TCP Connector on port 10614" [_thread_in_native, id=6156, stack(0x000000f20f700000,0x000000f20f800000)]
  0x00000236c8897800 JavaThread "Daemon periodic checks" [_thread_blocked, id=11004, stack(0x000000f20fc00000,0x000000f20fd00000)]
  0x00000236c89e5000 JavaThread "Daemon" [_thread_blocked, id=4544, stack(0x000000f20fd00000,0x000000f20fe00000)]
  0x00000236c9366800 JavaThread "Handler for socket connection from /127.0.0.1:10614 to /127.0.0.1:10615" [_thread_in_native, id=9136, stack(0x000000f20fe00000,0x000000f20ff00000)]
  0x00000236c8fc0800 JavaThread "Cancel handler" [_thread_blocked, id=11052, stack(0x000000f20ff00000,0x000000f210000000)]
  0x00000236c965f000 JavaThread "Daemon worker" [_thread_in_Java, id=4824, stack(0x000000f210000000,0x000000f210100000)]
  0x00000236c8fc1000 JavaThread "Asynchronous log dispatcher for DefaultDaemonConnection: socket connection from /127.0.0.1:10614 to /127.0.0.1:10615" [_thread_blocked, id=6220, stack(0x000000f210100000,0x000000f210200000)]
  0x00000236c9e2c800 JavaThread "Stdin handler" [_thread_blocked, id=2880, stack(0x000000f210200000,0x000000f210300000)]
  0x00000236c9721000 JavaThread "Daemon client event forwarder" [_thread_blocked, id=7660, stack(0x000000f210300000,0x000000f210400000)]
  0x00000236c9723800 JavaThread "Cache worker for file hash cache (C:\Users\mojan\.gradle\caches\7.0.2\fileHashes)" [_thread_blocked, id=1744, stack(0x000000f210800000,0x000000f210900000)]
  0x00000236c9721800 JavaThread "File lock request listener" [_thread_in_native, id=7360, stack(0x000000f210900000,0x000000f210a00000)]
  0x00000236c9722800 JavaThread "Cache worker for journal cache (C:\Users\mojan\.gradle\caches\journal-1)" [_thread_blocked, id=6100, stack(0x000000f210b00000,0x000000f210c00000)]
  0x00000236c971f000 JavaThread "Cache worker for file hash cache (E:\MyCodelabs\PhotoFinder\.gradle\7.0.2\fileHashes)" [_thread_blocked, id=1720, stack(0x000000f210c00000,0x000000f210d00000)]
  0x00000236c9724000 JavaThread "File watcher server" daemon [_thread_in_native, id=8988, stack(0x000000f210d00000,0x000000f210e00000)]
  0x00000236c9720000 JavaThread "File watcher consumer" daemon [_thread_blocked, id=2400, stack(0x000000f210e00000,0x000000f210f00000)]
  0x00000236c971e800 JavaThread "jar transforms" [_thread_blocked, id=9496, stack(0x000000f210f00000,0x000000f211000000)]
  0x00000236c9725000 JavaThread "jar transforms Thread 2" [_thread_blocked, id=6216, stack(0x000000f211000000,0x000000f211100000)]
  0x00000236ca9cc800 JavaThread "jar transforms Thread 3" [_thread_blocked, id=7384, stack(0x000000f211100000,0x000000f211200000)]
  0x00000236ca9ce800 JavaThread "jar transforms Thread 4" [_thread_blocked, id=7552, stack(0x000000f211200000,0x000000f211300000)]
  0x00000236ca9d1800 JavaThread "jar transforms Thread 5" [_thread_blocked, id=8456, stack(0x000000f211300000,0x000000f211400000)]
  0x00000236ca9cf000 JavaThread "jar transforms Thread 6" [_thread_blocked, id=10276, stack(0x000000f211400000,0x000000f211500000)]
  0x00000236ca9d0000 JavaThread "jar transforms Thread 7" [_thread_blocked, id=10524, stack(0x000000f211500000,0x000000f211600000)]
  0x00000236ca9cc000 JavaThread "jar transforms Thread 8" [_thread_blocked, id=10652, stack(0x000000f211600000,0x000000f211700000)]
  0x00000236c9b5b800 JavaThread "C2 CompilerThread2" daemon [_thread_in_native, id=2192, stack(0x000000f211700000,0x000000f211800000)]
  0x00000236ca9d1000 JavaThread "Cache worker for checksums cache (E:\MyCodelabs\PhotoFinder\.gradle\checksums)" [_thread_blocked, id=9960, stack(0x000000f211800000,0x000000f211900000)]
  0x00000236ca9d2800 JavaThread "Cache worker for cache directory md-supplier (C:\Users\mojan\.gradle\caches\7.0.2\md-supplier)" [_thread_blocked, id=3676, stack(0x000000f211900000,0x000000f211a00000)]
  0x00000236ca9d3800 JavaThread "Cache worker for cache directory md-rule (C:\Users\mojan\.gradle\caches\7.0.2\md-rule)" [_thread_blocked, id=2796, stack(0x000000f211a00000,0x000000f211b00000)]
  0x00000236ca9cd800 JavaThread "Cache worker for execution history cache (C:\Users\mojan\.gradle\caches\7.0.2\executionHistory)" [_thread_blocked, id=2228, stack(0x000000f211b00000,0x000000f211c00000)]
  0x00000236ca9d5800 JavaThread "Cache worker for file content cache (C:\Users\mojan\.gradle\caches\7.0.2\fileContent)" [_thread_blocked, id=11008, stack(0x000000f211c00000,0x000000f211d00000)]

Other Threads:
  0x00000236c7366000 VMThread "VM Thread" [stack: 0x000000f20eb00000,0x000000f20ec00000] [id=10552]
  0x00000236c755c000 WatcherThread [stack: 0x000000f20f500000,0x000000f20f600000] [id=4692]
  0x00000236ac6c3800 GCTaskThread "GC Thread#0" [stack: 0x000000f20e600000,0x000000f20e700000] [id=10784]
  0x00000236c7cdb800 GCTaskThread "GC Thread#1" [stack: 0x000000f20f800000,0x000000f20f900000] [id=9596]
  0x00000236c8217000 GCTaskThread "GC Thread#2" [stack: 0x000000f20f900000,0x000000f20fa00000] [id=8844]
  0x00000236c825e000 GCTaskThread "GC Thread#3" [stack: 0x000000f20fa00000,0x000000f20fb00000] [id=1916]
  0x00000236c970a800 GCTaskThread "GC Thread#4" [stack: 0x000000f210400000,0x000000f210500000] [id=2404]
  0x00000236c970b000 GCTaskThread "GC Thread#5" [stack: 0x000000f210500000,0x000000f210600000] [id=7112]
  0x00000236c9431000 GCTaskThread "GC Thread#6" [stack: 0x000000f210600000,0x000000f210700000] [id=9948]
  0x00000236c98b3000 GCTaskThread "GC Thread#7" [stack: 0x000000f210700000,0x000000f210800000] [id=3664]
  0x00000236ac6f8800 ConcurrentGCThread "G1 Main Marker" [stack: 0x000000f20e700000,0x000000f20e800000] [id=11048]
  0x00000236ac6fa000 ConcurrentGCThread "G1 Conc#0" [stack: 0x000000f20e800000,0x000000f20e900000] [id=5684]
  0x00000236c98b1800 ConcurrentGCThread "G1 Conc#1" [stack: 0x000000f210a00000,0x000000f210b00000] [id=10128]
  0x00000236c6992800 ConcurrentGCThread "G1 Refine#0" [stack: 0x000000f20e900000,0x000000f20ea00000] [id=8056]
  0x00000236c6993800 ConcurrentGCThread "G1 Young RemSet Sampling" [stack: 0x000000f20ea00000,0x000000f20eb00000] [id=6256]

Threads with active compile tasks:
C2 CompilerThread0   3937 3630       4       org.codehaus.groovy.runtime.metaclass.MetaMethodIndex::addMethodToList (131 bytes)
C1 CompilerThread0   3937 3705       3       org.gradle.api.attributes.Attribute::equals (57 bytes)
C2 CompilerThread1   3937 3686       4       groovy.lang.MetaClassImpl$1MOPIter::methodNameAction (325 bytes)
C2 CompilerThread2   3937 3684       4       org.codehaus.groovy.runtime.metaclass.MetaMethodIndex::getOrPutMethods (184 bytes)

VM state:not at safepoint (normal execution)

VM Mutex/Monitor currently owned by a thread: None

Heap address: 0x0000000080000000, size: 2048 MB, Compressed Oops mode: 32-bit
Narrow klass base: 0x0000000000000000, Narrow klass shift: 3
Compressed class space size: 1073741824 Address: 0x0000000100000000

Heap:
 garbage-first heap   total 196608K, used 119633K [0x0000000080000000, 0x0000000100000000)
  region size 1024K, 86 young (88064K), 9 survivors (9216K)
 Metaspace       used 41592K, capacity 42687K, committed 43008K, reserved 1087488K
  class space    used 5364K, capacity 5785K, committed 5888K, reserved 1048576K
Heap Regions: E=young(eden), S=young(survivor), O=old, HS=humongous(starts), HC=humongous(continues), CS=collection set, F=free, A=archive, TAMS=top-at-mark-start (previous, next)
|   0|0x0000000080000000, 0x0000000080100000, 0x0000000080100000|100%| O|  |TAMS 0x0000000080100000, 0x0000000080000000| Untracked 
|   1|0x0000000080100000, 0x0000000080200000, 0x0000000080200000|100%| O|  |TAMS 0x0000000080200000, 0x0000000080100000| Untracked 
|   2|0x0000000080200000, 0x0000000080300000, 0x0000000080300000|100%| O|  |TAMS 0x0000000080300000, 0x0000000080200000| Untracked 
|   3|0x0000000080300000, 0x0000000080400000, 0x0000000080400000|100%|HS|  |TAMS 0x0000000080400000, 0x0000000080300000| Complete 
|   4|0x0000000080400000, 0x0000000080500000, 0x0000000080500000|100%|HC|  |TAMS 0x0000000080500000, 0x0000000080400000| Complete 
|   5|0x0000000080500000, 0x0000000080600000, 0x0000000080600000|100%|HC|  |TAMS 0x0000000080600000, 0x0000000080500000| Complete 
|   6|0x0000000080600000, 0x0000000080700000, 0x0000000080700000|100%| O|  |TAMS 0x0000000080700000, 0x0000000080600000| Untracked 
|   7|0x0000000080700000, 0x0000000080800000, 0x0000000080800000|100%| O|  |TAMS 0x0000000080800000, 0x0000000080700000| Untracked 
|   8|0x0000000080800000, 0x0000000080900000, 0x0000000080900000|100%| O|  |TAMS 0x0000000080900000, 0x0000000080800000| Untracked 
|   9|0x0000000080900000, 0x0000000080a00000, 0x0000000080a00000|100%| O|  |TAMS 0x0000000080a00000, 0x0000000080900000| Untracked 
|  10|0x0000000080a00000, 0x0000000080b00000, 0x0000000080b00000|100%| O|  |TAMS 0x0000000080b00000, 0x0000000080a00000| Untracked 
|  11|0x0000000080b00000, 0x0000000080c00000, 0x0000000080c00000|100%| O|  |TAMS 0x0000000080c00000, 0x0000000080b00000| Untracked 
|  12|0x0000000080c00000, 0x0000000080d00000, 0x0000000080d00000|100%| O|  |TAMS 0x0000000080d00000, 0x0000000080c00000| Untracked 
|  13|0x0000000080d00000, 0x0000000080e00000, 0x0000000080e00000|100%| O|  |TAMS 0x0000000080e00000, 0x0000000080d00000| Untracked 
|  14|0x0000000080e00000, 0x0000000080f00000, 0x0000000080f00000|100%| O|  |TAMS 0x0000000080f00000, 0x0000000080e00000| Untracked 
|  15|0x0000000080f00000, 0x0000000080f60c00, 0x0000000081000000| 37%| O|  |TAMS 0x0000000080f60c00, 0x0000000080f00000| Untracked 
|  16|0x0000000081000000, 0x0000000081100000, 0x0000000081100000|100%|HS|  |TAMS 0x0000000081100000, 0x0000000081000000| Complete 
|  17|0x0000000081100000, 0x0000000081200000, 0x0000000081200000|100%|HC|  |TAMS 0x0000000081200000, 0x0000000081100000| Complete 
|  18|0x0000000081200000, 0x0000000081300000, 0x0000000081300000|100%|HS|  |TAMS 0x0000000081300000, 0x0000000081200000| Complete 
|  19|0x0000000081300000, 0x0000000081400000, 0x0000000081400000|100%|HC|  |TAMS 0x0000000081400000, 0x0000000081300000| Complete 
|  20|0x0000000081400000, 0x0000000081500000, 0x0000000081500000|100%|HC|  |TAMS 0x0000000081500000, 0x0000000081400000| Complete 
|  21|0x0000000081500000, 0x0000000081600000, 0x0000000081600000|100%|HS|  |TAMS 0x0000000081600000, 0x0000000081500000| Complete 
|  22|0x0000000081600000, 0x0000000081700000, 0x0000000081700000|100%|HC|  |TAMS 0x0000000081700000, 0x0000000081600000| Complete 
|  23|0x0000000081700000, 0x0000000081800000, 0x0000000081800000|100%|HC|  |TAMS 0x0000000081800000, 0x0000000081700000| Complete 
|  24|0x0000000081800000, 0x0000000081900000, 0x0000000081900000|100%|HC|  |TAMS 0x0000000081900000, 0x0000000081800000| Complete 
|  25|0x0000000081900000, 0x0000000081a00000, 0x0000000081a00000|100%|HC|  |TAMS 0x0000000081a00000, 0x0000000081900000| Complete 
|  26|0x0000000081a00000, 0x0000000081b00000, 0x0000000081b00000|100%|HS|  |TAMS 0x0000000081a00000, 0x0000000081a00000| Complete 
|  27|0x0000000081b00000, 0x0000000081c00000, 0x0000000081c00000|100%|HS|  |TAMS 0x0000000081b00000, 0x0000000081b00000| Complete 
|  28|0x0000000081c00000, 0x0000000081d00000, 0x0000000081d00000|100%|HC|  |TAMS 0x0000000081c00000, 0x0000000081c00000| Complete 
|  29|0x0000000081d00000, 0x0000000081e00000, 0x0000000081e00000|100%|HS|  |TAMS 0x0000000081d00000, 0x0000000081d00000| Complete 
|  30|0x0000000081e00000, 0x0000000081f00000, 0x0000000081f00000|100%|HC|  |TAMS 0x0000000081e00000, 0x0000000081e00000| Complete 
|  31|0x0000000081f00000, 0x0000000082000000, 0x0000000082000000|100%|HC|  |TAMS 0x0000000081f00000, 0x0000000081f00000| Complete 
|  32|0x0000000082000000, 0x0000000082100000, 0x0000000082100000|100%|HC|  |TAMS 0x0000000082000000, 0x0000000082000000| Complete 
|  33|0x0000000082100000, 0x0000000082200000, 0x0000000082200000|100%|HC|  |TAMS 0x0000000082100000, 0x0000000082100000| Complete 
|  34|0x0000000082200000, 0x0000000082200000, 0x0000000082300000|  0%| F|  |TAMS 0x0000000082200000, 0x0000000082200000| Untracked 
|  35|0x0000000082300000, 0x0000000082300000, 0x0000000082400000|  0%| F|  |TAMS 0x0000000082300000, 0x0000000082300000| Untracked 
|  36|0x0000000082400000, 0x0000000082400000, 0x0000000082500000|  0%| F|  |TAMS 0x0000000082400000, 0x0000000082400000| Untracked 
|  37|0x0000000082500000, 0x0000000082500000, 0x0000000082600000|  0%| F|  |TAMS 0x0000000082500000, 0x0000000082500000| Untracked 
|  38|0x0000000082600000, 0x0000000082600000, 0x0000000082700000|  0%| F|  |TAMS 0x0000000082600000, 0x0000000082600000| Untracked 
|  39|0x0000000082700000, 0x0000000082700000, 0x0000000082800000|  0%| F|  |TAMS 0x0000000082700000, 0x0000000082700000| Untracked 
|  40|0x0000000082800000, 0x0000000082800000, 0x0000000082900000|  0%| F|  |TAMS 0x0000000082800000, 0x0000000082800000| Untracked 
|  41|0x0000000082900000, 0x0000000082900000, 0x0000000082a00000|  0%| F|  |TAMS 0x0000000082900000, 0x0000000082900000| Untracked 
|  42|0x0000000082a00000, 0x0000000082a00000, 0x0000000082b00000|  0%| F|  |TAMS 0x0000000082a00000, 0x0000000082a00000| Untracked 
|  43|0x0000000082b00000, 0x0000000082b00000, 0x0000000082c00000|  0%| F|  |TAMS 0x0000000082b00000, 0x0000000082b00000| Untracked 
|  44|0x0000000082c00000, 0x0000000082c00000, 0x0000000082d00000|  0%| F|  |TAMS 0x0000000082c00000, 0x0000000082c00000| Untracked 
|  45|0x0000000082d00000, 0x0000000082d00000, 0x0000000082e00000|  0%| F|  |TAMS 0x0000000082d00000, 0x0000000082d00000| Untracked 
|  46|0x0000000082e00000, 0x0000000082e00000, 0x0000000082f00000|  0%| F|  |TAMS 0x0000000082e00000, 0x0000000082e00000| Untracked 
|  47|0x0000000082f00000, 0x0000000082f00000, 0x0000000083000000|  0%| F|  |TAMS 0x0000000082f00000, 0x0000000082f00000| Untracked 
|  48|0x0000000083000000, 0x0000000083000000, 0x0000000083100000|  0%| F|  |TAMS 0x0000000083000000, 0x0000000083000000| Untracked 
|  49|0x0000000083100000, 0x0000000083100000, 0x0000000083200000|  0%| F|  |TAMS 0x0000000083100000, 0x0000000083100000| Untracked 
|  50|0x0000000083200000, 0x0000000083200000, 0x0000000083300000|  0%| F|  |TAMS 0x0000000083200000, 0x0000000083200000| Untracked 
|  51|0x0000000083300000, 0x0000000083300000, 0x0000000083400000|  0%| F|  |TAMS 0x0000000083300000, 0x0000000083300000| Untracked 
|  52|0x0000000083400000, 0x0000000083400000, 0x0000000083500000|  0%| F|  |TAMS 0x0000000083400000, 0x0000000083400000| Untracked 
|  53|0x0000000083500000, 0x0000000083500000, 0x0000000083600000|  0%| F|  |TAMS 0x0000000083500000, 0x0000000083500000| Untracked 
|  54|0x0000000083600000, 0x0000000083600000, 0x0000000083700000|  0%| F|  |TAMS 0x0000000083600000, 0x0000000083600000| Untracked 
|  55|0x0000000083700000, 0x0000000083700000, 0x0000000083800000|  0%| F|  |TAMS 0x0000000083700000, 0x0000000083700000| Untracked 
|  56|0x0000000083800000, 0x0000000083800000, 0x0000000083900000|  0%| F|  |TAMS 0x0000000083800000, 0x0000000083800000| Untracked 
|  57|0x0000000083900000, 0x0000000083900000, 0x0000000083a00000|  0%| F|  |TAMS 0x0000000083900000, 0x0000000083900000| Untracked 
|  58|0x0000000083a00000, 0x0000000083a00000, 0x0000000083b00000|  0%| F|  |TAMS 0x0000000083a00000, 0x0000000083a00000| Untracked 
|  59|0x0000000083b00000, 0x0000000083b00000, 0x0000000083c00000|  0%| F|  |TAMS 0x0000000083b00000, 0x0000000083b00000| Untracked 
|  60|0x0000000083c00000, 0x0000000083c00000, 0x0000000083d00000|  0%| F|  |TAMS 0x0000000083c00000, 0x0000000083c00000| Untracked 
|  61|0x0000000083d00000, 0x0000000083d00000, 0x0000000083e00000|  0%| F|  |TAMS 0x0000000083d00000, 0x0000000083d00000| Untracked 
|  62|0x0000000083e00000, 0x0000000083e00000, 0x0000000083f00000|  0%| F|  |TAMS 0x0000000083e00000, 0x0000000083e00000| Untracked 
|  63|0x0000000083f00000, 0x0000000083f00000, 0x0000000084000000|  0%| F|  |TAMS 0x0000000083f00000, 0x0000000083f00000| Untracked 
|  64|0x0000000084000000, 0x0000000084000000, 0x0000000084100000|  0%| F|  |TAMS 0x0000000084000000, 0x0000000084000000| Untracked 
|  65|0x0000000084100000, 0x0000000084100000, 0x0000000084200000|  0%| F|  |TAMS 0x0000000084100000, 0x0000000084100000| Untracked 
|  66|0x0000000084200000, 0x0000000084200000, 0x0000000084300000|  0%| F|  |TAMS 0x0000000084200000, 0x0000000084200000| Untracked 
|  67|0x0000000084300000, 0x0000000084300000, 0x0000000084400000|  0%| F|  |TAMS 0x0000000084300000, 0x0000000084300000| Untracked 
|  68|0x0000000084400000, 0x0000000084400000, 0x0000000084500000|  0%| F|  |TAMS 0x0000000084400000, 0x0000000084400000| Untracked 
|  69|0x0000000084500000, 0x0000000084500000, 0x0000000084600000|  0%| F|  |TAMS 0x0000000084500000, 0x0000000084500000| Untracked 
|  70|0x0000000084600000, 0x0000000084600000, 0x0000000084700000|  0%| F|  |TAMS 0x0000000084600000, 0x0000000084600000| Untracked 
|  71|0x0000000084700000, 0x0000000084700000, 0x0000000084800000|  0%| F|  |TAMS 0x0000000084700000, 0x0000000084700000| Untracked 
|  72|0x0000000084800000, 0x0000000084800000, 0x0000000084900000|  0%| F|  |TAMS 0x0000000084800000, 0x0000000084800000| Untracked 
|  73|0x0000000084900000, 0x0000000084900000, 0x0000000084a00000|  0%| F|  |TAMS 0x0000000084900000, 0x0000000084900000| Untracked 
|  74|0x0000000084a00000, 0x0000000084a00000, 0x0000000084b00000|  0%| F|  |TAMS 0x0000000084a00000, 0x0000000084a00000| Untracked 
|  75|0x0000000084b00000, 0x0000000084b00000, 0x0000000084c00000|  0%| F|  |TAMS 0x0000000084b00000, 0x0000000084b00000| Untracked 
|  76|0x0000000084c00000, 0x0000000084c00000, 0x0000000084d00000|  0%| F|  |TAMS 0x0000000084c00000, 0x0000000084c00000| Untracked 
|  77|0x0000000084d00000, 0x0000000084d00000, 0x0000000084e00000|  0%| F|  |TAMS 0x0000000084d00000, 0x0000000084d00000| Untracked 
|  78|0x0000000084e00000, 0x0000000084e00000, 0x0000000084f00000|  0%| F|  |TAMS 0x0000000084e00000, 0x0000000084e00000| Untracked 
|  79|0x0000000084f00000, 0x0000000084f00000, 0x0000000085000000|  0%| F|  |TAMS 0x0000000084f00000, 0x0000000084f00000| Untracked 
|  80|0x0000000085000000, 0x0000000085000000, 0x0000000085100000|  0%| F|  |TAMS 0x0000000085000000, 0x0000000085000000| Untracked 
|  81|0x0000000085100000, 0x0000000085100000, 0x0000000085200000|  0%| F|  |TAMS 0x0000000085100000, 0x0000000085100000| Untracked 
|  82|0x0000000085200000, 0x0000000085200000, 0x0000000085300000|  0%| F|  |TAMS 0x0000000085200000, 0x0000000085200000| Untracked 
|  83|0x0000000085300000, 0x0000000085300000, 0x0000000085400000|  0%| F|  |TAMS 0x0000000085300000, 0x0000000085300000| Untracked 
|  84|0x0000000085400000, 0x0000000085400000, 0x0000000085500000|  0%| F|  |TAMS 0x0000000085400000, 0x0000000085400000| Untracked 
|  85|0x0000000085500000, 0x0000000085500000, 0x0000000085600000|  0%| F|  |TAMS 0x0000000085500000, 0x0000000085500000| Untracked 
|  86|0x0000000085600000, 0x0000000085600000, 0x0000000085700000|  0%| F|  |TAMS 0x0000000085600000, 0x0000000085600000| Untracked 
|  87|0x0000000085700000, 0x0000000085700000, 0x0000000085800000|  0%| F|  |TAMS 0x0000000085700000, 0x0000000085700000| Untracked 
|  88|0x0000000085800000, 0x0000000085800000, 0x0000000085900000|  0%| F|  |TAMS 0x0000000085800000, 0x0000000085800000| Untracked 
|  89|0x0000000085900000, 0x0000000085900000, 0x0000000085a00000|  0%| F|  |TAMS 0x0000000085900000, 0x0000000085900000| Untracked 
|  90|0x0000000085a00000, 0x0000000085a00000, 0x0000000085b00000|  0%| F|  |TAMS 0x0000000085a00000, 0x0000000085a00000| Untracked 
|  91|0x0000000085b00000, 0x0000000085b00000, 0x0000000085c00000|  0%| F|  |TAMS 0x0000000085b00000, 0x0000000085b00000| Untracked 
|  92|0x0000000085c00000, 0x0000000085c00000, 0x0000000085d00000|  0%| F|  |TAMS 0x0000000085c00000, 0x0000000085c00000| Untracked 
|  93|0x0000000085d00000, 0x0000000085d00000, 0x0000000085e00000|  0%| F|  |TAMS 0x0000000085d00000, 0x0000000085d00000| Untracked 
|  94|0x0000000085e00000, 0x0000000085e00000, 0x0000000085f00000|  0%| F|  |TAMS 0x0000000085e00000, 0x0000000085e00000| Untracked 
|  95|0x0000000085f00000, 0x0000000085f00000, 0x0000000086000000|  0%| F|  |TAMS 0x0000000085f00000, 0x0000000085f00000| Untracked 
|  96|0x0000000086000000, 0x0000000086000000, 0x0000000086100000|  0%| F|  |TAMS 0x0000000086000000, 0x0000000086000000| Untracked 
|  97|0x0000000086100000, 0x0000000086100000, 0x0000000086200000|  0%| F|  |TAMS 0x0000000086100000, 0x0000000086100000| Untracked 
|  98|0x0000000086200000, 0x0000000086200000, 0x0000000086300000|  0%| F|  |TAMS 0x0000000086200000, 0x0000000086200000| Untracked 
|  99|0x0000000086300000, 0x0000000086300000, 0x0000000086400000|  0%| F|  |TAMS 0x0000000086300000, 0x0000000086300000| Untracked 
| 100|0x0000000086400000, 0x0000000086400000, 0x0000000086500000|  0%| F|  |TAMS 0x0000000086400000, 0x0000000086400000| Untracked 
| 101|0x0000000086500000, 0x0000000086500000, 0x0000000086600000|  0%| F|  |TAMS 0x0000000086500000, 0x0000000086500000| Untracked 
| 102|0x0000000086600000, 0x0000000086600000, 0x0000000086700000|  0%| F|  |TAMS 0x0000000086600000, 0x0000000086600000| Untracked 
| 103|0x0000000086700000, 0x0000000086700000, 0x0000000086800000|  0%| F|  |TAMS 0x0000000086700000, 0x0000000086700000| Untracked 
| 104|0x0000000086800000, 0x0000000086800000, 0x0000000086900000|  0%| F|  |TAMS 0x0000000086800000, 0x0000000086800000| Untracked 
| 105|0x0000000086900000, 0x0000000086900000, 0x0000000086a00000|  0%| F|  |TAMS 0x0000000086900000, 0x0000000086900000| Untracked 
| 106|0x0000000086a00000, 0x0000000086b00000, 0x0000000086b00000|100%| E|  |TAMS 0x0000000086a00000, 0x0000000086a00000| Complete 
| 107|0x0000000086b00000, 0x0000000086c00000, 0x0000000086c00000|100%| E|CS|TAMS 0x0000000086b00000, 0x0000000086b00000| Complete 
| 108|0x0000000086c00000, 0x0000000086d00000, 0x0000000086d00000|100%| E|CS|TAMS 0x0000000086c00000, 0x0000000086c00000| Complete 
| 109|0x0000000086d00000, 0x0000000086e00000, 0x0000000086e00000|100%| E|CS|TAMS 0x0000000086d00000, 0x0000000086d00000| Complete 
| 110|0x0000000086e00000, 0x0000000086f00000, 0x0000000086f00000|100%| E|CS|TAMS 0x0000000086e00000, 0x0000000086e00000| Complete 
| 111|0x0000000086f00000, 0x0000000087000000, 0x0000000087000000|100%| E|CS|TAMS 0x0000000086f00000, 0x0000000086f00000| Complete 
| 112|0x0000000087000000, 0x0000000087100000, 0x0000000087100000|100%| E|CS|TAMS 0x0000000087000000, 0x0000000087000000| Complete 
| 113|0x0000000087100000, 0x0000000087200000, 0x0000000087200000|100%| E|CS|TAMS 0x0000000087100000, 0x0000000087100000| Complete 
| 114|0x0000000087200000, 0x0000000087300000, 0x0000000087300000|100%| E|CS|TAMS 0x0000000087200000, 0x0000000087200000| Complete 
| 115|0x0000000087300000, 0x0000000087400000, 0x0000000087400000|100%| E|CS|TAMS 0x0000000087300000, 0x0000000087300000| Complete 
| 116|0x0000000087400000, 0x0000000087500000, 0x0000000087500000|100%| E|CS|TAMS 0x0000000087400000, 0x0000000087400000| Complete 
| 117|0x0000000087500000, 0x0000000087600000, 0x0000000087600000|100%| E|CS|TAMS 0x0000000087500000, 0x0000000087500000| Complete 
| 118|0x0000000087600000, 0x0000000087700000, 0x0000000087700000|100%| E|CS|TAMS 0x0000000087600000, 0x0000000087600000| Complete 
| 119|0x0000000087700000, 0x0000000087800000, 0x0000000087800000|100%| E|CS|TAMS 0x0000000087700000, 0x0000000087700000| Complete 
| 120|0x0000000087800000, 0x0000000087900000, 0x0000000087900000|100%| E|CS|TAMS 0x0000000087800000, 0x0000000087800000| Complete 
| 121|0x0000000087900000, 0x0000000087a00000, 0x0000000087a00000|100%| E|CS|TAMS 0x0000000087900000, 0x0000000087900000| Complete 
| 122|0x0000000087a00000, 0x0000000087b00000, 0x0000000087b00000|100%| E|CS|TAMS 0x0000000087a00000, 0x0000000087a00000| Complete 
| 123|0x0000000087b00000, 0x0000000087c00000, 0x0000000087c00000|100%| E|CS|TAMS 0x0000000087b00000, 0x0000000087b00000| Complete 
| 124|0x0000000087c00000, 0x0000000087d00000, 0x0000000087d00000|100%| E|CS|TAMS 0x0000000087c00000, 0x0000000087c00000| Complete 
| 125|0x0000000087d00000, 0x0000000087e00000, 0x0000000087e00000|100%| E|CS|TAMS 0x0000000087d00000, 0x0000000087d00000| Complete 
| 126|0x0000000087e00000, 0x0000000087f00000, 0x0000000087f00000|100%| E|CS|TAMS 0x0000000087e00000, 0x0000000087e00000| Complete 
| 127|0x0000000087f00000, 0x0000000088000000, 0x0000000088000000|100%| E|CS|TAMS 0x0000000087f00000, 0x0000000087f00000| Complete 
| 128|0x0000000088000000, 0x0000000088100000, 0x0000000088100000|100%| E|CS|TAMS 0x0000000088000000, 0x0000000088000000| Complete 
| 129|0x0000000088100000, 0x0000000088200000, 0x0000000088200000|100%| E|CS|TAMS 0x0000000088100000, 0x0000000088100000| Complete 
| 130|0x0000000088200000, 0x0000000088300000, 0x0000000088300000|100%| E|CS|TAMS 0x0000000088200000, 0x0000000088200000| Complete 
| 131|0x0000000088300000, 0x0000000088400000, 0x0000000088400000|100%| E|CS|TAMS 0x0000000088300000, 0x0000000088300000| Complete 
| 132|0x0000000088400000, 0x0000000088500000, 0x0000000088500000|100%| E|CS|TAMS 0x0000000088400000, 0x0000000088400000| Complete 
| 133|0x0000000088500000, 0x0000000088600000, 0x0000000088600000|100%| E|CS|TAMS 0x0000000088500000, 0x0000000088500000| Complete 
| 134|0x0000000088600000, 0x0000000088700000, 0x0000000088700000|100%| E|CS|TAMS 0x0000000088600000, 0x0000000088600000| Complete 
| 135|0x0000000088700000, 0x0000000088800000, 0x0000000088800000|100%| E|CS|TAMS 0x0000000088700000, 0x0000000088700000| Complete 
| 136|0x0000000088800000, 0x0000000088900000, 0x0000000088900000|100%| E|CS|TAMS 0x0000000088800000, 0x0000000088800000| Complete 
| 137|0x0000000088900000, 0x0000000088a00000, 0x0000000088a00000|100%| E|CS|TAMS 0x0000000088900000, 0x0000000088900000| Complete 
| 138|0x0000000088a00000, 0x0000000088b00000, 0x0000000088b00000|100%| E|CS|TAMS 0x0000000088a00000, 0x0000000088a00000| Complete 
| 139|0x0000000088b00000, 0x0000000088c00000, 0x0000000088c00000|100%| E|CS|TAMS 0x0000000088b00000, 0x0000000088b00000| Complete 
| 140|0x0000000088c00000, 0x0000000088d00000, 0x0000000088d00000|100%| E|CS|TAMS 0x0000000088c00000, 0x0000000088c00000| Complete 
| 141|0x0000000088d00000, 0x0000000088d73b20, 0x0000000088e00000| 45%| S|CS|TAMS 0x0000000088d00000, 0x0000000088d00000| Complete 
| 142|0x0000000088e00000, 0x0000000088f00000, 0x0000000088f00000|100%| S|CS|TAMS 0x0000000088e00000, 0x0000000088e00000| Complete 
| 143|0x0000000088f00000, 0x0000000089000000, 0x0000000089000000|100%| S|CS|TAMS 0x0000000088f00000, 0x0000000088f00000| Complete 
| 144|0x0000000089000000, 0x0000000089100000, 0x0000000089100000|100%| S|CS|TAMS 0x0000000089000000, 0x0000000089000000| Complete 
| 145|0x0000000089100000, 0x0000000089200000, 0x0000000089200000|100%| S|CS|TAMS 0x0000000089100000, 0x0000000089100000| Complete 
| 146|0x0000000089200000, 0x0000000089300000, 0x0000000089300000|100%| S|CS|TAMS 0x0000000089200000, 0x0000000089200000| Complete 
| 147|0x0000000089300000, 0x0000000089400000, 0x0000000089400000|100%| S|CS|TAMS 0x0000000089300000, 0x0000000089300000| Complete 
| 148|0x0000000089400000, 0x0000000089500000, 0x0000000089500000|100%| S|CS|TAMS 0x0000000089400000, 0x0000000089400000| Complete 
| 149|0x0000000089500000, 0x0000000089600000, 0x0000000089600000|100%| S|CS|TAMS 0x0000000089500000, 0x0000000089500000| Complete 
| 150|0x0000000089600000, 0x0000000089700000, 0x0000000089700000|100%| E|CS|TAMS 0x0000000089600000, 0x0000000089600000| Complete 
| 151|0x0000000089700000, 0x0000000089800000, 0x0000000089800000|100%| E|CS|TAMS 0x0000000089700000, 0x0000000089700000| Complete 
| 152|0x0000000089800000, 0x0000000089900000, 0x0000000089900000|100%| E|CS|TAMS 0x0000000089800000, 0x0000000089800000| Complete 
| 153|0x0000000089900000, 0x0000000089a00000, 0x0000000089a00000|100%| E|CS|TAMS 0x0000000089900000, 0x0000000089900000| Complete 
| 154|0x0000000089a00000, 0x0000000089b00000, 0x0000000089b00000|100%| E|CS|TAMS 0x0000000089a00000, 0x0000000089a00000| Complete 
| 155|0x0000000089b00000, 0x0000000089c00000, 0x0000000089c00000|100%| E|CS|TAMS 0x0000000089b00000, 0x0000000089b00000| Complete 
| 156|0x0000000089c00000, 0x0000000089d00000, 0x0000000089d00000|100%| E|CS|TAMS 0x0000000089c00000, 0x0000000089c00000| Complete 
| 157|0x0000000089d00000, 0x0000000089e00000, 0x0000000089e00000|100%| E|CS|TAMS 0x0000000089d00000, 0x0000000089d00000| Complete 
| 158|0x0000000089e00000, 0x0000000089f00000, 0x0000000089f00000|100%| E|CS|TAMS 0x0000000089e00000, 0x0000000089e00000| Complete 
| 159|0x0000000089f00000, 0x000000008a000000, 0x000000008a000000|100%| E|CS|TAMS 0x0000000089f00000, 0x0000000089f00000| Complete 
| 160|0x000000008a000000, 0x000000008a100000, 0x000000008a100000|100%| E|CS|TAMS 0x000000008a000000, 0x000000008a000000| Complete 
| 161|0x000000008a100000, 0x000000008a200000, 0x000000008a200000|100%| E|CS|TAMS 0x000000008a100000, 0x000000008a100000| Complete 
| 162|0x000000008a200000, 0x000000008a300000, 0x000000008a300000|100%| E|CS|TAMS 0x000000008a200000, 0x000000008a200000| Complete 
| 163|0x000000008a300000, 0x000000008a400000, 0x000000008a400000|100%| E|CS|TAMS 0x000000008a300000, 0x000000008a300000| Complete 
| 164|0x000000008a400000, 0x000000008a500000, 0x000000008a500000|100%| E|CS|TAMS 0x000000008a400000, 0x000000008a400000| Complete 
| 165|0x000000008a500000, 0x000000008a600000, 0x000000008a600000|100%| E|CS|TAMS 0x000000008a500000, 0x000000008a500000| Complete 
| 166|0x000000008a600000, 0x000000008a700000, 0x000000008a700000|100%| E|CS|TAMS 0x000000008a600000, 0x000000008a600000| Complete 
| 167|0x000000008a700000, 0x000000008a800000, 0x000000008a800000|100%| E|CS|TAMS 0x000000008a700000, 0x000000008a700000| Complete 
| 168|0x000000008a800000, 0x000000008a900000, 0x000000008a900000|100%| E|CS|TAMS 0x000000008a800000, 0x000000008a800000| Complete 
| 169|0x000000008a900000, 0x000000008aa00000, 0x000000008aa00000|100%| E|CS|TAMS 0x000000008a900000, 0x000000008a900000| Complete 
| 170|0x000000008aa00000, 0x000000008ab00000, 0x000000008ab00000|100%| E|CS|TAMS 0x000000008aa00000, 0x000000008aa00000| Complete 
| 171|0x000000008ab00000, 0x000000008ac00000, 0x000000008ac00000|100%| E|CS|TAMS 0x000000008ab00000, 0x000000008ab00000| Complete 
| 172|0x000000008ac00000, 0x000000008ad00000, 0x000000008ad00000|100%| E|CS|TAMS 0x000000008ac00000, 0x000000008ac00000| Complete 
| 173|0x000000008ad00000, 0x000000008ae00000, 0x000000008ae00000|100%| E|CS|TAMS 0x000000008ad00000, 0x000000008ad00000| Complete 
| 174|0x000000008ae00000, 0x000000008af00000, 0x000000008af00000|100%| E|CS|TAMS 0x000000008ae00000, 0x000000008ae00000| Complete 
| 175|0x000000008af00000, 0x000000008b000000, 0x000000008b000000|100%| E|CS|TAMS 0x000000008af00000, 0x000000008af00000| Complete 
| 176|0x000000008b000000, 0x000000008b100000, 0x000000008b100000|100%| E|CS|TAMS 0x000000008b000000, 0x000000008b000000| Complete 
| 177|0x000000008b100000, 0x000000008b200000, 0x000000008b200000|100%| E|CS|TAMS 0x000000008b100000, 0x000000008b100000| Complete 
| 178|0x000000008b200000, 0x000000008b300000, 0x000000008b300000|100%| E|CS|TAMS 0x000000008b200000, 0x000000008b200000| Complete 
| 179|0x000000008b300000, 0x000000008b400000, 0x000000008b400000|100%| E|CS|TAMS 0x000000008b300000, 0x000000008b300000| Complete 
| 180|0x000000008b400000, 0x000000008b500000, 0x000000008b500000|100%| E|CS|TAMS 0x000000008b400000, 0x000000008b400000| Complete 
| 181|0x000000008b500000, 0x000000008b600000, 0x000000008b600000|100%| E|CS|TAMS 0x000000008b500000, 0x000000008b500000| Complete 
| 182|0x000000008b600000, 0x000000008b700000, 0x000000008b700000|100%| E|CS|TAMS 0x000000008b600000, 0x000000008b600000| Complete 
| 183|0x000000008b700000, 0x000000008b800000, 0x000000008b800000|100%| E|  |TAMS 0x000000008b700000, 0x000000008b700000| Complete 
| 184|0x000000008b800000, 0x000000008b900000, 0x000000008b900000|100%| E|CS|TAMS 0x000000008b800000, 0x000000008b800000| Complete 
| 185|0x000000008b900000, 0x000000008ba00000, 0x000000008ba00000|100%| E|CS|TAMS 0x000000008b900000, 0x000000008b900000| Complete 
| 186|0x000000008ba00000, 0x000000008bb00000, 0x000000008bb00000|100%| E|CS|TAMS 0x000000008ba00000, 0x000000008ba00000| Complete 
| 187|0x000000008bb00000, 0x000000008bc00000, 0x000000008bc00000|100%| E|CS|TAMS 0x000000008bb00000, 0x000000008bb00000| Complete 
| 188|0x000000008bc00000, 0x000000008bd00000, 0x000000008bd00000|100%| E|CS|TAMS 0x000000008bc00000, 0x000000008bc00000| Complete 
| 189|0x000000008bd00000, 0x000000008be00000, 0x000000008be00000|100%| E|CS|TAMS 0x000000008bd00000, 0x000000008bd00000| Complete 
| 190|0x000000008be00000, 0x000000008bf00000, 0x000000008bf00000|100%| E|CS|TAMS 0x000000008be00000, 0x000000008be00000| Complete 
| 191|0x000000008bf00000, 0x000000008c000000, 0x000000008c000000|100%| E|CS|TAMS 0x000000008bf00000, 0x000000008bf00000| Complete 

Card table byte_map: [0x00000236bf8c0000,0x00000236bfcc0000] _byte_map_base: 0x00000236bf4c0000

Marking Bits (Prev, Next): (CMBitMap*) 0x00000236ac6efdb8, (CMBitMap*) 0x00000236ac6efdf0
 Prev Bits: [0x00000236c00c0000, 0x00000236c20c0000)
 Next Bits: [0x00000236c20c0000, 0x00000236c40c0000)

Polling page: 0x00000236aa430000

Metaspace:

Usage:
  Non-class:     36.04 MB capacity,    35.38 MB ( 98%) used,   568.52 KB (  2%) free+waste,   103.63 KB ( <1%) overhead. 
      Class:      5.65 MB capacity,     5.24 MB ( 93%) used,   369.79 KB (  6%) free+waste,    50.50 KB ( <1%) overhead. 
       Both:     41.69 MB capacity,    40.62 MB ( 97%) used,   938.30 KB (  2%) free+waste,   154.13 KB ( <1%) overhead. 

Virtual space:
  Non-class space:       38.00 MB reserved,      36.25 MB ( 95%) committed 
      Class space:        1.00 GB reserved,       5.75 MB ( <1%) committed 
             Both:        1.04 GB reserved,      42.00 MB (  4%) committed 

Chunk freelists:
   Non-Class:  26.00 KB
       Class:  7.00 KB
        Both:  33.00 KB

MaxMetaspaceSize: 17179869184.00 GB
CompressedClassSpaceSize: 1.00 GB

CodeHeap 'non-profiled nmethods': size=120000Kb used=1967Kb max_used=1967Kb free=118032Kb
 bounds [0x00000236b7c60000, 0x00000236b7ed0000, 0x00000236bf190000]
CodeHeap 'profiled nmethods': size=120000Kb used=7743Kb max_used=7743Kb free=112256Kb
 bounds [0x00000236b0730000, 0x00000236b0ec0000, 0x00000236b7c60000]
CodeHeap 'non-nmethods': size=5760Kb used=2205Kb max_used=2256Kb free=3554Kb
 bounds [0x00000236b0190000, 0x00000236b0400000, 0x00000236b0730000]
 total_blobs=4472 nmethods=3702 adapters=681
 compilation: enabled
              stopped_count=0, restarted_count=0
 full_count=0

Compilation events (20 events):
Event: 3.913 Thread 0x00000236c73c7000 3673       3       java.util.Hashtable$Enumerator::hasNext (5 bytes)
Event: 3.913 Thread 0x00000236c73c7000 nmethod 3673 0x00000236b0ea6390 code [0x00000236b0ea6540, 0x00000236b0ea6668]
Event: 3.913 Thread 0x00000236c73c7000 3663       3       java.beans.Introspector::addPropertyDescriptor (265 bytes)
Event: 3.916 Thread 0x00000236c73c7000 nmethod 3663 0x00000236b0ea6710 code [0x00000236b0ea6da0, 0x00000236b0eab7b8]
Event: 3.916 Thread 0x00000236c73c7000 3665       1       com.sun.beans.introspect.PropertyInfo::getIndexed (5 bytes)
Event: 3.916 Thread 0x00000236c73c7000 nmethod 3665 0x00000236b7e44690 code [0x00000236b7e44840, 0x00000236b7e448f8]
Event: 3.916 Thread 0x00000236c73c7000 3666       1       com.sun.beans.introspect.PropertyInfo::getPropertyType (5 bytes)
Event: 3.916 Thread 0x00000236c73c7000 nmethod 3666 0x00000236b7e44990 code [0x00000236b7e44b40, 0x00000236b7e44bf8]
Event: 3.916 Thread 0x00000236c73c7000 3667       1       java.beans.PropertyDescriptor::setConstrained (6 bytes)
Event: 3.916 Thread 0x00000236c73c7000 nmethod 3667 0x00000236b7e44c90 code [0x00000236b7e44e40, 0x00000236b7e44ef8]
Event: 3.916 Thread 0x00000236c73c7000 3668       1       java.beans.PropertyDescriptor::setBound (6 bytes)
Event: 3.916 Thread 0x00000236c73c7000 nmethod 3668 0x00000236b7e44f90 code [0x00000236b7e45140, 0x00000236b7e451f8]
Event: 3.916 Thread 0x00000236c73c7000 3669       1       java.beans.FeatureDescriptor::setExpert (6 bytes)
Event: 3.916 Thread 0x00000236c73c7000 nmethod 3669 0x00000236b7e45290 code [0x00000236b7e45440, 0x00000236b7e454f8]
Event: 3.916 Thread 0x00000236c73c7000 3670       1       java.beans.FeatureDescriptor::setHidden (6 bytes)
Event: 3.917 Thread 0x00000236c73c7000 nmethod 3670 0x00000236b7e45590 code [0x00000236b7e45740, 0x00000236b7e457f8]
Event: 3.917 Thread 0x00000236c73c7000 3671       1       java.beans.FeatureDescriptor::setPreferred (6 bytes)
Event: 3.917 Thread 0x00000236c73c7000 nmethod 3671 0x00000236b7e45890 code [0x00000236b7e45a40, 0x00000236b7e45af8]
Event: 3.917 Thread 0x00000236c73c7000 3674       1       java.util.stream.Node::getChildCount (2 bytes)
Event: 3.917 Thread 0x00000236c73c7000 nmethod 3674 0x00000236b7e45b90 code [0x00000236b7e45d40, 0x00000236b7e45df8]

GC Heap History (12 events):
Event: 0.633 GC heap before
{Heap before GC invocations=0 (full 0):
 garbage-first heap   total 196608K, used 29696K [0x0000000080000000, 0x0000000100000000)
  region size 1024K, 24 young (24576K), 0 survivors (0K)
 Metaspace       used 10200K, capacity 10371K, committed 10624K, reserved 1058816K
  class space    used 1065K, capacity 1141K, committed 1152K, reserved 1048576K
}
Event: 0.637 GC heap after
{Heap after GC invocations=1 (full 0):
 garbage-first heap   total 196608K, used 9067K [0x0000000080000000, 0x0000000100000000)
  region size 1024K, 3 young (3072K), 3 survivors (3072K)
 Metaspace       used 10200K, capacity 10371K, committed 10624K, reserved 1058816K
  class space    used 1065K, capacity 1141K, committed 1152K, reserved 1048576K
}
Event: 0.905 GC heap before
{Heap before GC invocations=1 (full 0):
 garbage-first heap   total 196608K, used 30571K [0x0000000080000000, 0x0000000100000000)
  region size 1024K, 24 young (24576K), 3 survivors (3072K)
 Metaspace       used 11096K, capacity 11324K, committed 11520K, reserved 1058816K
  class space    used 1167K, capacity 1245K, committed 1280K, reserved 1048576K
}
Event: 0.908 GC heap after
{Heap after GC invocations=2 (full 0):
 garbage-first heap   total 196608K, used 9735K [0x0000000080000000, 0x0000000100000000)
  region size 1024K, 1 young (1024K), 1 survivors (1024K)
 Metaspace       used 11096K, capacity 11324K, committed 11520K, reserved 1058816K
  class space    used 1167K, capacity 1245K, committed 1280K, reserved 1048576K
}
Event: 1.712 GC heap before
{Heap before GC invocations=2 (full 0):
 garbage-first heap   total 196608K, used 62983K [0x0000000080000000, 0x0000000100000000)
  region size 1024K, 53 young (54272K), 1 survivors (1024K)
 Metaspace       used 17772K, capacity 18236K, committed 18432K, reserved 1064960K
  class space    used 2114K, capacity 2251K, committed 2304K, reserved 1048576K
}
Event: 1.716 GC heap after
{Heap after GC invocations=3 (full 0):
 garbage-first heap   total 196608K, used 16026K [0x0000000080000000, 0x0000000100000000)
  region size 1024K, 7 young (7168K), 7 survivors (7168K)
 Metaspace       used 17772K, capacity 18236K, committed 18432K, reserved 1064960K
  class space    used 2114K, capacity 2251K, committed 2304K, reserved 1048576K
}
Event: 1.885 GC heap before
{Heap before GC invocations=3 (full 0):
 garbage-first heap   total 196608K, used 37530K [0x0000000080000000, 0x0000000100000000)
  region size 1024K, 29 young (29696K), 7 survivors (7168K)
 Metaspace       used 20618K, capacity 21135K, committed 21248K, reserved 1067008K
  class space    used 2528K, capacity 2733K, committed 2816K, reserved 1048576K
}
Event: 1.891 GC heap after
{Heap after GC invocations=4 (full 0):
 garbage-first heap   total 196608K, used 16555K [0x0000000080000000, 0x0000000100000000)
  region size 1024K, 1 young (1024K), 1 survivors (1024K)
 Metaspace       used 20618K, capacity 21135K, committed 21248K, reserved 1067008K
  class space    used 2528K, capacity 2733K, committed 2816K, reserved 1048576K
}
Event: 2.546 GC heap before
{Heap before GC invocations=5 (full 0):
 garbage-first heap   total 196608K, used 99499K [0x0000000080000000, 0x0000000100000000)
  region size 1024K, 73 young (74752K), 1 survivors (1024K)
 Metaspace       used 27333K, capacity 28155K, committed 28288K, reserved 1073152K
  class space    used 3630K, capacity 3929K, committed 3968K, reserved 1048576K
}
Event: 2.551 GC heap after
{Heap after GC invocations=6 (full 0):
 garbage-first heap   total 196608K, used 31746K [0x0000000080000000, 0x0000000100000000)
  region size 1024K, 6 young (6144K), 6 survivors (6144K)
 Metaspace       used 27333K, capacity 28155K, committed 28288K, reserved 1073152K
  class space    used 3630K, capacity 3929K, committed 3968K, reserved 1048576K
}
Event: 3.121 GC heap before
{Heap before GC invocations=6 (full 0):
 garbage-first heap   total 196608K, used 73730K [0x0000000080000000, 0x0000000100000000)
  region size 1024K, 48 young (49152K), 6 survivors (6144K)
 Metaspace       used 34668K, capacity 35621K, committed 35840K, reserved 1081344K
  class space    used 4530K, capacity 4862K, committed 4864K, reserved 1048576K
}
Event: 3.131 GC heap after
{Heap after GC invocations=7 (full 0):
 garbage-first heap   total 196608K, used 34641K [0x0000000080000000, 0x0000000100000000)
  region size 1024K, 9 young (9216K), 9 survivors (9216K)
 Metaspace       used 34668K, capacity 35621K, committed 35840K, reserved 1081344K
  class space    used 4530K, capacity 4862K, committed 4864K, reserved 1048576K
}

Deoptimization events (20 events):
Event: 3.778 Thread 0x00000236c965f000 DEOPT PACKING pc=0x00000236b7d47ba8 sp=0x000000f2100f9c50
Event: 3.778 Thread 0x00000236c965f000 DEOPT UNPACKING pc=0x00000236b01b78af sp=0x000000f2100f9c48 mode 2
Event: 3.778 Thread 0x00000236c965f000 Uncommon trap: trap_request=0xffffffde fr.pc=0x00000236b7d47ba8 relative=0x00000000000002e8
Event: 3.778 Thread 0x00000236c965f000 Uncommon trap: reason=class_check action=maybe_recompile pc=0x00000236b7d47ba8 method=java.util.Collections$SetFromMap.remove(Ljava/lang/Object;)Z @ 5 c2
Event: 3.778 Thread 0x00000236c965f000 DEOPT PACKING pc=0x00000236b7d47ba8 sp=0x000000f2100f9bd0
Event: 3.778 Thread 0x00000236c965f000 DEOPT UNPACKING pc=0x00000236b01b78af sp=0x000000f2100f9bc8 mode 2
Event: 3.805 Thread 0x00000236c965f000 Uncommon trap: trap_request=0xffffffc6 fr.pc=0x00000236b7e04e90 relative=0x00000000000005f0
Event: 3.805 Thread 0x00000236c965f000 Uncommon trap: reason=bimorphic_or_optimized_type_check action=maybe_recompile pc=0x00000236b7e04e90 method=java.util.stream.ReferencePipeline.forEachWithCancel(Ljava/util/Spliterator;Ljava/util/stream/Sink;)Z @ 1 c2
Event: 3.805 Thread 0x00000236c965f000 DEOPT PACKING pc=0x00000236b7e04e90 sp=0x000000f2100f9720
Event: 3.805 Thread 0x00000236c965f000 DEOPT UNPACKING pc=0x00000236b01b78af sp=0x000000f2100f96c0 mode 2
Event: 3.805 Thread 0x00000236c965f000 Uncommon trap: trap_request=0xffffffc6 fr.pc=0x00000236b7e04e90 relative=0x00000000000005f0
Event: 3.805 Thread 0x00000236c965f000 Uncommon trap: reason=bimorphic_or_optimized_type_check action=maybe_recompile pc=0x00000236b7e04e90 method=java.util.stream.ReferencePipeline.forEachWithCancel(Ljava/util/Spliterator;Ljava/util/stream/Sink;)Z @ 1 c2
Event: 3.805 Thread 0x00000236c965f000 DEOPT PACKING pc=0x00000236b7e04e90 sp=0x000000f2100f93a0
Event: 3.805 Thread 0x00000236c965f000 DEOPT UNPACKING pc=0x00000236b01b78af sp=0x000000f2100f9340 mode 2
Event: 3.814 Thread 0x00000236c965f000 Uncommon trap: trap_request=0xffffffc6 fr.pc=0x00000236b7e04e90 relative=0x00000000000005f0
Event: 3.814 Thread 0x00000236c965f000 Uncommon trap: reason=bimorphic_or_optimized_type_check action=maybe_recompile pc=0x00000236b7e04e90 method=java.util.stream.ReferencePipeline.forEachWithCancel(Ljava/util/Spliterator;Ljava/util/stream/Sink;)Z @ 1 c2
Event: 3.814 Thread 0x00000236c965f000 DEOPT PACKING pc=0x00000236b7e04e90 sp=0x000000f2100f93e0
Event: 3.814 Thread 0x00000236c965f000 DEOPT UNPACKING pc=0x00000236b01b78af sp=0x000000f2100f9380 mode 2
Event: 3.890 Thread 0x00000236c965f000 DEOPT PACKING pc=0x00000236b0be54aa sp=0x000000f2100f2660
Event: 3.890 Thread 0x00000236c965f000 DEOPT UNPACKING pc=0x00000236b01b76ce sp=0x000000f2100f1c50 mode 0

Classes redefined (0 events):
No events

Internal exceptions (20 events):
Event: 3.551 Thread 0x00000236c965f000 Exception <a 'java/lang/ClassNotFoundException'{0x0000000089822aa8}: org/gradle/api/internal/initialization/DefaultScriptHandlerBeanInfo> (0x0000000089822aa8) thrown at [./src/hotspot/share/classfile/systemDictionary.cpp, line 231]
Event: 3.551 Thread 0x00000236c965f000 Exception <a 'java/lang/ClassNotFoundException'{0x000000008984aab0}: org/gradle/api/internal/initialization/DefaultScriptHandlerCustomizer> (0x000000008984aab0) thrown at [./src/hotspot/share/classfile/systemDictionary.cpp, line 231]
Event: 3.627 Thread 0x00000236c965f000 Exception <a 'java/lang/ClassNotFoundException'{0x000000008879e060}: org/gradle/api/internal/artifacts/dsl/dependencies/DefaultDependencyHandler_DecoratedBeanInfo> (0x000000008879e060) thrown at [./src/hotspot/share/classfile/systemDictionary.cpp, line 231]
Event: 3.628 Thread 0x00000236c965f000 Exception <a 'java/lang/ClassNotFoundException'{0x00000000887da5f8}: org/gradle/api/internal/artifacts/dsl/dependencies/DefaultDependencyHandlerBeanInfo> (0x00000000887da5f8) thrown at [./src/hotspot/share/classfile/systemDictionary.cpp, line 231]
Event: 3.629 Thread 0x00000236c965f000 Exception <a 'java/lang/ClassNotFoundException'{0x0000000088617018}: org/gradle/api/internal/artifacts/dsl/dependencies/DefaultDependencyHandlerCustomizer> (0x0000000088617018) thrown at [./src/hotspot/share/classfile/systemDictionary.cpp, line 231]
Event: 3.631 Thread 0x00000236c965f000 Exception <a 'java/lang/ClassNotFoundException'{0x000000008867cc30}: org/gradle/api/internal/artifacts/dsl/dependencies/DefaultDependencyHandler_DecoratedCustomizer> (0x000000008867cc30) thrown at [./src/hotspot/share/classfile/systemDictionary.cpp, line 231]
Event: 3.643 Thread 0x00000236c965f000 Exception <a 'java/lang/NoSuchMethodError'{0x000000008855ef80}: 'int java.lang.invoke.DirectMethodHandle$Holder.invokeVirtual(java.lang.Object, java.lang.Object)'> (0x000000008855ef80) thrown at [./src/hotspot/share/interpreter/linkResolver.cpp, line 773]
Event: 3.658 Thread 0x00000236c965f000 Exception <a 'java/lang/NoSuchMethodError'{0x00000000884b9080}: 'java.lang.Object java.lang.invoke.DirectMethodHandle$Holder.invokeStatic(java.lang.Object, java.lang.Object, int, java.lang.Object)'> (0x00000000884b9080) thrown at [./src/hotspot/share/interpreter/linkResolver.cpp, line 773]
Event: 3.658 Thread 0x00000236c965f000 Exception <a 'java/lang/NoSuchMethodError'{0x00000000884c0070}: 'java.lang.Object java.lang.invoke.Invokers$Holder.linkToTargetMethod(java.lang.Object, int, java.lang.Object, java.lang.Object)'> (0x00000000884c0070) thrown at [./src/hotspot/share/interpreter/linkResolver.cpp, line 773]
Event: 3.752 Thread 0x00000236c965f000 Exception <a 'java/lang/IncompatibleClassChangeError'{0x00000000878c5ed0}: Found class java.lang.Object, but interface was expected> (0x00000000878c5ed0) thrown at [./src/hotspot/share/interpreter/linkResolver.cpp, line 839]
Event: 3.768 Thread 0x00000236c965f000 Exception <a 'java/lang/NoSuchMethodError'{0x000000008766e868}: 'java.lang.Object java.lang.invoke.Invokers$Holder.linkToTargetMethod(java.lang.Object, int, java.lang.Object)'> (0x000000008766e868) thrown at [./src/hotspot/share/interpreter/linkResolver.cpp, line 773]
Event: 3.793 Thread 0x00000236c965f000 Exception <a 'java/lang/NoSuchMethodError'{0x000000008728e310}: 'int java.lang.invoke.DirectMethodHandle$Holder.invokeStaticInit(java.lang.Object)'> (0x000000008728e310) thrown at [./src/hotspot/share/interpreter/linkResolver.cpp, line 773]
Event: 3.869 Thread 0x00000236c965f000 Exception <a 'java/lang/ClassNotFoundException'{0x0000000086f54a80}: sync_studio_tooling3_8kddwvp79cshh2augj27jbw3qBeanInfo> (0x0000000086f54a80) thrown at [./src/hotspot/share/classfile/systemDictionary.cpp, line 231]
Event: 3.870 Thread 0x00000236c965f000 Exception <a 'java/lang/ClassNotFoundException'{0x0000000086f60bb8}: sync_studio_tooling3_8kddwvp79cshh2augj27jbw3qCustomizer> (0x0000000086f60bb8) thrown at [./src/hotspot/share/classfile/systemDictionary.cpp, line 231]
Event: 3.898 Thread 0x00000236c965f000 Exception <a 'java/lang/ClassNotFoundException'{0x0000000086ee9dd8}: org/gradle/invocation/DefaultGradle_DecoratedBeanInfo> (0x0000000086ee9dd8) thrown at [./src/hotspot/share/classfile/systemDictionary.cpp, line 231]
Event: 3.898 Thread 0x00000236c965f000 Exception <a 'java/lang/ClassNotFoundException'{0x0000000086d74d90}: org/gradle/invocation/DefaultGradleBeanInfo> (0x0000000086d74d90) thrown at [./src/hotspot/share/classfile/systemDictionary.cpp, line 231]
Event: 3.899 Thread 0x00000236c965f000 Exception <a 'java/lang/ClassNotFoundException'{0x0000000086d9c218}: org/gradle/api/internal/project/AbstractPluginAwareBeanInfo> (0x0000000086d9c218) thrown at [./src/hotspot/share/classfile/systemDictionary.cpp, line 231]
Event: 3.900 Thread 0x00000236c965f000 Exception <a 'java/lang/ClassNotFoundException'{0x0000000086dc37b8}: org/gradle/api/internal/project/AbstractPluginAwareCustomizer> (0x0000000086dc37b8) thrown at [./src/hotspot/share/classfile/systemDictionary.cpp, line 231]
Event: 3.901 Thread 0x00000236c965f000 Exception <a 'java/lang/ClassNotFoundException'{0x0000000086decf38}: org/gradle/invocation/DefaultGradleCustomizer> (0x0000000086decf38) thrown at [./src/hotspot/share/classfile/systemDictionary.cpp, line 231]
Event: 3.904 Thread 0x00000236c965f000 Exception <a 'java/lang/ClassNotFoundException'{0x0000000086c3ff58}: org/gradle/invocation/DefaultGradle_DecoratedCustomizer> (0x0000000086c3ff58) thrown at [./src/hotspot/share/classfile/systemDictionary.cpp, line 231]

Events (20 events):
Event: 3.903 loading class org/gradle/invocation/DefaultGradle_DecoratedCustomizer
Event: 3.903 loading class org/gradle/invocation/DefaultGradle_DecoratedCustomizer done
Event: 3.904 loading class org/gradle/invocation/DefaultGradle_DecoratedCustomizer
Event: 3.904 loading class org/gradle/invocation/DefaultGradle_DecoratedCustomizer done
Event: 3.910 loading class org/codehaus/groovy/ast/tools/GeneralUtils
Event: 3.910 loading class org/codehaus/groovy/ast/tools/GeneralUtils done
Event: 3.912 loading class org/codehaus/groovy/ast/stmt/EmptyStatement
Event: 3.912 loading class org/codehaus/groovy/ast/stmt/EmptyStatement done
Event: 3.913 loading class org/codehaus/groovy/ast/expr/AttributeExpression
Event: 3.913 loading class org/codehaus/groovy/ast/expr/AttributeExpression done
Event: 3.913 loading class org/codehaus/groovy/classgen/BytecodeExpression
Event: 3.913 loading class org/codehaus/groovy/classgen/BytecodeExpression done
Event: 3.913 loading class org/codehaus/groovy/ast/tools/GeneralUtils$1
Event: 3.913 loading class org/codehaus/groovy/ast/tools/GeneralUtils$1 done
Event: 3.914 loading class org/codehaus/groovy/syntax/Token
Event: 3.914 loading class org/codehaus/groovy/syntax/Token done
Event: 3.914 loading class org/codehaus/groovy/syntax/CSTNode
Event: 3.914 loading class org/codehaus/groovy/syntax/CSTNode done
Event: 3.915 loading class org/codehaus/groovy/syntax/Types
Event: 3.915 loading class org/codehaus/groovy/syntax/Types done


Dynamic libraries:
0x00007ff7cf9a0000 - 0x00007ff7cf9aa000 	F:\AndroidStudio\jre\bin\java.exe
0x00007ffcad760000 - 0x00007ffcad950000 	C:\Windows\SYSTEM32\ntdll.dll
0x00007ffcab820000 - 0x00007ffcab8d2000 	C:\Windows\System32\KERNEL32.DLL
0x00007ffcaaf20000 - 0x00007ffcab1c2000 	C:\Windows\System32\KERNELBASE.dll
0x00007ffcab470000 - 0x00007ffcab56a000 	C:\Windows\System32\ucrtbase.dll
0x00007ffca32f0000 - 0x00007ffca3307000 	F:\AndroidStudio\jre\bin\VCRUNTIME140.dll
0x00007ffca3410000 - 0x00007ffca3429000 	F:\AndroidStudio\jre\bin\jli.dll
0x00007ffcac570000 - 0x00007ffcac703000 	C:\Windows\System32\USER32.dll
0x00007ffcab270000 - 0x00007ffcab291000 	C:\Windows\System32\win32u.dll
0x00007ffc91f80000 - 0x00007ffc92205000 	C:\Windows\WinSxS\amd64_microsoft.windows.common-controls_6595b64144ccf1df_6.0.18362.30_none_a1435978519dce7f\COMCTL32.dll
0x00007ffcac1b0000 - 0x00007ffcac1d6000 	C:\Windows\System32\GDI32.dll
0x00007ffcab2d0000 - 0x00007ffcab464000 	C:\Windows\System32\gdi32full.dll
0x00007ffcac4a0000 - 0x00007ffcac53e000 	C:\Windows\System32\msvcrt.dll
0x00007ffcab1d0000 - 0x00007ffcab26e000 	C:\Windows\System32\msvcp_win.dll
0x00007ffcac710000 - 0x00007ffcaca46000 	C:\Windows\System32\combase.dll
0x00007ffcacbf0000 - 0x00007ffcacd10000 	C:\Windows\System32\RPCRT4.dll
0x00007ffcaa6f0000 - 0x00007ffcaa771000 	C:\Windows\System32\bcryptPrimitives.dll
0x00007ffcac540000 - 0x00007ffcac56e000 	C:\Windows\System32\IMM32.DLL
0x00007ffc75070000 - 0x00007ffc7510d000 	F:\AndroidStudio\jre\bin\msvcp140.dll
0x00007ffc661e0000 - 0x00007ffc66caf000 	F:\AndroidStudio\jre\bin\server\jvm.dll
0x00007ffcacac0000 - 0x00007ffcacb63000 	C:\Windows\System32\ADVAPI32.dll
0x00007ffcad520000 - 0x00007ffcad5b7000 	C:\Windows\System32\sechost.dll
0x00007ffcabb80000 - 0x00007ffcabb88000 	C:\Windows\System32\PSAPI.DLL
0x00007ffc94c50000 - 0x00007ffc94c59000 	C:\Windows\SYSTEM32\WSOCK32.dll
0x00007ffca7530000 - 0x00007ffca7554000 	C:\Windows\SYSTEM32\WINMM.dll
0x00007ffcaca50000 - 0x00007ffcacabf000 	C:\Windows\System32\WS2_32.dll
0x00007ffca3b30000 - 0x00007ffca3b3a000 	C:\Windows\SYSTEM32\VERSION.dll
0x00007ffca70a0000 - 0x00007ffca70cd000 	C:\Windows\SYSTEM32\winmmbase.dll
0x00007ffcab720000 - 0x00007ffcab76a000 	C:\Windows\System32\cfgmgr32.dll
0x00007ffcaa6b0000 - 0x00007ffcaa6c1000 	C:\Windows\System32\kernel.appcore.dll
0x00007ffca3440000 - 0x00007ffca3451000 	F:\AndroidStudio\jre\bin\verify.dll
0x00007ffca8f80000 - 0x00007ffca9174000 	C:\Windows\SYSTEM32\DBGHELP.DLL
0x00007ffc96380000 - 0x00007ffc963aa000 	C:\Windows\SYSTEM32\dbgcore.DLL
0x00007ffc9a1a0000 - 0x00007ffc9a1c9000 	F:\AndroidStudio\jre\bin\java.dll
0x00007ffca5d00000 - 0x00007ffca5d0b000 	F:\AndroidStudio\jre\bin\jimage.dll
0x00007ffca33c0000 - 0x00007ffca33d8000 	F:\AndroidStudio\jre\bin\zip.dll
0x00007ffcacd70000 - 0x00007ffcad450000 	C:\Windows\System32\SHELL32.dll
0x00007ffcab8e0000 - 0x00007ffcab989000 	C:\Windows\System32\shcore.dll
0x00007ffcaa7a0000 - 0x00007ffcaaf1b000 	C:\Windows\System32\windows.storage.dll
0x00007ffcaa640000 - 0x00007ffcaa65f000 	C:\Windows\System32\profapi.dll
0x00007ffcaa660000 - 0x00007ffcaa6aa000 	C:\Windows\System32\powrprof.dll
0x00007ffcaa630000 - 0x00007ffcaa640000 	C:\Windows\System32\UMPDC.dll
0x00007ffcad4c0000 - 0x00007ffcad512000 	C:\Windows\System32\shlwapi.dll
0x00007ffcaa780000 - 0x00007ffcaa797000 	C:\Windows\System32\cryptsp.dll
0x00007ffc9a180000 - 0x00007ffc9a19a000 	F:\AndroidStudio\jre\bin\net.dll
0x00007ffca2ea0000 - 0x00007ffca2f8f000 	C:\Windows\SYSTEM32\WINHTTP.dll
0x00007ffca9ea0000 - 0x00007ffca9f07000 	C:\Windows\system32\mswsock.dll
0x00007ffc91420000 - 0x00007ffc91434000 	F:\AndroidStudio\jre\bin\nio.dll
0x00007ffc9acf0000 - 0x00007ffc9ad17000 	C:\Users\mojan\.gradle\native\8bec1ad78214c89d9ad589b4d07fe93259594b29d510b10fafb7a158f7737e5d\windows-amd64\native-platform.dll
0x00007ffc73ab0000 - 0x00007ffc73bed000 	C:\Users\mojan\.gradle\native\53dbd7edfb1c66fb8903c78663c9afc45aea4f116125fa6feffd364cf09443e8\windows-amd64\native-platform-file-events.dll
0x00007ffca5b50000 - 0x00007ffca5b5a000 	F:\AndroidStudio\jre\bin\management.dll
0x00007ffca3430000 - 0x00007ffca343c000 	F:\AndroidStudio\jre\bin\management_ext.dll
0x00007ffca9a60000 - 0x00007ffca9a93000 	C:\Windows\system32\rsaenh.dll
0x00007ffcab2a0000 - 0x00007ffcab2c6000 	C:\Windows\System32\bcrypt.dll
0x00007ffcaa550000 - 0x00007ffcaa575000 	C:\Windows\SYSTEM32\USERENV.dll
0x00007ffcaa070000 - 0x00007ffcaa07c000 	C:\Windows\SYSTEM32\CRYPTBASE.dll
0x00007ffca9c00000 - 0x00007ffca9c3a000 	C:\Windows\SYSTEM32\IPHLPAPI.DLL
0x00007ffcad450000 - 0x00007ffcad458000 	C:\Windows\System32\NSI.dll
0x00007ffc9db10000 - 0x00007ffc9db26000 	C:\Windows\SYSTEM32\dhcpcsvc6.DLL
0x00007ffc9df20000 - 0x00007ffc9df3c000 	C:\Windows\SYSTEM32\dhcpcsvc.DLL
0x00007ffca9c40000 - 0x00007ffca9d0a000 	C:\Windows\SYSTEM32\DNSAPI.dll

dbghelp: loaded successfully - version: 4.0.5 - missing functions: none
symbol engine: initialized successfully - sym options: 0x614 - pdb path: .;F:\AndroidStudio\jre\bin;C:\Windows\SYSTEM32;C:\Windows\WinSxS\amd64_microsoft.windows.common-controls_6595b64144ccf1df_6.0.18362.30_none_a1435978519dce7f;F:\AndroidStudio\jre\bin\server;C:\Users\mojan\.gradle\native\8bec1ad78214c89d9ad589b4d07fe93259594b29d510b10fafb7a158f7737e5d\windows-amd64;C:\Users\mojan\.gradle\native\53dbd7edfb1c66fb8903c78663c9afc45aea4f116125fa6feffd364cf09443e8\windows-amd64

VM Arguments:
jvm_args: --add-opens=java.base/java.util=ALL-UNNAMED --add-opens=java.base/java.lang=ALL-UNNAMED --add-opens=java.base/java.lang.invoke=ALL-UNNAMED --add-opens=java.base/java.util=ALL-UNNAMED --add-opens=java.prefs/java.util.prefs=ALL-UNNAMED --add-opens=java.prefs/java.util.prefs=ALL-UNNAMED --add-opens=java.base/java.nio.charset=ALL-UNNAMED --add-opens=java.base/java.net=ALL-UNNAMED --add-opens=java.base/java.util.concurrent.atomic=ALL-UNNAMED -Xmx2048m -Dfile.encoding=UTF-8 -Duser.country=CA -Duser.language=en -Duser.variant 
java_command: org.gradle.launcher.daemon.bootstrap.GradleDaemon 7.0.2
java_class_path (initial): C:\Users\mojan\.gradle\wrapper\dists\gradle-7.0.2-bin\857tjihv64xamwrf0h14cai3r\gradle-7.0.2\lib\gradle-launcher-7.0.2.jar
Launcher Type: SUN_STANDARD

[Global flags]
     intx CICompilerCount                          = 4                                         {product} {ergonomic}
     uint ConcGCThreads                            = 2                                         {product} {ergonomic}
     uint G1ConcRefinementThreads                  = 8                                         {product} {ergonomic}
   size_t G1HeapRegionSize                         = 1048576                                   {product} {ergonomic}
    uintx GCDrainStackTargetSize                   = 64                                        {product} {ergonomic}
   size_t InitialHeapSize                          = 201326592                                 {product} {ergonomic}
   size_t MarkStackSize                            = 4194304                                   {product} {ergonomic}
   size_t MaxHeapSize                              = 2147483648                                {product} {command line}
   size_t MaxNewSize                               = 1287651328                                {product} {ergonomic}
   size_t MinHeapDeltaBytes                        = 1048576                                   {product} {ergonomic}
    uintx NonNMethodCodeHeapSize                   = 5836300                                {pd product} {ergonomic}
    uintx NonProfiledCodeHeapSize                  = 122910970                              {pd product} {ergonomic}
    uintx ProfiledCodeHeapSize                     = 122910970                              {pd product} {ergonomic}
    uintx ReservedCodeCacheSize                    = 251658240                              {pd product} {ergonomic}
     bool SegmentedCodeCache                       = true                                      {product} {ergonomic}
     bool UseCompressedClassPointers               = true                                 {lp64_product} {ergonomic}
     bool UseCompressedOops                        = true                                 {lp64_product} {ergonomic}
     bool UseG1GC                                  = true                                      {product} {ergonomic}
     bool UseLargePagesIndividualAllocation        = false                                  {pd product} {ergonomic}

Logging:
Log output configuration:
 #0: stdout all=warning uptime,level,tags
 #1: stderr all=off uptime,level,tags

Environment Variables:
JAVA_HOME=F:\Java18\bin
PATH=C:\Windows\system32;C:\Windows;C:\Windows\System32\Wbem;C:\Windows\System32\WindowsPowerShell\v1.0\;C:\Windows\System32\OpenSSH\;C:\Program Files (x86)\NVIDIA Corporation\PhysX\Common;C:\Program Files\Microsoft SQL Server\130\Tools\Binn\;C:\Program Files (x86)\Common Files\lenovo\easyplussdk\bin;C:\Program Files\NVIDIA Corporation\NVIDIA NvDLISR;C:\Program Files\Intel\WiFi\bin\;C:\Program Files\Common Files\Intel\WirelessCommon\;C:\Program Files\Git\cmd;C:\ProgramData\chocolatey\bin;C:\Program Files\dotnet\;F:\Python310\Scripts\;F:\Python310\;C:\Program Files\Intel\WiFi\bin\;C:\Program Files\Common Files\Intel\WirelessCommon\;C:\Users\mojan\.dotnet\tools;C:\Users\mojan\AppData\Roaming\Pub\Cache\bin;F:\Microsoft VS Code\bin;C:\Program Files\mingw-w64\x86_64-8.1.0-posix-seh-rt_v6-rev0\mingw64\bin;C:\Users\mojan\.dotnet\tools;F:\PyCharm Community Edition 2021.3.3\bin;;F:\Java18\bin;;F:\IntelliJ IDEA Community Edition 2022.1\bin;
USERNAME=mojan
OS=Windows_NT
PROCESSOR_IDENTIFIER=Intel64 Family 6 Model 142 Stepping 10, GenuineIntel



---------------  S Y S T E M  ---------------

OS: Windows 10 , 64 bit Build 18362 (10.0.18362.1)
OS uptime: 0 days 1:45 hours

CPU:total 8 (initial active 8) (4 cores per cpu, 2 threads per core) family 6 model 142 stepping 10 microcode 0x96, cmov, cx8, fxsr, mmx, sse, sse2, sse3, ssse3, sse4.1, sse4.2, popcnt, avx, avx2, aes, clmul, erms, 3dnowpref, lzcnt, ht, tsc, tscinvbit, bmi1, bmi2, adx, fma

Memory: 4k page, system-wide physical 12166M (2873M free)
TotalPageFile size 12166M (AvailPageFile size 5M)
current process WorkingSet (physical memory assigned to process): 278M, peak: 278M
current process commit charge ("private bytes"): 390M, peak: 392M

vm_info: OpenJDK 64-Bit Server VM (11.0.10+0-b96-7249189) for windows-amd64 JRE (11.0.10+0-b96-7249189), built on Mar 31 2021 21:44:00 by "builder" with MS VC++ 14.0 (VS2015)

END.
