#
# There is insufficient memory for the Java Runtime Environment to continue.
# Native memory allocation (malloc) failed to allocate 930496 bytes for Chunk::new
# Possible reasons:
#   The system is out of physical RAM or swap space
#   The process is running with CompressedOops enabled, and the Java Heap may be blocking the growth of the native heap
# Possible solutions:
#   Reduce memory load on the system
#   Increase physical memory or swap space
#   Check if swap backing store is full
#   Decrease Java heap size (-Xmx/-Xms)
#   Decrease number of Java threads
#   Decrease Java thread stack sizes (-Xss)
#   Set larger code cache with -XX:ReservedCodeCacheSize=
#   JVM is running with Unscaled Compressed Oops mode in which the Java heap is
#     placed in the first 4GB address space. The Java Heap base address is the
#     maximum limit for the native heap growth. Please use -XX:HeapBaseMinAddress
#     to set the Java Heap base and to place the Java Heap above 4GB virtual address.
# This output file may be truncated or incomplete.
#
#  Out of Memory Error (./src/hotspot/share/memory/arena.cpp:197), pid=8112, tid=11220
#
# JRE version: OpenJDK Runtime Environment (11.0.12+7) (build 11.0.12+7-b1504.28-7817840)
# Java VM: OpenJDK 64-Bit Server VM (11.0.12+7-b1504.28-7817840, mixed mode, tiered, compressed oops, g1 gc, windows-amd64)
# No core dump will be written. Minidumps are not enabled by default on client versions of Windows
#

---------------  S U M M A R Y ------------

Command Line: --add-opens=java.base/java.util=ALL-UNNAMED --add-opens=java.base/java.lang=ALL-UNNAMED --add-opens=java.base/java.lang.invoke=ALL-UNNAMED --add-opens=java.prefs/java.util.prefs=ALL-UNNAMED -Xmx2048m -Dfile.encoding=UTF-8 -Duser.country=CA -Duser.language=en -Duser.variant org.gradle.launcher.daemon.bootstrap.GradleDaemon 5.0

Host: Intel(R) Core(TM) i7-8550U CPU @ 1.80GHz, 8 cores, 11G,  Windows 10 , 64 bit Build 18362 (10.0.18362.1)
Time: Tue May 17 17:33:29 2022 Eastern Daylight Time elapsed time: 20.490975 seconds (0d 0h 0m 20s)

---------------  T H R E A D  ---------------

Current thread (0x000001b74012d000):  JavaThread "C2 CompilerThread1" daemon [_thread_in_native, id=11220, stack(0x0000000102600000,0x0000000102700000)]


Current CompileTask:
C2:  20491 6628       4       org.gradle.api.internal.artifacts.ivyservice.ivyresolve.parser.PomReader::replaceProps (18 bytes)

Stack: [0x0000000102600000,0x0000000102700000]
Native frames: (J=compiled Java code, j=interpreted, Vv=VM code, C=native code)
V  [jvm.dll+0x5fbcea]
V  [jvm.dll+0x731905]
V  [jvm.dll+0x732f1d]
V  [jvm.dll+0x7335d3]
V  [jvm.dll+0x247bf8]
V  [jvm.dll+0xc018c]
V  [jvm.dll+0xc06cc]
V  [jvm.dll+0x2bcc04]
V  [jvm.dll+0x5113a8]
V  [jvm.dll+0x201d61]
V  [jvm.dll+0x1ff71f]
V  [jvm.dll+0x18868c]
V  [jvm.dll+0x20e0d7]
V  [jvm.dll+0x20c901]
V  [jvm.dll+0x6f9b7f]
V  [jvm.dll+0x6f26a5]
V  [jvm.dll+0x5fabf6]
C  [ucrtbase.dll+0x1d912]
C  [KERNEL32.DLL+0x17944]
C  [ntdll.dll+0x6ce71]


---------------  P R O C E S S  ---------------

Threads class SMR info:
_java_thread_list=0x000001b74350c5d0, length=35, elements={
0x000001b763aeb000, 0x000001b77dfb7800, 0x000001b77dfbb000, 0x000001b77e81d000,
0x000001b77e81e000, 0x000001b77e81f000, 0x000001b77e825000, 0x000001b77e827800,
0x000001b77e829800, 0x000001b77e9d7800, 0x000001b740a1b000, 0x000001b740bc6800,
0x000001b740c5a000, 0x000001b740a1c000, 0x000001b7418ee000, 0x000001b7409ae000,
0x000001b741863800, 0x000001b741864800, 0x000001b7411b8800, 0x000001b7411bc000,
0x000001b7411bb000, 0x000001b7411be800, 0x000001b7411bd800, 0x000001b7411b9800,
0x000001b7411ba800, 0x000001b742d67800, 0x000001b742d68800, 0x000001b742d6c800,
0x000001b742d69000, 0x000001b742d66800, 0x000001b742d6f800, 0x000001b742d6a000,
0x000001b742d70800, 0x000001b742d6d000, 0x000001b74012d000
}

Java Threads: ( => current thread )
  0x000001b763aeb000 JavaThread "main" [_thread_blocked, id=9900, stack(0x0000000100600000,0x0000000100700000)]
  0x000001b77dfb7800 JavaThread "Reference Handler" daemon [_thread_blocked, id=9748, stack(0x0000000100d00000,0x0000000100e00000)]
  0x000001b77dfbb000 JavaThread "Finalizer" daemon [_thread_blocked, id=1308, stack(0x0000000100e00000,0x0000000100f00000)]
  0x000001b77e81d000 JavaThread "Signal Dispatcher" daemon [_thread_blocked, id=8316, stack(0x0000000100f00000,0x0000000101000000)]
  0x000001b77e81e000 JavaThread "Attach Listener" daemon [_thread_blocked, id=4792, stack(0x0000000101000000,0x0000000101100000)]
  0x000001b77e81f000 JavaThread "Service Thread" daemon [_thread_blocked, id=10152, stack(0x0000000101100000,0x0000000101200000)]
  0x000001b77e825000 JavaThread "C2 CompilerThread0" daemon [_thread_in_native, id=1588, stack(0x0000000101200000,0x0000000101300000)]
  0x000001b77e827800 JavaThread "C1 CompilerThread0" daemon [_thread_blocked, id=12232, stack(0x0000000101300000,0x0000000101400000)]
  0x000001b77e829800 JavaThread "Sweeper thread" daemon [_thread_blocked, id=8672, stack(0x0000000101400000,0x0000000101500000)]
  0x000001b77e9d7800 JavaThread "Common-Cleaner" daemon [_thread_blocked, id=10360, stack(0x0000000101500000,0x0000000101600000)]
  0x000001b740a1b000 JavaThread "Incoming local TCP Connector on port 3102" [_thread_in_native, id=4732, stack(0x0000000101700000,0x0000000101800000)]
  0x000001b740bc6800 JavaThread "Daemon periodic checks" [_thread_blocked, id=7804, stack(0x0000000101b00000,0x0000000101c00000)]
  0x000001b740c5a000 JavaThread "Daemon" [_thread_blocked, id=6536, stack(0x0000000101c00000,0x0000000101d00000)]
  0x000001b740a1c000 JavaThread "Handler for socket connection from /127.0.0.1:3102 to /127.0.0.1:3103" [_thread_in_native, id=8152, stack(0x0000000101d00000,0x0000000101e00000)]
  0x000001b7418ee000 JavaThread "Cancel handler" [_thread_blocked, id=12120, stack(0x0000000101e00000,0x0000000101f00000)]
  0x000001b7409ae000 JavaThread "Daemon worker" [_thread_in_native, id=4232, stack(0x0000000101f00000,0x0000000102000000)]
  0x000001b741863800 JavaThread "Asynchronous log dispatcher for DefaultDaemonConnection: socket connection from /127.0.0.1:3102 to /127.0.0.1:3103" [_thread_blocked, id=10656, stack(0x0000000102000000,0x0000000102100000)]
  0x000001b741864800 JavaThread "Stdin handler" [_thread_blocked, id=440, stack(0x0000000102100000,0x0000000102200000)]
  0x000001b7411b8800 JavaThread "Thread-7" [_thread_blocked, id=10788, stack(0x0000000102200000,0x0000000102300000)]
  0x000001b7411bc000 JavaThread "Cache worker for file hash cache (F:\AndroidStudio\jre\caches\5.0\fileHashes)" [_thread_blocked, id=11648, stack(0x0000000102300000,0x0000000102400000)]
  0x000001b7411bb000 JavaThread "File lock request listener" [_thread_in_native, id=4808, stack(0x0000000102400000,0x0000000102500000)]
  0x000001b7411be800 JavaThread "Cache worker for file hash cache (E:\Android\Repositories\PhotoFinder\.gradle\5.0\fileHashes)" [_thread_blocked, id=708, stack(0x0000000102500000,0x0000000102600000)]
  0x000001b7411bd800 JavaThread "Cache worker for journal cache (F:\AndroidStudio\jre\caches\journal-1)" [_thread_blocked, id=1264, stack(0x0000000102c00000,0x0000000102d00000)]
  0x000001b7411b9800 JavaThread "Cache worker for cache directory md-supplier (F:\AndroidStudio\jre\caches\5.0\md-supplier)" [_thread_blocked, id=7004, stack(0x0000000102e00000,0x0000000102f00000)]
  0x000001b7411ba800 JavaThread "Cache worker for cache directory md-rule (F:\AndroidStudio\jre\caches\5.0\md-rule)" [_thread_blocked, id=5040, stack(0x0000000102f00000,0x0000000103000000)]
  0x000001b742d67800 JavaThread "Cache worker for Artifact transforms cache (F:\AndroidStudio\jre\caches\transforms-1)" [_thread_blocked, id=4184, stack(0x0000000103000000,0x0000000103100000)]
  0x000001b742d68800 JavaThread "Build operations" [_thread_blocked, id=2168, stack(0x0000000103100000,0x0000000103200000)]
  0x000001b742d6c800 JavaThread "Build operations Thread 2" [_thread_blocked, id=5592, stack(0x0000000103200000,0x0000000103300000)]
  0x000001b742d69000 JavaThread "Build operations Thread 3" [_thread_blocked, id=8340, stack(0x0000000103300000,0x0000000103400000)]
  0x000001b742d66800 JavaThread "Build operations Thread 4" [_thread_blocked, id=5064, stack(0x0000000103500000,0x0000000103600000)]
  0x000001b742d6f800 JavaThread "Build operations Thread 5" [_thread_blocked, id=3036, stack(0x0000000103600000,0x0000000103700000)]
  0x000001b742d6a000 JavaThread "Build operations Thread 6" [_thread_blocked, id=10816, stack(0x0000000103700000,0x0000000103800000)]
  0x000001b742d70800 JavaThread "Build operations Thread 7" [_thread_blocked, id=3108, stack(0x0000000103800000,0x0000000103900000)]
  0x000001b742d6d000 JavaThread "Build operations Thread 8" [_thread_blocked, id=11932, stack(0x0000000103900000,0x0000000103a00000)]
=>0x000001b74012d000 JavaThread "C2 CompilerThread1" daemon [_thread_in_native, id=11220, stack(0x0000000102600000,0x0000000102700000)]

Other Threads:
  0x000001b77e807000 VMThread "VM Thread" [stack: 0x0000000100c00000,0x0000000100d00000] [id=8736]
  0x000001b77e9f4000 WatcherThread [stack: 0x0000000101600000,0x0000000101700000] [id=6820]
  0x000001b763b05000 GCTaskThread "GC Thread#0" [stack: 0x0000000100700000,0x0000000100800000] [id=11004]
  0x000001b740160800 GCTaskThread "GC Thread#1" [stack: 0x0000000101800000,0x0000000101900000] [id=12204]
  0x000001b740088800 GCTaskThread "GC Thread#2" [stack: 0x0000000101900000,0x0000000101a00000] [id=5712]
  0x000001b740049800 GCTaskThread "GC Thread#3" [stack: 0x0000000101a00000,0x0000000101b00000] [id=10064]
  0x000001b74150a000 GCTaskThread "GC Thread#4" [stack: 0x0000000102700000,0x0000000102800000] [id=7708]
  0x000001b740701800 GCTaskThread "GC Thread#5" [stack: 0x0000000102800000,0x0000000102900000] [id=2692]
  0x000001b740629000 GCTaskThread "GC Thread#6" [stack: 0x0000000102900000,0x0000000102a00000] [id=6748]
  0x000001b740629800 GCTaskThread "GC Thread#7" [stack: 0x0000000102a00000,0x0000000102b00000] [id=2828]
  0x000001b763b55000 ConcurrentGCThread "G1 Main Marker" [stack: 0x0000000100800000,0x0000000100900000] [id=9628]
  0x000001b763b58800 ConcurrentGCThread "G1 Conc#0" [stack: 0x0000000100900000,0x0000000100a00000] [id=12008]
  0x000001b74050a000 ConcurrentGCThread "G1 Conc#1" [stack: 0x0000000102b00000,0x0000000102c00000] [id=9724]
  0x000001b763bbe000 ConcurrentGCThread "G1 Refine#0" [stack: 0x0000000100a00000,0x0000000100b00000] [id=6568]
  0x000001b77de34000 ConcurrentGCThread "G1 Young RemSet Sampling" [stack: 0x0000000100b00000,0x0000000100c00000] [id=1820]

Threads with active compile tasks:
C2 CompilerThread0  20775 6585       4       org.apache.ivy.core.IvyPatternHelper::substituteVariables (213 bytes)
C2 CompilerThread1  20775 6628       4       org.gradle.api.internal.artifacts.ivyservice.ivyresolve.parser.PomReader::replaceProps (18 bytes)

VM state:not at safepoint (normal execution)

VM Mutex/Monitor currently owned by a thread: None

Heap address: 0x0000000080000000, size: 2048 MB, Compressed Oops mode: 32-bit
Narrow klass base: 0x000001b700000000, Narrow klass shift: 0
Compressed class space size: 1073741824 Address: 0x000001b700000000

Heap:
 garbage-first heap   total 196608K, used 60469K [0x0000000080000000, 0x0000000100000000)
  region size 1024K, 28 young (28672K), 13 survivors (13312K)
 Metaspace       used 55086K, capacity 56377K, committed 56576K, reserved 1099776K
  class space    used 6726K, capacity 7089K, committed 7168K, reserved 1048576K
Heap Regions: E=young(eden), S=young(survivor), O=old, HS=humongous(starts), HC=humongous(continues), CS=collection set, F=free, A=archive, TAMS=top-at-mark-start (previous, next)
|   0|0x0000000080000000, 0x0000000080100000, 0x0000000080100000|100%|HS|  |TAMS 0x0000000080100000, 0x0000000080000000| Complete 
|   1|0x0000000080100000, 0x0000000080200000, 0x0000000080200000|100%|HS|  |TAMS 0x0000000080200000, 0x0000000080100000| Complete 
|   2|0x0000000080200000, 0x0000000080300000, 0x0000000080300000|100%|HC|  |TAMS 0x0000000080300000, 0x0000000080200000| Complete 
|   3|0x0000000080300000, 0x0000000080400000, 0x0000000080400000|100%| O|  |TAMS 0x0000000080400000, 0x0000000080300000| Untracked 
|   4|0x0000000080400000, 0x0000000080500000, 0x0000000080500000|100%| O|  |TAMS 0x0000000080500000, 0x0000000080400000| Untracked 
|   5|0x0000000080500000, 0x0000000080600000, 0x0000000080600000|100%|HS|  |TAMS 0x0000000080600000, 0x0000000080500000| Complete 
|   6|0x0000000080600000, 0x0000000080700000, 0x0000000080700000|100%|HC|  |TAMS 0x0000000080700000, 0x0000000080600000| Complete 
|   7|0x0000000080700000, 0x0000000080800000, 0x0000000080800000|100%|HS|  |TAMS 0x0000000080800000, 0x0000000080700000| Complete 
|   8|0x0000000080800000, 0x0000000080900000, 0x0000000080900000|100%|HC|  |TAMS 0x0000000080900000, 0x0000000080800000| Complete 
|   9|0x0000000080900000, 0x0000000080a00000, 0x0000000080a00000|100%|HC|  |TAMS 0x0000000080a00000, 0x0000000080900000| Complete 
|  10|0x0000000080a00000, 0x0000000080b00000, 0x0000000080b00000|100%|HS|  |TAMS 0x0000000080b00000, 0x0000000080a00000| Complete 
|  11|0x0000000080b00000, 0x0000000080c00000, 0x0000000080c00000|100%|HS|  |TAMS 0x0000000080c00000, 0x0000000080b00000| Complete 
|  12|0x0000000080c00000, 0x0000000080d00000, 0x0000000080d00000|100%|HC|  |TAMS 0x0000000080d00000, 0x0000000080c00000| Complete 
|  13|0x0000000080d00000, 0x0000000080e00000, 0x0000000080e00000|100%|HC|  |TAMS 0x0000000080e00000, 0x0000000080d00000| Complete 
|  14|0x0000000080e00000, 0x0000000080f00000, 0x0000000080f00000|100%|HC|  |TAMS 0x0000000080f00000, 0x0000000080e00000| Complete 
|  15|0x0000000080f00000, 0x0000000081000000, 0x0000000081000000|100%| O|  |TAMS 0x0000000081000000, 0x0000000080f00000| Untracked 
|  16|0x0000000081000000, 0x0000000081100000, 0x0000000081100000|100%| O|  |TAMS 0x0000000081100000, 0x0000000081000000| Untracked 
|  17|0x0000000081100000, 0x0000000081200000, 0x0000000081200000|100%| O|  |TAMS 0x0000000081200000, 0x0000000081100000| Untracked 
|  18|0x0000000081200000, 0x0000000081300000, 0x0000000081300000|100%| O|  |TAMS 0x0000000081300000, 0x0000000081200000| Untracked 
|  19|0x0000000081300000, 0x0000000081400000, 0x0000000081400000|100%| O|  |TAMS 0x0000000081400000, 0x0000000081300000| Untracked 
|  20|0x0000000081400000, 0x0000000081500000, 0x0000000081500000|100%| O|  |TAMS 0x0000000081500000, 0x0000000081400000| Untracked 
|  21|0x0000000081500000, 0x0000000081600000, 0x0000000081600000|100%| O|  |TAMS 0x0000000081600000, 0x0000000081500000| Untracked 
|  22|0x0000000081600000, 0x0000000081700000, 0x0000000081700000|100%| O|  |TAMS 0x0000000081700000, 0x0000000081600000| Untracked 
|  23|0x0000000081700000, 0x0000000081800000, 0x0000000081800000|100%| O|  |TAMS 0x0000000081800000, 0x0000000081700000| Untracked 
|  24|0x0000000081800000, 0x0000000081900000, 0x0000000081900000|100%| O|  |TAMS 0x0000000081831600, 0x0000000081800000| Untracked 
|  25|0x0000000081900000, 0x0000000081a00000, 0x0000000081a00000|100%| O|  |TAMS 0x0000000081900000, 0x0000000081900000| Untracked 
|  26|0x0000000081a00000, 0x0000000081b00000, 0x0000000081b00000|100%| O|  |TAMS 0x0000000081a00000, 0x0000000081a00000| Untracked 
|  27|0x0000000081b00000, 0x0000000081c00000, 0x0000000081c00000|100%| O|  |TAMS 0x0000000081b00000, 0x0000000081b00000| Untracked 
|  28|0x0000000081c00000, 0x0000000081d00000, 0x0000000081d00000|100%| O|  |TAMS 0x0000000081c00000, 0x0000000081c00000| Untracked 
|  29|0x0000000081d00000, 0x0000000081e00000, 0x0000000081e00000|100%| O|  |TAMS 0x0000000081d00000, 0x0000000081d00000| Untracked 
|  30|0x0000000081e00000, 0x0000000081f00000, 0x0000000081f00000|100%| O|  |TAMS 0x0000000081e00000, 0x0000000081e00000| Untracked 
|  31|0x0000000081f00000, 0x0000000082000000, 0x0000000082000000|100%| O|  |TAMS 0x0000000081f00000, 0x0000000081f00000| Untracked 
|  32|0x0000000082000000, 0x0000000082043000, 0x0000000082100000| 26%| O|  |TAMS 0x0000000082000000, 0x0000000082000000| Untracked 
|  33|0x0000000082100000, 0x0000000082100000, 0x0000000082200000|  0%| F|  |TAMS 0x0000000082100000, 0x0000000082100000| Untracked 
|  34|0x0000000082200000, 0x0000000082200000, 0x0000000082300000|  0%| F|  |TAMS 0x0000000082200000, 0x0000000082200000| Untracked 
|  35|0x0000000082300000, 0x0000000082300000, 0x0000000082400000|  0%| F|  |TAMS 0x0000000082300000, 0x0000000082300000| Untracked 
|  36|0x0000000082400000, 0x0000000082400000, 0x0000000082500000|  0%| F|  |TAMS 0x0000000082400000, 0x0000000082400000| Untracked 
|  37|0x0000000082500000, 0x0000000082500000, 0x0000000082600000|  0%| F|  |TAMS 0x0000000082500000, 0x0000000082500000| Untracked 
|  38|0x0000000082600000, 0x0000000082600000, 0x0000000082700000|  0%| F|  |TAMS 0x0000000082600000, 0x0000000082600000| Untracked 
|  39|0x0000000082700000, 0x0000000082700000, 0x0000000082800000|  0%| F|  |TAMS 0x0000000082700000, 0x0000000082700000| Untracked 
|  40|0x0000000082800000, 0x0000000082800000, 0x0000000082900000|  0%| F|  |TAMS 0x0000000082800000, 0x0000000082800000| Untracked 
|  41|0x0000000082900000, 0x0000000082900000, 0x0000000082a00000|  0%| F|  |TAMS 0x0000000082900000, 0x0000000082900000| Untracked 
|  42|0x0000000082a00000, 0x0000000082a00000, 0x0000000082b00000|  0%| F|  |TAMS 0x0000000082a00000, 0x0000000082a00000| Untracked 
|  43|0x0000000082b00000, 0x0000000082b00000, 0x0000000082c00000|  0%| F|  |TAMS 0x0000000082b00000, 0x0000000082b00000| Untracked 
|  44|0x0000000082c00000, 0x0000000082c00000, 0x0000000082d00000|  0%| F|  |TAMS 0x0000000082c00000, 0x0000000082c00000| Untracked 
|  45|0x0000000082d00000, 0x0000000082d00000, 0x0000000082e00000|  0%| F|  |TAMS 0x0000000082d00000, 0x0000000082d00000| Untracked 
|  46|0x0000000082e00000, 0x0000000082e00000, 0x0000000082f00000|  0%| F|  |TAMS 0x0000000082e00000, 0x0000000082e00000| Untracked 
|  47|0x0000000082f00000, 0x0000000082f00000, 0x0000000083000000|  0%| F|  |TAMS 0x0000000082f00000, 0x0000000082f00000| Untracked 
|  48|0x0000000083000000, 0x0000000083000000, 0x0000000083100000|  0%| F|  |TAMS 0x0000000083000000, 0x0000000083000000| Untracked 
|  49|0x0000000083100000, 0x0000000083100000, 0x0000000083200000|  0%| F|  |TAMS 0x0000000083100000, 0x0000000083100000| Untracked 
|  50|0x0000000083200000, 0x0000000083200000, 0x0000000083300000|  0%| F|  |TAMS 0x0000000083200000, 0x0000000083200000| Untracked 
|  51|0x0000000083300000, 0x0000000083300000, 0x0000000083400000|  0%| F|  |TAMS 0x0000000083300000, 0x0000000083300000| Untracked 
|  52|0x0000000083400000, 0x0000000083400000, 0x0000000083500000|  0%| F|  |TAMS 0x0000000083400000, 0x0000000083400000| Untracked 
|  53|0x0000000083500000, 0x0000000083500000, 0x0000000083600000|  0%| F|  |TAMS 0x0000000083500000, 0x0000000083500000| Untracked 
|  54|0x0000000083600000, 0x0000000083600000, 0x0000000083700000|  0%| F|  |TAMS 0x0000000083600000, 0x0000000083600000| Untracked 
|  55|0x0000000083700000, 0x0000000083700000, 0x0000000083800000|  0%| F|  |TAMS 0x0000000083700000, 0x0000000083700000| Untracked 
|  56|0x0000000083800000, 0x0000000083800000, 0x0000000083900000|  0%| F|  |TAMS 0x0000000083800000, 0x0000000083800000| Untracked 
|  57|0x0000000083900000, 0x0000000083900000, 0x0000000083a00000|  0%| F|  |TAMS 0x0000000083900000, 0x0000000083900000| Untracked 
|  58|0x0000000083a00000, 0x0000000083a00000, 0x0000000083b00000|  0%| F|  |TAMS 0x0000000083a00000, 0x0000000083a00000| Untracked 
|  59|0x0000000083b00000, 0x0000000083b00000, 0x0000000083c00000|  0%| F|  |TAMS 0x0000000083b00000, 0x0000000083b00000| Untracked 
|  60|0x0000000083c00000, 0x0000000083c00000, 0x0000000083d00000|  0%| F|  |TAMS 0x0000000083c00000, 0x0000000083c00000| Untracked 
|  61|0x0000000083d00000, 0x0000000083d00000, 0x0000000083e00000|  0%| F|  |TAMS 0x0000000083d00000, 0x0000000083d00000| Untracked 
|  62|0x0000000083e00000, 0x0000000083e00000, 0x0000000083f00000|  0%| F|  |TAMS 0x0000000083e00000, 0x0000000083e00000| Untracked 
|  63|0x0000000083f00000, 0x0000000083f00000, 0x0000000084000000|  0%| F|  |TAMS 0x0000000083f00000, 0x0000000083f00000| Untracked 
|  64|0x0000000084000000, 0x00000000840ca530, 0x0000000084100000| 79%| S|CS|TAMS 0x0000000084000000, 0x0000000084000000| Complete 
|  65|0x0000000084100000, 0x0000000084200000, 0x0000000084200000|100%| S|CS|TAMS 0x0000000084100000, 0x0000000084100000| Complete 
|  66|0x0000000084200000, 0x0000000084300000, 0x0000000084300000|100%| S|CS|TAMS 0x0000000084200000, 0x0000000084200000| Complete 
|  67|0x0000000084300000, 0x0000000084400000, 0x0000000084400000|100%| S|CS|TAMS 0x0000000084300000, 0x0000000084300000| Complete 
|  68|0x0000000084400000, 0x0000000084500000, 0x0000000084500000|100%| S|CS|TAMS 0x0000000084400000, 0x0000000084400000| Complete 
|  69|0x0000000084500000, 0x0000000084600000, 0x0000000084600000|100%| S|CS|TAMS 0x0000000084500000, 0x0000000084500000| Complete 
|  70|0x0000000084600000, 0x0000000084600000, 0x0000000084700000|  0%| F|  |TAMS 0x0000000084600000, 0x0000000084600000| Untracked 
|  71|0x0000000084700000, 0x0000000084700000, 0x0000000084800000|  0%| F|  |TAMS 0x0000000084700000, 0x0000000084700000| Untracked 
|  72|0x0000000084800000, 0x0000000084800000, 0x0000000084900000|  0%| F|  |TAMS 0x0000000084800000, 0x0000000084800000| Untracked 
|  73|0x0000000084900000, 0x0000000084900000, 0x0000000084a00000|  0%| F|  |TAMS 0x0000000084900000, 0x0000000084900000| Untracked 
|  74|0x0000000084a00000, 0x0000000084a00000, 0x0000000084b00000|  0%| F|  |TAMS 0x0000000084a00000, 0x0000000084a00000| Untracked 
|  75|0x0000000084b00000, 0x0000000084b00000, 0x0000000084c00000|  0%| F|  |TAMS 0x0000000084b00000, 0x0000000084b00000| Untracked 
|  76|0x0000000084c00000, 0x0000000084c00000, 0x0000000084d00000|  0%| F|  |TAMS 0x0000000084c00000, 0x0000000084c00000| Untracked 
|  77|0x0000000084d00000, 0x0000000084e00000, 0x0000000084e00000|100%| S|CS|TAMS 0x0000000084d00000, 0x0000000084d00000| Complete 
|  78|0x0000000084e00000, 0x0000000084f00000, 0x0000000084f00000|100%| S|CS|TAMS 0x0000000084e00000, 0x0000000084e00000| Complete 
|  79|0x0000000084f00000, 0x0000000085000000, 0x0000000085000000|100%| S|CS|TAMS 0x0000000084f00000, 0x0000000084f00000| Complete 
|  80|0x0000000085000000, 0x0000000085100000, 0x0000000085100000|100%| S|CS|TAMS 0x0000000085000000, 0x0000000085000000| Complete 
|  81|0x0000000085100000, 0x0000000085200000, 0x0000000085200000|100%| S|CS|TAMS 0x0000000085100000, 0x0000000085100000| Complete 
|  82|0x0000000085200000, 0x0000000085300000, 0x0000000085300000|100%| S|CS|TAMS 0x0000000085200000, 0x0000000085200000| Complete 
|  83|0x0000000085300000, 0x0000000085400000, 0x0000000085400000|100%| S|CS|TAMS 0x0000000085300000, 0x0000000085300000| Complete 
|  84|0x0000000085400000, 0x0000000085400000, 0x0000000085500000|  0%| F|  |TAMS 0x0000000085400000, 0x0000000085400000| Untracked 
|  85|0x0000000085500000, 0x0000000085500000, 0x0000000085600000|  0%| F|  |TAMS 0x0000000085500000, 0x0000000085500000| Untracked 
|  86|0x0000000085600000, 0x0000000085600000, 0x0000000085700000|  0%| F|  |TAMS 0x0000000085600000, 0x0000000085600000| Untracked 
|  87|0x0000000085700000, 0x0000000085700000, 0x0000000085800000|  0%| F|  |TAMS 0x0000000085700000, 0x0000000085700000| Untracked 
|  88|0x0000000085800000, 0x0000000085800000, 0x0000000085900000|  0%| F|  |TAMS 0x0000000085800000, 0x0000000085800000| Untracked 
|  89|0x0000000085900000, 0x0000000085900000, 0x0000000085a00000|  0%| F|  |TAMS 0x0000000085900000, 0x0000000085900000| Untracked 
|  90|0x0000000085a00000, 0x0000000085a00000, 0x0000000085b00000|  0%| F|  |TAMS 0x0000000085a00000, 0x0000000085a00000| Untracked 
|  91|0x0000000085b00000, 0x0000000085b00000, 0x0000000085c00000|  0%| F|  |TAMS 0x0000000085b00000, 0x0000000085b00000| Untracked 
|  92|0x0000000085c00000, 0x0000000085c00000, 0x0000000085d00000|  0%| F|  |TAMS 0x0000000085c00000, 0x0000000085c00000| Untracked 
|  93|0x0000000085d00000, 0x0000000085d00000, 0x0000000085e00000|  0%| F|  |TAMS 0x0000000085d00000, 0x0000000085d00000| Untracked 
|  94|0x0000000085e00000, 0x0000000085e00000, 0x0000000085f00000|  0%| F|  |TAMS 0x0000000085e00000, 0x0000000085e00000| Untracked 
|  95|0x0000000085f00000, 0x0000000085f00000, 0x0000000086000000|  0%| F|  |TAMS 0x0000000085f00000, 0x0000000085f00000| Untracked 
|  96|0x0000000086000000, 0x0000000086000000, 0x0000000086100000|  0%| F|  |TAMS 0x0000000086000000, 0x0000000086000000| Untracked 
|  97|0x0000000086100000, 0x0000000086100000, 0x0000000086200000|  0%| F|  |TAMS 0x0000000086100000, 0x0000000086100000| Untracked 
|  98|0x0000000086200000, 0x0000000086200000, 0x0000000086300000|  0%| F|  |TAMS 0x0000000086200000, 0x0000000086200000| Untracked 
|  99|0x0000000086300000, 0x0000000086300000, 0x0000000086400000|  0%| F|  |TAMS 0x0000000086300000, 0x0000000086300000| Untracked 
| 100|0x0000000086400000, 0x0000000086400000, 0x0000000086500000|  0%| F|  |TAMS 0x0000000086400000, 0x0000000086400000| Untracked 
| 101|0x0000000086500000, 0x0000000086500000, 0x0000000086600000|  0%| F|  |TAMS 0x0000000086500000, 0x0000000086500000| Untracked 
| 102|0x0000000086600000, 0x0000000086600000, 0x0000000086700000|  0%| F|  |TAMS 0x0000000086600000, 0x0000000086600000| Untracked 
| 103|0x0000000086700000, 0x0000000086700000, 0x0000000086800000|  0%| F|  |TAMS 0x0000000086700000, 0x0000000086700000| Untracked 
| 104|0x0000000086800000, 0x0000000086800000, 0x0000000086900000|  0%| F|  |TAMS 0x0000000086800000, 0x0000000086800000| Untracked 
| 105|0x0000000086900000, 0x0000000086900000, 0x0000000086a00000|  0%| F|  |TAMS 0x0000000086900000, 0x0000000086900000| Untracked 
| 106|0x0000000086a00000, 0x0000000086a00000, 0x0000000086b00000|  0%| F|  |TAMS 0x0000000086a00000, 0x0000000086a00000| Untracked 
| 107|0x0000000086b00000, 0x0000000086b00000, 0x0000000086c00000|  0%| F|  |TAMS 0x0000000086b00000, 0x0000000086b00000| Untracked 
| 108|0x0000000086c00000, 0x0000000086c00000, 0x0000000086d00000|  0%| F|  |TAMS 0x0000000086c00000, 0x0000000086c00000| Untracked 
| 109|0x0000000086d00000, 0x0000000086d00000, 0x0000000086e00000|  0%| F|  |TAMS 0x0000000086d00000, 0x0000000086d00000| Untracked 
| 110|0x0000000086e00000, 0x0000000086e00000, 0x0000000086f00000|  0%| F|  |TAMS 0x0000000086e00000, 0x0000000086e00000| Untracked 
| 111|0x0000000086f00000, 0x0000000086f00000, 0x0000000087000000|  0%| F|  |TAMS 0x0000000086f00000, 0x0000000086f00000| Untracked 
| 112|0x0000000087000000, 0x0000000087000000, 0x0000000087100000|  0%| F|  |TAMS 0x0000000087000000, 0x0000000087000000| Untracked 
| 113|0x0000000087100000, 0x0000000087100000, 0x0000000087200000|  0%| F|  |TAMS 0x0000000087100000, 0x0000000087100000| Untracked 
| 114|0x0000000087200000, 0x0000000087200000, 0x0000000087300000|  0%| F|  |TAMS 0x0000000087200000, 0x0000000087200000| Untracked 
| 115|0x0000000087300000, 0x0000000087300000, 0x0000000087400000|  0%| F|  |TAMS 0x0000000087300000, 0x0000000087300000| Untracked 
| 116|0x0000000087400000, 0x0000000087400000, 0x0000000087500000|  0%| F|  |TAMS 0x0000000087400000, 0x0000000087400000| Untracked 
| 117|0x0000000087500000, 0x0000000087500000, 0x0000000087600000|  0%| F|  |TAMS 0x0000000087500000, 0x0000000087500000| Untracked 
| 118|0x0000000087600000, 0x0000000087600000, 0x0000000087700000|  0%| F|  |TAMS 0x0000000087600000, 0x0000000087600000| Untracked 
| 119|0x0000000087700000, 0x0000000087700000, 0x0000000087800000|  0%| F|  |TAMS 0x0000000087700000, 0x0000000087700000| Untracked 
| 120|0x0000000087800000, 0x0000000087800000, 0x0000000087900000|  0%| F|  |TAMS 0x0000000087800000, 0x0000000087800000| Untracked 
| 121|0x0000000087900000, 0x0000000087900000, 0x0000000087a00000|  0%| F|  |TAMS 0x0000000087900000, 0x0000000087900000| Untracked 
| 122|0x0000000087a00000, 0x0000000087a00000, 0x0000000087b00000|  0%| F|  |TAMS 0x0000000087a00000, 0x0000000087a00000| Untracked 
| 123|0x0000000087b00000, 0x0000000087b00000, 0x0000000087c00000|  0%| F|  |TAMS 0x0000000087b00000, 0x0000000087b00000| Untracked 
| 124|0x0000000087c00000, 0x0000000087c00000, 0x0000000087d00000|  0%| F|  |TAMS 0x0000000087c00000, 0x0000000087c00000| Untracked 
| 125|0x0000000087d00000, 0x0000000087d00000, 0x0000000087e00000|  0%| F|  |TAMS 0x0000000087d00000, 0x0000000087d00000| Untracked 
| 126|0x0000000087e00000, 0x0000000087e00000, 0x0000000087f00000|  0%| F|  |TAMS 0x0000000087e00000, 0x0000000087e00000| Untracked 
| 127|0x0000000087f00000, 0x0000000087f00000, 0x0000000088000000|  0%| F|  |TAMS 0x0000000087f00000, 0x0000000087f00000| Untracked 
| 128|0x0000000088000000, 0x0000000088000000, 0x0000000088100000|  0%| F|  |TAMS 0x0000000088000000, 0x0000000088000000| Untracked 
| 129|0x0000000088100000, 0x0000000088100000, 0x0000000088200000|  0%| F|  |TAMS 0x0000000088100000, 0x0000000088100000| Untracked 
| 130|0x0000000088200000, 0x0000000088200000, 0x0000000088300000|  0%| F|  |TAMS 0x0000000088200000, 0x0000000088200000| Untracked 
| 131|0x0000000088300000, 0x0000000088300000, 0x0000000088400000|  0%| F|  |TAMS 0x0000000088300000, 0x0000000088300000| Untracked 
| 132|0x0000000088400000, 0x0000000088400000, 0x0000000088500000|  0%| F|  |TAMS 0x0000000088400000, 0x0000000088400000| Untracked 
| 133|0x0000000088500000, 0x0000000088500000, 0x0000000088600000|  0%| F|  |TAMS 0x0000000088500000, 0x0000000088500000| Untracked 
| 134|0x0000000088600000, 0x0000000088600000, 0x0000000088700000|  0%| F|  |TAMS 0x0000000088600000, 0x0000000088600000| Untracked 
| 135|0x0000000088700000, 0x0000000088700000, 0x0000000088800000|  0%| F|  |TAMS 0x0000000088700000, 0x0000000088700000| Untracked 
| 136|0x0000000088800000, 0x0000000088800000, 0x0000000088900000|  0%| F|  |TAMS 0x0000000088800000, 0x0000000088800000| Untracked 
| 137|0x0000000088900000, 0x0000000088900000, 0x0000000088a00000|  0%| F|  |TAMS 0x0000000088900000, 0x0000000088900000| Untracked 
| 138|0x0000000088a00000, 0x0000000088a00000, 0x0000000088b00000|  0%| F|  |TAMS 0x0000000088a00000, 0x0000000088a00000| Untracked 
| 139|0x0000000088b00000, 0x0000000088b00000, 0x0000000088c00000|  0%| F|  |TAMS 0x0000000088b00000, 0x0000000088b00000| Untracked 
| 140|0x0000000088c00000, 0x0000000088c00000, 0x0000000088d00000|  0%| F|  |TAMS 0x0000000088c00000, 0x0000000088c00000| Untracked 
| 141|0x0000000088d00000, 0x0000000088d00000, 0x0000000088e00000|  0%| F|  |TAMS 0x0000000088d00000, 0x0000000088d00000| Untracked 
| 142|0x0000000088e00000, 0x0000000088e00000, 0x0000000088f00000|  0%| F|  |TAMS 0x0000000088e00000, 0x0000000088e00000| Untracked 
| 143|0x0000000088f00000, 0x0000000088f00000, 0x0000000089000000|  0%| F|  |TAMS 0x0000000088f00000, 0x0000000088f00000| Untracked 
| 144|0x0000000089000000, 0x0000000089000000, 0x0000000089100000|  0%| F|  |TAMS 0x0000000089000000, 0x0000000089000000| Untracked 
| 145|0x0000000089100000, 0x0000000089100000, 0x0000000089200000|  0%| F|  |TAMS 0x0000000089100000, 0x0000000089100000| Untracked 
| 146|0x0000000089200000, 0x0000000089200000, 0x0000000089300000|  0%| F|  |TAMS 0x0000000089200000, 0x0000000089200000| Untracked 
| 147|0x0000000089300000, 0x0000000089300000, 0x0000000089400000|  0%| F|  |TAMS 0x0000000089300000, 0x0000000089300000| Untracked 
| 148|0x0000000089400000, 0x0000000089400000, 0x0000000089500000|  0%| F|  |TAMS 0x0000000089400000, 0x0000000089400000| Untracked 
| 149|0x0000000089500000, 0x0000000089500000, 0x0000000089600000|  0%| F|  |TAMS 0x0000000089500000, 0x0000000089500000| Untracked 
| 150|0x0000000089600000, 0x0000000089600000, 0x0000000089700000|  0%| F|  |TAMS 0x0000000089600000, 0x0000000089600000| Untracked 
| 151|0x0000000089700000, 0x0000000089700000, 0x0000000089800000|  0%| F|  |TAMS 0x0000000089700000, 0x0000000089700000| Untracked 
| 152|0x0000000089800000, 0x0000000089800000, 0x0000000089900000|  0%| F|  |TAMS 0x0000000089800000, 0x0000000089800000| Untracked 
| 153|0x0000000089900000, 0x0000000089900000, 0x0000000089a00000|  0%| F|  |TAMS 0x0000000089900000, 0x0000000089900000| Untracked 
| 154|0x0000000089a00000, 0x0000000089a00000, 0x0000000089b00000|  0%| F|  |TAMS 0x0000000089a00000, 0x0000000089a00000| Untracked 
| 155|0x0000000089b00000, 0x0000000089b00000, 0x0000000089c00000|  0%| F|  |TAMS 0x0000000089b00000, 0x0000000089b00000| Untracked 
| 156|0x0000000089c00000, 0x0000000089c00000, 0x0000000089d00000|  0%| F|  |TAMS 0x0000000089c00000, 0x0000000089c00000| Untracked 
| 157|0x0000000089d00000, 0x0000000089d00000, 0x0000000089e00000|  0%| F|  |TAMS 0x0000000089d00000, 0x0000000089d00000| Untracked 
| 158|0x0000000089e00000, 0x0000000089e00000, 0x0000000089f00000|  0%| F|  |TAMS 0x0000000089e00000, 0x0000000089e00000| Untracked 
| 159|0x0000000089f00000, 0x0000000089f00000, 0x000000008a000000|  0%| F|  |TAMS 0x0000000089f00000, 0x0000000089f00000| Untracked 
| 160|0x000000008a000000, 0x000000008a000000, 0x000000008a100000|  0%| F|  |TAMS 0x000000008a000000, 0x000000008a000000| Untracked 
| 161|0x000000008a100000, 0x000000008a100000, 0x000000008a200000|  0%| F|  |TAMS 0x000000008a100000, 0x000000008a100000| Untracked 
| 162|0x000000008a200000, 0x000000008a200000, 0x000000008a300000|  0%| F|  |TAMS 0x000000008a200000, 0x000000008a200000| Untracked 
| 163|0x000000008a300000, 0x000000008a300000, 0x000000008a400000|  0%| F|  |TAMS 0x000000008a300000, 0x000000008a300000| Untracked 
| 164|0x000000008a400000, 0x000000008a400000, 0x000000008a500000|  0%| F|  |TAMS 0x000000008a400000, 0x000000008a400000| Untracked 
| 165|0x000000008a500000, 0x000000008a500000, 0x000000008a600000|  0%| F|  |TAMS 0x000000008a500000, 0x000000008a500000| Untracked 
| 166|0x000000008a600000, 0x000000008a600000, 0x000000008a700000|  0%| F|  |TAMS 0x000000008a600000, 0x000000008a600000| Untracked 
| 167|0x000000008a700000, 0x000000008a700000, 0x000000008a800000|  0%| F|  |TAMS 0x000000008a700000, 0x000000008a700000| Untracked 
| 168|0x000000008a800000, 0x000000008a800000, 0x000000008a900000|  0%| F|  |TAMS 0x000000008a800000, 0x000000008a800000| Untracked 
| 169|0x000000008a900000, 0x000000008a900000, 0x000000008aa00000|  0%| F|  |TAMS 0x000000008a900000, 0x000000008a900000| Untracked 
| 170|0x000000008aa00000, 0x000000008aa00000, 0x000000008ab00000|  0%| F|  |TAMS 0x000000008aa00000, 0x000000008aa00000| Untracked 
| 171|0x000000008ab00000, 0x000000008ab00000, 0x000000008ac00000|  0%| F|  |TAMS 0x000000008ab00000, 0x000000008ab00000| Untracked 
| 172|0x000000008ac00000, 0x000000008ac00000, 0x000000008ad00000|  0%| F|  |TAMS 0x000000008ac00000, 0x000000008ac00000| Untracked 
| 173|0x000000008ad00000, 0x000000008ad00000, 0x000000008ae00000|  0%| F|  |TAMS 0x000000008ad00000, 0x000000008ad00000| Untracked 
| 174|0x000000008ae00000, 0x000000008ae00000, 0x000000008af00000|  0%| F|  |TAMS 0x000000008ae00000, 0x000000008ae00000| Untracked 
| 175|0x000000008af00000, 0x000000008af00000, 0x000000008b000000|  0%| F|  |TAMS 0x000000008af00000, 0x000000008af00000| Untracked 
| 176|0x000000008b000000, 0x000000008b000000, 0x000000008b100000|  0%| F|  |TAMS 0x000000008b000000, 0x000000008b000000| Untracked 
| 177|0x000000008b100000, 0x000000008b1d2ca0, 0x000000008b200000| 82%| E|  |TAMS 0x000000008b100000, 0x000000008b100000| Complete 
| 178|0x000000008b200000, 0x000000008b300000, 0x000000008b300000|100%| E|CS|TAMS 0x000000008b200000, 0x000000008b200000| Complete 
| 179|0x000000008b300000, 0x000000008b400000, 0x000000008b400000|100%| E|CS|TAMS 0x000000008b300000, 0x000000008b300000| Complete 
| 180|0x000000008b400000, 0x000000008b500000, 0x000000008b500000|100%| E|CS|TAMS 0x000000008b400000, 0x000000008b400000| Complete 
| 181|0x000000008b500000, 0x000000008b600000, 0x000000008b600000|100%| E|CS|TAMS 0x000000008b500000, 0x000000008b500000| Complete 
| 182|0x000000008b600000, 0x000000008b700000, 0x000000008b700000|100%| E|CS|TAMS 0x000000008b600000, 0x000000008b600000| Complete 
| 183|0x000000008b700000, 0x000000008b800000, 0x000000008b800000|100%| E|CS|TAMS 0x000000008b700000, 0x000000008b700000| Complete 
| 184|0x000000008b800000, 0x000000008b900000, 0x000000008b900000|100%| E|CS|TAMS 0x000000008b800000, 0x000000008b800000| Complete 
| 185|0x000000008b900000, 0x000000008ba00000, 0x000000008ba00000|100%| E|CS|TAMS 0x000000008b900000, 0x000000008b900000| Complete 
| 186|0x000000008ba00000, 0x000000008bb00000, 0x000000008bb00000|100%| E|CS|TAMS 0x000000008ba00000, 0x000000008ba00000| Complete 
| 187|0x000000008bb00000, 0x000000008bc00000, 0x000000008bc00000|100%| E|CS|TAMS 0x000000008bb00000, 0x000000008bb00000| Complete 
| 188|0x000000008bc00000, 0x000000008bd00000, 0x000000008bd00000|100%| E|CS|TAMS 0x000000008bc00000, 0x000000008bc00000| Complete 
| 189|0x000000008bd00000, 0x000000008be00000, 0x000000008be00000|100%| E|CS|TAMS 0x000000008bd00000, 0x000000008bd00000| Complete 
| 190|0x000000008be00000, 0x000000008bf00000, 0x000000008bf00000|100%| E|CS|TAMS 0x000000008be00000, 0x000000008be00000| Complete 
| 191|0x000000008bf00000, 0x000000008c000000, 0x000000008c000000|100%| E|CS|TAMS 0x000000008bf00000, 0x000000008bf00000| Complete 

Card table byte_map: [0x000001b776d20000,0x000001b777120000] _byte_map_base: 0x000001b776920000

Marking Bits (Prev, Next): (CMBitMap*) 0x000001b763b4c678, (CMBitMap*) 0x000001b763b4c6b0
 Prev Bits: [0x000001b777520000, 0x000001b779520000)
 Next Bits: [0x000001b779520000, 0x000001b77b520000)

Polling page: 0x000001b761aa0000

Metaspace:

Usage:
  Non-class:     48.13 MB capacity,    47.23 MB ( 98%) used,   830.52 KB (  2%) free+waste,    97.19 KB ( <1%) overhead. 
      Class:      6.92 MB capacity,     6.57 MB ( 95%) used,   318.52 KB (  4%) free+waste,    43.88 KB ( <1%) overhead. 
       Both:     55.06 MB capacity,    53.80 MB ( 98%) used,     1.12 MB (  2%) free+waste,   141.06 KB ( <1%) overhead. 

Virtual space:
  Non-class space:       50.00 MB reserved,      48.25 MB ( 97%) committed 
      Class space:        1.00 GB reserved,       7.00 MB ( <1%) committed 
             Both:        1.05 GB reserved,      55.25 MB (  5%) committed 

Chunk freelists:
   Non-Class:  56.00 KB
       Class:  15.00 KB
        Both:  71.00 KB

MaxMetaspaceSize: 17179869184.00 GB
CompressedClassSpaceSize: 1.00 GB
Initial GC threshold: 20.80 MB
Current GC threshold: 58.75 MB
CDS: off

CodeHeap 'non-profiled nmethods': size=120000Kb used=4364Kb max_used=4364Kb free=115635Kb
 bounds [0x000001b76f0c0000, 0x000001b76f510000, 0x000001b7765f0000]
CodeHeap 'profiled nmethods': size=120000Kb used=15575Kb max_used=15575Kb free=104424Kb
 bounds [0x000001b767b90000, 0x000001b768ad0000, 0x000001b76f0c0000]
CodeHeap 'non-nmethods': size=5760Kb used=2333Kb max_used=2366Kb free=3426Kb
 bounds [0x000001b7675f0000, 0x000001b767860000, 0x000001b767b90000]
 total_blobs=7514 nmethods=6680 adapters=746
 compilation: enabled
              stopped_count=0, restarted_count=0
 full_count=0

Compilation events (20 events):
Event: 20.410 Thread 0x000001b77e827800 nmethod 6625 0x000001b768ab1f90 code [0x000001b768ab21e0, 0x000001b768ab2d28]
Event: 20.410 Thread 0x000001b77e827800 6623       3       com.sun.org.apache.xerces.internal.dom.DeferredDocumentImpl::getPrevSibling (7 bytes)
Event: 20.410 Thread 0x000001b77e827800 nmethod 6623 0x000001b768ab3110 code [0x000001b768ab32c0, 0x000001b768ab33e8]
Event: 20.418 Thread 0x000001b77e827800 6626       1       org.gradle.internal.component.external.model.AbstractModuleComponentResolveMetadata::getModuleVersionId (5 bytes)
Event: 20.418 Thread 0x000001b77e827800 nmethod 6626 0x000001b76f4fa390 code [0x000001b76f4fa540, 0x000001b76f4fa5f8]
Event: 20.418 Thread 0x000001b77e827800 6627  s    3       java.io.BufferedInputStream::reset (31 bytes)
Event: 20.418 Thread 0x000001b77e827800 nmethod 6627 0x000001b768ab3490 code [0x000001b768ab3680, 0x000001b768ab3b98]
Event: 20.419 Thread 0x000001b77e827800 6629       3       org.gradle.api.internal.artifacts.ivyservice.ivyresolve.strategy.CachingVersionSelectorScheme::renderSelector (11 bytes)
Event: 20.419 Thread 0x000001b77e827800 nmethod 6629 0x000001b768ab3d10 code [0x000001b768ab3ec0, 0x000001b768ab4088]
Event: 20.419 Thread 0x000001b77e827800 6630       3       org.gradle.api.internal.artifacts.ivyservice.ivyresolve.strategy.DefaultVersionSelectorScheme::renderSelector (7 bytes)
Event: 20.419 Thread 0x000001b77e827800 nmethod 6630 0x000001b768ab4190 code [0x000001b768ab4340, 0x000001b768ab4508]
Event: 20.419 Thread 0x000001b74012d000 6621       4       com.sun.org.apache.xerces.internal.impl.XMLEntityScanner::scanContent (690 bytes)
Event: 20.433 Thread 0x000001b74012d000 nmethod 6621 0x000001b76f4fa690 code [0x000001b76f4fa880, 0x000001b76f4fb3a8]
Event: 20.433 Thread 0x000001b74012d000 6624       4       com.sun.org.apache.xerces.internal.dom.DeferredDocumentImpl::getNodeExtra (49 bytes)
Event: 20.434 Thread 0x000001b74012d000 nmethod 6624 0x000001b76f4fb990 code [0x000001b76f4fbb40, 0x000001b76f4fbcd8]
Event: 20.434 Thread 0x000001b74012d000 6628       4       org.gradle.api.internal.artifacts.ivyservice.ivyresolve.parser.PomReader::replaceProps (18 bytes)
Event: 20.458 Thread 0x000001b77e827800 6631       3       org.apache.http.message.AbstractHttpMessage::getHeaders (9 bytes)
Event: 20.458 Thread 0x000001b77e827800 nmethod 6631 0x000001b768ab4610 code [0x000001b768ab47c0, 0x000001b768ab4908]
Event: 20.458 Thread 0x000001b77e827800 6632       3       org.gradle.internal.operations.notify.BuildOperationNotificationBridge$RecordingListener::finished (12 bytes)
Event: 20.458 Thread 0x000001b77e827800 nmethod 6632 0x000001b768ab4a10 code [0x000001b768ab4bc0, 0x000001b768ab4d88]

GC Heap History (20 events):
Event: 1.884 GC heap before
{Heap before GC invocations=1 (full 0):
 garbage-first heap   total 196608K, used 76048K [0x0000000080000000, 0x0000000100000000)
  region size 1024K, 72 young (73728K), 3 survivors (3072K)
 Metaspace       used 20734K, capacity 21140K, committed 21248K, reserved 1067008K
  class space    used 2606K, capacity 2755K, committed 2816K, reserved 1048576K
}
Event: 1.901 GC heap after
{Heap after GC invocations=2 (full 0):
 garbage-first heap   total 196608K, used 14820K [0x0000000080000000, 0x0000000100000000)
  region size 1024K, 11 young (11264K), 11 survivors (11264K)
 Metaspace       used 20734K, capacity 21140K, committed 21248K, reserved 1067008K
  class space    used 2606K, capacity 2755K, committed 2816K, reserved 1048576K
}
Event: 8.169 GC heap before
{Heap before GC invocations=3 (full 0):
 garbage-first heap   total 196608K, used 69092K [0x0000000080000000, 0x0000000100000000)
  region size 1024K, 55 young (56320K), 11 survivors (11264K)
 Metaspace       used 27593K, capacity 28199K, committed 28416K, reserved 1073152K
  class space    used 3515K, capacity 3758K, committed 3840K, reserved 1048576K
}
Event: 8.183 GC heap after
{Heap after GC invocations=4 (full 0):
 garbage-first heap   total 196608K, used 29697K [0x0000000080000000, 0x0000000100000000)
  region size 1024K, 5 young (5120K), 5 survivors (5120K)
 Metaspace       used 27593K, capacity 28199K, committed 28416K, reserved 1073152K
  class space    used 3515K, capacity 3758K, committed 3840K, reserved 1048576K
}
Event: 9.012 GC heap before
{Heap before GC invocations=4 (full 0):
 garbage-first heap   total 196608K, used 69633K [0x0000000080000000, 0x0000000100000000)
  region size 1024K, 43 young (44032K), 5 survivors (5120K)
 Metaspace       used 35103K, capacity 35737K, committed 35840K, reserved 1081344K
  class space    used 4249K, capacity 4520K, committed 4608K, reserved 1048576K
}
Event: 9.032 GC heap after
{Heap after GC invocations=5 (full 0):
 garbage-first heap   total 196608K, used 33174K [0x0000000080000000, 0x0000000100000000)
  region size 1024K, 9 young (9216K), 9 survivors (9216K)
 Metaspace       used 35103K, capacity 35737K, committed 35840K, reserved 1081344K
  class space    used 4249K, capacity 4520K, committed 4608K, reserved 1048576K
}
Event: 9.821 GC heap before
{Heap before GC invocations=6 (full 0):
 garbage-first heap   total 196608K, used 114070K [0x0000000080000000, 0x0000000100000000)
  region size 1024K, 88 young (90112K), 9 survivors (9216K)
 Metaspace       used 38686K, capacity 39397K, committed 39424K, reserved 1083392K
  class space    used 4837K, capacity 5098K, committed 5120K, reserved 1048576K
}
Event: 9.839 GC heap after
{Heap after GC invocations=7 (full 0):
 garbage-first heap   total 196608K, used 35744K [0x0000000080000000, 0x0000000100000000)
  region size 1024K, 7 young (7168K), 7 survivors (7168K)
 Metaspace       used 38686K, capacity 39397K, committed 39424K, reserved 1083392K
  class space    used 4837K, capacity 5098K, committed 5120K, reserved 1048576K
}
Event: 10.095 GC heap before
{Heap before GC invocations=7 (full 0):
 garbage-first heap   total 196608K, used 138144K [0x0000000080000000, 0x0000000100000000)
  region size 1024K, 107 young (109568K), 7 survivors (7168K)
 Metaspace       used 38686K, capacity 39397K, committed 39424K, reserved 1083392K
  class space    used 4837K, capacity 5098K, committed 5120K, reserved 1048576K
}
Event: 10.118 GC heap after
{Heap after GC invocations=8 (full 0):
 garbage-first heap   total 196608K, used 37845K [0x0000000080000000, 0x0000000100000000)
  region size 1024K, 9 young (9216K), 9 survivors (9216K)
 Metaspace       used 38686K, capacity 39397K, committed 39424K, reserved 1083392K
  class space    used 4837K, capacity 5098K, committed 5120K, reserved 1048576K
}
Event: 11.959 GC heap before
{Heap before GC invocations=8 (full 0):
 garbage-first heap   total 196608K, used 146389K [0x0000000080000000, 0x0000000100000000)
  region size 1024K, 115 young (117760K), 9 survivors (9216K)
 Metaspace       used 39237K, capacity 39951K, committed 40064K, reserved 1083392K
  class space    used 4883K, capacity 5151K, committed 5248K, reserved 1048576K
}
Event: 11.971 GC heap after
{Heap after GC invocations=9 (full 0):
 garbage-first heap   total 196608K, used 35275K [0x0000000080000000, 0x0000000100000000)
  region size 1024K, 3 young (3072K), 3 survivors (3072K)
 Metaspace       used 39237K, capacity 39951K, committed 40064K, reserved 1083392K
  class space    used 4883K, capacity 5151K, committed 5248K, reserved 1048576K
}
Event: 12.423 GC heap before
{Heap before GC invocations=9 (full 0):
 garbage-first heap   total 196608K, used 149963K [0x0000000080000000, 0x0000000100000000)
  region size 1024K, 115 young (117760K), 3 survivors (3072K)
 Metaspace       used 39237K, capacity 39951K, committed 40064K, reserved 1083392K
  class space    used 4883K, capacity 5151K, committed 5248K, reserved 1048576K
}
Event: 12.434 GC heap after
{Heap after GC invocations=10 (full 0):
 garbage-first heap   total 196608K, used 37686K [0x0000000080000000, 0x0000000100000000)
  region size 1024K, 5 young (5120K), 5 survivors (5120K)
 Metaspace       used 39237K, capacity 39951K, committed 40064K, reserved 1083392K
  class space    used 4883K, capacity 5151K, committed 5248K, reserved 1048576K
}
Event: 12.759 GC heap before
{Heap before GC invocations=10 (full 0):
 garbage-first heap   total 196608K, used 150326K [0x0000000080000000, 0x0000000100000000)
  region size 1024K, 115 young (117760K), 5 survivors (5120K)
 Metaspace       used 39246K, capacity 39951K, committed 40064K, reserved 1083392K
  class space    used 4883K, capacity 5151K, committed 5248K, reserved 1048576K
}
Event: 12.765 GC heap after
{Heap after GC invocations=11 (full 0):
 garbage-first heap   total 196608K, used 35780K [0x0000000080000000, 0x0000000100000000)
  region size 1024K, 3 young (3072K), 3 survivors (3072K)
 Metaspace       used 39246K, capacity 39951K, committed 40064K, reserved 1083392K
  class space    used 4883K, capacity 5151K, committed 5248K, reserved 1048576K
}
Event: 14.227 GC heap before
{Heap before GC invocations=11 (full 0):
 garbage-first heap   total 196608K, used 150468K [0x0000000080000000, 0x0000000100000000)
  region size 1024K, 115 young (117760K), 3 survivors (3072K)
 Metaspace       used 44917K, capacity 45976K, committed 46208K, reserved 1089536K
  class space    used 5622K, capacity 5938K, committed 6016K, reserved 1048576K
}
Event: 14.237 GC heap after
{Heap after GC invocations=12 (full 0):
 garbage-first heap   total 196608K, used 39927K [0x0000000080000000, 0x0000000100000000)
  region size 1024K, 7 young (7168K), 7 survivors (7168K)
 Metaspace       used 44917K, capacity 45976K, committed 46208K, reserved 1089536K
  class space    used 5622K, capacity 5938K, committed 6016K, reserved 1048576K
}
Event: 19.720 GC heap before
{Heap before GC invocations=12 (full 0):
 garbage-first heap   total 196608K, used 149495K [0x0000000080000000, 0x0000000100000000)
  region size 1024K, 115 young (117760K), 7 survivors (7168K)
 Metaspace       used 54864K, capacity 56185K, committed 56320K, reserved 1097728K
  class space    used 6721K, capacity 7089K, committed 7168K, reserved 1048576K
}
Event: 19.739 GC heap after
{Heap after GC invocations=13 (full 0):
 garbage-first heap   total 196608K, used 46133K [0x0000000080000000, 0x0000000100000000)
  region size 1024K, 13 young (13312K), 13 survivors (13312K)
 Metaspace       used 54864K, capacity 56185K, committed 56320K, reserved 1097728K
  class space    used 6721K, capacity 7089K, committed 7168K, reserved 1048576K
}

Deoptimization events (20 events):
Event: 20.236 Thread 0x000001b742d69000 Uncommon trap: trap_request=0xffffff4d fr.pc=0x000001b76f488414 relative=0x0000000000000914
Event: 20.236 Thread 0x000001b742d69000 Uncommon trap: reason=unstable_if action=reinterpret pc=0x000001b76f488414 method=com.sun.org.apache.xerces.internal.impl.XMLEntityScanner.scanData(Ljava/lang/String;Lcom/sun/org/apache/xerces/internal/util/XMLStringBuffer;I)Z @ 925 c2
Event: 20.236 Thread 0x000001b742d69000 DEOPT PACKING pc=0x000001b76f488414 sp=0x00000001033fcd30
Event: 20.236 Thread 0x000001b742d69000 DEOPT UNPACKING pc=0x000001b76763a1af sp=0x00000001033fcce0 mode 2
Event: 20.236 Thread 0x000001b742d69000 Uncommon trap: trap_request=0xffffff4d fr.pc=0x000001b76f4d6818 relative=0x0000000000000718
Event: 20.236 Thread 0x000001b742d69000 Uncommon trap: reason=unstable_if action=reinterpret pc=0x000001b76f4d6818 method=com.sun.org.apache.xerces.internal.impl.XMLEntityScanner.scanContent(Lcom/sun/org/apache/xerces/internal/xni/XMLString;)I @ 670 c2
Event: 20.236 Thread 0x000001b742d69000 DEOPT PACKING pc=0x000001b76f4d6818 sp=0x00000001033fcee0
Event: 20.236 Thread 0x000001b742d69000 DEOPT UNPACKING pc=0x000001b76763a1af sp=0x00000001033fce80 mode 2
Event: 20.237 Thread 0x000001b742d69000 Uncommon trap: trap_request=0xffffff4d fr.pc=0x000001b76f472b4c relative=0x00000000000003ec
Event: 20.237 Thread 0x000001b742d69000 Uncommon trap: reason=unstable_if action=reinterpret pc=0x000001b76f472b4c method=com.sun.org.apache.xerces.internal.dom.DeferredDocumentImpl.getPrevSibling(IZ)I @ 86 c2
Event: 20.237 Thread 0x000001b742d69000 DEOPT PACKING pc=0x000001b76f472b4c sp=0x00000001033fd400
Event: 20.237 Thread 0x000001b742d69000 DEOPT UNPACKING pc=0x000001b76763a1af sp=0x00000001033fd2c8 mode 2
Event: 20.237 Thread 0x000001b742d69000 Uncommon trap: trap_request=0xffffff4d fr.pc=0x000001b76f4618c0 relative=0x0000000000000100
Event: 20.237 Thread 0x000001b742d69000 Uncommon trap: reason=unstable_if action=reinterpret pc=0x000001b76f4618c0 method=com.sun.org.apache.xerces.internal.dom.DeferredDocumentImpl.getPrevSibling(IZ)I @ 86 c2
Event: 20.237 Thread 0x000001b742d69000 DEOPT PACKING pc=0x000001b76f4618c0 sp=0x00000001033fd3a0
Event: 20.237 Thread 0x000001b742d69000 DEOPT UNPACKING pc=0x000001b76763a1af sp=0x00000001033fd2c0 mode 2
Event: 20.408 Thread 0x000001b742d69000 Uncommon trap: trap_request=0xffffff4d fr.pc=0x000001b76f448c14 relative=0x0000000000000ad4
Event: 20.408 Thread 0x000001b742d69000 Uncommon trap: reason=unstable_if action=reinterpret pc=0x000001b76f448c14 method=com.sun.org.apache.xerces.internal.dom.DeferredDocumentImpl.ensureCapacity(I)V @ 281 c2
Event: 20.408 Thread 0x000001b742d69000 DEOPT PACKING pc=0x000001b76f448c14 sp=0x00000001033fbcb0
Event: 20.408 Thread 0x000001b742d69000 DEOPT UNPACKING pc=0x000001b76763a1af sp=0x00000001033fbc58 mode 2

Classes redefined (0 events):
No events

Internal exceptions (20 events):
Event: 14.070 Thread 0x000001b7409ae000 Exception <a 'java/lang/ClassNotFoundException'{0x0000000085954a18}: org/codehaus/groovy/runtime/GStringImplBeanInfo> (0x0000000085954a18) thrown at [./src/hotspot/share/classfile/systemDictionary.cpp, line 231]
Event: 14.070 Thread 0x000001b7409ae000 Exception <a 'java/security/PrivilegedActionException'{0x000000008595ba10}> (0x000000008595ba10) thrown at [./src/hotspot/share/prims/jvm.cpp, line 1306]
Event: 14.070 Thread 0x000001b7409ae000 Exception <a 'java/security/PrivilegedActionException'{0x000000008595ccd0}> (0x000000008595ccd0) thrown at [./src/hotspot/share/prims/jvm.cpp, line 1306]
Event: 14.070 Thread 0x000001b7409ae000 Exception <a 'java/security/PrivilegedActionException'{0x0000000085967c68}> (0x0000000085967c68) thrown at [./src/hotspot/share/prims/jvm.cpp, line 1306]
Event: 14.070 Thread 0x000001b7409ae000 Exception <a 'java/security/PrivilegedActionException'{0x0000000085968f28}> (0x0000000085968f28) thrown at [./src/hotspot/share/prims/jvm.cpp, line 1306]
Event: 14.071 Thread 0x000001b7409ae000 Exception <a 'java/security/PrivilegedActionException'{0x0000000085971528}> (0x0000000085971528) thrown at [./src/hotspot/share/prims/jvm.cpp, line 1306]
Event: 14.071 Thread 0x000001b7409ae000 Exception <a 'java/security/PrivilegedActionException'{0x00000000859727e8}> (0x00000000859727e8) thrown at [./src/hotspot/share/prims/jvm.cpp, line 1306]
Event: 14.071 Thread 0x000001b7409ae000 Exception <a 'java/lang/ClassNotFoundException'{0x000000008597b240}: org/codehaus/groovy/runtime/GStringImplCustomizer> (0x000000008597b240) thrown at [./src/hotspot/share/classfile/systemDictionary.cpp, line 231]
Event: 14.414 Thread 0x000001b742d6c800 Exception <a 'sun/nio/fs/WindowsException'{0x000000008b83c918}> (0x000000008b83c918) thrown at [./src/hotspot/share/prims/jni.cpp, line 615]
Event: 14.420 Thread 0x000001b742d6c800 Exception <a 'java/lang/NoSuchMethodError'{0x000000008b85c558}: 'int java.lang.invoke.DirectMethodHandle$Holder.invokeStaticInit(java.lang.Object, java.lang.Object, java.lang.Object, java.lang.Object)'> (0x000000008b85c558) thrown at [./src/hotspot/share/interpreter/linkResolver.cpp, line 773]
Event: 14.420 Thread 0x000001b742d6c800 Exception <a 'java/lang/IncompatibleClassChangeError'{0x000000008b865978}: Found class java.lang.Object, but interface was expected> (0x000000008b865978) thrown at [./src/hotspot/share/interpreter/linkResolver.cpp, line 839]
Event: 14.420 Thread 0x000001b742d6c800 Exception <a 'java/lang/NoSuchMethodError'{0x000000008b869000}: 'void java.lang.invoke.DirectMethodHandle$Holder.invokeStaticInit(java.lang.Object, java.lang.Object)'> (0x000000008b869000) thrown at [./src/hotspot/share/interpreter/linkResolver.cpp, line 773]
Event: 14.421 Thread 0x000001b742d6c800 Exception <a 'java/lang/NoSuchMethodError'{0x000000008b86eb10}: 'int java.lang.invoke.DirectMethodHandle$Holder.invokeStaticInit(java.lang.Object, java.lang.Object)'> (0x000000008b86eb10) thrown at [./src/hotspot/share/interpreter/linkResolver.cpp, line 773]
Event: 15.451 Thread 0x000001b7409ae000 Exception <a 'java/lang/NoSuchMethodError'{0x0000000089a2ee78}: 'java.lang.Object java.lang.invoke.DirectMethodHandle$Holder.invokeStatic(java.lang.Object, java.lang.Object, java.lang.Object, java.lang.Object, java.lang.Object, java.lang.Object, java.lang.Object, java.lang.Object, java.lang.Object, java.lang.Object, java.lang.Object, java.lang.Object, java.lang.Object, java.lang.Object, java.lang.Object)'> (0x0000000089a2ee78) thrown at [./src/hotspot/share/interpreter/linkResolver.cpp, line 773]
Event: 15.453 Thread 0x000001b7409ae000 Exception <a 'java/lang/NoSuchMethodError'{0x0000000089a3cf08}: 'java.lang.Object java.lang.invoke.DirectMethodHandle$Holder.invokeStatic(java.lang.Object, java.lang.Object, java.lang.Object, java.lang.Object, java.lang.Object, java.lang.Object, java.lang.Object, java.lang.Object, java.lang.Object, java.lang.Object, java.lang.Object, java.lang.Object, java.lang.Object, java.lang.Object, java.lang.Object, java.lang.Object)'> (0x0000000089a3cf08) thrown at [./src/hotspot/share/interpreter/linkResolver.cpp, l
Event: 15.454 Thread 0x000001b7409ae000 Exception <a 'java/lang/NoSuchMethodError'{0x0000000089a4bb68}: 'java.lang.Object java.lang.invoke.DirectMethodHandle$Holder.invokeSpecial(java.lang.Object, java.lang.Object, int, int, java.lang.Object, java.lang.Object, java.lang.Object)'> (0x0000000089a4bb68) thrown at [./src/hotspot/share/interpreter/linkResolver.cpp, line 773]
Event: 15.455 Thread 0x000001b7409ae000 Exception <a 'java/lang/NoSuchMethodError'{0x0000000089a500e8}: 'java.lang.Object java.lang.invoke.DelegatingMethodHandle$Holder.reinvoke_L(java.lang.Object, int, int, java.lang.Object, java.lang.Object, java.lang.Object)'> (0x0000000089a500e8) thrown at [./src/hotspot/share/interpreter/linkResolver.cpp, line 773]
Event: 15.456 Thread 0x000001b7409ae000 Exception <a 'java/lang/NoSuchMethodError'{0x0000000089a550b8}: 'java.lang.Object java.lang.invoke.DirectMethodHandle$Holder.invokeStatic(java.lang.Object, java.lang.Object, java.lang.Object, java.lang.Object, int)'> (0x0000000089a550b8) thrown at [./src/hotspot/share/interpreter/linkResolver.cpp, line 773]
Event: 15.520 Thread 0x000001b742d68800 Exception <a 'java/lang/NoSuchMethodError'{0x000000008940b580}: 'void java.lang.invoke.DirectMethodHandle$Holder.invokeSpecial(java.lang.Object, java.lang.Object, java.lang.Object, java.lang.Object)'> (0x000000008940b580) thrown at [./src/hotspot/share/interpreter/linkResolver.cpp, line 773]
Event: 15.520 Thread 0x000001b742d6c800 Exception <a 'java/lang/NoSuchMethodError'{0x00000000895e9dc8}: 'void java.lang.invoke.DirectMethodHandle$Holder.invokeSpecial(java.lang.Object, java.lang.Object, java.lang.Object, java.lang.Object)'> (0x00000000895e9dc8) thrown at [./src/hotspot/share/interpreter/linkResolver.cpp, line 773]

Events (20 events):
Event: 19.825 loading class org/gradle/api/internal/artifacts/ivyservice/resolveengine/graph/selectors/SelectorStateResolverResults$Registration done
Event: 19.826 loading class org/gradle/api/internal/artifacts/ivyservice/resolveengine/graph/conflicts/DefaultConflictResolverDetails
Event: 19.826 loading class org/gradle/api/internal/artifacts/ivyservice/resolveengine/graph/conflicts/DefaultConflictResolverDetails done
Event: 19.827 loading class org/gradle/api/internal/artifacts/ivyservice/resolveengine/graph/conflicts/CompositeConflictResolver$CompositeDetails
Event: 19.827 loading class org/gradle/api/internal/artifacts/ivyservice/resolveengine/graph/conflicts/CompositeConflictResolver$CompositeDetails done
Event: 19.827 loading class org/gradle/api/internal/artifacts/ivyservice/ivyresolve/strategy/VersionParser$DefaultVersion
Event: 19.827 loading class org/gradle/api/internal/artifacts/ivyservice/ivyresolve/strategy/VersionParser$DefaultVersion done
Event: 19.828 loading class com/google/common/primitives/Longs$AsciiDigits
Event: 19.828 loading class com/google/common/primitives/Longs$AsciiDigits done
Event: 19.829 loading class org/gradle/api/internal/artifacts/ivyservice/resolveengine/graph/conflicts/VersionConflictResolutionDetails
Event: 19.829 loading class org/gradle/api/internal/artifacts/ivyservice/resolveengine/graph/conflicts/VersionConflictResolutionDetails done
Event: 20.051 Thread 0x000001b7454fa800 Thread exited: 0x000001b7454fa800
Event: 20.060 Thread 0x000001b744b2e800 Thread exited: 0x000001b744b2e800
Event: 20.405 loading class com/sun/org/apache/xerces/internal/util/EncodingMap
Event: 20.406 loading class com/sun/org/apache/xerces/internal/util/EncodingMap done
Event: 20.406 loading class sun/nio/cs/ISO_8859_1$Decoder
Event: 20.406 loading class sun/nio/cs/ISO_8859_1$Decoder done
Event: 20.414 Executing VM operation: RevokeBias
Event: 20.415 Executing VM operation: RevokeBias done
Event: 20.419 Thread 0x000001b74012d000 Thread added: 0x000001b74012d000


Dynamic libraries:
0x00007ff6fb800000 - 0x00007ff6fb80a000 	F:\AndroidStudio\jre\bin\java.exe
0x00007ff99d860000 - 0x00007ff99da50000 	C:\Windows\SYSTEM32\ntdll.dll
0x00007ff99d260000 - 0x00007ff99d312000 	C:\Windows\System32\KERNEL32.DLL
0x00007ff99b1e0000 - 0x00007ff99b482000 	C:\Windows\System32\KERNELBASE.dll
0x00007ff99b630000 - 0x00007ff99b72a000 	C:\Windows\System32\ucrtbase.dll
0x00007ff96efc0000 - 0x00007ff96efd9000 	F:\AndroidStudio\jre\bin\jli.dll
0x00007ff971220000 - 0x00007ff971237000 	F:\AndroidStudio\jre\bin\VCRUNTIME140.dll
0x00007ff99c590000 - 0x00007ff99c723000 	C:\Windows\System32\USER32.dll
0x00007ff99b7b0000 - 0x00007ff99b7d1000 	C:\Windows\System32\win32u.dll
0x00007ff97bf10000 - 0x00007ff97c195000 	C:\Windows\WinSxS\amd64_microsoft.windows.common-controls_6595b64144ccf1df_6.0.18362.30_none_a1435978519dce7f\COMCTL32.dll
0x00007ff99b9e0000 - 0x00007ff99ba06000 	C:\Windows\System32\GDI32.dll
0x00007ff99bea0000 - 0x00007ff99bf3e000 	C:\Windows\System32\msvcrt.dll
0x00007ff99b490000 - 0x00007ff99b624000 	C:\Windows\System32\gdi32full.dll
0x00007ff99b140000 - 0x00007ff99b1de000 	C:\Windows\System32\msvcp_win.dll
0x00007ff99d4e0000 - 0x00007ff99d816000 	C:\Windows\System32\combase.dll
0x00007ff99ba90000 - 0x00007ff99bbb0000 	C:\Windows\System32\RPCRT4.dll
0x00007ff99b7e0000 - 0x00007ff99b861000 	C:\Windows\System32\bcryptPrimitives.dll
0x00007ff99c460000 - 0x00007ff99c48e000 	C:\Windows\System32\IMM32.DLL
0x00007ff946960000 - 0x00007ff9469fd000 	F:\AndroidStudio\jre\bin\msvcp140.dll
0x00007ff940e30000 - 0x00007ff941915000 	F:\AndroidStudio\jre\bin\server\jvm.dll
0x00007ff99b930000 - 0x00007ff99b9d3000 	C:\Windows\System32\ADVAPI32.dll
0x00007ff99c870000 - 0x00007ff99c907000 	C:\Windows\System32\sechost.dll
0x00007ff99bbb0000 - 0x00007ff99bbb8000 	C:\Windows\System32\PSAPI.DLL
0x00007ff9808b0000 - 0x00007ff9808b9000 	C:\Windows\SYSTEM32\WSOCK32.dll
0x00007ff997620000 - 0x00007ff997644000 	C:\Windows\SYSTEM32\WINMM.dll
0x00007ff993e90000 - 0x00007ff993e9a000 	C:\Windows\SYSTEM32\VERSION.dll
0x00007ff99c520000 - 0x00007ff99c58f000 	C:\Windows\System32\WS2_32.dll
0x00007ff997190000 - 0x00007ff9971bd000 	C:\Windows\SYSTEM32\winmmbase.dll
0x00007ff99b730000 - 0x00007ff99b77a000 	C:\Windows\System32\cfgmgr32.dll
0x00007ff99a740000 - 0x00007ff99a751000 	C:\Windows\System32\kernel.appcore.dll
0x00007ff9866c0000 - 0x00007ff9866d1000 	F:\AndroidStudio\jre\bin\verify.dll
0x00007ff999080000 - 0x00007ff999274000 	C:\Windows\SYSTEM32\DBGHELP.DLL
0x00007ff97f1b0000 - 0x00007ff97f1da000 	C:\Windows\SYSTEM32\dbgcore.DLL
0x00007ff97bbb0000 - 0x00007ff97bbd9000 	F:\AndroidStudio\jre\bin\java.dll
0x00007ff9938a0000 - 0x00007ff9938ab000 	F:\AndroidStudio\jre\bin\jimage.dll
0x00007ff981430000 - 0x00007ff981448000 	F:\AndroidStudio\jre\bin\zip.dll
0x00007ff99cb80000 - 0x00007ff99d260000 	C:\Windows\System32\SHELL32.dll
0x00007ff99bf40000 - 0x00007ff99bfe9000 	C:\Windows\System32\shcore.dll
0x00007ff99a7f0000 - 0x00007ff99af6b000 	C:\Windows\System32\windows.storage.dll
0x00007ff99a7d0000 - 0x00007ff99a7ef000 	C:\Windows\System32\profapi.dll
0x00007ff99a760000 - 0x00007ff99a7aa000 	C:\Windows\System32\powrprof.dll
0x00007ff99a730000 - 0x00007ff99a740000 	C:\Windows\System32\UMPDC.dll
0x00007ff99cb20000 - 0x00007ff99cb72000 	C:\Windows\System32\shlwapi.dll
0x00007ff99afd0000 - 0x00007ff99afe7000 	C:\Windows\System32\cryptsp.dll
0x00007ff980860000 - 0x00007ff98087a000 	F:\AndroidStudio\jre\bin\net.dll
0x00007ff993040000 - 0x00007ff99312f000 	C:\Windows\SYSTEM32\WINHTTP.dll
0x00007ff999fa0000 - 0x00007ff99a007000 	C:\Windows\system32\mswsock.dll
0x00007ff97e990000 - 0x00007ff97e9a4000 	F:\AndroidStudio\jre\bin\nio.dll
0x00007ff996710000 - 0x00007ff99672e000 	F:\AndroidStudio\jre\native\25\windows-amd64\native-platform.dll
0x00007ff993130000 - 0x00007ff99313a000 	F:\AndroidStudio\jre\bin\management.dll
0x00007ff9900d0000 - 0x00007ff9900dd000 	F:\AndroidStudio\jre\bin\management_ext.dll
0x00007ff999b60000 - 0x00007ff999b93000 	C:\Windows\system32\rsaenh.dll
0x00007ff99b780000 - 0x00007ff99b7a6000 	C:\Windows\System32\bcrypt.dll
0x00007ff99a620000 - 0x00007ff99a645000 	C:\Windows\SYSTEM32\USERENV.dll
0x00007ff99a170000 - 0x00007ff99a17c000 	C:\Windows\SYSTEM32\CRYPTBASE.dll
0x00007ff999d00000 - 0x00007ff999d3a000 	C:\Windows\SYSTEM32\IPHLPAPI.DLL
0x00007ff99c510000 - 0x00007ff99c518000 	C:\Windows\System32\NSI.dll
0x00007ff98b350000 - 0x00007ff98b366000 	C:\Windows\SYSTEM32\dhcpcsvc6.DLL
0x00007ff98fc70000 - 0x00007ff98fc8c000 	C:\Windows\SYSTEM32\dhcpcsvc.DLL
0x00007ff999d40000 - 0x00007ff999e0a000 	C:\Windows\SYSTEM32\DNSAPI.dll
0x00007ff9966d0000 - 0x00007ff9966f7000 	F:\AndroidStudio\jre\bin\sunec.dll
0x00007ff985ee0000 - 0x00007ff985eea000 	C:\Windows\System32\rasadhlp.dll
0x00007ff98a090000 - 0x00007ff98a107000 	C:\Windows\System32\fwpuclnt.dll

dbghelp: loaded successfully - version: 4.0.5 - missing functions: none
symbol engine: initialized successfully - sym options: 0x614 - pdb path: .;F:\AndroidStudio\jre\bin;C:\Windows\SYSTEM32;C:\Windows\WinSxS\amd64_microsoft.windows.common-controls_6595b64144ccf1df_6.0.18362.30_none_a1435978519dce7f;F:\AndroidStudio\jre\bin\server;F:\AndroidStudio\jre\native\25\windows-amd64

VM Arguments:
jvm_args: --add-opens=java.base/java.util=ALL-UNNAMED --add-opens=java.base/java.lang=ALL-UNNAMED --add-opens=java.base/java.lang.invoke=ALL-UNNAMED --add-opens=java.prefs/java.util.prefs=ALL-UNNAMED -Xmx2048m -Dfile.encoding=UTF-8 -Duser.country=CA -Duser.language=en -Duser.variant 
java_command: org.gradle.launcher.daemon.bootstrap.GradleDaemon 5.0
java_class_path (initial): F:\AndroidStudio\jre\wrapper\dists\gradle-5.0-bin\pu5208521seraqlersebvqk\gradle-5.0\lib\gradle-launcher-5.0.jar
Launcher Type: SUN_STANDARD

[Global flags]
     intx CICompilerCount                          = 4                                         {product} {ergonomic}
     uint ConcGCThreads                            = 2                                         {product} {ergonomic}
     uint G1ConcRefinementThreads                  = 8                                         {product} {ergonomic}
   size_t G1HeapRegionSize                         = 1048576                                   {product} {ergonomic}
    uintx GCDrainStackTargetSize                   = 64                                        {product} {ergonomic}
   size_t InitialHeapSize                          = 201326592                                 {product} {ergonomic}
   size_t MarkStackSize                            = 4194304                                   {product} {ergonomic}
   size_t MaxHeapSize                              = 2147483648                                {product} {command line}
   size_t MaxNewSize                               = 1287651328                                {product} {ergonomic}
   size_t MinHeapDeltaBytes                        = 1048576                                   {product} {ergonomic}
    uintx NonNMethodCodeHeapSize                   = 5836300                                {pd product} {ergonomic}
    uintx NonProfiledCodeHeapSize                  = 122910970                              {pd product} {ergonomic}
    uintx ProfiledCodeHeapSize                     = 122910970                              {pd product} {ergonomic}
    uintx ReservedCodeCacheSize                    = 251658240                              {pd product} {ergonomic}
     bool SegmentedCodeCache                       = true                                      {product} {ergonomic}
     bool UseCompressedClassPointers               = true                                 {lp64_product} {ergonomic}
     bool UseCompressedOops                        = true                                 {lp64_product} {ergonomic}
     bool UseG1GC                                  = true                                      {product} {ergonomic}
     bool UseLargePagesIndividualAllocation        = false                                  {pd product} {ergonomic}

Logging:
Log output configuration:
 #0: stdout all=warning uptime,level,tags
 #1: stderr all=off uptime,level,tags

Environment Variables:
JAVA_HOME=F:\IntelliJ IDEA Community Edition 2022.1\jbr
PATH=C:\Windows\system32;C:\Windows;C:\Windows\System32\Wbem;C:\Windows\System32\WindowsPowerShell\v1.0\;C:\Windows\System32\OpenSSH\;C:\Program Files (x86)\NVIDIA Corporation\PhysX\Common;C:\Program Files\Microsoft SQL Server\130\Tools\Binn\;C:\Program Files (x86)\Common Files\lenovo\easyplussdk\bin;C:\Program Files\NVIDIA Corporation\NVIDIA NvDLISR;C:\Program Files\Intel\WiFi\bin\;C:\Program Files\Common Files\Intel\WirelessCommon\;C:\ProgramData\chocolatey\bin;C:\Program Files\dotnet\;C:\Program Files\Git\cmd;F:\Python310\Scripts\;F:\Python310\;C:\Program Files\Intel\WiFi\bin\;C:\Program Files\Common Files\Intel\WirelessCommon\;C:\Users\mojan\.dotnet\tools;C:\Users\mojan\AppData\Roaming\Pub\Cache\bin;F:\Microsoft VS Code\bin;C:\Program Files\mingw-w64\x86_64-8.1.0-posix-seh-rt_v6-rev0\mingw64\bin;C:\Users\mojan\.dotnet\tools;F:\PyCharm Community Edition 2021.3.3\bin;;F:\Java18\bin;F:\IntelliJ IDEA Community Edition 2022.1\bin;
USERNAME=mojan
OS=Windows_NT
PROCESSOR_IDENTIFIER=Intel64 Family 6 Model 142 Stepping 10, GenuineIntel



---------------  S Y S T E M  ---------------

OS: Windows 10 , 64 bit Build 18362 (10.0.18362.1)
OS uptime: 0 days 4:33 hours

CPU:total 8 (initial active 8) (4 cores per cpu, 2 threads per core) family 6 model 142 stepping 10 microcode 0x96, cmov, cx8, fxsr, mmx, sse, sse2, sse3, ssse3, sse4.1, sse4.2, popcnt, avx, avx2, aes, clmul, erms, 3dnowpref, lzcnt, ht, tsc, tscinvbit, bmi1, bmi2, adx, fma

Memory: 4k page, system-wide physical 12166M (2146M free)
TotalPageFile size 12166M (AvailPageFile size 7M)
current process WorkingSet (physical memory assigned to process): 346M, peak: 350M
current process commit charge ("private bytes"): 417M, peak: 420M

vm_info: OpenJDK 64-Bit Server VM (11.0.12+7-b1504.28-7817840) for windows-amd64 JRE (11.0.12+7-b1504.28-7817840), built on Oct 13 2021 22:12:33 by "builder" with MS VC++ 14.0 (VS2015)

END.
