#
# There is insufficient memory for the Java Runtime Environment to continue.
# Native memory allocation (malloc) failed to allocate 1389296 bytes for Chunk::new
# Possible reasons:
#   The system is out of physical RAM or swap space
#   The process is running with CompressedOops enabled, and the Java Heap may be blocking the growth of the native heap
# Possible solutions:
#   Reduce memory load on the system
#   Increase physical memory or swap space
#   Check if swap backing store is full
#   Decrease Java heap size (-Xmx/-Xms)
#   Decrease number of Java threads
#   Decrease Java thread stack sizes (-Xss)
#   Set larger code cache with -XX:ReservedCodeCacheSize=
#   JVM is running with Unscaled Compressed Oops mode in which the Java heap is
#     placed in the first 4GB address space. The Java Heap base address is the
#     maximum limit for the native heap growth. Please use -XX:HeapBaseMinAddress
#     to set the Java Heap base and to place the Java Heap above 4GB virtual address.
# This output file may be truncated or incomplete.
#
#  Out of Memory Error (./src/hotspot/share/memory/arena.cpp:197), pid=616, tid=908
#
# JRE version: OpenJDK Runtime Environment (11.0.10) (build 11.0.10+0-b96-7249189)
# Java VM: OpenJDK 64-Bit Server VM (11.0.10+0-b96-7249189, mixed mode, tiered, compressed oops, g1 gc, windows-amd64)
# No core dump will be written. Minidumps are not enabled by default on client versions of Windows
#

---------------  S U M M A R Y ------------

Command Line: --add-opens=java.base/java.util=ALL-UNNAMED --add-opens=java.base/java.lang=ALL-UNNAMED --add-opens=java.base/java.lang.invoke=ALL-UNNAMED --add-opens=java.base/java.util=ALL-UNNAMED --add-opens=java.prefs/java.util.prefs=ALL-UNNAMED --add-opens=java.prefs/java.util.prefs=ALL-UNNAMED --add-opens=java.base/java.nio.charset=ALL-UNNAMED --add-opens=java.base/java.net=ALL-UNNAMED --add-opens=java.base/java.util.concurrent.atomic=ALL-UNNAMED -Xmx2048m -Dfile.encoding=UTF-8 -Duser.country=CA -Duser.language=en -Duser.variant org.gradle.launcher.daemon.bootstrap.GradleDaemon 7.0.2

Host: Intel(R) Core(TM) i7-8550U CPU @ 1.80GHz, 8 cores, 11G,  Windows 10 , 64 bit Build 18362 (10.0.18362.1)
Time: Thu Apr 28 14:32:00 2022 Eastern Daylight Time elapsed time: 11.965151 seconds (0d 0h 0m 11s)

---------------  T H R E A D  ---------------

Current thread (0x000002d5365e7800):  JavaThread "C2 CompilerThread0" daemon [_thread_in_native, id=908, stack(0x000000ecf4500000,0x000000ecf4600000)]


Current CompileTask:
C2:  11965 6912   !   4       java.net.URL::<init> (543 bytes)

Stack: [0x000000ecf4500000,0x000000ecf4600000]
Native frames: (J=compiled Java code, j=interpreted, Vv=VM code, C=native code)
V  [jvm.dll+0x5ecfaa]
V  [jvm.dll+0x722bd5]
V  [jvm.dll+0x72412d]
V  [jvm.dll+0x7247e3]
V  [jvm.dll+0x242928]
V  [jvm.dll+0xbc4fc]
V  [jvm.dll+0xbca0c]
V  [jvm.dll+0x352d3b]
V  [jvm.dll+0x320ad3]
V  [jvm.dll+0x31ffca]
V  [jvm.dll+0x1fb602]
V  [jvm.dll+0x1fa7f4]
V  [jvm.dll+0x18354c]
V  [jvm.dll+0x208ee7]
V  [jvm.dll+0x207731]
V  [jvm.dll+0x6eb1cf]
V  [jvm.dll+0x6e3d45]
V  [jvm.dll+0x5ebe96]
C  [ucrtbase.dll+0x1d912]
C  [KERNEL32.DLL+0x17944]
C  [ntdll.dll+0x6ce71]


---------------  P R O C E S S  ---------------

Threads class SMR info:
_java_thread_list=0x000002d53f32cbc0, length=52, elements={
0x000002d5198fe800, 0x000002d535d75800, 0x000002d535d79000, 0x000002d5365dd000,
0x000002d5365df000, 0x000002d5365e2000, 0x000002d5365e7800, 0x000002d5365e8800,
0x000002d5365e9800, 0x000002d536774800, 0x000002d538728800, 0x000002d5376c8000,
0x000002d53905c000, 0x000002d53941e800, 0x000002d537ab5000, 0x000002d5389f8000,
0x000002d5385fc800, 0x000002d537ae1800, 0x000002d5387aa800, 0x000002d538a7d800,
0x000002d538a79800, 0x000002d538a78800, 0x000002d538a7e800, 0x000002d539363800,
0x000002d538a7f000, 0x000002d538a7c000, 0x000002d538a7a800, 0x000002d538a7b000,
0x000002d538a7d000, 0x000002d53a1a3000, 0x000002d53a1a5800, 0x000002d53a1a1000,
0x000002d53a1a3800, 0x000002d53a1a4800, 0x000002d53a1a6000, 0x000002d53a1a7000,
0x000002d53a1a2000, 0x000002d53a1ac000, 0x000002d53a1a9800, 0x000002d53a1ab000,
0x000002d53a1ae800, 0x000002d53a1a8800, 0x000002d53a1af000, 0x000002d53a1b0000,
0x000002d53c4b1800, 0x000002d53c4b2800, 0x000002d53c4af800, 0x000002d53c4ae800,
0x000002d53c4b0000, 0x000002d53c4ad000, 0x000002d53ba79000, 0x000002d53c4b1000
}

Java Threads: ( => current thread )
  0x000002d5198fe800 JavaThread "main" [_thread_blocked, id=4396, stack(0x000000ecf3900000,0x000000ecf3a00000)]
  0x000002d535d75800 JavaThread "Reference Handler" daemon [_thread_blocked, id=9692, stack(0x000000ecf4000000,0x000000ecf4100000)]
  0x000002d535d79000 JavaThread "Finalizer" daemon [_thread_blocked, id=2224, stack(0x000000ecf4100000,0x000000ecf4200000)]
  0x000002d5365dd000 JavaThread "Signal Dispatcher" daemon [_thread_blocked, id=10680, stack(0x000000ecf4200000,0x000000ecf4300000)]
  0x000002d5365df000 JavaThread "Attach Listener" daemon [_thread_blocked, id=1936, stack(0x000000ecf4300000,0x000000ecf4400000)]
  0x000002d5365e2000 JavaThread "Service Thread" daemon [_thread_blocked, id=3792, stack(0x000000ecf4400000,0x000000ecf4500000)]
=>0x000002d5365e7800 JavaThread "C2 CompilerThread0" daemon [_thread_in_native, id=908, stack(0x000000ecf4500000,0x000000ecf4600000)]
  0x000002d5365e8800 JavaThread "C1 CompilerThread0" daemon [_thread_blocked, id=11064, stack(0x000000ecf4600000,0x000000ecf4700000)]
  0x000002d5365e9800 JavaThread "Sweeper thread" daemon [_thread_blocked, id=8048, stack(0x000000ecf4700000,0x000000ecf4800000)]
  0x000002d536774800 JavaThread "Common-Cleaner" daemon [_thread_blocked, id=9584, stack(0x000000ecf4800000,0x000000ecf4900000)]
  0x000002d538728800 JavaThread "Daemon health stats" [_thread_blocked, id=7768, stack(0x000000ecf4f00000,0x000000ecf5000000)]
  0x000002d5376c8000 JavaThread "Incoming local TCP Connector on port 10592" [_thread_in_native, id=7412, stack(0x000000ecf4d00000,0x000000ecf4e00000)]
  0x000002d53905c000 JavaThread "Daemon periodic checks" [_thread_blocked, id=10496, stack(0x000000ecf4e00000,0x000000ecf4f00000)]
  0x000002d53941e800 JavaThread "Daemon" [_thread_blocked, id=6892, stack(0x000000ecf5000000,0x000000ecf5100000)]
  0x000002d537ab5000 JavaThread "Handler for socket connection from /127.0.0.1:10592 to /127.0.0.1:10593" [_thread_in_native, id=2764, stack(0x000000ecf5100000,0x000000ecf5200000)]
  0x000002d5389f8000 JavaThread "Cancel handler" [_thread_blocked, id=8460, stack(0x000000ecf5200000,0x000000ecf5300000)]
  0x000002d5385fc800 JavaThread "Daemon worker" [_thread_in_vm, id=8708, stack(0x000000ecf5300000,0x000000ecf5400000)]
  0x000002d537ae1800 JavaThread "Asynchronous log dispatcher for DefaultDaemonConnection: socket connection from /127.0.0.1:10592 to /127.0.0.1:10593" [_thread_blocked, id=836, stack(0x000000ecf5400000,0x000000ecf5500000)]
  0x000002d5387aa800 JavaThread "Stdin handler" [_thread_blocked, id=5980, stack(0x000000ecf5500000,0x000000ecf5600000)]
  0x000002d538a7d800 JavaThread "Daemon client event forwarder" [_thread_blocked, id=9528, stack(0x000000ecf5600000,0x000000ecf5700000)]
  0x000002d538a79800 JavaThread "Cache worker for file hash cache (C:\Users\mojan\.gradle\caches\7.0.2\fileHashes)" [_thread_blocked, id=5512, stack(0x000000ecf5700000,0x000000ecf5800000)]
  0x000002d538a78800 JavaThread "File lock request listener" [_thread_in_native, id=9388, stack(0x000000ecf5800000,0x000000ecf5900000)]
  0x000002d538a7e800 JavaThread "Cache worker for journal cache (C:\Users\mojan\.gradle\caches\journal-1)" [_thread_blocked, id=10780, stack(0x000000ecf5e00000,0x000000ecf5f00000)]
  0x000002d539363800 JavaThread "C2 CompilerThread1" daemon [_thread_in_native, id=11044, stack(0x000000ecf5f00000,0x000000ecf6000000)]
  0x000002d538a7f000 JavaThread "Cache worker for file hash cache (E:\MyCodelabs\PhotoFinder\.gradle\7.0.2\fileHashes)" [_thread_blocked, id=9620, stack(0x000000ecf6000000,0x000000ecf6100000)]
  0x000002d538a7c000 JavaThread "File watcher server" daemon [_thread_in_native, id=6844, stack(0x000000ecf6100000,0x000000ecf6200000)]
  0x000002d538a7a800 JavaThread "File watcher consumer" daemon [_thread_blocked, id=8300, stack(0x000000ecf6200000,0x000000ecf6300000)]
  0x000002d538a7b000 JavaThread "jar transforms" [_thread_blocked, id=6092, stack(0x000000ecf6300000,0x000000ecf6400000)]
  0x000002d538a7d000 JavaThread "jar transforms Thread 2" [_thread_blocked, id=8452, stack(0x000000ecf6400000,0x000000ecf6500000)]
  0x000002d53a1a3000 JavaThread "jar transforms Thread 3" [_thread_blocked, id=2316, stack(0x000000ecf6500000,0x000000ecf6600000)]
  0x000002d53a1a5800 JavaThread "jar transforms Thread 4" [_thread_blocked, id=4116, stack(0x000000ecf6600000,0x000000ecf6700000)]
  0x000002d53a1a1000 JavaThread "jar transforms Thread 5" [_thread_blocked, id=2196, stack(0x000000ecf6700000,0x000000ecf6800000)]
  0x000002d53a1a3800 JavaThread "jar transforms Thread 6" [_thread_blocked, id=8416, stack(0x000000ecf6800000,0x000000ecf6900000)]
  0x000002d53a1a4800 JavaThread "jar transforms Thread 7" [_thread_blocked, id=7348, stack(0x000000ecf6900000,0x000000ecf6a00000)]
  0x000002d53a1a6000 JavaThread "jar transforms Thread 8" [_thread_blocked, id=1000, stack(0x000000ecf6a00000,0x000000ecf6b00000)]
  0x000002d53a1a7000 JavaThread "Cache worker for checksums cache (E:\MyCodelabs\PhotoFinder\.gradle\checksums)" [_thread_blocked, id=8432, stack(0x000000ecf6b00000,0x000000ecf6c00000)]
  0x000002d53a1a2000 JavaThread "Cache worker for cache directory md-supplier (C:\Users\mojan\.gradle\caches\7.0.2\md-supplier)" [_thread_blocked, id=10576, stack(0x000000ecf6c00000,0x000000ecf6d00000)]
  0x000002d53a1ac000 JavaThread "Cache worker for cache directory md-rule (C:\Users\mojan\.gradle\caches\7.0.2\md-rule)" [_thread_blocked, id=9220, stack(0x000000ecf6d00000,0x000000ecf6e00000)]
  0x000002d53a1a9800 JavaThread "Cache worker for execution history cache (C:\Users\mojan\.gradle\caches\7.0.2\executionHistory)" [_thread_blocked, id=3168, stack(0x000000ecf6f00000,0x000000ecf7000000)]
  0x000002d53a1ab000 JavaThread "Cache worker for file content cache (C:\Users\mojan\.gradle\caches\7.0.2\fileContent)" [_thread_blocked, id=10180, stack(0x000000ecf7000000,0x000000ecf7100000)]
  0x000002d53a1ae800 JavaThread "Cache worker for dependencies-accessors (E:\MyCodelabs\PhotoFinder\.gradle\7.0.2\dependencies-accessors)" [_thread_blocked, id=3316, stack(0x000000ecf7100000,0x000000ecf7200000)]
  0x000002d53a1a8800 JavaThread "Cache worker for Build Output Cleanup Cache (E:\MyCodelabs\PhotoFinder\.gradle\buildOutputCleanup)" [_thread_blocked, id=8168, stack(0x000000ecf7200000,0x000000ecf7300000)]
  0x000002d53a1af000 JavaThread "Build operations" [_thread_blocked, id=6524, stack(0x000000ecf7300000,0x000000ecf7400000)]
  0x000002d53a1b0000 JavaThread "Build operations Thread 2" [_thread_blocked, id=3272, stack(0x000000ecf7400000,0x000000ecf7500000)]
  0x000002d53c4b1800 JavaThread "Build operations Thread 3" [_thread_blocked, id=1004, stack(0x000000ecf7500000,0x000000ecf7600000)]
  0x000002d53c4b2800 JavaThread "Build operations Thread 4" [_thread_blocked, id=6964, stack(0x000000ecf7600000,0x000000ecf7700000)]
  0x000002d53c4af800 JavaThread "Build operations Thread 5" [_thread_blocked, id=6656, stack(0x000000ecf7700000,0x000000ecf7800000)]
  0x000002d53c4ae800 JavaThread "Build operations Thread 6" [_thread_blocked, id=1956, stack(0x000000ecf7800000,0x000000ecf7900000)]
  0x000002d53c4b0000 JavaThread "Build operations Thread 7" [_thread_blocked, id=1776, stack(0x000000ecf7900000,0x000000ecf7a00000)]
  0x000002d53c4ad000 JavaThread "Build operations Thread 8" [_thread_blocked, id=9888, stack(0x000000ecf7a00000,0x000000ecf7b00000)]
  0x000002d53ba79000 JavaThread "C2 CompilerThread2" daemon [_thread_in_native, id=6088, stack(0x000000ecf6e00000,0x000000ecf6f00000)]
  0x000002d53c4b1000 JavaThread "Memory manager" [_thread_blocked, id=7088, stack(0x000000ecf7b00000,0x000000ecf7c00000)]

Other Threads:
  0x000002d535d74000 VMThread "VM Thread" [stack: 0x000000ecf3f00000,0x000000ecf4000000] [id=11224]
  0x000002d536775800 WatcherThread [stack: 0x000000ecf4900000,0x000000ecf4a00000] [id=11252]
  0x000002d519916000 GCTaskThread "GC Thread#0" [stack: 0x000000ecf3a00000,0x000000ecf3b00000] [id=7316]
  0x000002d536fd4800 GCTaskThread "GC Thread#1" [stack: 0x000000ecf4a00000,0x000000ecf4b00000] [id=5916]
  0x000002d536777000 GCTaskThread "GC Thread#2" [stack: 0x000000ecf4b00000,0x000000ecf4c00000] [id=9404]
  0x000002d537335800 GCTaskThread "GC Thread#3" [stack: 0x000000ecf4c00000,0x000000ecf4d00000] [id=11000]
  0x000002d537f55800 GCTaskThread "GC Thread#4" [stack: 0x000000ecf5900000,0x000000ecf5a00000] [id=10828]
  0x000002d5391e9800 GCTaskThread "GC Thread#5" [stack: 0x000000ecf5a00000,0x000000ecf5b00000] [id=6572]
  0x000002d5376b9000 GCTaskThread "GC Thread#6" [stack: 0x000000ecf5b00000,0x000000ecf5c00000] [id=6248]
  0x000002d537edf000 GCTaskThread "GC Thread#7" [stack: 0x000000ecf5c00000,0x000000ecf5d00000] [id=8408]
  0x000002d51994d800 ConcurrentGCThread "G1 Main Marker" [stack: 0x000000ecf3b00000,0x000000ecf3c00000] [id=8768]
  0x000002d51994f000 ConcurrentGCThread "G1 Conc#0" [stack: 0x000000ecf3c00000,0x000000ecf3d00000] [id=2912]
  0x000002d53817d800 ConcurrentGCThread "G1 Conc#1" [stack: 0x000000ecf5d00000,0x000000ecf5e00000] [id=7032]
  0x000002d535bd6800 ConcurrentGCThread "G1 Refine#0" [stack: 0x000000ecf3d00000,0x000000ecf3e00000] [id=8184]
  0x000002d535bd7000 ConcurrentGCThread "G1 Young RemSet Sampling" [stack: 0x000000ecf3e00000,0x000000ecf3f00000] [id=7656]

Threads with active compile tasks:
C2 CompilerThread0  11981 6912   !   4       java.net.URL::<init> (543 bytes)
C2 CompilerThread1  11981 6931       4       org.objectweb.asm.MethodWriter::computeAllFrames (510 bytes)
C2 CompilerThread2  11981 6926  s    4       jdk.internal.loader.Resource::cachedInputStream (20 bytes)

VM state:not at safepoint (normal execution)

VM Mutex/Monitor currently owned by a thread: None

Heap address: 0x0000000080000000, size: 2048 MB, Compressed Oops mode: 32-bit
Narrow klass base: 0x0000000000000000, Narrow klass shift: 3
Compressed class space size: 1073741824 Address: 0x0000000100000000

Heap:
 garbage-first heap   total 196608K, used 107372K [0x0000000080000000, 0x0000000100000000)
  region size 1024K, 34 young (34816K), 5 survivors (5120K)
 Metaspace       used 68254K, capacity 70055K, committed 70400K, reserved 1110016K
  class space    used 8739K, capacity 9335K, committed 9472K, reserved 1048576K
Heap Regions: E=young(eden), S=young(survivor), O=old, HS=humongous(starts), HC=humongous(continues), CS=collection set, F=free, A=archive, TAMS=top-at-mark-start (previous, next)
|   0|0x0000000080000000, 0x0000000080100000, 0x0000000080100000|100%|HS|  |TAMS 0x0000000080100000, 0x0000000080000000| Complete 
|   1|0x0000000080100000, 0x0000000080200000, 0x0000000080200000|100%|HC|  |TAMS 0x0000000080200000, 0x0000000080100000| Complete 
|   2|0x0000000080200000, 0x0000000080300000, 0x0000000080300000|100%| O|  |TAMS 0x0000000080300000, 0x0000000080200000| Untracked 
|   3|0x0000000080300000, 0x0000000080400000, 0x0000000080400000|100%|HS|  |TAMS 0x0000000080400000, 0x0000000080300000| Complete 
|   4|0x0000000080400000, 0x0000000080500000, 0x0000000080500000|100%|HC|  |TAMS 0x0000000080500000, 0x0000000080400000| Complete 
|   5|0x0000000080500000, 0x0000000080600000, 0x0000000080600000|100%|HC|  |TAMS 0x0000000080600000, 0x0000000080500000| Complete 
|   6|0x0000000080600000, 0x0000000080700000, 0x0000000080700000|100%| O|  |TAMS 0x0000000080700000, 0x0000000080600000| Untracked 
|   7|0x0000000080700000, 0x0000000080800000, 0x0000000080800000|100%| O|  |TAMS 0x0000000080800000, 0x0000000080700000| Untracked 
|   8|0x0000000080800000, 0x0000000080900000, 0x0000000080900000|100%| O|  |TAMS 0x0000000080900000, 0x0000000080800000| Untracked 
|   9|0x0000000080900000, 0x0000000080a00000, 0x0000000080a00000|100%|HS|  |TAMS 0x0000000080a00000, 0x0000000080900000| Complete 
|  10|0x0000000080a00000, 0x0000000080b00000, 0x0000000080b00000|100%|HC|  |TAMS 0x0000000080b00000, 0x0000000080a00000| Complete 
|  11|0x0000000080b00000, 0x0000000080c00000, 0x0000000080c00000|100%|HC|  |TAMS 0x0000000080c00000, 0x0000000080b00000| Complete 
|  12|0x0000000080c00000, 0x0000000080d00000, 0x0000000080d00000|100%|HS|  |TAMS 0x0000000080d00000, 0x0000000080c00000| Complete 
|  13|0x0000000080d00000, 0x0000000080e00000, 0x0000000080e00000|100%|HC|  |TAMS 0x0000000080e00000, 0x0000000080d00000| Complete 
|  14|0x0000000080e00000, 0x0000000080f00000, 0x0000000080f00000|100%|HC|  |TAMS 0x0000000080f00000, 0x0000000080e00000| Complete 
|  15|0x0000000080f00000, 0x0000000081000000, 0x0000000081000000|100%|HC|  |TAMS 0x0000000081000000, 0x0000000080f00000| Complete 
|  16|0x0000000081000000, 0x0000000081100000, 0x0000000081100000|100%|HC|  |TAMS 0x0000000081100000, 0x0000000081000000| Complete 
|  17|0x0000000081100000, 0x0000000081200000, 0x0000000081200000|100%| O|  |TAMS 0x0000000081200000, 0x0000000081100000| Untracked 
|  18|0x0000000081200000, 0x0000000081300000, 0x0000000081300000|100%| O|  |TAMS 0x0000000081300000, 0x0000000081200000| Untracked 
|  19|0x0000000081300000, 0x0000000081400000, 0x0000000081400000|100%| O|  |TAMS 0x0000000081400000, 0x0000000081300000| Untracked 
|  20|0x0000000081400000, 0x0000000081500000, 0x0000000081500000|100%| O|  |TAMS 0x0000000081500000, 0x0000000081400000| Untracked 
|  21|0x0000000081500000, 0x0000000081600000, 0x0000000081600000|100%| O|  |TAMS 0x0000000081600000, 0x0000000081500000| Untracked 
|  22|0x0000000081600000, 0x0000000081700000, 0x0000000081700000|100%| O|  |TAMS 0x0000000081700000, 0x0000000081600000| Untracked 
|  23|0x0000000081700000, 0x0000000081800000, 0x0000000081800000|100%| O|  |TAMS 0x0000000081800000, 0x0000000081700000| Untracked 
|  24|0x0000000081800000, 0x0000000081900000, 0x0000000081900000|100%| O|  |TAMS 0x0000000081900000, 0x0000000081800000| Untracked 
|  25|0x0000000081900000, 0x0000000081a00000, 0x0000000081a00000|100%| O|  |TAMS 0x0000000081a00000, 0x0000000081900000| Untracked 
|  26|0x0000000081a00000, 0x0000000081b00000, 0x0000000081b00000|100%| O|  |TAMS 0x0000000081b00000, 0x0000000081a00000| Untracked 
|  27|0x0000000081b00000, 0x0000000081c00000, 0x0000000081c00000|100%| O|  |TAMS 0x0000000081c00000, 0x0000000081b00000| Untracked 
|  28|0x0000000081c00000, 0x0000000081d00000, 0x0000000081d00000|100%| O|  |TAMS 0x0000000081d00000, 0x0000000081c00000| Untracked 
|  29|0x0000000081d00000, 0x0000000081e00000, 0x0000000081e00000|100%| O|  |TAMS 0x0000000081e00000, 0x0000000081d00000| Untracked 
|  30|0x0000000081e00000, 0x0000000081f00000, 0x0000000081f00000|100%|HS|  |TAMS 0x0000000081f00000, 0x0000000081e00000| Complete 
|  31|0x0000000081f00000, 0x0000000082000000, 0x0000000082000000|100%|HC|  |TAMS 0x0000000082000000, 0x0000000081f00000| Complete 
|  32|0x0000000082000000, 0x0000000082100000, 0x0000000082100000|100%|HC|  |TAMS 0x0000000082100000, 0x0000000082000000| Complete 
|  33|0x0000000082100000, 0x0000000082200000, 0x0000000082200000|100%|HC|  |TAMS 0x0000000082200000, 0x0000000082100000| Complete 
|  34|0x0000000082200000, 0x0000000082300000, 0x0000000082300000|100%|HC|  |TAMS 0x0000000082300000, 0x0000000082200000| Complete 
|  35|0x0000000082300000, 0x0000000082400000, 0x0000000082400000|100%|HS|  |TAMS 0x0000000082400000, 0x0000000082300000| Complete 
|  36|0x0000000082400000, 0x0000000082500000, 0x0000000082500000|100%|HC|  |TAMS 0x0000000082500000, 0x0000000082400000| Complete 
|  37|0x0000000082500000, 0x0000000082600000, 0x0000000082600000|100%|HC|  |TAMS 0x0000000082600000, 0x0000000082500000| Complete 
|  38|0x0000000082600000, 0x0000000082700000, 0x0000000082700000|100%| O|  |TAMS 0x0000000082700000, 0x0000000082600000| Untracked 
|  39|0x0000000082700000, 0x0000000082800000, 0x0000000082800000|100%| O|  |TAMS 0x0000000082800000, 0x0000000082700000| Untracked 
|  40|0x0000000082800000, 0x0000000082900000, 0x0000000082900000|100%| O|  |TAMS 0x0000000082900000, 0x0000000082800000| Untracked 
|  41|0x0000000082900000, 0x0000000082a00000, 0x0000000082a00000|100%| O|  |TAMS 0x0000000082a00000, 0x0000000082900000| Untracked 
|  42|0x0000000082a00000, 0x0000000082b00000, 0x0000000082b00000|100%| O|  |TAMS 0x0000000082b00000, 0x0000000082a00000| Untracked 
|  43|0x0000000082b00000, 0x0000000082c00000, 0x0000000082c00000|100%| O|  |TAMS 0x0000000082c00000, 0x0000000082b00000| Untracked 
|  44|0x0000000082c00000, 0x0000000082d00000, 0x0000000082d00000|100%| O|  |TAMS 0x0000000082d00000, 0x0000000082c00000| Untracked 
|  45|0x0000000082d00000, 0x0000000082e00000, 0x0000000082e00000|100%| O|  |TAMS 0x0000000082e00000, 0x0000000082d00000| Untracked 
|  46|0x0000000082e00000, 0x0000000082f00000, 0x0000000082f00000|100%| O|  |TAMS 0x0000000082f00000, 0x0000000082e00000| Untracked 
|  47|0x0000000082f00000, 0x0000000083000000, 0x0000000083000000|100%| O|  |TAMS 0x0000000083000000, 0x0000000082f00000| Untracked 
|  48|0x0000000083000000, 0x0000000083100000, 0x0000000083100000|100%| O|  |TAMS 0x0000000083100000, 0x0000000083000000| Untracked 
|  49|0x0000000083100000, 0x0000000083200000, 0x0000000083200000|100%| O|  |TAMS 0x0000000083200000, 0x0000000083100000| Untracked 
|  50|0x0000000083200000, 0x0000000083300000, 0x0000000083300000|100%|HS|  |TAMS 0x0000000083300000, 0x0000000083200000| Complete 
|  51|0x0000000083300000, 0x0000000083400000, 0x0000000083400000|100%|HS|  |TAMS 0x0000000083400000, 0x0000000083300000| Complete 
|  52|0x0000000083400000, 0x0000000083500000, 0x0000000083500000|100%|HS|  |TAMS 0x0000000083500000, 0x0000000083400000| Complete 
|  53|0x0000000083500000, 0x0000000083600000, 0x0000000083600000|100%|HS|  |TAMS 0x0000000083600000, 0x0000000083500000| Complete 
|  54|0x0000000083600000, 0x0000000083700000, 0x0000000083700000|100%|HC|  |TAMS 0x0000000083700000, 0x0000000083600000| Complete 
|  55|0x0000000083700000, 0x0000000083800000, 0x0000000083800000|100%|HC|  |TAMS 0x0000000083800000, 0x0000000083700000| Complete 
|  56|0x0000000083800000, 0x0000000083900000, 0x0000000083900000|100%|HS|  |TAMS 0x0000000083900000, 0x0000000083800000| Complete 
|  57|0x0000000083900000, 0x0000000083a00000, 0x0000000083a00000|100%|HC|  |TAMS 0x0000000083a00000, 0x0000000083900000| Complete 
|  58|0x0000000083a00000, 0x0000000083b00000, 0x0000000083b00000|100%| O|  |TAMS 0x0000000083b00000, 0x0000000083a00000| Untracked 
|  59|0x0000000083b00000, 0x0000000083c00000, 0x0000000083c00000|100%| O|  |TAMS 0x0000000083c00000, 0x0000000083b00000| Untracked 
|  60|0x0000000083c00000, 0x0000000083d00000, 0x0000000083d00000|100%| O|  |TAMS 0x0000000083d00000, 0x0000000083c00000| Untracked 
|  61|0x0000000083d00000, 0x0000000083e00000, 0x0000000083e00000|100%| O|  |TAMS 0x0000000083e00000, 0x0000000083d00000| Untracked 
|  62|0x0000000083e00000, 0x0000000083f00000, 0x0000000083f00000|100%| O|  |TAMS 0x0000000083f00000, 0x0000000083e00000| Untracked 
|  63|0x0000000083f00000, 0x0000000084000000, 0x0000000084000000|100%| O|  |TAMS 0x0000000084000000, 0x0000000083f00000| Untracked 
|  64|0x0000000084000000, 0x0000000084100000, 0x0000000084100000|100%| O|  |TAMS 0x0000000084100000, 0x0000000084000000| Untracked 
|  65|0x0000000084100000, 0x0000000084200000, 0x0000000084200000|100%| O|  |TAMS 0x0000000084200000, 0x0000000084100000| Untracked 
|  66|0x0000000084200000, 0x0000000084300000, 0x0000000084300000|100%| O|  |TAMS 0x0000000084300000, 0x0000000084200000| Untracked 
|  67|0x0000000084300000, 0x0000000084400000, 0x0000000084400000|100%| O|  |TAMS 0x0000000084400000, 0x0000000084300000| Untracked 
|  68|0x0000000084400000, 0x0000000084500000, 0x0000000084500000|100%| O|  |TAMS 0x0000000084500000, 0x0000000084400000| Untracked 
|  69|0x0000000084500000, 0x0000000084600000, 0x0000000084600000|100%| O|  |TAMS 0x0000000084600000, 0x0000000084500000| Untracked 
|  70|0x0000000084600000, 0x0000000084700000, 0x0000000084700000|100%| O|  |TAMS 0x0000000084700000, 0x0000000084600000| Untracked 
|  71|0x0000000084700000, 0x0000000084800000, 0x0000000084800000|100%| O|  |TAMS 0x0000000084800000, 0x0000000084700000| Untracked 
|  72|0x0000000084800000, 0x0000000084900000, 0x0000000084900000|100%| O|  |TAMS 0x0000000084900000, 0x0000000084800000| Untracked 
|  73|0x0000000084900000, 0x000000008496ac00, 0x0000000084a00000| 41%| O|  |TAMS 0x000000008496ac00, 0x0000000084900000| Untracked 
|  74|0x0000000084a00000, 0x0000000084a00000, 0x0000000084b00000|  0%| F|  |TAMS 0x0000000084a00000, 0x0000000084a00000| Untracked 
|  75|0x0000000084b00000, 0x0000000084b00000, 0x0000000084c00000|  0%| F|  |TAMS 0x0000000084b00000, 0x0000000084b00000| Untracked 
|  76|0x0000000084c00000, 0x0000000084c00000, 0x0000000084d00000|  0%| F|  |TAMS 0x0000000084c00000, 0x0000000084c00000| Untracked 
|  77|0x0000000084d00000, 0x0000000084d00000, 0x0000000084e00000|  0%| F|  |TAMS 0x0000000084d00000, 0x0000000084d00000| Untracked 
|  78|0x0000000084e00000, 0x0000000084e00000, 0x0000000084f00000|  0%| F|  |TAMS 0x0000000084e00000, 0x0000000084e00000| Untracked 
|  79|0x0000000084f00000, 0x0000000084f00000, 0x0000000085000000|  0%| F|  |TAMS 0x0000000084f00000, 0x0000000084f00000| Untracked 
|  80|0x0000000085000000, 0x0000000085000000, 0x0000000085100000|  0%| F|  |TAMS 0x0000000085000000, 0x0000000085000000| Untracked 
|  81|0x0000000085100000, 0x0000000085100000, 0x0000000085200000|  0%| F|  |TAMS 0x0000000085100000, 0x0000000085100000| Untracked 
|  82|0x0000000085200000, 0x0000000085200000, 0x0000000085300000|  0%| F|  |TAMS 0x0000000085200000, 0x0000000085200000| Untracked 
|  83|0x0000000085300000, 0x0000000085300000, 0x0000000085400000|  0%| F|  |TAMS 0x0000000085300000, 0x0000000085300000| Untracked 
|  84|0x0000000085400000, 0x0000000085400000, 0x0000000085500000|  0%| F|  |TAMS 0x0000000085400000, 0x0000000085400000| Untracked 
|  85|0x0000000085500000, 0x0000000085500000, 0x0000000085600000|  0%| F|  |TAMS 0x0000000085500000, 0x0000000085500000| Untracked 
|  86|0x0000000085600000, 0x0000000085600000, 0x0000000085700000|  0%| F|  |TAMS 0x0000000085600000, 0x0000000085600000| Untracked 
|  87|0x0000000085700000, 0x0000000085700000, 0x0000000085800000|  0%| F|  |TAMS 0x0000000085700000, 0x0000000085700000| Untracked 
|  88|0x0000000085800000, 0x0000000085800000, 0x0000000085900000|  0%| F|  |TAMS 0x0000000085800000, 0x0000000085800000| Untracked 
|  89|0x0000000085900000, 0x0000000085900000, 0x0000000085a00000|  0%| F|  |TAMS 0x0000000085900000, 0x0000000085900000| Untracked 
|  90|0x0000000085a00000, 0x0000000085a00000, 0x0000000085b00000|  0%| F|  |TAMS 0x0000000085a00000, 0x0000000085a00000| Untracked 
|  91|0x0000000085b00000, 0x0000000085b00000, 0x0000000085c00000|  0%| F|  |TAMS 0x0000000085b00000, 0x0000000085b00000| Untracked 
|  92|0x0000000085c00000, 0x0000000085c00000, 0x0000000085d00000|  0%| F|  |TAMS 0x0000000085c00000, 0x0000000085c00000| Untracked 
|  93|0x0000000085d00000, 0x0000000085d00000, 0x0000000085e00000|  0%| F|  |TAMS 0x0000000085d00000, 0x0000000085d00000| Untracked 
|  94|0x0000000085e00000, 0x0000000085e00000, 0x0000000085f00000|  0%| F|  |TAMS 0x0000000085e00000, 0x0000000085e00000| Untracked 
|  95|0x0000000085f00000, 0x0000000085f00000, 0x0000000086000000|  0%| F|  |TAMS 0x0000000085f00000, 0x0000000085f00000| Untracked 
|  96|0x0000000086000000, 0x0000000086000000, 0x0000000086100000|  0%| F|  |TAMS 0x0000000086000000, 0x0000000086000000| Untracked 
|  97|0x0000000086100000, 0x0000000086100000, 0x0000000086200000|  0%| F|  |TAMS 0x0000000086100000, 0x0000000086100000| Untracked 
|  98|0x0000000086200000, 0x0000000086200000, 0x0000000086300000|  0%| F|  |TAMS 0x0000000086200000, 0x0000000086200000| Untracked 
|  99|0x0000000086300000, 0x0000000086300000, 0x0000000086400000|  0%| F|  |TAMS 0x0000000086300000, 0x0000000086300000| Untracked 
| 100|0x0000000086400000, 0x0000000086400000, 0x0000000086500000|  0%| F|  |TAMS 0x0000000086400000, 0x0000000086400000| Untracked 
| 101|0x0000000086500000, 0x0000000086500000, 0x0000000086600000|  0%| F|  |TAMS 0x0000000086500000, 0x0000000086500000| Untracked 
| 102|0x0000000086600000, 0x0000000086600000, 0x0000000086700000|  0%| F|  |TAMS 0x0000000086600000, 0x0000000086600000| Untracked 
| 103|0x0000000086700000, 0x0000000086700000, 0x0000000086800000|  0%| F|  |TAMS 0x0000000086700000, 0x0000000086700000| Untracked 
| 104|0x0000000086800000, 0x0000000086800000, 0x0000000086900000|  0%| F|  |TAMS 0x0000000086800000, 0x0000000086800000| Untracked 
| 105|0x0000000086900000, 0x0000000086900000, 0x0000000086a00000|  0%| F|  |TAMS 0x0000000086900000, 0x0000000086900000| Untracked 
| 106|0x0000000086a00000, 0x0000000086a00000, 0x0000000086b00000|  0%| F|  |TAMS 0x0000000086a00000, 0x0000000086a00000| Untracked 
| 107|0x0000000086b00000, 0x0000000086b00000, 0x0000000086c00000|  0%| F|  |TAMS 0x0000000086b00000, 0x0000000086b00000| Untracked 
| 108|0x0000000086c00000, 0x0000000086c00000, 0x0000000086d00000|  0%| F|  |TAMS 0x0000000086c00000, 0x0000000086c00000| Untracked 
| 109|0x0000000086d00000, 0x0000000086d00000, 0x0000000086e00000|  0%| F|  |TAMS 0x0000000086d00000, 0x0000000086d00000| Untracked 
| 110|0x0000000086e00000, 0x0000000086e00000, 0x0000000086f00000|  0%| F|  |TAMS 0x0000000086e00000, 0x0000000086e00000| Untracked 
| 111|0x0000000086f00000, 0x0000000086f00000, 0x0000000087000000|  0%| F|  |TAMS 0x0000000086f00000, 0x0000000086f00000| Untracked 
| 112|0x0000000087000000, 0x0000000087000000, 0x0000000087100000|  0%| F|  |TAMS 0x0000000087000000, 0x0000000087000000| Untracked 
| 113|0x0000000087100000, 0x0000000087100000, 0x0000000087200000|  0%| F|  |TAMS 0x0000000087100000, 0x0000000087100000| Untracked 
| 114|0x0000000087200000, 0x0000000087200000, 0x0000000087300000|  0%| F|  |TAMS 0x0000000087200000, 0x0000000087200000| Untracked 
| 115|0x0000000087300000, 0x0000000087300000, 0x0000000087400000|  0%| F|  |TAMS 0x0000000087300000, 0x0000000087300000| Untracked 
| 116|0x0000000087400000, 0x0000000087400000, 0x0000000087500000|  0%| F|  |TAMS 0x0000000087400000, 0x0000000087400000| Untracked 
| 117|0x0000000087500000, 0x0000000087500000, 0x0000000087600000|  0%| F|  |TAMS 0x0000000087500000, 0x0000000087500000| Untracked 
| 118|0x0000000087600000, 0x0000000087600000, 0x0000000087700000|  0%| F|  |TAMS 0x0000000087600000, 0x0000000087600000| Untracked 
| 119|0x0000000087700000, 0x0000000087700000, 0x0000000087800000|  0%| F|  |TAMS 0x0000000087700000, 0x0000000087700000| Untracked 
| 120|0x0000000087800000, 0x0000000087800000, 0x0000000087900000|  0%| F|  |TAMS 0x0000000087800000, 0x0000000087800000| Untracked 
| 121|0x0000000087900000, 0x0000000087900000, 0x0000000087a00000|  0%| F|  |TAMS 0x0000000087900000, 0x0000000087900000| Untracked 
| 122|0x0000000087a00000, 0x0000000087a00000, 0x0000000087b00000|  0%| F|  |TAMS 0x0000000087a00000, 0x0000000087a00000| Untracked 
| 123|0x0000000087b00000, 0x0000000087b00000, 0x0000000087c00000|  0%| F|  |TAMS 0x0000000087b00000, 0x0000000087b00000| Untracked 
| 124|0x0000000087c00000, 0x0000000087c00000, 0x0000000087d00000|  0%| F|  |TAMS 0x0000000087c00000, 0x0000000087c00000| Untracked 
| 125|0x0000000087d00000, 0x0000000087d00000, 0x0000000087e00000|  0%| F|  |TAMS 0x0000000087d00000, 0x0000000087d00000| Untracked 
| 126|0x0000000087e00000, 0x0000000087e00000, 0x0000000087f00000|  0%| F|  |TAMS 0x0000000087e00000, 0x0000000087e00000| Untracked 
| 127|0x0000000087f00000, 0x0000000087f00000, 0x0000000088000000|  0%| F|  |TAMS 0x0000000087f00000, 0x0000000087f00000| Untracked 
| 128|0x0000000088000000, 0x0000000088000000, 0x0000000088100000|  0%| F|  |TAMS 0x0000000088000000, 0x0000000088000000| Untracked 
| 129|0x0000000088100000, 0x0000000088100000, 0x0000000088200000|  0%| F|  |TAMS 0x0000000088100000, 0x0000000088100000| Untracked 
| 130|0x0000000088200000, 0x0000000088200000, 0x0000000088300000|  0%| F|  |TAMS 0x0000000088200000, 0x0000000088200000| Untracked 
| 131|0x0000000088300000, 0x0000000088300000, 0x0000000088400000|  0%| F|  |TAMS 0x0000000088300000, 0x0000000088300000| Untracked 
| 132|0x0000000088400000, 0x0000000088400000, 0x0000000088500000|  0%| F|  |TAMS 0x0000000088400000, 0x0000000088400000| Untracked 
| 133|0x0000000088500000, 0x0000000088500000, 0x0000000088600000|  0%| F|  |TAMS 0x0000000088500000, 0x0000000088500000| Untracked 
| 134|0x0000000088600000, 0x0000000088600000, 0x0000000088700000|  0%| F|  |TAMS 0x0000000088600000, 0x0000000088600000| Untracked 
| 135|0x0000000088700000, 0x0000000088700000, 0x0000000088800000|  0%| F|  |TAMS 0x0000000088700000, 0x0000000088700000| Untracked 
| 136|0x0000000088800000, 0x0000000088800000, 0x0000000088900000|  0%| F|  |TAMS 0x0000000088800000, 0x0000000088800000| Untracked 
| 137|0x0000000088900000, 0x0000000088970498, 0x0000000088a00000| 43%| S|CS|TAMS 0x0000000088900000, 0x0000000088900000| Complete 
| 138|0x0000000088a00000, 0x0000000088b00000, 0x0000000088b00000|100%| S|CS|TAMS 0x0000000088a00000, 0x0000000088a00000| Complete 
| 139|0x0000000088b00000, 0x0000000088c00000, 0x0000000088c00000|100%| S|CS|TAMS 0x0000000088b00000, 0x0000000088b00000| Complete 
| 140|0x0000000088c00000, 0x0000000088d00000, 0x0000000088d00000|100%| S|CS|TAMS 0x0000000088c00000, 0x0000000088c00000| Complete 
| 141|0x0000000088d00000, 0x0000000088e00000, 0x0000000088e00000|100%| S|CS|TAMS 0x0000000088d00000, 0x0000000088d00000| Complete 
| 142|0x0000000088e00000, 0x0000000088e00000, 0x0000000088f00000|  0%| F|  |TAMS 0x0000000088e00000, 0x0000000088e00000| Untracked 
| 143|0x0000000088f00000, 0x0000000088f00000, 0x0000000089000000|  0%| F|  |TAMS 0x0000000088f00000, 0x0000000088f00000| Untracked 
| 144|0x0000000089000000, 0x0000000089000000, 0x0000000089100000|  0%| F|  |TAMS 0x0000000089000000, 0x0000000089000000| Untracked 
| 145|0x0000000089100000, 0x0000000089100000, 0x0000000089200000|  0%| F|  |TAMS 0x0000000089100000, 0x0000000089100000| Untracked 
| 146|0x0000000089200000, 0x0000000089200000, 0x0000000089300000|  0%| F|  |TAMS 0x0000000089200000, 0x0000000089200000| Untracked 
| 147|0x0000000089300000, 0x0000000089300000, 0x0000000089400000|  0%| F|  |TAMS 0x0000000089300000, 0x0000000089300000| Untracked 
| 148|0x0000000089400000, 0x0000000089400000, 0x0000000089500000|  0%| F|  |TAMS 0x0000000089400000, 0x0000000089400000| Untracked 
| 149|0x0000000089500000, 0x0000000089500000, 0x0000000089600000|  0%| F|  |TAMS 0x0000000089500000, 0x0000000089500000| Untracked 
| 150|0x0000000089600000, 0x0000000089600000, 0x0000000089700000|  0%| F|  |TAMS 0x0000000089600000, 0x0000000089600000| Untracked 
| 151|0x0000000089700000, 0x0000000089700000, 0x0000000089800000|  0%| F|  |TAMS 0x0000000089700000, 0x0000000089700000| Untracked 
| 152|0x0000000089800000, 0x0000000089800000, 0x0000000089900000|  0%| F|  |TAMS 0x0000000089800000, 0x0000000089800000| Untracked 
| 153|0x0000000089900000, 0x0000000089900000, 0x0000000089a00000|  0%| F|  |TAMS 0x0000000089900000, 0x0000000089900000| Untracked 
| 154|0x0000000089a00000, 0x0000000089a00000, 0x0000000089b00000|  0%| F|  |TAMS 0x0000000089a00000, 0x0000000089a00000| Untracked 
| 155|0x0000000089b00000, 0x0000000089b00000, 0x0000000089c00000|  0%| F|  |TAMS 0x0000000089b00000, 0x0000000089b00000| Untracked 
| 156|0x0000000089c00000, 0x0000000089c00000, 0x0000000089d00000|  0%| F|  |TAMS 0x0000000089c00000, 0x0000000089c00000| Untracked 
| 157|0x0000000089d00000, 0x0000000089d00000, 0x0000000089e00000|  0%| F|  |TAMS 0x0000000089d00000, 0x0000000089d00000| Untracked 
| 158|0x0000000089e00000, 0x0000000089e00000, 0x0000000089f00000|  0%| F|  |TAMS 0x0000000089e00000, 0x0000000089e00000| Untracked 
| 159|0x0000000089f00000, 0x0000000089f00000, 0x000000008a000000|  0%| F|  |TAMS 0x0000000089f00000, 0x0000000089f00000| Untracked 
| 160|0x000000008a000000, 0x000000008a000000, 0x000000008a100000|  0%| F|  |TAMS 0x000000008a000000, 0x000000008a000000| Untracked 
| 161|0x000000008a100000, 0x000000008a100000, 0x000000008a200000|  0%| F|  |TAMS 0x000000008a100000, 0x000000008a100000| Untracked 
| 162|0x000000008a200000, 0x000000008a20f1d8, 0x000000008a300000|  5%| E|  |TAMS 0x000000008a200000, 0x000000008a200000| Complete 
| 163|0x000000008a300000, 0x000000008a400000, 0x000000008a400000|100%| E|CS|TAMS 0x000000008a300000, 0x000000008a300000| Complete 
| 164|0x000000008a400000, 0x000000008a500000, 0x000000008a500000|100%| E|CS|TAMS 0x000000008a400000, 0x000000008a400000| Complete 
| 165|0x000000008a500000, 0x000000008a600000, 0x000000008a600000|100%| E|CS|TAMS 0x000000008a500000, 0x000000008a500000| Complete 
| 166|0x000000008a600000, 0x000000008a700000, 0x000000008a700000|100%| E|CS|TAMS 0x000000008a600000, 0x000000008a600000| Complete 
| 167|0x000000008a700000, 0x000000008a800000, 0x000000008a800000|100%| E|CS|TAMS 0x000000008a700000, 0x000000008a700000| Complete 
| 168|0x000000008a800000, 0x000000008a900000, 0x000000008a900000|100%| E|CS|TAMS 0x000000008a800000, 0x000000008a800000| Complete 
| 169|0x000000008a900000, 0x000000008aa00000, 0x000000008aa00000|100%| E|CS|TAMS 0x000000008a900000, 0x000000008a900000| Complete 
| 170|0x000000008aa00000, 0x000000008ab00000, 0x000000008ab00000|100%| E|CS|TAMS 0x000000008aa00000, 0x000000008aa00000| Complete 
| 171|0x000000008ab00000, 0x000000008ac00000, 0x000000008ac00000|100%| E|CS|TAMS 0x000000008ab00000, 0x000000008ab00000| Complete 
| 172|0x000000008ac00000, 0x000000008ad00000, 0x000000008ad00000|100%| E|CS|TAMS 0x000000008ac00000, 0x000000008ac00000| Complete 
| 173|0x000000008ad00000, 0x000000008ae00000, 0x000000008ae00000|100%| E|CS|TAMS 0x000000008ad00000, 0x000000008ad00000| Complete 
| 174|0x000000008ae00000, 0x000000008af00000, 0x000000008af00000|100%| E|CS|TAMS 0x000000008ae00000, 0x000000008ae00000| Complete 
| 175|0x000000008af00000, 0x000000008b000000, 0x000000008b000000|100%| E|CS|TAMS 0x000000008af00000, 0x000000008af00000| Complete 
| 176|0x000000008b000000, 0x000000008b100000, 0x000000008b100000|100%| E|CS|TAMS 0x000000008b000000, 0x000000008b000000| Complete 
| 177|0x000000008b100000, 0x000000008b200000, 0x000000008b200000|100%| E|CS|TAMS 0x000000008b100000, 0x000000008b100000| Complete 
| 178|0x000000008b200000, 0x000000008b300000, 0x000000008b300000|100%| E|CS|TAMS 0x000000008b200000, 0x000000008b200000| Complete 
| 179|0x000000008b300000, 0x000000008b400000, 0x000000008b400000|100%| E|CS|TAMS 0x000000008b300000, 0x000000008b300000| Complete 
| 180|0x000000008b400000, 0x000000008b500000, 0x000000008b500000|100%| E|CS|TAMS 0x000000008b400000, 0x000000008b400000| Complete 
| 181|0x000000008b500000, 0x000000008b600000, 0x000000008b600000|100%| E|CS|TAMS 0x000000008b500000, 0x000000008b500000| Complete 
| 182|0x000000008b600000, 0x000000008b700000, 0x000000008b700000|100%| E|CS|TAMS 0x000000008b600000, 0x000000008b600000| Complete 
| 183|0x000000008b700000, 0x000000008b800000, 0x000000008b800000|100%| E|CS|TAMS 0x000000008b700000, 0x000000008b700000| Complete 
| 184|0x000000008b800000, 0x000000008b900000, 0x000000008b900000|100%| E|CS|TAMS 0x000000008b800000, 0x000000008b800000| Complete 
| 185|0x000000008b900000, 0x000000008ba00000, 0x000000008ba00000|100%| E|CS|TAMS 0x000000008b900000, 0x000000008b900000| Complete 
| 186|0x000000008ba00000, 0x000000008bb00000, 0x000000008bb00000|100%| E|CS|TAMS 0x000000008ba00000, 0x000000008ba00000| Complete 
| 187|0x000000008bb00000, 0x000000008bc00000, 0x000000008bc00000|100%| E|CS|TAMS 0x000000008bb00000, 0x000000008bb00000| Complete 
| 188|0x000000008bc00000, 0x000000008bd00000, 0x000000008bd00000|100%| E|CS|TAMS 0x000000008bc00000, 0x000000008bc00000| Complete 
| 189|0x000000008bd00000, 0x000000008be00000, 0x000000008be00000|100%| E|CS|TAMS 0x000000008bd00000, 0x000000008bd00000| Complete 
| 190|0x000000008be00000, 0x000000008bf00000, 0x000000008bf00000|100%| E|  |TAMS 0x000000008be00000, 0x000000008be00000| Complete 
| 191|0x000000008bf00000, 0x000000008c000000, 0x000000008c000000|100%| E|CS|TAMS 0x000000008bf00000, 0x000000008bf00000| Complete 

Card table byte_map: [0x000002d52ea70000,0x000002d52ee70000] _byte_map_base: 0x000002d52e670000

Marking Bits (Prev, Next): (CMBitMap*) 0x000002d519944b28, (CMBitMap*) 0x000002d519944b60
 Prev Bits: [0x000002d52f270000, 0x000002d531270000)
 Next Bits: [0x000002d531270000, 0x000002d533270000)

Polling page: 0x000002d5199d0000

Metaspace:

Usage:
  Non-class:     59.36 MB capacity,    58.19 MB ( 98%) used,  1021.06 KB (  2%) free+waste,   177.81 KB ( <1%) overhead. 
      Class:      9.15 MB capacity,     8.54 MB ( 93%) used,   539.88 KB (  6%) free+waste,    84.13 KB ( <1%) overhead. 
       Both:     68.51 MB capacity,    66.73 MB ( 97%) used,     1.52 MB (  2%) free+waste,   261.94 KB ( <1%) overhead. 

Virtual space:
  Non-class space:       60.00 MB reserved,      59.50 MB (>99%) committed 
      Class space:        1.00 GB reserved,       9.25 MB ( <1%) committed 
             Both:        1.06 GB reserved,      68.75 MB (  6%) committed 

Chunk freelists:
   Non-Class:  16.00 KB
       Class:  41.00 KB
        Both:  57.00 KB

MaxMetaspaceSize: 17179869184.00 GB
CompressedClassSpaceSize: 1.00 GB

CodeHeap 'non-profiled nmethods': size=120000Kb used=4287Kb max_used=4287Kb free=115712Kb
 bounds [0x000002d5266e0000, 0x000002d526b10000, 0x000002d52dc10000]
CodeHeap 'profiled nmethods': size=120000Kb used=14679Kb max_used=14679Kb free=105321Kb
 bounds [0x000002d51f1b0000, 0x000002d520010000, 0x000002d5266e0000]
CodeHeap 'non-nmethods': size=5760Kb used=2267Kb max_used=2298Kb free=3492Kb
 bounds [0x000002d51ec10000, 0x000002d51ee80000, 0x000002d51f1b0000]
 total_blobs=7793 nmethods=6928 adapters=776
 compilation: enabled
              stopped_count=0, restarted_count=0
 full_count=0

Compilation events (20 events):
Event: 11.941 Thread 0x000002d5365e8800 6958       3       org.objectweb.asm.Type::getTypeInternal (199 bytes)
Event: 11.942 Thread 0x000002d5365e8800 nmethod 6958 0x000002d51fff1490 code [0x000002d51fff1720, 0x000002d51fff2508]
Event: 11.942 Thread 0x000002d5365e8800 6960       3       org.objectweb.asm.ByteVector::putUTF8 (144 bytes)
Event: 11.943 Thread 0x000002d5365e8800 nmethod 6960 0x000002d51fff2990 code [0x000002d51fff2c20, 0x000002d51fff3748]
Event: 11.943 Thread 0x000002d5365e8800 6959       3       org.objectweb.asm.Frame::execute (2318 bytes)
Event: 11.948 Thread 0x000002d5365e8800 nmethod 6959 0x000002d51fff3c90 code [0x000002d51fff4a00, 0x000002d51fffb138]
Event: 11.948 Thread 0x000002d5365e8800 6961       1       com.android.build.gradle.internal.dsl.decorator.DslDecorator$ManagedProperty::getSupportedPropertyType (5 bytes)
Event: 11.948 Thread 0x000002d5365e8800 nmethod 6961 0x000002d526b0fa90 code [0x000002d526b0fc40, 0x000002d526b0fcf8]
Event: 11.953 Thread 0x000002d5365e8800 6962       3       com.sun.proxy.$Proxy16::<init> (6 bytes)
Event: 11.954 Thread 0x000002d5365e8800 nmethod 6962 0x000002d51fffce10 code [0x000002d51fffcfe0, 0x000002d51fffd368]
Event: 11.954 Thread 0x000002d5365e8800 6963   !   3       com.sun.proxy.$Proxy16::annotationType (29 bytes)
Event: 11.954 Thread 0x000002d5365e8800 nmethod 6963 0x000002d51fffd510 code [0x000002d51fffd700, 0x000002d51fffdad8]
Event: 11.954 Thread 0x000002d5365e8800 6964   !   3       jdk.internal.reflect.GeneratedConstructorAccessor12::newInstance (53 bytes)
Event: 11.954 Thread 0x000002d5365e8800 nmethod 6964 0x000002d51fffdc90 code [0x000002d51fffdee0, 0x000002d51fffe748]
Event: 11.956 Thread 0x000002d5365e8800 6965       3       org.gradle.internal.instantiation.generator.AbstractClassGenerator$ExtensibleTypePropertyHandler::applyTo (228 bytes)
Event: 11.958 Thread 0x000002d5365e8800 nmethod 6965 0x000002d51fffeb90 code [0x000002d51fffef80, 0x000002d520000c38]
Event: 11.960 Thread 0x000002d5365e8800 6966       3       org.gradle.internal.instantiation.generator.AsmBackedClassGenerator$ClassBuilderImpl::applyConventionMappingToSetter (178 bytes)
Event: 11.961 Thread 0x000002d5365e8800 nmethod 6966 0x000002d520001490 code [0x000002d520001840, 0x000002d520002da8]
Event: 11.962 Thread 0x000002d5365e8800 6967       3       sun.reflect.annotation.AnnotationParser::parseIntArray (84 bytes)
Event: 11.962 Thread 0x000002d5365e8800 nmethod 6967 0x000002d520003590 code [0x000002d520003820, 0x000002d5200041a8]

GC Heap History (18 events):
Event: 1.677 GC heap before
{Heap before GC invocations=0 (full 0):
 garbage-first heap   total 196608K, used 29696K [0x0000000080000000, 0x0000000100000000)
  region size 1024K, 24 young (24576K), 0 survivors (0K)
 Metaspace       used 10230K, capacity 10435K, committed 10624K, reserved 1058816K
  class space    used 1065K, capacity 1141K, committed 1152K, reserved 1048576K
}
Event: 1.752 GC heap after
{Heap after GC invocations=1 (full 0):
 garbage-first heap   total 196608K, used 9156K [0x0000000080000000, 0x0000000100000000)
  region size 1024K, 3 young (3072K), 3 survivors (3072K)
 Metaspace       used 10230K, capacity 10435K, committed 10624K, reserved 1058816K
  class space    used 1065K, capacity 1141K, committed 1152K, reserved 1048576K
}
Event: 4.237 GC heap before
{Heap before GC invocations=1 (full 0):
 garbage-first heap   total 196608K, used 103364K [0x0000000080000000, 0x0000000100000000)
  region size 1024K, 96 young (98304K), 3 survivors (3072K)
 Metaspace       used 20577K, capacity 21103K, committed 21248K, reserved 1067008K
  class space    used 2517K, capacity 2701K, committed 2816K, reserved 1048576K
}
Event: 4.252 GC heap after
{Heap after GC invocations=2 (full 0):
 garbage-first heap   total 196608K, used 16566K [0x0000000080000000, 0x0000000100000000)
  region size 1024K, 11 young (11264K), 11 survivors (11264K)
 Metaspace       used 20577K, capacity 21103K, committed 21248K, reserved 1067008K
  class space    used 2517K, capacity 2701K, committed 2816K, reserved 1048576K
}
Event: 5.278 GC heap before
{Heap before GC invocations=3 (full 0):
 garbage-first heap   total 196608K, used 84150K [0x0000000080000000, 0x0000000100000000)
  region size 1024K, 67 young (68608K), 11 survivors (11264K)
 Metaspace       used 26210K, capacity 26929K, committed 27008K, reserved 1073152K
  class space    used 3439K, capacity 3698K, committed 3712K, reserved 1048576K
}
Event: 5.288 GC heap after
{Heap after GC invocations=4 (full 0):
 garbage-first heap   total 196608K, used 32301K [0x0000000080000000, 0x0000000100000000)
  region size 1024K, 6 young (6144K), 6 survivors (6144K)
 Metaspace       used 26210K, capacity 26929K, committed 27008K, reserved 1073152K
  class space    used 3439K, capacity 3698K, committed 3712K, reserved 1048576K
}
Event: 6.385 GC heap before
{Heap before GC invocations=4 (full 0):
 garbage-first heap   total 196608K, used 90669K [0x0000000080000000, 0x0000000100000000)
  region size 1024K, 64 young (65536K), 6 survivors (6144K)
 Metaspace       used 34819K, capacity 35717K, committed 35840K, reserved 1081344K
  class space    used 4562K, capacity 4894K, committed 4992K, reserved 1048576K
}
Event: 6.397 GC heap after
{Heap after GC invocations=5 (full 0):
 garbage-first heap   total 196608K, used 35276K [0x0000000080000000, 0x0000000100000000)
  region size 1024K, 9 young (9216K), 9 survivors (9216K)
 Metaspace       used 34819K, capacity 35717K, committed 35840K, reserved 1081344K
  class space    used 4562K, capacity 4894K, committed 4992K, reserved 1048576K
}
Event: 8.151 GC heap before
{Heap before GC invocations=6 (full 0):
 garbage-first heap   total 196608K, used 146892K [0x0000000080000000, 0x0000000100000000)
  region size 1024K, 107 young (109568K), 9 survivors (9216K)
 Metaspace       used 43841K, capacity 45063K, committed 45184K, reserved 1089536K
  class space    used 5516K, capacity 5975K, committed 6016K, reserved 1048576K
}
Event: 8.163 GC heap after
{Heap after GC invocations=7 (full 0):
 garbage-first heap   total 196608K, used 51655K [0x0000000080000000, 0x0000000100000000)
  region size 1024K, 12 young (12288K), 12 survivors (12288K)
 Metaspace       used 43841K, capacity 45063K, committed 45184K, reserved 1089536K
  class space    used 5516K, capacity 5975K, committed 6016K, reserved 1048576K
}
Event: 9.316 GC heap before
{Heap before GC invocations=7 (full 0):
 garbage-first heap   total 196608K, used 147911K [0x0000000080000000, 0x0000000100000000)
  region size 1024K, 106 young (108544K), 12 survivors (12288K)
 Metaspace       used 49263K, capacity 50668K, committed 50816K, reserved 1093632K
  class space    used 6310K, capacity 6773K, committed 6784K, reserved 1048576K
}
Event: 9.327 GC heap after
{Heap after GC invocations=8 (full 0):
 garbage-first heap   total 196608K, used 56652K [0x0000000080000000, 0x0000000100000000)
  region size 1024K, 6 young (6144K), 6 survivors (6144K)
 Metaspace       used 49263K, capacity 50668K, committed 50816K, reserved 1093632K
  class space    used 6310K, capacity 6773K, committed 6784K, reserved 1048576K
}
Event: 10.805 GC heap before
{Heap before GC invocations=8 (full 0):
 garbage-first heap   total 196608K, used 159052K [0x0000000080000000, 0x0000000100000000)
  region size 1024K, 99 young (101376K), 6 survivors (6144K)
 Metaspace       used 56894K, capacity 58590K, committed 58880K, reserved 1099776K
  class space    used 7338K, capacity 7891K, committed 7936K, reserved 1048576K
}
Event: 10.816 GC heap after
{Heap after GC invocations=9 (full 0):
 garbage-first heap   total 196608K, used 75105K [0x0000000080000000, 0x0000000100000000)
  region size 1024K, 13 young (13312K), 13 survivors (13312K)
 Metaspace       used 56894K, capacity 58590K, committed 58880K, reserved 1099776K
  class space    used 7338K, capacity 7891K, committed 7936K, reserved 1048576K
}
Event: 10.948 GC heap before
{Heap before GC invocations=9 (full 0):
 garbage-first heap   total 196608K, used 85345K [0x0000000080000000, 0x0000000100000000)
  region size 1024K, 24 young (24576K), 13 survivors (13312K)
 Metaspace       used 58424K, capacity 60029K, committed 60160K, reserved 1101824K
  class space    used 7528K, capacity 8093K, committed 8192K, reserved 1048576K
}
Event: 10.964 GC heap after
{Heap after GC invocations=10 (full 0):
 garbage-first heap   total 196608K, used 77072K [0x0000000080000000, 0x0000000100000000)
  region size 1024K, 2 young (2048K), 2 survivors (2048K)
 Metaspace       used 58424K, capacity 60029K, committed 60160K, reserved 1101824K
  class space    used 7528K, capacity 8093K, committed 8192K, reserved 1048576K
}
Event: 11.625 GC heap before
{Heap before GC invocations=11 (full 0):
 garbage-first heap   total 196608K, used 126224K [0x0000000080000000, 0x0000000100000000)
  region size 1024K, 50 young (51200K), 2 survivors (2048K)
 Metaspace       used 65788K, capacity 67639K, committed 67840K, reserved 1107968K
  class space    used 8442K, capacity 9092K, committed 9216K, reserved 1048576K
}
Event: 11.633 GC heap after
{Heap after GC invocations=12 (full 0):
 garbage-first heap   total 196608K, used 79724K [0x0000000080000000, 0x0000000100000000)
  region size 1024K, 5 young (5120K), 5 survivors (5120K)
 Metaspace       used 65788K, capacity 67639K, committed 67840K, reserved 1107968K
  class space    used 8442K, capacity 9092K, committed 9216K, reserved 1048576K
}

Deoptimization events (20 events):
Event: 11.672 Thread 0x000002d5385fc800 DEOPT PACKING pc=0x000002d51fe10f5d sp=0x000000ecf53f3d90
Event: 11.672 Thread 0x000002d5385fc800 DEOPT UNPACKING pc=0x000002d51ec376ce sp=0x000000ecf53f3248 mode 0
Event: 11.678 Thread 0x000002d5385fc800 Uncommon trap: trap_request=0xffffffc6 fr.pc=0x000002d526a046a0 relative=0x00000000000014e0
Event: 11.678 Thread 0x000002d5385fc800 Uncommon trap: reason=bimorphic_or_optimized_type_check action=maybe_recompile pc=0x000002d526a046a0 method=jdk.internal.loader.Resource.getBytes()[B @ 115 c2
Event: 11.678 Thread 0x000002d5385fc800 DEOPT PACKING pc=0x000002d526a046a0 sp=0x000000ecf53f45b0
Event: 11.678 Thread 0x000002d5385fc800 DEOPT UNPACKING pc=0x000002d51ec378af sp=0x000000ecf53f45c0 mode 2
Event: 11.680 Thread 0x000002d5385fc800 Uncommon trap: trap_request=0xffffffc6 fr.pc=0x000002d526a046a0 relative=0x00000000000014e0
Event: 11.680 Thread 0x000002d5385fc800 Uncommon trap: reason=bimorphic_or_optimized_type_check action=maybe_recompile pc=0x000002d526a046a0 method=jdk.internal.loader.Resource.getBytes()[B @ 115 c2
Event: 11.680 Thread 0x000002d5385fc800 DEOPT PACKING pc=0x000002d526a046a0 sp=0x000000ecf53f1270
Event: 11.680 Thread 0x000002d5385fc800 DEOPT UNPACKING pc=0x000002d51ec378af sp=0x000000ecf53f1280 mode 2
Event: 11.793 Thread 0x000002d5385fc800 Uncommon trap: trap_request=0xffffff4d fr.pc=0x000002d526ab7874 relative=0x0000000000002594
Event: 11.793 Thread 0x000002d5385fc800 Uncommon trap: reason=unstable_if action=reinterpret pc=0x000002d526ab7874 method=java.util.regex.Pattern.compile()V @ 133 c2
Event: 11.793 Thread 0x000002d5385fc800 DEOPT PACKING pc=0x000002d526ab7874 sp=0x000000ecf53f6ce0
Event: 11.793 Thread 0x000002d5385fc800 DEOPT UNPACKING pc=0x000002d51ec378af sp=0x000000ecf53f6cc8 mode 2
Event: 11.862 Thread 0x000002d5385fc800 Uncommon trap: trap_request=0xffffff4d fr.pc=0x000002d526ac012c relative=0x000000000000032c
Event: 11.862 Thread 0x000002d5385fc800 Uncommon trap: reason=unstable_if action=reinterpret pc=0x000002d526ac012c method=com.google.common.reflect.TypeResolver$TypeVariableKey.equalsTypeVariable(Ljava/lang/reflect/TypeVariable;)Z @ 39 c2
Event: 11.862 Thread 0x000002d5385fc800 DEOPT PACKING pc=0x000002d526ac012c sp=0x000000ecf53f7740
Event: 11.862 Thread 0x000002d5385fc800 DEOPT UNPACKING pc=0x000002d51ec378af sp=0x000000ecf53f76f0 mode 2
Event: 11.963 Thread 0x000002d5385fc800 DEOPT PACKING pc=0x000002d51fe5b361 sp=0x000000ecf53f7590
Event: 11.963 Thread 0x000002d5385fc800 DEOPT UNPACKING pc=0x000002d51ec376ce sp=0x000000ecf53f6ad8 mode 0

Classes redefined (0 events):
No events

Internal exceptions (20 events):
Event: 9.597 Thread 0x000002d5385fc800 Exception <a 'java/lang/ClassNotFoundException'{0x000000008a5542d0}: org/gradle/api/tasks/DeleteCustomizer> (0x000000008a5542d0) thrown at [./src/hotspot/share/classfile/systemDictionary.cpp, line 231]
Event: 9.598 Thread 0x000002d5385fc800 Exception <a 'java/lang/ClassNotFoundException'{0x000000008a593780}: org/gradle/api/tasks/Delete_DecoratedCustomizer> (0x000000008a593780) thrown at [./src/hotspot/share/classfile/systemDictionary.cpp, line 231]
Event: 9.728 Thread 0x000002d5385fc800 Exception <a 'java/lang/NoSuchMethodError'{0x000000008a363210}: 'void java.lang.invoke.DirectMethodHandle$Holder.invokeVirtual(java.lang.Object, java.lang.Object)'> (0x000000008a363210) thrown at [./src/hotspot/share/interpreter/linkResolver.cpp, line 773]
Event: 10.365 Thread 0x000002d5385fc800 Exception <a 'java/lang/NoSuchMethodError'{0x00000000880d2ce0}: 'void java.lang.invoke.DirectMethodHandle$Holder.invokeSpecialIFC(java.lang.Object, java.lang.Object, java.lang.Object)'> (0x00000000880d2ce0) thrown at [./src/hotspot/share/interpreter/linkResolver.cpp, line 773]
Event: 10.489 Thread 0x000002d5385fc800 Exception <a 'java/lang/NoSuchMethodError'{0x0000000087bcba38}: 'int java.lang.invoke.DirectMethodHandle$Holder.invokeStatic(java.lang.Object, int, java.lang.Object, java.lang.Object)'> (0x0000000087bcba38) thrown at [./src/hotspot/share/interpreter/linkResolver.cpp, line 773]
Event: 10.643 Thread 0x000002d5385fc800 Exception <a 'java/lang/ClassNotFoundException'{0x0000000087557ef8}: build_czyjxuivwbah2n4ddeuwfrxuwBeanInfo> (0x0000000087557ef8) thrown at [./src/hotspot/share/classfile/systemDictionary.cpp, line 231]
Event: 10.643 Thread 0x000002d5385fc800 Exception <a 'java/lang/ClassNotFoundException'{0x0000000087562e20}: build_czyjxuivwbah2n4ddeuwfrxuwCustomizer> (0x0000000087562e20) thrown at [./src/hotspot/share/classfile/systemDictionary.cpp, line 231]
Event: 10.650 Thread 0x000002d5385fc800 Exception <a 'java/lang/ClassNotFoundException'{0x00000000875e75a8}: org/gradle/plugin/use/internal/PluginRequestCollector$PluginDependenciesSpecImplBeanInfo> (0x00000000875e75a8) thrown at [./src/hotspot/share/classfile/systemDictionary.cpp, line 231]
Event: 10.650 Thread 0x000002d5385fc800 Exception <a 'java/lang/ClassNotFoundException'{0x0000000087415938}: org/gradle/plugin/use/internal/PluginRequestCollector$PluginDependenciesSpecImplCustomizer> (0x0000000087415938) thrown at [./src/hotspot/share/classfile/systemDictionary.cpp, line 231]
Event: 10.741 Thread 0x000002d5385fc800 Exception <a 'java/lang/NoSuchMethodError'{0x000000008689daf0}: 'java.lang.Object java.lang.invoke.DirectMethodHandle$Holder.invokeStatic(java.lang.Object, java.lang.Object, java.lang.Object, java.lang.Object, int)'> (0x000000008689daf0) thrown at [./src/hotspot/share/interpreter/linkResolver.cpp, line 773]
Event: 10.741 Thread 0x000002d5385fc800 Exception <a 'java/lang/NoSuchMethodError'{0x00000000868a24e8}: 'java.lang.Object java.lang.invoke.DirectMethodHandle$Holder.invokeSpecial(java.lang.Object, java.lang.Object, java.lang.Object, java.lang.Object, java.lang.Object, int)'> (0x00000000868a24e8) thrown at [./src/hotspot/share/interpreter/linkResolver.cpp, line 773]
Event: 10.741 Thread 0x000002d5385fc800 Exception <a 'java/lang/NoSuchMethodError'{0x00000000868a6b28}: 'java.lang.Object java.lang.invoke.Invokers$Holder.linkToTargetMethod(java.lang.Object, java.lang.Object, java.lang.Object, int, java.lang.Object)'> (0x00000000868a6b28) thrown at [./src/hotspot/share/interpreter/linkResolver.cpp, line 773]
Event: 10.933 Thread 0x000002d5385fc800 Exception <a 'java/lang/NoSuchMethodError'{0x000000008b686b30}: 'java.lang.Object java.lang.invoke.DirectMethodHandle$Holder.invokeSpecial(java.lang.Object, java.lang.Object, int, int, java.lang.Object, java.lang.Object, java.lang.Object)'> (0x000000008b686b30) thrown at [./src/hotspot/share/interpreter/linkResolver.cpp, line 773]
Event: 10.933 Thread 0x000002d5385fc800 Exception <a 'java/lang/NoSuchMethodError'{0x000000008b68b0b0}: 'java.lang.Object java.lang.invoke.DelegatingMethodHandle$Holder.reinvoke_L(java.lang.Object, int, int, java.lang.Object, java.lang.Object, java.lang.Object)'> (0x000000008b68b0b0) thrown at [./src/hotspot/share/interpreter/linkResolver.cpp, line 773]
Event: 11.138 Thread 0x000002d5385fc800 Exception <a 'java/lang/NoSuchMethodError'{0x000000008b59dda8}: 'int java.lang.invoke.DirectMethodHandle$Holder.invokeInterface(java.lang.Object, java.lang.Object, java.lang.Object, java.lang.Object)'> (0x000000008b59dda8) thrown at [./src/hotspot/share/interpreter/linkResolver.cpp, line 773]
Event: 11.300 Thread 0x000002d5385fc800 Exception <a 'java/lang/NoSuchMethodError'{0x000000008a42a7c0}: 'void java.lang.invoke.DirectMethodHandle$Holder.invokeInterface(java.lang.Object, java.lang.Object, java.lang.Object, java.lang.Object)'> (0x000000008a42a7c0) thrown at [./src/hotspot/share/interpreter/linkResolver.cpp, line 773]
Event: 11.418 Thread 0x000002d5385fc800 Exception <a 'java/lang/IncompatibleClassChangeError'{0x0000000089dfb870}: Found class java.lang.Object, but interface was expected> (0x0000000089dfb870) thrown at [./src/hotspot/share/interpreter/linkResolver.cpp, line 839]
Event: 11.463 Thread 0x000002d5385fc800 Implicit null exception at 0x000002d5268ff154 to 0x000002d5268ff338
Event: 11.523 Thread 0x000002d5385fc800 Implicit null exception at 0x000002d5267fd18b to 0x000002d5267fd264
Event: 11.720 Thread 0x000002d5385fc800 Exception <a 'sun/nio/fs/WindowsException'{0x000000008b9c0398}> (0x000000008b9c0398) thrown at [./src/hotspot/share/prims/jni.cpp, line 615]

Events (20 events):
Event: 11.952 loading class com/android/builder/core/LibraryRequest
Event: 11.952 loading class com/android/builder/core/LibraryRequest done
Event: 11.953 loading class com/android/build/api/variant/VariantFilter
Event: 11.953 loading class com/android/build/api/variant/VariantFilter done
Event: 11.961 loading class com/android/build/gradle/internal/dsl/ViewBindingOptionsImpl
Event: 11.961 loading class com/android/build/gradle/internal/dsl/ViewBindingOptionsImpl done
Event: 11.963 loading class com/android/build/gradle/internal/dsl/SdkComponentsImpl
Event: 11.963 loading class com/android/build/gradle/internal/dsl/SdkComponentsImpl done
Event: 11.963 loading class com/android/build/gradle/BaseExtension
Event: 11.963 loading class com/android/build/gradle/BaseExtension done
Event: 11.963 loading class com/android/repository/Revision
Event: 11.963 loading class com/android/repository/Revision done
Event: 11.963 loading class com/android/repository/Revision
Event: 11.963 loading class com/android/repository/Revision done
Event: 11.963 loading class com/android/build/gradle/BaseExtension
Event: 11.963 loading class com/android/build/gradle/BaseExtension done
Event: 11.964 loading class com/android/build/gradle/BaseExtension
Event: 11.964 loading class com/android/build/gradle/BaseExtension done
Event: 11.964 loading class com/android/build/gradle/BaseExtension
Event: 11.964 loading class com/android/build/gradle/BaseExtension done


Dynamic libraries:
0x00007ff7cf9a0000 - 0x00007ff7cf9aa000 	F:\AndroidStudio\jre\bin\java.exe
0x00007ffcad760000 - 0x00007ffcad950000 	C:\Windows\SYSTEM32\ntdll.dll
0x00007ffcab820000 - 0x00007ffcab8d2000 	C:\Windows\System32\KERNEL32.DLL
0x00007ffcaaf20000 - 0x00007ffcab1c2000 	C:\Windows\System32\KERNELBASE.dll
0x00007ffcab470000 - 0x00007ffcab56a000 	C:\Windows\System32\ucrtbase.dll
0x00007ffca3410000 - 0x00007ffca3429000 	F:\AndroidStudio\jre\bin\jli.dll
0x00007ffca32f0000 - 0x00007ffca3307000 	F:\AndroidStudio\jre\bin\VCRUNTIME140.dll
0x00007ffcac570000 - 0x00007ffcac703000 	C:\Windows\System32\USER32.dll
0x00007ffcab270000 - 0x00007ffcab291000 	C:\Windows\System32\win32u.dll
0x00007ffc91f80000 - 0x00007ffc92205000 	C:\Windows\WinSxS\amd64_microsoft.windows.common-controls_6595b64144ccf1df_6.0.18362.30_none_a1435978519dce7f\COMCTL32.dll
0x00007ffcac1b0000 - 0x00007ffcac1d6000 	C:\Windows\System32\GDI32.dll
0x00007ffcac4a0000 - 0x00007ffcac53e000 	C:\Windows\System32\msvcrt.dll
0x00007ffcab2d0000 - 0x00007ffcab464000 	C:\Windows\System32\gdi32full.dll
0x00007ffcac710000 - 0x00007ffcaca46000 	C:\Windows\System32\combase.dll
0x00007ffcab1d0000 - 0x00007ffcab26e000 	C:\Windows\System32\msvcp_win.dll
0x00007ffcacbf0000 - 0x00007ffcacd10000 	C:\Windows\System32\RPCRT4.dll
0x00007ffcaa6f0000 - 0x00007ffcaa771000 	C:\Windows\System32\bcryptPrimitives.dll
0x00007ffcac540000 - 0x00007ffcac56e000 	C:\Windows\System32\IMM32.DLL
0x00007ffc75070000 - 0x00007ffc7510d000 	F:\AndroidStudio\jre\bin\msvcp140.dll
0x00007ffc661e0000 - 0x00007ffc66caf000 	F:\AndroidStudio\jre\bin\server\jvm.dll
0x00007ffcacac0000 - 0x00007ffcacb63000 	C:\Windows\System32\ADVAPI32.dll
0x00007ffcad520000 - 0x00007ffcad5b7000 	C:\Windows\System32\sechost.dll
0x00007ffcabb80000 - 0x00007ffcabb88000 	C:\Windows\System32\PSAPI.DLL
0x00007ffc94c50000 - 0x00007ffc94c59000 	C:\Windows\SYSTEM32\WSOCK32.dll
0x00007ffca7530000 - 0x00007ffca7554000 	C:\Windows\SYSTEM32\WINMM.dll
0x00007ffcaca50000 - 0x00007ffcacabf000 	C:\Windows\System32\WS2_32.dll
0x00007ffca3b30000 - 0x00007ffca3b3a000 	C:\Windows\SYSTEM32\VERSION.dll
0x00007ffca70a0000 - 0x00007ffca70cd000 	C:\Windows\SYSTEM32\WINMMBASE.dll
0x00007ffcab720000 - 0x00007ffcab76a000 	C:\Windows\System32\cfgmgr32.dll
0x00007ffcaa6b0000 - 0x00007ffcaa6c1000 	C:\Windows\System32\kernel.appcore.dll
0x00007ffca3440000 - 0x00007ffca3451000 	F:\AndroidStudio\jre\bin\verify.dll
0x00007ffca8f80000 - 0x00007ffca9174000 	C:\Windows\SYSTEM32\DBGHELP.DLL
0x00007ffc96380000 - 0x00007ffc963aa000 	C:\Windows\SYSTEM32\dbgcore.DLL
0x00007ffc9a1a0000 - 0x00007ffc9a1c9000 	F:\AndroidStudio\jre\bin\java.dll
0x00007ffca5d00000 - 0x00007ffca5d0b000 	F:\AndroidStudio\jre\bin\jimage.dll
0x00007ffca33c0000 - 0x00007ffca33d8000 	F:\AndroidStudio\jre\bin\zip.dll
0x00007ffcacd70000 - 0x00007ffcad450000 	C:\Windows\System32\SHELL32.dll
0x00007ffcab8e0000 - 0x00007ffcab989000 	C:\Windows\System32\shcore.dll
0x00007ffcaa7a0000 - 0x00007ffcaaf1b000 	C:\Windows\System32\windows.storage.dll
0x00007ffcaa640000 - 0x00007ffcaa65f000 	C:\Windows\System32\profapi.dll
0x00007ffcaa660000 - 0x00007ffcaa6aa000 	C:\Windows\System32\powrprof.dll
0x00007ffcaa630000 - 0x00007ffcaa640000 	C:\Windows\System32\UMPDC.dll
0x00007ffcad4c0000 - 0x00007ffcad512000 	C:\Windows\System32\shlwapi.dll
0x00007ffcaa780000 - 0x00007ffcaa797000 	C:\Windows\System32\cryptsp.dll
0x00007ffc9a180000 - 0x00007ffc9a19a000 	F:\AndroidStudio\jre\bin\net.dll
0x00007ffca2ea0000 - 0x00007ffca2f8f000 	C:\Windows\SYSTEM32\WINHTTP.dll
0x00007ffca9ea0000 - 0x00007ffca9f07000 	C:\Windows\system32\mswsock.dll
0x00007ffc91420000 - 0x00007ffc91434000 	F:\AndroidStudio\jre\bin\nio.dll
0x00007ffc9acf0000 - 0x00007ffc9ad17000 	C:\Users\mojan\.gradle\native\8bec1ad78214c89d9ad589b4d07fe93259594b29d510b10fafb7a158f7737e5d\windows-amd64\native-platform.dll
0x00007ffc73ab0000 - 0x00007ffc73bed000 	C:\Users\mojan\.gradle\native\53dbd7edfb1c66fb8903c78663c9afc45aea4f116125fa6feffd364cf09443e8\windows-amd64\native-platform-file-events.dll
0x00007ffca5b50000 - 0x00007ffca5b5a000 	F:\AndroidStudio\jre\bin\management.dll
0x00007ffca3430000 - 0x00007ffca343c000 	F:\AndroidStudio\jre\bin\management_ext.dll
0x00007ffca9a60000 - 0x00007ffca9a93000 	C:\Windows\system32\rsaenh.dll
0x00007ffcab2a0000 - 0x00007ffcab2c6000 	C:\Windows\System32\bcrypt.dll
0x00007ffcaa550000 - 0x00007ffcaa575000 	C:\Windows\SYSTEM32\USERENV.dll
0x00007ffcaa070000 - 0x00007ffcaa07c000 	C:\Windows\SYSTEM32\CRYPTBASE.dll
0x00007ffca9c00000 - 0x00007ffca9c3a000 	C:\Windows\SYSTEM32\IPHLPAPI.DLL
0x00007ffcad450000 - 0x00007ffcad458000 	C:\Windows\System32\NSI.dll
0x00007ffc9db10000 - 0x00007ffc9db26000 	C:\Windows\SYSTEM32\dhcpcsvc6.DLL
0x00007ffc9df20000 - 0x00007ffc9df3c000 	C:\Windows\SYSTEM32\dhcpcsvc.DLL
0x00007ffca9c40000 - 0x00007ffca9d0a000 	C:\Windows\SYSTEM32\DNSAPI.dll

dbghelp: loaded successfully - version: 4.0.5 - missing functions: none
symbol engine: initialized successfully - sym options: 0x614 - pdb path: .;F:\AndroidStudio\jre\bin;C:\Windows\SYSTEM32;C:\Windows\WinSxS\amd64_microsoft.windows.common-controls_6595b64144ccf1df_6.0.18362.30_none_a1435978519dce7f;F:\AndroidStudio\jre\bin\server;C:\Users\mojan\.gradle\native\8bec1ad78214c89d9ad589b4d07fe93259594b29d510b10fafb7a158f7737e5d\windows-amd64;C:\Users\mojan\.gradle\native\53dbd7edfb1c66fb8903c78663c9afc45aea4f116125fa6feffd364cf09443e8\windows-amd64

VM Arguments:
jvm_args: --add-opens=java.base/java.util=ALL-UNNAMED --add-opens=java.base/java.lang=ALL-UNNAMED --add-opens=java.base/java.lang.invoke=ALL-UNNAMED --add-opens=java.base/java.util=ALL-UNNAMED --add-opens=java.prefs/java.util.prefs=ALL-UNNAMED --add-opens=java.prefs/java.util.prefs=ALL-UNNAMED --add-opens=java.base/java.nio.charset=ALL-UNNAMED --add-opens=java.base/java.net=ALL-UNNAMED --add-opens=java.base/java.util.concurrent.atomic=ALL-UNNAMED -Xmx2048m -Dfile.encoding=UTF-8 -Duser.country=CA -Duser.language=en -Duser.variant 
java_command: org.gradle.launcher.daemon.bootstrap.GradleDaemon 7.0.2
java_class_path (initial): C:\Users\mojan\.gradle\wrapper\dists\gradle-7.0.2-bin\857tjihv64xamwrf0h14cai3r\gradle-7.0.2\lib\gradle-launcher-7.0.2.jar
Launcher Type: SUN_STANDARD

[Global flags]
     intx CICompilerCount                          = 4                                         {product} {ergonomic}
     uint ConcGCThreads                            = 2                                         {product} {ergonomic}
     uint G1ConcRefinementThreads                  = 8                                         {product} {ergonomic}
   size_t G1HeapRegionSize                         = 1048576                                   {product} {ergonomic}
    uintx GCDrainStackTargetSize                   = 64                                        {product} {ergonomic}
   size_t InitialHeapSize                          = 201326592                                 {product} {ergonomic}
   size_t MarkStackSize                            = 4194304                                   {product} {ergonomic}
   size_t MaxHeapSize                              = 2147483648                                {product} {command line}
   size_t MaxNewSize                               = 1287651328                                {product} {ergonomic}
   size_t MinHeapDeltaBytes                        = 1048576                                   {product} {ergonomic}
    uintx NonNMethodCodeHeapSize                   = 5836300                                {pd product} {ergonomic}
    uintx NonProfiledCodeHeapSize                  = 122910970                              {pd product} {ergonomic}
    uintx ProfiledCodeHeapSize                     = 122910970                              {pd product} {ergonomic}
    uintx ReservedCodeCacheSize                    = 251658240                              {pd product} {ergonomic}
     bool SegmentedCodeCache                       = true                                      {product} {ergonomic}
     bool UseCompressedClassPointers               = true                                 {lp64_product} {ergonomic}
     bool UseCompressedOops                        = true                                 {lp64_product} {ergonomic}
     bool UseG1GC                                  = true                                      {product} {ergonomic}
     bool UseLargePagesIndividualAllocation        = false                                  {pd product} {ergonomic}

Logging:
Log output configuration:
 #0: stdout all=warning uptime,level,tags
 #1: stderr all=off uptime,level,tags

Environment Variables:
JAVA_HOME=F:\Java18\bin
PATH=C:\Windows\system32;C:\Windows;C:\Windows\System32\Wbem;C:\Windows\System32\WindowsPowerShell\v1.0\;C:\Windows\System32\OpenSSH\;C:\Program Files (x86)\NVIDIA Corporation\PhysX\Common;C:\Program Files\Microsoft SQL Server\130\Tools\Binn\;C:\Program Files (x86)\Common Files\lenovo\easyplussdk\bin;C:\Program Files\NVIDIA Corporation\NVIDIA NvDLISR;C:\Program Files\Intel\WiFi\bin\;C:\Program Files\Common Files\Intel\WirelessCommon\;C:\Program Files\Git\cmd;C:\ProgramData\chocolatey\bin;C:\Program Files\dotnet\;F:\Python310\Scripts\;F:\Python310\;C:\Program Files\Intel\WiFi\bin\;C:\Program Files\Common Files\Intel\WirelessCommon\;C:\Users\mojan\.dotnet\tools;C:\Users\mojan\AppData\Roaming\Pub\Cache\bin;F:\Microsoft VS Code\bin;C:\Program Files\mingw-w64\x86_64-8.1.0-posix-seh-rt_v6-rev0\mingw64\bin;C:\Users\mojan\.dotnet\tools;F:\PyCharm Community Edition 2021.3.3\bin;;F:\Java18\bin;;F:\IntelliJ IDEA Community Edition 2022.1\bin;
USERNAME=mojan
OS=Windows_NT
PROCESSOR_IDENTIFIER=Intel64 Family 6 Model 142 Stepping 10, GenuineIntel



---------------  S Y S T E M  ---------------

OS: Windows 10 , 64 bit Build 18362 (10.0.18362.1)
OS uptime: 0 days 1:44 hours

CPU:total 8 (initial active 8) (4 cores per cpu, 2 threads per core) family 6 model 142 stepping 10 microcode 0x96, cmov, cx8, fxsr, mmx, sse, sse2, sse3, ssse3, sse4.1, sse4.2, popcnt, avx, avx2, aes, clmul, erms, 3dnowpref, lzcnt, ht, tsc, tscinvbit, bmi1, bmi2, adx, fma

Memory: 4k page, system-wide physical 12166M (2803M free)
TotalPageFile size 12166M (AvailPageFile size 5M)
current process WorkingSet (physical memory assigned to process): 414M, peak: 414M
current process commit charge ("private bytes"): 455M, peak: 456M

vm_info: OpenJDK 64-Bit Server VM (11.0.10+0-b96-7249189) for windows-amd64 JRE (11.0.10+0-b96-7249189), built on Mar 31 2021 21:44:00 by "builder" with MS VC++ 14.0 (VS2015)

END.
