#
# There is insufficient memory for the Java Runtime Environment to continue.
# Native memory allocation (malloc) failed to allocate 2290256 bytes for Chunk::new
# Possible reasons:
#   The system is out of physical RAM or swap space
#   The process is running with CompressedOops enabled, and the Java Heap may be blocking the growth of the native heap
# Possible solutions:
#   Reduce memory load on the system
#   Increase physical memory or swap space
#   Check if swap backing store is full
#   Decrease Java heap size (-Xmx/-Xms)
#   Decrease number of Java threads
#   Decrease Java thread stack sizes (-Xss)
#   Set larger code cache with -XX:ReservedCodeCacheSize=
#   JVM is running with Unscaled Compressed Oops mode in which the Java heap is
#     placed in the first 4GB address space. The Java Heap base address is the
#     maximum limit for the native heap growth. Please use -XX:HeapBaseMinAddress
#     to set the Java Heap base and to place the Java Heap above 4GB virtual address.
# This output file may be truncated or incomplete.
#
#  Out of Memory Error (./src/hotspot/share/memory/arena.cpp:197), pid=1524, tid=10164
#
# JRE version: OpenJDK Runtime Environment (11.0.12+7) (build 11.0.12+7-b1504.28-7817840)
# Java VM: OpenJDK 64-Bit Server VM (11.0.12+7-b1504.28-7817840, mixed mode, tiered, compressed oops, g1 gc, windows-amd64)
# No core dump will be written. Minidumps are not enabled by default on client versions of Windows
#

---------------  S U M M A R Y ------------

Command Line: --add-opens=java.base/java.util=ALL-UNNAMED -Xmx2048m -Dfile.encoding=UTF-8 -Duser.country=CA -Duser.language=en -Duser.variant org.gradle.launcher.daemon.bootstrap.GradleDaemon 4.10.1

Host: Intel(R) Core(TM) i7-8550U CPU @ 1.80GHz, 8 cores, 11G,  Windows 10 , 64 bit Build 18362 (10.0.18362.1)
Time: Tue May 17 16:43:54 2022 Eastern Daylight Time elapsed time: 114.336421 seconds (0d 0h 1m 54s)

---------------  T H R E A D  ---------------

Current thread (0x000001b5cb647800):  JavaThread "C2 CompilerThread0" daemon [_thread_in_native, id=10164, stack(0x0000008056600000,0x0000008056700000)]


Current CompileTask:
C2: 114336 14321       4       org.objectweb.asm.ClassReader::readCode (3575 bytes)

Stack: [0x0000008056600000,0x0000008056700000]
Native frames: (J=compiled Java code, j=interpreted, Vv=VM code, C=native code)
V  [jvm.dll+0x5fbcea]
V  [jvm.dll+0x731905]
V  [jvm.dll+0x732f1d]
V  [jvm.dll+0x7335d3]
V  [jvm.dll+0x247bf8]
V  [jvm.dll+0xc018c]
V  [jvm.dll+0xc06cc]
V  [jvm.dll+0x35b2db]
V  [jvm.dll+0x328803]
V  [jvm.dll+0x327cfa]
V  [jvm.dll+0x200602]
V  [jvm.dll+0x1ff794]
V  [jvm.dll+0x18868c]
V  [jvm.dll+0x20e0d7]
V  [jvm.dll+0x20c901]
V  [jvm.dll+0x6f9b7f]
V  [jvm.dll+0x6f26a5]
V  [jvm.dll+0x5fabf6]
C  [ucrtbase.dll+0x1d912]
C  [KERNEL32.DLL+0x17944]
C  [ntdll.dll+0x6ce71]


---------------  P R O C E S S  ---------------

Threads class SMR info:
_java_thread_list=0x000001b5ce49c510, length=74, elements={
0x000001b5ae99b000, 0x000001b5cadf2800, 0x000001b5cadf4800, 0x000001b5cb641800,
0x000001b5cb643000, 0x000001b5cb644800, 0x000001b5cb647800, 0x000001b5cb68e800,
0x000001b5cadeb800, 0x000001b5cadea000, 0x000001b5cadec800, 0x000001b5cadeb000,
0x000001b5cd116000, 0x000001b5cd117000, 0x000001b5cd113000, 0x000001b5cd11b000,
0x000001b5d0c3b800, 0x000001b5d0c3a000, 0x000001b5d0c3d000, 0x000001b5cd10f000,
0x000001b5cd110800, 0x000001b5cd113800, 0x000001b5cd112000, 0x000001b5cd115800,
0x000001b5cd10f800, 0x000001b5cd11a000, 0x000001b5cd11c800, 0x000001b5cd11c000,
0x000001b5cd11d800, 0x000001b5cd118000, 0x000001b5cd118800, 0x000001b5d0c3a800,
0x000001b5d0c3e000, 0x000001b5d0c38800, 0x000001b5d0c3f000, 0x000001b5d0c39000,
0x000001b5d0c40800, 0x000001b5d0c43000, 0x000001b5d0c44800, 0x000001b5d0c43800,
0x000001b5d0c45800, 0x000001b5d0c41800, 0x000001b5d0c3f800, 0x000001b5d0c42000,
0x000001b5d0c46000, 0x000001b5d3f8d800, 0x000001b5d3f8e800, 0x000001b5d3f8c800,
0x000001b5d3f90000, 0x000001b5d3f91000, 0x000001b5d3f8f000, 0x000001b5d3f8c000,
0x000001b5d3f95800, 0x000001b5d3f95000, 0x000001b5d3f94000, 0x000001b5d3f92800,
0x000001b5d3f96800, 0x000001b5d3f97800, 0x000001b5d3f91800, 0x000001b5d3f98000,
0x000001b5d3f99000, 0x000001b5d3f93800, 0x000001b5d3f9a000, 0x000001b5d3f9a800,
0x000001b5d2d2f800, 0x000001b5d2d2d800, 0x000001b5d2d2c000, 0x000001b5d2d30000,
0x000001b5d2d31000, 0x000001b5d2d2e800, 0x000001b5d2d31800, 0x000001b5d2d32800,
0x000001b5e321e800, 0x000001b5db05f800
}

Java Threads: ( => current thread )
  0x000001b5ae99b000 JavaThread "main" [_thread_blocked, id=10656, stack(0x0000008055a00000,0x0000008055b00000)]
  0x000001b5cadf2800 JavaThread "Reference Handler" daemon [_thread_blocked, id=3400, stack(0x0000008056100000,0x0000008056200000)]
  0x000001b5cadf4800 JavaThread "Finalizer" daemon [_thread_blocked, id=6596, stack(0x0000008056200000,0x0000008056300000)]
  0x000001b5cb641800 JavaThread "Signal Dispatcher" daemon [_thread_blocked, id=5948, stack(0x0000008056300000,0x0000008056400000)]
  0x000001b5cb643000 JavaThread "Attach Listener" daemon [_thread_blocked, id=10104, stack(0x0000008056400000,0x0000008056500000)]
  0x000001b5cb644800 JavaThread "Service Thread" daemon [_thread_blocked, id=10316, stack(0x0000008056500000,0x0000008056600000)]
=>0x000001b5cb647800 JavaThread "C2 CompilerThread0" daemon [_thread_in_native, id=10164, stack(0x0000008056600000,0x0000008056700000)]
  0x000001b5cb68e800 JavaThread "C1 CompilerThread0" daemon [_thread_blocked, id=11236, stack(0x0000008056700000,0x0000008056800000)]
  0x000001b5cadeb800 JavaThread "Sweeper thread" daemon [_thread_blocked, id=8524, stack(0x0000008056800000,0x0000008056900000)]
  0x000001b5cadea000 JavaThread "Common-Cleaner" daemon [_thread_blocked, id=10460, stack(0x0000008056900000,0x0000008056a00000)]
  0x000001b5cadec800 JavaThread "Incoming local TCP Connector on port 2419" [_thread_in_native, id=5472, stack(0x0000008056b00000,0x0000008056c00000)]
  0x000001b5cadeb000 JavaThread "Daemon periodic checks" [_thread_blocked, id=9832, stack(0x0000008056f00000,0x0000008057000000)]
  0x000001b5cd116000 JavaThread "Cache worker for file hash cache (F:\AndroidStudio\jre\caches\4.10.1\fileHashes)" [_thread_blocked, id=10524, stack(0x0000008057600000,0x0000008057700000)]
  0x000001b5cd117000 JavaThread "File lock request listener" [_thread_in_native, id=8308, stack(0x0000008057700000,0x0000008057800000)]
  0x000001b5cd113000 JavaThread "Cache worker for journal cache (F:\AndroidStudio\jre\caches\journal-1)" [_thread_blocked, id=11228, stack(0x0000008057f00000,0x0000008058000000)]
  0x000001b5cd11b000 JavaThread "Cache worker for Artifact transforms cache (F:\AndroidStudio\jre\caches\transforms-1)" [_thread_blocked, id=9008, stack(0x0000008058300000,0x0000008058400000)]
  0x000001b5d0c3b800 JavaThread "Memory manager" [_thread_blocked, id=10888, stack(0x0000008058000000,0x0000008058100000)]
  0x000001b5d0c3a000 JavaThread "Daemon Thread 2" [_thread_blocked, id=1008, stack(0x0000008055700000,0x0000008055800000)]
  0x000001b5d0c3d000 JavaThread "Daemon worker Thread 2" [_thread_blocked, id=7956, stack(0x0000008057000000,0x0000008057100000)]
  0x000001b5cd10f000 JavaThread "Handler for socket connection from /127.0.0.1:2419 to /127.0.0.1:2485" [_thread_in_native, id=5932, stack(0x0000008055800000,0x0000008055900000)]
  0x000001b5cd110800 JavaThread "Cancel handler" [_thread_blocked, id=3664, stack(0x0000008055900000,0x0000008055a00000)]
  0x000001b5cd113800 JavaThread "Asynchronous log dispatcher for DefaultDaemonConnection: socket connection from /127.0.0.1:2419 to /127.0.0.1:2485" [_thread_blocked, id=7860, stack(0x0000008057300000,0x0000008057400000)]
  0x000001b5cd112000 JavaThread "Stdin handler" [_thread_blocked, id=7792, stack(0x0000008057400000,0x0000008057500000)]
  0x000001b5cd115800 JavaThread "Cache worker for file hash cache (E:\Android\Repositories\PhotoFinder\.gradle\4.10.1\fileHashes)" [_thread_blocked, id=5416, stack(0x0000008057500000,0x0000008057600000)]
  0x000001b5cd10f800 JavaThread "Cache worker for cache directory md-supplier (F:\AndroidStudio\jre\caches\4.10.1\md-supplier)" [_thread_blocked, id=8060, stack(0x0000008057800000,0x0000008057900000)]
  0x000001b5cd11a000 JavaThread "Cache worker for cache directory md-rule (F:\AndroidStudio\jre\caches\4.10.1\md-rule)" [_thread_blocked, id=8168, stack(0x0000008057900000,0x0000008057a00000)]
  0x000001b5cd11c800 JavaThread "Build operations" [_thread_blocked, id=10608, stack(0x0000008058400000,0x0000008058500000)]
  0x000001b5cd11c000 JavaThread "Build operations Thread 2" [_thread_blocked, id=4628, stack(0x0000008058500000,0x0000008058600000)]
  0x000001b5cd11d800 JavaThread "Build operations Thread 3" [_thread_blocked, id=10668, stack(0x0000008058600000,0x0000008058700000)]
  0x000001b5cd118000 JavaThread "Build operations Thread 4" [_thread_blocked, id=4484, stack(0x0000008058700000,0x0000008058800000)]
  0x000001b5cd118800 JavaThread "Build operations Thread 5" [_thread_blocked, id=9252, stack(0x0000008058800000,0x0000008058900000)]
  0x000001b5d0c3a800 JavaThread "Build operations Thread 6" [_thread_blocked, id=5068, stack(0x0000008058900000,0x0000008058a00000)]
  0x000001b5d0c3e000 JavaThread "Build operations Thread 7" [_thread_blocked, id=8748, stack(0x0000008058a00000,0x0000008058b00000)]
  0x000001b5d0c38800 JavaThread "Build operations Thread 8" [_thread_blocked, id=2300, stack(0x0000008058b00000,0x0000008058c00000)]
  0x000001b5d0c3f000 JavaThread "Cache worker for file content cache (F:\AndroidStudio\jre\caches\4.10.1\fileContent)" [_thread_blocked, id=6284, stack(0x0000008058f00000,0x0000008059000000)]
  0x000001b5d0c39000 JavaThread "Cache worker for file content cache (E:\Android\Repositories\PhotoFinder\.gradle\4.10.1\fileContent)" [_thread_blocked, id=6428, stack(0x0000008059000000,0x0000008059100000)]
  0x000001b5d0c40800 JavaThread "Task worker for ':'" [_thread_blocked, id=9736, stack(0x0000008059100000,0x0000008059200000)]
  0x000001b5d0c43000 JavaThread "Task worker for ':' Thread 2" [_thread_blocked, id=1696, stack(0x0000008059200000,0x0000008059300000)]
  0x000001b5d0c44800 JavaThread "Task worker for ':' Thread 3" [_thread_blocked, id=4028, stack(0x0000008059300000,0x0000008059400000)]
  0x000001b5d0c43800 JavaThread "Task worker for ':' Thread 4" [_thread_blocked, id=10264, stack(0x0000008059400000,0x0000008059500000)]
  0x000001b5d0c45800 JavaThread "Task worker for ':' Thread 5" [_thread_blocked, id=11132, stack(0x0000008059500000,0x0000008059600000)]
  0x000001b5d0c41800 JavaThread "Task worker for ':' Thread 6" [_thread_blocked, id=708, stack(0x0000008059600000,0x0000008059700000)]
  0x000001b5d0c3f800 JavaThread "Task worker for ':' Thread 7" [_thread_blocked, id=8556, stack(0x0000008059700000,0x0000008059800000)]
  0x000001b5d0c42000 JavaThread "Cache worker for task history cache (E:\Android\Repositories\PhotoFinder\.gradle\4.10.1\taskHistory)" [_thread_blocked, id=3204, stack(0x0000008059800000,0x0000008059900000)]
  0x000001b5d0c46000 JavaThread "Cache worker for Build Output Cleanup Cache (E:\Android\Repositories\PhotoFinder\.gradle\buildOutputCleanup)" [_thread_blocked, id=4232, stack(0x0000008059900000,0x0000008059a00000)]
  0x000001b5d3f8d800 JavaThread "RMI Scheduler(0)" daemon [_thread_blocked, id=11220, stack(0x0000008059a00000,0x0000008059b00000)]
  0x000001b5d3f8e800 JavaThread "RMI GC Daemon" daemon [_thread_blocked, id=9124, stack(0x0000008059c00000,0x0000008059d00000)]
  0x000001b5d3f8c800 JavaThread "RMI TCP Accept-0" daemon [_thread_in_native, id=1808, stack(0x0000008059b00000,0x0000008059c00000)]
  0x000001b5d3f90000 JavaThread "RMI Reaper" [_thread_blocked, id=1076, stack(0x0000008059d00000,0x0000008059e00000)]
  0x000001b5d3f91000 JavaThread "RMI TCP Connection(1)-127.0.0.1" daemon [_thread_in_native, id=5412, stack(0x0000008059e00000,0x0000008059f00000)]
  0x000001b5d3f8f000 JavaThread "ForkJoinPool.commonPool-worker-3" daemon [_thread_blocked, id=10992, stack(0x0000008058200000,0x0000008058300000)]
  0x000001b5d3f8c000 JavaThread "ForkJoinPool.commonPool-worker-5" daemon [_thread_blocked, id=10720, stack(0x000000805a000000,0x000000805a100000)]
  0x000001b5d3f95800 JavaThread "ForkJoinPool.commonPool-worker-7" daemon [_thread_blocked, id=10392, stack(0x000000805a100000,0x000000805a200000)]
  0x000001b5d3f95000 JavaThread "ForkJoinPool.commonPool-worker-9" daemon [_thread_blocked, id=10920, stack(0x000000805a200000,0x000000805a300000)]
  0x000001b5d3f94000 JavaThread "ForkJoinPool.commonPool-worker-11" daemon [_thread_blocked, id=3236, stack(0x000000805a300000,0x000000805a400000)]
  0x000001b5d3f92800 JavaThread "ForkJoinPool.commonPool-worker-13" daemon [_thread_blocked, id=6040, stack(0x000000805a400000,0x000000805a500000)]
  0x000001b5d3f96800 JavaThread "ForkJoinPool.commonPool-worker-15" daemon [_thread_blocked, id=10464, stack(0x000000805a500000,0x000000805a600000)]
  0x000001b5d3f97800 JavaThread "pool-5-thread-1" [_thread_blocked, id=7560, stack(0x000000805a600000,0x000000805a700000)]
  0x000001b5d3f91800 JavaThread "stderr" daemon [_thread_in_native, id=4808, stack(0x000000805a700000,0x000000805a800000)]
  0x000001b5d3f98000 JavaThread "stdout" daemon [_thread_in_native, id=7512, stack(0x000000805a800000,0x000000805a900000)]
  0x000001b5d3f99000 JavaThread "stderr" daemon [_thread_in_native, id=11156, stack(0x000000805a900000,0x000000805aa00000)]
  0x000001b5d3f93800 JavaThread "stdout" daemon [_thread_in_native, id=10208, stack(0x000000805aa00000,0x000000805ab00000)]
  0x000001b5d3f9a000 JavaThread "stderr" daemon [_thread_in_native, id=6796, stack(0x000000805ab00000,0x000000805ac00000)]
  0x000001b5d3f9a800 JavaThread "stdout" daemon [_thread_in_native, id=9892, stack(0x000000805ac00000,0x000000805ad00000)]
  0x000001b5d2d2f800 JavaThread "stderr" daemon [_thread_in_native, id=5408, stack(0x000000805ad00000,0x000000805ae00000)]
  0x000001b5d2d2d800 JavaThread "stdout" daemon [_thread_in_native, id=9332, stack(0x000000805ae00000,0x000000805af00000)]
  0x000001b5d2d2c000 JavaThread "stderr" daemon [_thread_in_native, id=4792, stack(0x000000805af00000,0x000000805b000000)]
  0x000001b5d2d30000 JavaThread "stdout" daemon [_thread_in_native, id=4348, stack(0x000000805b000000,0x000000805b100000)]
  0x000001b5d2d31000 JavaThread "stderr" daemon [_thread_in_native, id=4320, stack(0x000000805b100000,0x000000805b200000)]
  0x000001b5d2d2e800 JavaThread "stdout" daemon [_thread_in_native, id=10804, stack(0x000000805b200000,0x000000805b300000)]
  0x000001b5d2d31800 JavaThread "stderr" daemon [_thread_in_native, id=10400, stack(0x000000805b300000,0x000000805b400000)]
  0x000001b5d2d32800 JavaThread "stdout" daemon [_thread_in_native, id=11020, stack(0x000000805b400000,0x000000805b500000)]
  0x000001b5e321e800 JavaThread "C2 CompilerThread1" daemon [_thread_in_native, id=2820, stack(0x0000008058100000,0x0000008058200000)]
  0x000001b5db05f800 JavaThread "C2 CompilerThread2" daemon [_thread_in_native, id=11076, stack(0x0000008059f00000,0x000000805a000000)]

Other Threads:
  0x000001b5caddf800 VMThread "VM Thread" [stack: 0x0000008056000000,0x0000008056100000] [id=7960]
  0x000001b5cb800000 WatcherThread [stack: 0x0000008056a00000,0x0000008056b00000] [id=1348]
  0x000001b5ae9b2800 GCTaskThread "GC Thread#0" [stack: 0x0000008055b00000,0x0000008055c00000] [id=6380]
  0x000001b5cbf0e800 GCTaskThread "GC Thread#1" [stack: 0x0000008056c00000,0x0000008056d00000] [id=6588]
  0x000001b5cc187000 GCTaskThread "GC Thread#2" [stack: 0x0000008056d00000,0x0000008056e00000] [id=10312]
  0x000001b5cc086800 GCTaskThread "GC Thread#3" [stack: 0x0000008056e00000,0x0000008056f00000] [id=6776]
  0x000001b5ce3e1800 GCTaskThread "GC Thread#4" [stack: 0x0000008057a00000,0x0000008057b00000] [id=2052]
  0x000001b5ce3e2800 GCTaskThread "GC Thread#5" [stack: 0x0000008057b00000,0x0000008057c00000] [id=9836]
  0x000001b5cd2c7800 GCTaskThread "GC Thread#6" [stack: 0x0000008057c00000,0x0000008057d00000] [id=4984]
  0x000001b5cd2c8000 GCTaskThread "GC Thread#7" [stack: 0x0000008057d00000,0x0000008057e00000] [id=4292]
  0x000001b5ae9e5000 ConcurrentGCThread "G1 Main Marker" [stack: 0x0000008055c00000,0x0000008055d00000] [id=8280]
  0x000001b5ae9e6800 ConcurrentGCThread "G1 Conc#0" [stack: 0x0000008055d00000,0x0000008055e00000] [id=1468]
  0x000001b5cd13f800 ConcurrentGCThread "G1 Conc#1" [stack: 0x0000008057e00000,0x0000008057f00000] [id=3420]
  0x000001b5cac4c800 ConcurrentGCThread "G1 Refine#0" [stack: 0x0000008055e00000,0x0000008055f00000] [id=9764]
  0x000001b5ce3dc800 ConcurrentGCThread "G1 Refine#1" [stack: 0x0000008058c00000,0x0000008058d00000] [id=2024]
  0x000001b5ce3dd000 ConcurrentGCThread "G1 Refine#2" [stack: 0x0000008058d00000,0x0000008058e00000] [id=496]
  0x000001b5cac4e000 ConcurrentGCThread "G1 Young RemSet Sampling" [stack: 0x0000008055f00000,0x0000008056000000] [id=6680]

Threads with active compile tasks:
C2 CompilerThread0 114773 14321       4       org.objectweb.asm.ClassReader::readCode (3575 bytes)
C1 CompilerThread0 114773 16425 %     3       com.android.tools.r8.ir.regalloc.LinearScanRegisterAllocator::performLinearScan @ 552 (922 bytes)
C2 CompilerThread1 114773 14427       4       org.objectweb.asm.commons.Remapper::mapType (121 bytes)
C2 CompilerThread2 114773 14423       4       org.objectweb.asm.commons.Remapper::mapDesc (131 bytes)

VM state:at safepoint (normal execution)

VM Mutex/Monitor currently owned by a thread:  ([mutex/lock_event])
[0x000001b5ae997f80] Threads_lock - owner thread: 0x000001b5caddf800
[0x000001b5ae997290] Heap_lock - owner thread: 0x000001b5d0c43800

Heap address: 0x0000000080000000, size: 2048 MB, Compressed Oops mode: 32-bit
Narrow klass base: 0x0000000000000000, Narrow klass shift: 3
Compressed class space size: 1073741824 Address: 0x0000000100000000

Heap:
 garbage-first heap   total 337920K, used 149677K [0x0000000080000000, 0x0000000100000000)
  region size 1024K, 2 young (2048K), 2 survivors (2048K)
 Metaspace       used 116418K, capacity 119419K, committed 119724K, reserved 1153024K
  class space    used 14298K, capacity 15235K, committed 15360K, reserved 1048576K
Heap Regions: E=young(eden), S=young(survivor), O=old, HS=humongous(starts), HC=humongous(continues), CS=collection set, F=free, A=archive, TAMS=top-at-mark-start (previous, next)
|   0|0x0000000080000000, 0x0000000080100000, 0x0000000080100000|100%|HS|  |TAMS 0x0000000080100000, 0x0000000080000000| Complete 
|   1|0x0000000080100000, 0x0000000080200000, 0x0000000080200000|100%|HC|  |TAMS 0x0000000080200000, 0x0000000080100000| Complete 
|   2|0x0000000080200000, 0x0000000080300000, 0x0000000080300000|100%| O|  |TAMS 0x0000000080300000, 0x0000000080200000| Updating 
|   3|0x0000000080300000, 0x0000000080400000, 0x0000000080400000|100%| O|  |TAMS 0x0000000080400000, 0x0000000080300000| Updating 
|   4|0x0000000080400000, 0x0000000080500000, 0x0000000080500000|100%|HS|  |TAMS 0x0000000080500000, 0x0000000080400000| Complete 
|   5|0x0000000080500000, 0x0000000080600000, 0x0000000080600000|100%|HC|  |TAMS 0x0000000080600000, 0x0000000080500000| Complete 
|   6|0x0000000080600000, 0x0000000080700000, 0x0000000080700000|100%|HS|  |TAMS 0x0000000080700000, 0x0000000080600000| Complete 
|   7|0x0000000080700000, 0x0000000080800000, 0x0000000080800000|100%|HC|  |TAMS 0x0000000080800000, 0x0000000080700000| Complete 
|   8|0x0000000080800000, 0x0000000080900000, 0x0000000080900000|100%|HC|  |TAMS 0x0000000080900000, 0x0000000080800000| Complete 
|   9|0x0000000080900000, 0x0000000080a00000, 0x0000000080a00000|100%|HS|  |TAMS 0x0000000080a00000, 0x0000000080900000| Complete 
|  10|0x0000000080a00000, 0x0000000080b00000, 0x0000000080b00000|100%|HS|  |TAMS 0x0000000080b00000, 0x0000000080a00000| Complete 
|  11|0x0000000080b00000, 0x0000000080c00000, 0x0000000080c00000|100%|HC|  |TAMS 0x0000000080c00000, 0x0000000080b00000| Complete 
|  12|0x0000000080c00000, 0x0000000080d00000, 0x0000000080d00000|100%|HC|  |TAMS 0x0000000080d00000, 0x0000000080c00000| Complete 
|  13|0x0000000080d00000, 0x0000000080e00000, 0x0000000080e00000|100%|HC|  |TAMS 0x0000000080e00000, 0x0000000080d00000| Complete 
|  14|0x0000000080e00000, 0x0000000080f00000, 0x0000000080f00000|100%| O|  |TAMS 0x0000000080f00000, 0x0000000080e00000| Updating 
|  15|0x0000000080f00000, 0x0000000081000000, 0x0000000081000000|100%| O|  |TAMS 0x0000000081000000, 0x0000000080f00000| Updating 
|  16|0x0000000081000000, 0x0000000081100000, 0x0000000081100000|100%| O|  |TAMS 0x0000000081100000, 0x0000000081000000| Updating 
|  17|0x0000000081100000, 0x0000000081200000, 0x0000000081200000|100%| O|  |TAMS 0x0000000081200000, 0x0000000081100000| Updating 
|  18|0x0000000081200000, 0x0000000081300000, 0x0000000081300000|100%| O|  |TAMS 0x0000000081300000, 0x0000000081200000| Updating 
|  19|0x0000000081300000, 0x0000000081400000, 0x0000000081400000|100%| O|  |TAMS 0x0000000081400000, 0x0000000081300000| Updating 
|  20|0x0000000081400000, 0x0000000081500000, 0x0000000081500000|100%| O|  |TAMS 0x0000000081500000, 0x0000000081400000| Updating 
|  21|0x0000000081500000, 0x0000000081600000, 0x0000000081600000|100%| O|  |TAMS 0x0000000081600000, 0x0000000081500000| Updating 
|  22|0x0000000081600000, 0x0000000081700000, 0x0000000081700000|100%| O|  |TAMS 0x0000000081700000, 0x0000000081600000| Updating 
|  23|0x0000000081700000, 0x0000000081800000, 0x0000000081800000|100%| O|  |TAMS 0x0000000081800000, 0x0000000081700000| Updating 
|  24|0x0000000081800000, 0x0000000081900000, 0x0000000081900000|100%| O|  |TAMS 0x0000000081900000, 0x0000000081800000| Updating 
|  25|0x0000000081900000, 0x0000000081a00000, 0x0000000081a00000|100%| O|  |TAMS 0x0000000081a00000, 0x0000000081900000| Updating 
|  26|0x0000000081a00000, 0x0000000081b00000, 0x0000000081b00000|100%| O|  |TAMS 0x0000000081b00000, 0x0000000081a00000| Updating 
|  27|0x0000000081b00000, 0x0000000081c00000, 0x0000000081c00000|100%| O|  |TAMS 0x0000000081c00000, 0x0000000081b00000| Updating 
|  28|0x0000000081c00000, 0x0000000081d00000, 0x0000000081d00000|100%| O|  |TAMS 0x0000000081d00000, 0x0000000081c00000| Updating 
|  29|0x0000000081d00000, 0x0000000081e00000, 0x0000000081e00000|100%| O|  |TAMS 0x0000000081e00000, 0x0000000081d00000| Updating 
|  30|0x0000000081e00000, 0x0000000081f00000, 0x0000000081f00000|100%| O|  |TAMS 0x0000000081f00000, 0x0000000081e00000| Updating 
|  31|0x0000000081f00000, 0x0000000082000000, 0x0000000082000000|100%|HS|  |TAMS 0x0000000082000000, 0x0000000081f00000| Complete 
|  32|0x0000000082000000, 0x0000000082100000, 0x0000000082100000|100%|HC|  |TAMS 0x0000000082100000, 0x0000000082000000| Complete 
|  33|0x0000000082100000, 0x0000000082200000, 0x0000000082200000|100%|HC|  |TAMS 0x0000000082200000, 0x0000000082100000| Complete 
|  34|0x0000000082200000, 0x0000000082300000, 0x0000000082300000|100%|HS|  |TAMS 0x0000000082300000, 0x0000000082200000| Complete 
|  35|0x0000000082300000, 0x0000000082400000, 0x0000000082400000|100%|HC|  |TAMS 0x0000000082400000, 0x0000000082300000| Complete 
|  36|0x0000000082400000, 0x0000000082500000, 0x0000000082500000|100%|HS|  |TAMS 0x0000000082500000, 0x0000000082400000| Complete 
|  37|0x0000000082500000, 0x0000000082600000, 0x0000000082600000|100%|HC|  |TAMS 0x0000000082600000, 0x0000000082500000| Complete 
|  38|0x0000000082600000, 0x0000000082700000, 0x0000000082700000|100%| O|  |TAMS 0x0000000082700000, 0x0000000082600000| Updating 
|  39|0x0000000082700000, 0x0000000082800000, 0x0000000082800000|100%| O|  |TAMS 0x0000000082800000, 0x0000000082700000| Updating 
|  40|0x0000000082800000, 0x0000000082900000, 0x0000000082900000|100%| O|  |TAMS 0x0000000082900000, 0x0000000082800000| Updating 
|  41|0x0000000082900000, 0x0000000082a00000, 0x0000000082a00000|100%| O|  |TAMS 0x0000000082a00000, 0x0000000082900000| Updating 
|  42|0x0000000082a00000, 0x0000000082b00000, 0x0000000082b00000|100%| O|  |TAMS 0x0000000082b00000, 0x0000000082a00000| Updating 
|  43|0x0000000082b00000, 0x0000000082c00000, 0x0000000082c00000|100%| O|  |TAMS 0x0000000082c00000, 0x0000000082b00000| Updating 
|  44|0x0000000082c00000, 0x0000000082d00000, 0x0000000082d00000|100%| O|  |TAMS 0x0000000082d00000, 0x0000000082c00000| Updating 
|  45|0x0000000082d00000, 0x0000000082e00000, 0x0000000082e00000|100%| O|  |TAMS 0x0000000082e00000, 0x0000000082d00000| Updating 
|  46|0x0000000082e00000, 0x0000000082f00000, 0x0000000082f00000|100%| O|  |TAMS 0x0000000082f00000, 0x0000000082e00000| Updating 
|  47|0x0000000082f00000, 0x0000000083000000, 0x0000000083000000|100%| O|  |TAMS 0x0000000083000000, 0x0000000082f00000| Updating 
|  48|0x0000000083000000, 0x0000000083100000, 0x0000000083100000|100%| O|  |TAMS 0x0000000083100000, 0x0000000083000000| Updating 
|  49|0x0000000083100000, 0x0000000083200000, 0x0000000083200000|100%| O|  |TAMS 0x0000000083200000, 0x0000000083100000| Updating 
|  50|0x0000000083200000, 0x0000000083300000, 0x0000000083300000|100%| O|  |TAMS 0x0000000083300000, 0x0000000083200000| Updating 
|  51|0x0000000083300000, 0x0000000083400000, 0x0000000083400000|100%| O|  |TAMS 0x0000000083400000, 0x0000000083300000| Updating 
|  52|0x0000000083400000, 0x0000000083500000, 0x0000000083500000|100%| O|  |TAMS 0x0000000083500000, 0x0000000083400000| Updating 
|  53|0x0000000083500000, 0x0000000083600000, 0x0000000083600000|100%| O|  |TAMS 0x0000000083600000, 0x0000000083500000| Updating 
|  54|0x0000000083600000, 0x0000000083700000, 0x0000000083700000|100%| O|  |TAMS 0x0000000083700000, 0x0000000083600000| Updating 
|  55|0x0000000083700000, 0x0000000083800000, 0x0000000083800000|100%| O|  |TAMS 0x0000000083800000, 0x0000000083700000| Updating 
|  56|0x0000000083800000, 0x0000000083900000, 0x0000000083900000|100%| O|  |TAMS 0x0000000083900000, 0x0000000083800000| Updating 
|  57|0x0000000083900000, 0x0000000083a00000, 0x0000000083a00000|100%| O|  |TAMS 0x0000000083a00000, 0x0000000083900000| Updating 
|  58|0x0000000083a00000, 0x0000000083b00000, 0x0000000083b00000|100%|HS|  |TAMS 0x0000000083b00000, 0x0000000083a00000| Complete 
|  59|0x0000000083b00000, 0x0000000083c00000, 0x0000000083c00000|100%|HC|  |TAMS 0x0000000083c00000, 0x0000000083b00000| Complete 
|  60|0x0000000083c00000, 0x0000000083d00000, 0x0000000083d00000|100%|HS|  |TAMS 0x0000000083d00000, 0x0000000083c00000| Complete 
|  61|0x0000000083d00000, 0x0000000083e00000, 0x0000000083e00000|100%|HC|  |TAMS 0x0000000083e00000, 0x0000000083d00000| Complete 
|  62|0x0000000083e00000, 0x0000000083f00000, 0x0000000083f00000|100%|HC|  |TAMS 0x0000000083f00000, 0x0000000083e00000| Complete 
|  63|0x0000000083f00000, 0x0000000084000000, 0x0000000084000000|100%|HS|  |TAMS 0x0000000084000000, 0x0000000083f00000| Complete 
|  64|0x0000000084000000, 0x0000000084100000, 0x0000000084100000|100%|HS|  |TAMS 0x0000000084100000, 0x0000000084000000| Complete 
|  65|0x0000000084100000, 0x0000000084200000, 0x0000000084200000|100%|HC|  |TAMS 0x0000000084200000, 0x0000000084100000| Complete 
|  66|0x0000000084200000, 0x0000000084300000, 0x0000000084300000|100%|HC|  |TAMS 0x0000000084300000, 0x0000000084200000| Complete 
|  67|0x0000000084300000, 0x0000000084400000, 0x0000000084400000|100%|HC|  |TAMS 0x0000000084400000, 0x0000000084300000| Complete 
|  68|0x0000000084400000, 0x0000000084500000, 0x0000000084500000|100%| O|  |TAMS 0x0000000084500000, 0x0000000084400000| Updating 
|  69|0x0000000084500000, 0x0000000084600000, 0x0000000084600000|100%| O|  |TAMS 0x0000000084600000, 0x0000000084500000| Updating 
|  70|0x0000000084600000, 0x0000000084700000, 0x0000000084700000|100%| O|  |TAMS 0x0000000084700000, 0x0000000084600000| Updating 
|  71|0x0000000084700000, 0x0000000084800000, 0x0000000084800000|100%| O|  |TAMS 0x0000000084800000, 0x0000000084700000| Updating 
|  72|0x0000000084800000, 0x0000000084900000, 0x0000000084900000|100%| O|  |TAMS 0x0000000084900000, 0x0000000084800000| Updating 
|  73|0x0000000084900000, 0x0000000084a00000, 0x0000000084a00000|100%| O|  |TAMS 0x0000000084a00000, 0x0000000084900000| Updating 
|  74|0x0000000084a00000, 0x0000000084b00000, 0x0000000084b00000|100%| O|  |TAMS 0x0000000084b00000, 0x0000000084a00000| Updating 
|  75|0x0000000084b00000, 0x0000000084c00000, 0x0000000084c00000|100%| O|  |TAMS 0x0000000084c00000, 0x0000000084b00000| Updating 
|  76|0x0000000084c00000, 0x0000000084d00000, 0x0000000084d00000|100%| O|  |TAMS 0x0000000084d00000, 0x0000000084c00000| Updating 
|  77|0x0000000084d00000, 0x0000000084e00000, 0x0000000084e00000|100%| O|  |TAMS 0x0000000084e00000, 0x0000000084d00000| Updating 
|  78|0x0000000084e00000, 0x0000000084f00000, 0x0000000084f00000|100%| O|  |TAMS 0x0000000084f00000, 0x0000000084e00000| Updating 
|  79|0x0000000084f00000, 0x0000000085000000, 0x0000000085000000|100%| O|  |TAMS 0x0000000085000000, 0x0000000084f00000| Updating 
|  80|0x0000000085000000, 0x0000000085100000, 0x0000000085100000|100%| O|  |TAMS 0x0000000085100000, 0x0000000085000000| Updating 
|  81|0x0000000085100000, 0x0000000085200000, 0x0000000085200000|100%| O|  |TAMS 0x0000000085200000, 0x0000000085100000| Updating 
|  82|0x0000000085200000, 0x0000000085300000, 0x0000000085300000|100%| O|  |TAMS 0x0000000085300000, 0x0000000085200000| Updating 
|  83|0x0000000085300000, 0x0000000085400000, 0x0000000085400000|100%| O|  |TAMS 0x0000000085400000, 0x0000000085300000| Updating 
|  84|0x0000000085400000, 0x0000000085500000, 0x0000000085500000|100%| O|  |TAMS 0x0000000085500000, 0x0000000085400000| Updating 
|  85|0x0000000085500000, 0x0000000085600000, 0x0000000085600000|100%| O|  |TAMS 0x0000000085600000, 0x0000000085500000| Updating 
|  86|0x0000000085600000, 0x0000000085700000, 0x0000000085700000|100%| O|  |TAMS 0x0000000085700000, 0x0000000085600000| Updating 
|  87|0x0000000085700000, 0x0000000085800000, 0x0000000085800000|100%| O|  |TAMS 0x0000000085800000, 0x0000000085700000| Updating 
|  88|0x0000000085800000, 0x0000000085900000, 0x0000000085900000|100%| O|  |TAMS 0x0000000085900000, 0x0000000085800000| Updating 
|  89|0x0000000085900000, 0x0000000085a00000, 0x0000000085a00000|100%| O|  |TAMS 0x0000000085a00000, 0x0000000085900000| Updating 
|  90|0x0000000085a00000, 0x0000000085b00000, 0x0000000085b00000|100%| O|  |TAMS 0x0000000085b00000, 0x0000000085a00000| Updating 
|  91|0x0000000085b00000, 0x0000000085c00000, 0x0000000085c00000|100%| O|  |TAMS 0x0000000085c00000, 0x0000000085b00000| Updating 
|  92|0x0000000085c00000, 0x0000000085d00000, 0x0000000085d00000|100%| O|  |TAMS 0x0000000085d00000, 0x0000000085c00000| Updating 
|  93|0x0000000085d00000, 0x0000000085e00000, 0x0000000085e00000|100%| O|  |TAMS 0x0000000085e00000, 0x0000000085d00000| Updating 
|  94|0x0000000085e00000, 0x0000000085f00000, 0x0000000085f00000|100%| O|  |TAMS 0x0000000085f00000, 0x0000000085e00000| Updating 
|  95|0x0000000085f00000, 0x0000000086000000, 0x0000000086000000|100%| O|  |TAMS 0x0000000086000000, 0x0000000085f00000| Updating 
|  96|0x0000000086000000, 0x0000000086100000, 0x0000000086100000|100%| O|  |TAMS 0x0000000086100000, 0x0000000086000000| Updating 
|  97|0x0000000086100000, 0x0000000086200000, 0x0000000086200000|100%|HS|  |TAMS 0x0000000086200000, 0x0000000086100000| Complete 
|  98|0x0000000086200000, 0x0000000086300000, 0x0000000086300000|100%| O|  |TAMS 0x0000000086300000, 0x0000000086200000| Updating 
|  99|0x0000000086300000, 0x0000000086400000, 0x0000000086400000|100%| O|  |TAMS 0x0000000086400000, 0x0000000086300000| Updating 
| 100|0x0000000086400000, 0x0000000086500000, 0x0000000086500000|100%| O|  |TAMS 0x0000000086500000, 0x0000000086400000| Updating 
| 101|0x0000000086500000, 0x0000000086600000, 0x0000000086600000|100%| O|  |TAMS 0x0000000086600000, 0x0000000086500000| Updating 
| 102|0x0000000086600000, 0x0000000086700000, 0x0000000086700000|100%| O|  |TAMS 0x0000000086700000, 0x0000000086600000| Updating 
| 103|0x0000000086700000, 0x0000000086800000, 0x0000000086800000|100%| O|  |TAMS 0x0000000086800000, 0x0000000086700000| Updating 
| 104|0x0000000086800000, 0x0000000086900000, 0x0000000086900000|100%| O|  |TAMS 0x0000000086900000, 0x0000000086800000| Updating 
| 105|0x0000000086900000, 0x0000000086a00000, 0x0000000086a00000|100%| O|  |TAMS 0x0000000086a00000, 0x0000000086900000| Updating 
| 106|0x0000000086a00000, 0x0000000086b00000, 0x0000000086b00000|100%| O|  |TAMS 0x0000000086b00000, 0x0000000086a00000| Updating 
| 107|0x0000000086b00000, 0x0000000086c00000, 0x0000000086c00000|100%| O|  |TAMS 0x0000000086c00000, 0x0000000086b00000| Updating 
| 108|0x0000000086c00000, 0x0000000086d00000, 0x0000000086d00000|100%| O|  |TAMS 0x0000000086d00000, 0x0000000086c00000| Updating 
| 109|0x0000000086d00000, 0x0000000086e00000, 0x0000000086e00000|100%| O|  |TAMS 0x0000000086e00000, 0x0000000086d00000| Updating 
| 110|0x0000000086e00000, 0x0000000086f00000, 0x0000000086f00000|100%| O|  |TAMS 0x0000000086f00000, 0x0000000086e00000| Updating 
| 111|0x0000000086f00000, 0x0000000087000000, 0x0000000087000000|100%| O|  |TAMS 0x0000000087000000, 0x0000000086f00000| Updating 
| 112|0x0000000087000000, 0x0000000087100000, 0x0000000087100000|100%| O|  |TAMS 0x0000000087100000, 0x0000000087000000| Updating 
| 113|0x0000000087100000, 0x0000000087200000, 0x0000000087200000|100%| O|  |TAMS 0x0000000087200000, 0x0000000087100000| Updating 
| 114|0x0000000087200000, 0x0000000087300000, 0x0000000087300000|100%| O|  |TAMS 0x0000000087300000, 0x0000000087200000| Updating 
| 115|0x0000000087300000, 0x0000000087400000, 0x0000000087400000|100%| O|  |TAMS 0x0000000087400000, 0x0000000087300000| Updating 
| 116|0x0000000087400000, 0x0000000087500000, 0x0000000087500000|100%| O|  |TAMS 0x0000000087500000, 0x0000000087400000| Updating 
| 117|0x0000000087500000, 0x0000000087600000, 0x0000000087600000|100%| O|  |TAMS 0x0000000087600000, 0x0000000087500000| Updating 
| 118|0x0000000087600000, 0x0000000087700000, 0x0000000087700000|100%| O|  |TAMS 0x0000000087700000, 0x0000000087600000| Updating 
| 119|0x0000000087700000, 0x0000000087800000, 0x0000000087800000|100%| O|  |TAMS 0x0000000087800000, 0x0000000087700000| Updating 
| 120|0x0000000087800000, 0x000000008782b600, 0x0000000087900000| 16%| O|  |TAMS 0x000000008782b600, 0x0000000087800000| Updating 
| 121|0x0000000087900000, 0x0000000087a00000, 0x0000000087a00000|100%| O|  |TAMS 0x0000000087a00000, 0x0000000087900000| Updating 
| 122|0x0000000087a00000, 0x0000000087b00000, 0x0000000087b00000|100%| O|  |TAMS 0x0000000087b00000, 0x0000000087a00000| Updating 
| 123|0x0000000087b00000, 0x0000000087c00000, 0x0000000087c00000|100%|HS|  |TAMS 0x0000000087c00000, 0x0000000087b00000| Complete 
| 124|0x0000000087c00000, 0x0000000087c00000, 0x0000000087d00000|  0%| F|  |TAMS 0x0000000087c00000, 0x0000000087c00000| Untracked 
| 125|0x0000000087d00000, 0x0000000087e00000, 0x0000000087e00000|100%| O|  |TAMS 0x0000000087e00000, 0x0000000087d00000| Updating 
| 126|0x0000000087e00000, 0x0000000087f00000, 0x0000000087f00000|100%| O|  |TAMS 0x0000000087f00000, 0x0000000087e00000| Updating 
| 127|0x0000000087f00000, 0x0000000088000000, 0x0000000088000000|100%| O|  |TAMS 0x0000000088000000, 0x0000000087f00000| Updating 
| 128|0x0000000088000000, 0x0000000088000000, 0x0000000088100000|  0%| F|  |TAMS 0x0000000088000000, 0x0000000088000000| Untracked 
| 129|0x0000000088100000, 0x0000000088200000, 0x0000000088200000|100%| O|  |TAMS 0x0000000088200000, 0x0000000088100000| Updating 
| 130|0x0000000088200000, 0x0000000088300000, 0x0000000088300000|100%| O|  |TAMS 0x0000000088300000, 0x0000000088200000| Updating 
| 131|0x0000000088300000, 0x0000000088400000, 0x0000000088400000|100%| O|  |TAMS 0x0000000088400000, 0x0000000088300000| Updating 
| 132|0x0000000088400000, 0x0000000088400000, 0x0000000088500000|  0%| F|  |TAMS 0x0000000088400000, 0x0000000088400000| Untracked 
| 133|0x0000000088500000, 0x0000000088500000, 0x0000000088600000|  0%| F|  |TAMS 0x0000000088500000, 0x0000000088500000| Untracked 
| 134|0x0000000088600000, 0x0000000088700000, 0x0000000088700000|100%| O|  |TAMS 0x0000000088700000, 0x0000000088600000| Updating 
| 135|0x0000000088700000, 0x0000000088800000, 0x0000000088800000|100%| O|  |TAMS 0x0000000088800000, 0x0000000088700000| Updating 
| 136|0x0000000088800000, 0x0000000088900000, 0x0000000088900000|100%| O|  |TAMS 0x0000000088900000, 0x0000000088800000| Updating 
| 137|0x0000000088900000, 0x0000000088a00000, 0x0000000088a00000|100%| O|  |TAMS 0x0000000088a00000, 0x0000000088900000| Updating 
| 138|0x0000000088a00000, 0x0000000088b00000, 0x0000000088b00000|100%| O|  |TAMS 0x0000000088b00000, 0x0000000088a00000| Updating 
| 139|0x0000000088b00000, 0x0000000088c00000, 0x0000000088c00000|100%| O|  |TAMS 0x0000000088c00000, 0x0000000088b00000| Updating 
| 140|0x0000000088c00000, 0x0000000088d00000, 0x0000000088d00000|100%| O|  |TAMS 0x0000000088d00000, 0x0000000088c00000| Updating 
| 141|0x0000000088d00000, 0x0000000088e00000, 0x0000000088e00000|100%| O|  |TAMS 0x0000000088e00000, 0x0000000088d00000| Updating 
| 142|0x0000000088e00000, 0x0000000088f00000, 0x0000000088f00000|100%| O|  |TAMS 0x0000000088f00000, 0x0000000088e00000| Updating 
| 143|0x0000000088f00000, 0x0000000089000000, 0x0000000089000000|100%| O|  |TAMS 0x0000000089000000, 0x0000000088f00000| Updating 
| 144|0x0000000089000000, 0x0000000089100000, 0x0000000089100000|100%| O|  |TAMS 0x0000000089100000, 0x0000000089000000| Updating 
| 145|0x0000000089100000, 0x0000000089200000, 0x0000000089200000|100%| O|  |TAMS 0x0000000089200000, 0x0000000089100000| Updating 
| 146|0x0000000089200000, 0x0000000089300000, 0x0000000089300000|100%| O|  |TAMS 0x0000000089300000, 0x0000000089200000| Updating 
| 147|0x0000000089300000, 0x0000000089400000, 0x0000000089400000|100%| O|  |TAMS 0x0000000089400000, 0x0000000089300000| Updating 
| 148|0x0000000089400000, 0x0000000089500000, 0x0000000089500000|100%| O|  |TAMS 0x0000000089500000, 0x0000000089400000| Updating 
| 149|0x0000000089500000, 0x0000000089500000, 0x0000000089600000|  0%| F|  |TAMS 0x0000000089500000, 0x0000000089500000| Untracked 
| 150|0x0000000089600000, 0x0000000089600000, 0x0000000089700000|  0%| F|  |TAMS 0x0000000089600000, 0x0000000089600000| Untracked 
| 151|0x0000000089700000, 0x0000000089700000, 0x0000000089800000|  0%| F|  |TAMS 0x0000000089700000, 0x0000000089700000| Untracked 
| 152|0x0000000089800000, 0x0000000089800000, 0x0000000089900000|  0%| F|  |TAMS 0x0000000089800000, 0x0000000089800000| Untracked 
| 153|0x0000000089900000, 0x0000000089900000, 0x0000000089a00000|  0%| F|  |TAMS 0x0000000089900000, 0x0000000089900000| Untracked 
| 154|0x0000000089a00000, 0x0000000089a00000, 0x0000000089b00000|  0%| F|  |TAMS 0x0000000089a00000, 0x0000000089a00000| Untracked 
| 155|0x0000000089b00000, 0x0000000089b00000, 0x0000000089c00000|  0%| F|  |TAMS 0x0000000089b00000, 0x0000000089b00000| Untracked 
| 156|0x0000000089c00000, 0x0000000089c00000, 0x0000000089d00000|  0%| F|  |TAMS 0x0000000089c00000, 0x0000000089c00000| Untracked 
| 157|0x0000000089d00000, 0x0000000089d00000, 0x0000000089e00000|  0%| F|  |TAMS 0x0000000089d00000, 0x0000000089d00000| Untracked 
| 158|0x0000000089e00000, 0x0000000089e00000, 0x0000000089f00000|  0%| F|  |TAMS 0x0000000089e00000, 0x0000000089e00000| Untracked 
| 159|0x0000000089f00000, 0x0000000089f00000, 0x000000008a000000|  0%| F|  |TAMS 0x0000000089f00000, 0x0000000089f00000| Untracked 
| 160|0x000000008a000000, 0x000000008a000000, 0x000000008a100000|  0%| F|  |TAMS 0x000000008a000000, 0x000000008a000000| Untracked 
| 161|0x000000008a100000, 0x000000008a100000, 0x000000008a200000|  0%| F|  |TAMS 0x000000008a100000, 0x000000008a100000| Untracked 
| 162|0x000000008a200000, 0x000000008a200000, 0x000000008a300000|  0%| F|  |TAMS 0x000000008a200000, 0x000000008a200000| Untracked 
| 163|0x000000008a300000, 0x000000008a300000, 0x000000008a400000|  0%| F|  |TAMS 0x000000008a300000, 0x000000008a300000| Untracked 
| 164|0x000000008a400000, 0x000000008a400000, 0x000000008a500000|  0%| F|  |TAMS 0x000000008a400000, 0x000000008a400000| Untracked 
| 165|0x000000008a500000, 0x000000008a500000, 0x000000008a600000|  0%| F|  |TAMS 0x000000008a500000, 0x000000008a500000| Untracked 
| 166|0x000000008a600000, 0x000000008a600000, 0x000000008a700000|  0%| F|  |TAMS 0x000000008a600000, 0x000000008a600000| Untracked 
| 167|0x000000008a700000, 0x000000008a700000, 0x000000008a800000|  0%| F|  |TAMS 0x000000008a700000, 0x000000008a700000| Untracked 
| 168|0x000000008a800000, 0x000000008a800000, 0x000000008a900000|  0%| F|  |TAMS 0x000000008a800000, 0x000000008a800000| Untracked 
| 169|0x000000008a900000, 0x000000008a900000, 0x000000008aa00000|  0%| F|  |TAMS 0x000000008a900000, 0x000000008a900000| Untracked 
| 170|0x000000008aa00000, 0x000000008aa00000, 0x000000008ab00000|  0%| F|  |TAMS 0x000000008aa00000, 0x000000008aa00000| Untracked 
| 171|0x000000008ab00000, 0x000000008ab00000, 0x000000008ac00000|  0%| F|  |TAMS 0x000000008ab00000, 0x000000008ab00000| Untracked 
| 172|0x000000008ac00000, 0x000000008ac00000, 0x000000008ad00000|  0%| F|  |TAMS 0x000000008ac00000, 0x000000008ac00000| Untracked 
| 173|0x000000008ad00000, 0x000000008ad00000, 0x000000008ae00000|  0%| F|  |TAMS 0x000000008ad00000, 0x000000008ad00000| Untracked 
| 174|0x000000008ae00000, 0x000000008ae00000, 0x000000008af00000|  0%| F|  |TAMS 0x000000008ae00000, 0x000000008ae00000| Untracked 
| 175|0x000000008af00000, 0x000000008af00000, 0x000000008b000000|  0%| F|  |TAMS 0x000000008af00000, 0x000000008af00000| Untracked 
| 176|0x000000008b000000, 0x000000008b000000, 0x000000008b100000|  0%| F|  |TAMS 0x000000008b000000, 0x000000008b000000| Untracked 
| 177|0x000000008b100000, 0x000000008b100000, 0x000000008b200000|  0%| F|  |TAMS 0x000000008b100000, 0x000000008b100000| Untracked 
| 178|0x000000008b200000, 0x000000008b200000, 0x000000008b300000|  0%| F|  |TAMS 0x000000008b200000, 0x000000008b200000| Untracked 
| 179|0x000000008b300000, 0x000000008b300000, 0x000000008b400000|  0%| F|  |TAMS 0x000000008b300000, 0x000000008b300000| Untracked 
| 180|0x000000008b400000, 0x000000008b500000, 0x000000008b500000|100%| S|CS|TAMS 0x000000008b400000, 0x000000008b400000| Complete 
| 181|0x000000008b500000, 0x000000008b500000, 0x000000008b600000|  0%| F|  |TAMS 0x000000008b500000, 0x000000008b500000| Untracked 
| 182|0x000000008b600000, 0x000000008b600000, 0x000000008b700000|  0%| F|  |TAMS 0x000000008b600000, 0x000000008b600000| Untracked 
| 183|0x000000008b700000, 0x000000008b700000, 0x000000008b800000|  0%| F|  |TAMS 0x000000008b700000, 0x000000008b700000| Untracked 
| 184|0x000000008b800000, 0x000000008b900000, 0x000000008b900000|100%| S|CS|TAMS 0x000000008b800000, 0x000000008b800000| Complete 
| 185|0x000000008b900000, 0x000000008b900000, 0x000000008ba00000|  0%| F|  |TAMS 0x000000008b900000, 0x000000008b900000| Untracked 
| 186|0x000000008ba00000, 0x000000008ba00000, 0x000000008bb00000|  0%| F|  |TAMS 0x000000008ba00000, 0x000000008ba00000| Untracked 
| 187|0x000000008bb00000, 0x000000008bb00000, 0x000000008bc00000|  0%| F|  |TAMS 0x000000008bb00000, 0x000000008bb00000| Untracked 
| 188|0x000000008bc00000, 0x000000008bc00000, 0x000000008bd00000|  0%| F|  |TAMS 0x000000008bc00000, 0x000000008bc00000| Untracked 
| 189|0x000000008bd00000, 0x000000008bd00000, 0x000000008be00000|  0%| F|  |TAMS 0x000000008bd00000, 0x000000008bd00000| Untracked 
| 190|0x000000008be00000, 0x000000008be00000, 0x000000008bf00000|  0%| F|  |TAMS 0x000000008be00000, 0x000000008be00000| Untracked 
| 191|0x000000008bf00000, 0x000000008bf00000, 0x000000008c000000|  0%| F|  |TAMS 0x000000008bf00000, 0x000000008bf00000| Untracked 
| 192|0x000000008c000000, 0x000000008c000000, 0x000000008c100000|  0%| F|  |TAMS 0x000000008c000000, 0x000000008c000000| Untracked 
| 193|0x000000008c100000, 0x000000008c100000, 0x000000008c200000|  0%| F|  |TAMS 0x000000008c100000, 0x000000008c100000| Untracked 
| 194|0x000000008c200000, 0x000000008c200000, 0x000000008c300000|  0%| F|  |TAMS 0x000000008c200000, 0x000000008c200000| Untracked 
| 195|0x000000008c300000, 0x000000008c300000, 0x000000008c400000|  0%| F|  |TAMS 0x000000008c300000, 0x000000008c300000| Untracked 
| 196|0x000000008c400000, 0x000000008c400000, 0x000000008c500000|  0%| F|  |TAMS 0x000000008c400000, 0x000000008c400000| Untracked 
| 197|0x000000008c500000, 0x000000008c500000, 0x000000008c600000|  0%| F|  |TAMS 0x000000008c500000, 0x000000008c500000| Untracked 
| 198|0x000000008c600000, 0x000000008c600000, 0x000000008c700000|  0%| F|  |TAMS 0x000000008c600000, 0x000000008c600000| Untracked 
| 199|0x000000008c700000, 0x000000008c700000, 0x000000008c800000|  0%| F|  |TAMS 0x000000008c700000, 0x000000008c700000| Untracked 
| 200|0x000000008c800000, 0x000000008c800000, 0x000000008c900000|  0%| F|  |TAMS 0x000000008c800000, 0x000000008c800000| Untracked 
| 201|0x000000008c900000, 0x000000008c900000, 0x000000008ca00000|  0%| F|  |TAMS 0x000000008c900000, 0x000000008c900000| Untracked 
| 202|0x000000008ca00000, 0x000000008ca00000, 0x000000008cb00000|  0%| F|  |TAMS 0x000000008ca00000, 0x000000008ca00000| Untracked 
| 203|0x000000008cb00000, 0x000000008cb00000, 0x000000008cc00000|  0%| F|  |TAMS 0x000000008cb00000, 0x000000008cb00000| Untracked 
| 204|0x000000008cc00000, 0x000000008cc00000, 0x000000008cd00000|  0%| F|  |TAMS 0x000000008cc00000, 0x000000008cc00000| Untracked 
| 205|0x000000008cd00000, 0x000000008cd00000, 0x000000008ce00000|  0%| F|  |TAMS 0x000000008cd00000, 0x000000008cd00000| Untracked 
| 206|0x000000008ce00000, 0x000000008ce00000, 0x000000008cf00000|  0%| F|  |TAMS 0x000000008ce00000, 0x000000008ce00000| Untracked 
| 207|0x000000008cf00000, 0x000000008cf00000, 0x000000008d000000|  0%| F|  |TAMS 0x000000008cf00000, 0x000000008cf00000| Untracked 
| 208|0x000000008d000000, 0x000000008d000000, 0x000000008d100000|  0%| F|  |TAMS 0x000000008d000000, 0x000000008d000000| Untracked 
| 209|0x000000008d100000, 0x000000008d100000, 0x000000008d200000|  0%| F|  |TAMS 0x000000008d100000, 0x000000008d100000| Untracked 
| 210|0x000000008d200000, 0x000000008d200000, 0x000000008d300000|  0%| F|  |TAMS 0x000000008d200000, 0x000000008d200000| Untracked 
| 211|0x000000008d300000, 0x000000008d300000, 0x000000008d400000|  0%| F|  |TAMS 0x000000008d300000, 0x000000008d300000| Untracked 
| 212|0x000000008d400000, 0x000000008d400000, 0x000000008d500000|  0%| F|  |TAMS 0x000000008d400000, 0x000000008d400000| Untracked 
| 213|0x000000008d500000, 0x000000008d500000, 0x000000008d600000|  0%| F|  |TAMS 0x000000008d500000, 0x000000008d500000| Untracked 
| 214|0x000000008d600000, 0x000000008d600000, 0x000000008d700000|  0%| F|  |TAMS 0x000000008d600000, 0x000000008d600000| Untracked 
| 215|0x000000008d700000, 0x000000008d700000, 0x000000008d800000|  0%| F|  |TAMS 0x000000008d700000, 0x000000008d700000| Untracked 
| 216|0x000000008d800000, 0x000000008d800000, 0x000000008d900000|  0%| F|  |TAMS 0x000000008d800000, 0x000000008d800000| Untracked 
| 217|0x000000008d900000, 0x000000008d900000, 0x000000008da00000|  0%| F|  |TAMS 0x000000008d900000, 0x000000008d900000| Untracked 
| 218|0x000000008da00000, 0x000000008da00000, 0x000000008db00000|  0%| F|  |TAMS 0x000000008da00000, 0x000000008da00000| Untracked 
| 219|0x000000008db00000, 0x000000008db00000, 0x000000008dc00000|  0%| F|  |TAMS 0x000000008db00000, 0x000000008db00000| Untracked 
| 220|0x000000008dc00000, 0x000000008dc00000, 0x000000008dd00000|  0%| F|  |TAMS 0x000000008dc00000, 0x000000008dc00000| Untracked 
| 221|0x000000008dd00000, 0x000000008dd00000, 0x000000008de00000|  0%| F|  |TAMS 0x000000008dd00000, 0x000000008dd00000| Untracked 
| 222|0x000000008de00000, 0x000000008de00000, 0x000000008df00000|  0%| F|  |TAMS 0x000000008de00000, 0x000000008de00000| Untracked 
| 223|0x000000008df00000, 0x000000008df00000, 0x000000008e000000|  0%| F|  |TAMS 0x000000008df00000, 0x000000008df00000| Untracked 
| 224|0x000000008e000000, 0x000000008e000000, 0x000000008e100000|  0%| F|  |TAMS 0x000000008e000000, 0x000000008e000000| Untracked 
| 225|0x000000008e100000, 0x000000008e100000, 0x000000008e200000|  0%| F|  |TAMS 0x000000008e100000, 0x000000008e100000| Untracked 
| 226|0x000000008e200000, 0x000000008e200000, 0x000000008e300000|  0%| F|  |TAMS 0x000000008e200000, 0x000000008e200000| Untracked 
| 227|0x000000008e300000, 0x000000008e300000, 0x000000008e400000|  0%| F|  |TAMS 0x000000008e300000, 0x000000008e300000| Untracked 
| 228|0x000000008e400000, 0x000000008e400000, 0x000000008e500000|  0%| F|  |TAMS 0x000000008e400000, 0x000000008e400000| Untracked 
| 229|0x000000008e500000, 0x000000008e500000, 0x000000008e600000|  0%| F|  |TAMS 0x000000008e500000, 0x000000008e500000| Untracked 
| 230|0x000000008e600000, 0x000000008e600000, 0x000000008e700000|  0%| F|  |TAMS 0x000000008e600000, 0x000000008e600000| Untracked 

Card table byte_map: [0x000001b5c3af0000,0x000001b5c3ef0000] _byte_map_base: 0x000001b5c36f0000

Marking Bits (Prev, Next): (CMBitMap*) 0x000001b5ae9dc628, (CMBitMap*) 0x000001b5ae9dc660
 Prev Bits: [0x000001b5c42f0000, 0x000001b5c62f0000)
 Next Bits: [0x000001b5c62f0000, 0x000001b5c82f0000)

Polling page: 0x000001b5aea70000

Metaspace:

Usage:
  Non-class:    101.74 MB capacity,    99.73 MB ( 98%) used,     1.73 MB (  2%) free+waste,   291.63 KB ( <1%) overhead. 
      Class:     14.88 MB capacity,    13.96 MB ( 94%) used,   805.05 KB (  5%) free+waste,   131.38 KB ( <1%) overhead. 
       Both:    116.62 MB capacity,   113.69 MB ( 97%) used,     2.52 MB (  2%) free+waste,   423.00 KB ( <1%) overhead. 

Virtual space:
  Non-class space:      102.00 MB reserved,     101.92 MB (>99%) committed 
      Class space:        1.00 GB reserved,      15.00 MB (  1%) committed 
             Both:        1.10 GB reserved,     116.92 MB ( 10%) committed 

Chunk freelists:
   Non-Class:  52.00 KB
       Class:  29.00 KB
        Both:  81.00 KB

MaxMetaspaceSize: 17179869184.00 GB
CompressedClassSpaceSize: 1.00 GB
Initial GC threshold: 20.80 MB
Current GC threshold: 194.86 MB
CDS: off

CodeHeap 'non-profiled nmethods': size=120000Kb used=10234Kb max_used=10234Kb free=109765Kb
 bounds [0x000001b5bb740000, 0x000001b5bc140000, 0x000001b5c2c70000]
CodeHeap 'profiled nmethods': size=120000Kb used=37764Kb max_used=37764Kb free=82236Kb
 bounds [0x000001b5b4210000, 0x000001b5b6700000, 0x000001b5bb740000]
CodeHeap 'non-nmethods': size=5760Kb used=2474Kb max_used=2626Kb free=3285Kb
 bounds [0x000001b5b3c70000, 0x000001b5b3f30000, 0x000001b5b4210000]
 total_blobs=17048 nmethods=16039 adapters=920
 compilation: enabled
              stopped_count=0, restarted_count=0
 full_count=0

Compilation events (20 events):
Event: 114.158 Thread 0x000001b5cb68e800 nmethod 16034 0x000001b5b6564310 code [0x000001b5b6564540, 0x000001b5b6564888]
Event: 114.158 Thread 0x000001b5cb68e800 16035       2       com.android.tools.r8.ir.code.Phi::<init> (47 bytes)
Event: 114.158 Thread 0x000001b5cb68e800 nmethod 16035 0x000001b5b6564b10 code [0x000001b5b6564d00, 0x000001b5b6565178]
Event: 114.158 Thread 0x000001b5cb68e800 16029       2       com.android.tools.r8.graph.DexDebugEventBuilder::emitAdvancementEvents (336 bytes)
Event: 114.159 Thread 0x000001b5cb68e800 nmethod 16029 0x000001b5b6565310 code [0x000001b5b6565560, 0x000001b5b6565b88]
Event: 114.159 Thread 0x000001b5cb68e800 16038 %     3       com.android.tools.r8.ir.regalloc.LinearScanRegisterAllocator::resolveControlFlow @ 175 (444 bytes)
Event: 114.162 Thread 0x000001b5cb68e800 nmethod 16038% 0x000001b5b6566010 code [0x000001b5b65666e0, 0x000001b5b656a8e8]
Event: 114.162 Thread 0x000001b5cb68e800 16039       3       com.android.tools.r8.ir.conversion.JarState$LocalsAtOffset::isLive (220 bytes)
Event: 114.162 Thread 0x000001b5cb68e800 nmethod 16039 0x000001b5b656c110 code [0x000001b5b656c400, 0x000001b5b656d348]
Event: 114.162 Thread 0x000001b5cb68e800 16044       2       com.android.tools.r8.ir.code.IRCode::collectArguments (143 bytes)
Event: 114.163 Thread 0x000001b5cb68e800 nmethod 16044 0x000001b5b656d810 code [0x000001b5b656daa0, 0x000001b5b656e408]
Event: 114.163 Thread 0x000001b5cb68e800 16045       2       com.android.tools.r8.ir.conversion.DexBuilder::build (701 bytes)
Event: 114.165 Thread 0x000001b5cb68e800 nmethod 16045 0x000001b5b656ea10 code [0x000001b5b656ef40, 0x000001b5b6570a18]
Event: 114.165 Thread 0x000001b5cb68e800 16047       2       com.android.tools.r8.ir.conversion.JarState$LocalChangeAtOffset::getLocalsToClose (119 bytes)
Event: 114.165 Thread 0x000001b5cb68e800 nmethod 16047 0x000001b5b6571e90 code [0x000001b5b6572100, 0x000001b5b6572838]
Event: 114.165 Thread 0x000001b5cb68e800 16052 %     3       com.android.tools.r8.ir.regalloc.LinearScanRegisterAllocator::performLinearScan @ 455 (922 bytes)
Event: 114.171 Thread 0x000001b5cb68e800 nmethod 16052% 0x000001b5b6572c90 code [0x000001b5b6573580, 0x000001b5b6578b18]
Event: 114.171 Thread 0x000001b5cb68e800 16055 %     3       com.android.tools.r8.ir.optimize.PeepholeOptimizer::shareIdenticalBlockSuffix @ 87 (654 bytes)
Event: 114.180 Thread 0x000001b5cb68e800 nmethod 16055% 0x000001b5b657a590 code [0x000001b5b657af60, 0x000001b5b6581c08]
Event: 114.180 Thread 0x000001b5cb68e800 16054 %     3       com.android.tools.r8.ir.optimize.CodeRewriter::simplifyDebugLocals @ 121 (375 bytes)

GC Heap History (20 events):
Event: 112.797 GC heap before
{Heap before GC invocations=31 (full 0):
 garbage-first heap   total 236544K, used 196362K [0x0000000080000000, 0x0000000100000000)
  region size 1024K, 70 young (71680K), 3 survivors (3072K)
 Metaspace       used 107457K, capacity 110336K, committed 110636K, reserved 1146880K
  class space    used 13248K, capacity 14137K, committed 14208K, reserved 1048576K
}
Event: 112.810 GC heap after
{Heap after GC invocations=32 (full 0):
 garbage-first heap   total 236544K, used 132521K [0x0000000080000000, 0x0000000100000000)
  region size 1024K, 9 young (9216K), 9 survivors (9216K)
 Metaspace       used 107457K, capacity 110336K, committed 110636K, reserved 1146880K
  class space    used 13248K, capacity 14137K, committed 14208K, reserved 1048576K
}
Event: 112.818 GC heap before
{Heap before GC invocations=32 (full 0):
 garbage-first heap   total 236544K, used 133545K [0x0000000080000000, 0x0000000100000000)
  region size 1024K, 11 young (11264K), 9 survivors (9216K)
 Metaspace       used 107497K, capacity 110403K, committed 110636K, reserved 1146880K
  class space    used 13251K, capacity 14137K, committed 14208K, reserved 1048576K
}
Event: 112.826 GC heap after
{Heap after GC invocations=33 (full 0):
 garbage-first heap   total 236544K, used 126711K [0x0000000080000000, 0x0000000100000000)
  region size 1024K, 2 young (2048K), 2 survivors (2048K)
 Metaspace       used 107497K, capacity 110403K, committed 110636K, reserved 1146880K
  class space    used 13251K, capacity 14137K, committed 14208K, reserved 1048576K
}
Event: 112.976 GC heap before
{Heap before GC invocations=33 (full 0):
 garbage-first heap   total 236544K, used 192247K [0x0000000080000000, 0x0000000100000000)
  region size 1024K, 66 young (67584K), 2 survivors (2048K)
 Metaspace       used 109119K, capacity 112007K, committed 112044K, reserved 1146880K
  class space    used 13439K, capacity 14334K, committed 14336K, reserved 1048576K
}
Event: 112.979 GC heap after
{Heap after GC invocations=34 (full 0):
 garbage-first heap   total 236544K, used 129861K [0x0000000080000000, 0x0000000100000000)
  region size 1024K, 5 young (5120K), 5 survivors (5120K)
 Metaspace       used 109119K, capacity 112007K, committed 112044K, reserved 1146880K
  class space    used 13439K, capacity 14334K, committed 14336K, reserved 1048576K
}
Event: 113.199 GC heap before
{Heap before GC invocations=35 (full 0):
 garbage-first heap   total 236544K, used 196421K [0x0000000080000000, 0x0000000100000000)
  region size 1024K, 67 young (68608K), 5 survivors (5120K)
 Metaspace       used 110323K, capacity 113241K, committed 113580K, reserved 1148928K
  class space    used 13559K, capacity 14466K, committed 14592K, reserved 1048576K
}
Event: 113.206 GC heap after
{Heap after GC invocations=36 (full 0):
 garbage-first heap   total 236544K, used 135873K [0x0000000080000000, 0x0000000100000000)
  region size 1024K, 9 young (9216K), 9 survivors (9216K)
 Metaspace       used 110323K, capacity 113241K, committed 113580K, reserved 1148928K
  class space    used 13559K, capacity 14466K, committed 14592K, reserved 1048576K
}
Event: 113.211 GC heap before
{Heap before GC invocations=36 (full 0):
 garbage-first heap   total 236544K, used 137921K [0x0000000080000000, 0x0000000100000000)
  region size 1024K, 11 young (11264K), 9 survivors (9216K)
 Metaspace       used 110450K, capacity 113369K, committed 113580K, reserved 1148928K
  class space    used 13574K, capacity 14466K, committed 14592K, reserved 1048576K
}
Event: 113.220 GC heap after
{Heap after GC invocations=37 (full 0):
 garbage-first heap   total 236544K, used 130136K [0x0000000080000000, 0x0000000100000000)
  region size 1024K, 2 young (2048K), 2 survivors (2048K)
 Metaspace       used 110450K, capacity 113369K, committed 113580K, reserved 1148928K
  class space    used 13574K, capacity 14466K, committed 14592K, reserved 1048576K
}
Event: 113.351 GC heap before
{Heap before GC invocations=37 (full 0):
 garbage-first heap   total 236544K, used 193624K [0x0000000080000000, 0x0000000100000000)
  region size 1024K, 64 young (65536K), 2 survivors (2048K)
 Metaspace       used 112305K, capacity 115236K, committed 115372K, reserved 1150976K
  class space    used 13862K, capacity 14769K, committed 14848K, reserved 1048576K
}
Event: 113.360 GC heap after
{Heap after GC invocations=38 (full 0):
 garbage-first heap   total 236544K, used 140573K [0x0000000080000000, 0x0000000100000000)
  region size 1024K, 8 young (8192K), 8 survivors (8192K)
 Metaspace       used 112305K, capacity 115236K, committed 115372K, reserved 1150976K
  class space    used 13862K, capacity 14769K, committed 14848K, reserved 1048576K
}
Event: 113.626 GC heap before
{Heap before GC invocations=39 (full 0):
 garbage-first heap   total 236544K, used 191773K [0x0000000080000000, 0x0000000100000000)
  region size 1024K, 59 young (60416K), 8 survivors (8192K)
 Metaspace       used 114084K, capacity 117018K, committed 117164K, reserved 1150976K
  class space    used 14100K, capacity 14998K, committed 15104K, reserved 1048576K
}
Event: 113.637 GC heap after
{Heap after GC invocations=40 (full 0):
 garbage-first heap   total 236544K, used 148567K [0x0000000080000000, 0x0000000100000000)
  region size 1024K, 8 young (8192K), 8 survivors (8192K)
 Metaspace       used 114084K, capacity 117018K, committed 117164K, reserved 1150976K
  class space    used 14100K, capacity 14998K, committed 15104K, reserved 1048576K
}
Event: 113.662 GC heap before
{Heap before GC invocations=40 (full 0):
 garbage-first heap   total 236544K, used 151639K [0x0000000080000000, 0x0000000100000000)
  region size 1024K, 11 young (11264K), 8 survivors (8192K)
 Metaspace       used 114181K, capacity 117133K, committed 117420K, reserved 1150976K
  class space    used 14112K, capacity 15036K, committed 15104K, reserved 1048576K
}
Event: 113.674 GC heap after
{Heap after GC invocations=41 (full 0):
 garbage-first heap   total 236544K, used 145112K [0x0000000080000000, 0x0000000100000000)
  region size 1024K, 2 young (2048K), 2 survivors (2048K)
 Metaspace       used 114181K, capacity 117133K, committed 117420K, reserved 1150976K
  class space    used 14112K, capacity 15036K, committed 15104K, reserved 1048576K
}
Event: 113.869 GC heap before
{Heap before GC invocations=41 (full 0):
 garbage-first heap   total 236544K, used 190168K [0x0000000080000000, 0x0000000100000000)
  region size 1024K, 47 young (48128K), 2 survivors (2048K)
 Metaspace       used 115554K, capacity 118538K, committed 118572K, reserved 1153024K
  class space    used 14255K, capacity 15202K, committed 15232K, reserved 1048576K
}
Event: 113.886 GC heap after
{Heap after GC invocations=42 (full 0):
 garbage-first heap   total 236544K, used 147918K [0x0000000080000000, 0x0000000100000000)
  region size 1024K, 5 young (5120K), 5 survivors (5120K)
 Metaspace       used 115554K, capacity 118538K, committed 118572K, reserved 1153024K
  class space    used 14255K, capacity 15202K, committed 15232K, reserved 1048576K
}
Event: 114.123 GC heap before
{Heap before GC invocations=42 (full 0):
 garbage-first heap   total 236544K, used 192974K [0x0000000080000000, 0x0000000100000000)
  region size 1024K, 49 young (50176K), 5 survivors (5120K)
 Metaspace       used 115983K, capacity 119043K, committed 119212K, reserved 1153024K
  class space    used 14285K, capacity 15241K, committed 15360K, reserved 1048576K
}
Event: 114.137 GC heap after
{Heap after GC invocations=43 (full 0):
 garbage-first heap   total 236544K, used 149533K [0x0000000080000000, 0x0000000100000000)
  region size 1024K, 2 young (2048K), 2 survivors (2048K)
 Metaspace       used 115983K, capacity 119043K, committed 119212K, reserved 1153024K
  class space    used 14285K, capacity 15241K, committed 15360K, reserved 1048576K
}

Deoptimization events (20 events):
Event: 113.764 Thread 0x000001b5d0c40800 DEOPT PACKING pc=0x000001b5b5e75eb4 sp=0x00000080591fef50
Event: 113.764 Thread 0x000001b5d0c40800 DEOPT UNPACKING pc=0x000001b5b3cba95e sp=0x00000080591fe4b8 mode 0
Event: 113.860 Thread 0x000001b5d0c43800 DEOPT PACKING pc=0x000001b5b63d83c2 sp=0x00000080594fca50
Event: 113.860 Thread 0x000001b5d0c43800 DEOPT UNPACKING pc=0x000001b5b3cba95e sp=0x00000080594fbf10 mode 0
Event: 113.995 Thread 0x000001b5d0c3d000 DEOPT PACKING pc=0x000001b5b63e707c sp=0x00000080570fa010
Event: 113.995 Thread 0x000001b5d0c3d000 DEOPT UNPACKING pc=0x000001b5b3cba95e sp=0x00000080570f94f8 mode 0
Event: 114.012 Thread 0x000001b5d0c3f800 DEOPT PACKING pc=0x000001b5b5e55f9c sp=0x00000080597fe680
Event: 114.012 Thread 0x000001b5d0c3f800 DEOPT UNPACKING pc=0x000001b5b3cba95e sp=0x00000080597fdba8 mode 0
Event: 114.012 Thread 0x000001b5d0c3f800 DEOPT PACKING pc=0x000001b5b4f5e784 sp=0x00000080597fe870
Event: 114.012 Thread 0x000001b5d0c3f800 DEOPT UNPACKING pc=0x000001b5b3cba95e sp=0x00000080597fde08 mode 0
Event: 114.012 Thread 0x000001b5d0c3f800 DEOPT PACKING pc=0x000001b5b5e75eb4 sp=0x00000080597fecf0
Event: 114.012 Thread 0x000001b5d0c3f800 DEOPT UNPACKING pc=0x000001b5b3cba95e sp=0x00000080597fe258 mode 0
Event: 114.026 Thread 0x000001b5d0c43800 DEOPT PACKING pc=0x000001b5b6416c2d sp=0x00000080594fcac0
Event: 114.026 Thread 0x000001b5d0c43800 DEOPT UNPACKING pc=0x000001b5b3cba95e sp=0x00000080594fbff8 mode 0
Event: 114.071 Thread 0x000001b5d0c43800 DEOPT PACKING pc=0x000001b5b6428b37 sp=0x00000080594fcc30
Event: 114.071 Thread 0x000001b5d0c43800 DEOPT UNPACKING pc=0x000001b5b3cba95e sp=0x00000080594fc188 mode 0
Event: 114.101 Thread 0x000001b5d0c3d000 DEOPT PACKING pc=0x000001b5b63f334d sp=0x00000080570fa4d0
Event: 114.101 Thread 0x000001b5d0c3d000 DEOPT UNPACKING pc=0x000001b5b3cba95e sp=0x00000080570f9998 mode 0
Event: 114.114 Thread 0x000001b5d0c43800 DEOPT PACKING pc=0x000001b5b6429eb6 sp=0x00000080594fcb40
Event: 114.114 Thread 0x000001b5d0c43800 DEOPT UNPACKING pc=0x000001b5b3cba95e sp=0x00000080594fbfd0 mode 0

Classes redefined (0 events):
No events

Internal exceptions (20 events):
Event: 112.585 Thread 0x000001b5d0c43800 Exception <a 'java/lang/NoSuchMethodError'{0x000000008e2adc78}: 'java.lang.Object java.lang.invoke.DirectMethodHandle$Holder.invokeSpecial(java.lang.Object, java.lang.Object, java.lang.Object, java.lang.Object, java.lang.Object, java.lang.Object, java.lang.Object, java.lang.Object, java.lang.Object)'> (0x000000008e2adc78) thrown at [./src/hotspot/share/interpreter/linkResolver.cpp, line 773]
Event: 112.585 Thread 0x000001b5d0c43800 Exception <a 'java/lang/NoSuchMethodError'{0x000000008e2b20b0}: 'java.lang.Object java.lang.invoke.Invokers$Holder.linkToTargetMethod(java.lang.Object, java.lang.Object, java.lang.Object, java.lang.Object, java.lang.Object, java.lang.Object, java.lang.Object, java.lang.Object)'> (0x000000008e2b20b0) thrown at [./src/hotspot/share/interpreter/linkResolver.cpp, line 773]
Event: 112.586 Thread 0x000001b5d0c43800 Exception <a 'sun/nio/fs/WindowsException'{0x000000008e2bafd8}> (0x000000008e2bafd8) thrown at [./src/hotspot/share/prims/jni.cpp, line 615]
Event: 112.717 Thread 0x000001b5d0c41800 Exception <a 'java/lang/NoSuchMethodError'{0x000000008cf31c98}: 'int java.lang.invoke.DirectMethodHandle$Holder.invokeSpecialIFC(java.lang.Object, java.lang.Object, java.lang.Object, java.lang.Object)'> (0x000000008cf31c98) thrown at [./src/hotspot/share/interpreter/linkResolver.cpp, line 773]
Event: 112.717 Thread 0x000001b5d0c43800 Exception <a 'java/lang/NoSuchMethodError'{0x000000008d088d78}: 'int java.lang.invoke.DirectMethodHandle$Holder.invokeSpecialIFC(java.lang.Object, java.lang.Object, java.lang.Object, java.lang.Object)'> (0x000000008d088d78) thrown at [./src/hotspot/share/interpreter/linkResolver.cpp, line 773]
Event: 112.746 Thread 0x000001b5d0c40800 Exception <a 'sun/nio/fs/WindowsException'{0x000000008c2bd9f0}> (0x000000008c2bd9f0) thrown at [./src/hotspot/share/prims/jni.cpp, line 615]
Event: 112.750 Thread 0x000001b5d0c3f800 Exception <a 'sun/nio/fs/WindowsException'{0x000000008bcb7830}> (0x000000008bcb7830) thrown at [./src/hotspot/share/prims/jni.cpp, line 615]
Event: 112.852 Thread 0x000001b5d0c43800 Exception <a 'sun/nio/fs/WindowsException'{0x000000008d9bcc70}> (0x000000008d9bcc70) thrown at [./src/hotspot/share/prims/jni.cpp, line 615]
Event: 112.917 Thread 0x000001b5d0c3f800 Exception <a 'java/lang/NoSuchMethodError'{0x000000008b994a50}: 'java.lang.Object java.lang.invoke.DirectMethodHandle$Holder.newInvokeSpecial(java.lang.Object, java.lang.Object, java.lang.Object, java.lang.Object, java.lang.Object, java.lang.Object, java.lang.Object, java.lang.Object, java.lang.Object, java.lang.Object, java.lang.Object, java.lang.Object, java.lang.Object, java.lang.Object, java.lang.Object, int)'> (0x000000008b994a50) thrown at [./src/hotspot/share/interpreter/linkResolver.cpp, line 773]
Event: 113.143 Thread 0x000001b5d0c40800 Exception <a 'java/lang/NoSuchMethodError'{0x000000008b8489c8}: 'void java.lang.invoke.DirectMethodHandle$Holder.invokeStaticInit(java.lang.Object, java.lang.Object, java.lang.Object)'> (0x000000008b8489c8) thrown at [./src/hotspot/share/interpreter/linkResolver.cpp, line 773]
Event: 113.340 Thread 0x000001b5d0c40800 Exception <a 'java/lang/NoSuchMethodError'{0x000000008ac698a0}: 'int java.lang.invoke.DirectMethodHandle$Holder.invokeVirtual(java.lang.Object, java.lang.Object, java.lang.Object)'> (0x000000008ac698a0) thrown at [./src/hotspot/share/interpreter/linkResolver.cpp, line 773]
Event: 113.381 Thread 0x000001b5d0c3d000 Exception <a 'sun/nio/fs/WindowsException'{0x000000008db5a8a0}> (0x000000008db5a8a0) thrown at [./src/hotspot/share/prims/jni.cpp, line 615]
Event: 113.383 Thread 0x000001b5d0c40800 Exception <a 'java/lang/NoSuchMethodError'{0x000000008dfd95b0}: 'java.lang.Object java.lang.invoke.DirectMethodHandle$Holder.newInvokeSpecial(java.lang.Object, int)'> (0x000000008dfd95b0) thrown at [./src/hotspot/share/interpreter/linkResolver.cpp, line 773]
Event: 113.400 Thread 0x000001b5d0c40800 Exception <a 'java/lang/NoSuchMethodError'{0x000000008d761a60}: 'int java.lang.invoke.DirectMethodHandle$Holder.invokeSpecial(java.lang.Object, java.lang.Object, java.lang.Object, java.lang.Object)'> (0x000000008d761a60) thrown at [./src/hotspot/share/interpreter/linkResolver.cpp, line 773]
Event: 113.437 Thread 0x000001b5d0c3f800 Exception <a 'java/lang/NoSuchMethodError'{0x000000008dbe10b0}: 'java.lang.Object java.lang.invoke.DirectMethodHandle$Holder.newInvokeSpecial(java.lang.Object, int)'> (0x000000008dbe10b0) thrown at [./src/hotspot/share/interpreter/linkResolver.cpp, line 773]
Event: 113.679 Thread 0x000001b5d0c3f800 Exception <a 'java/lang/NoSuchMethodError'{0x000000008e50e868}: 'void java.lang.invoke.DirectMethodHandle$Holder.invokeVirtual(java.lang.Object, java.lang.Object, int, java.lang.Object)'> (0x000000008e50e868) thrown at [./src/hotspot/share/interpreter/linkResolver.cpp, line 773]
Event: 113.683 Thread 0x000001b5d0c3f800 Exception <a 'java/lang/NoSuchMethodError'{0x000000008e186078}: 'java.lang.Object java.lang.invoke.DirectMethodHandle$Holder.invokeInterface(java.lang.Object, java.lang.Object, int)'> (0x000000008e186078) thrown at [./src/hotspot/share/interpreter/linkResolver.cpp, line 773]
Event: 113.732 Thread 0x000001b5d0c40800 Exception <a 'java/lang/NoSuchMethodError'{0x000000008d232778}: 'void java.lang.invoke.DirectMethodHandle$Holder.invokeVirtual(java.lang.Object, java.lang.Object, int)'> (0x000000008d232778) thrown at [./src/hotspot/share/interpreter/linkResolver.cpp, line 773]
Event: 113.919 Thread 0x000001b5d0c3d000 Exception <a 'java/lang/NoSuchMethodError'{0x000000008e1f79d8}: 'int java.lang.invoke.DirectMethodHandle$Holder.invokeInterface(java.lang.Object, java.lang.Object, int)'> (0x000000008e1f79d8) thrown at [./src/hotspot/share/interpreter/linkResolver.cpp, line 773]
Event: 114.008 Thread 0x000001b5d0c3f800 Exception <a 'sun/nio/fs/WindowsException'{0x000000008d44fa60}> (0x000000008d44fa60) thrown at [./src/hotspot/share/prims/jni.cpp, line 615]

Events (20 events):
Event: 114.076 loading class com/android/tools/r8/code/DivFloat2Addr
Event: 114.076 loading class com/android/tools/r8/code/DivFloat2Addr done
Event: 114.077 loading class com/android/tools/r8/code/DivDouble2Addr
Event: 114.077 loading class com/android/tools/r8/code/DivDouble2Addr done
Event: 114.077 loading class com/android/tools/r8/code/DivFloat
Event: 114.077 loading class com/android/tools/r8/code/DivFloat done
Event: 114.078 loading class com/android/tools/r8/code/DivDouble
Event: 114.078 loading class com/android/tools/r8/code/DivDouble done
Event: 114.079 loading class com/android/tools/r8/code/UshrIntLit8
Event: 114.079 loading class com/android/tools/r8/code/UshrIntLit8 done
Event: 114.080 loading class com/android/tools/r8/code/UshrLong2Addr
Event: 114.080 loading class com/android/tools/r8/code/UshrLong2Addr done
Event: 114.080 loading class com/android/tools/r8/code/UshrLong
Event: 114.080 loading class com/android/tools/r8/code/UshrLong done
Event: 114.080 loading class com/android/tools/r8/code/UshrInt
Event: 114.080 loading class com/android/tools/r8/code/UshrInt done
Event: 114.081 loading class com/android/tools/r8/code/UshrInt2Addr
Event: 114.081 loading class com/android/tools/r8/code/UshrInt2Addr done
Event: 114.123 Executing VM operation: G1CollectForAllocation
Event: 114.137 Executing VM operation: G1CollectForAllocation done


Dynamic libraries:
0x00007ff6fb800000 - 0x00007ff6fb80a000 	F:\AndroidStudio\jre\bin\java.exe
0x00007ff99d860000 - 0x00007ff99da50000 	C:\Windows\SYSTEM32\ntdll.dll
0x00007ff99d260000 - 0x00007ff99d312000 	C:\Windows\System32\KERNEL32.DLL
0x00007ff99b1e0000 - 0x00007ff99b482000 	C:\Windows\System32\KERNELBASE.dll
0x00007ff99b630000 - 0x00007ff99b72a000 	C:\Windows\System32\ucrtbase.dll
0x00007ff96efc0000 - 0x00007ff96efd9000 	F:\AndroidStudio\jre\bin\jli.dll
0x00007ff971220000 - 0x00007ff971237000 	F:\AndroidStudio\jre\bin\VCRUNTIME140.dll
0x00007ff99c590000 - 0x00007ff99c723000 	C:\Windows\System32\USER32.dll
0x00007ff99b7b0000 - 0x00007ff99b7d1000 	C:\Windows\System32\win32u.dll
0x00007ff97bf10000 - 0x00007ff97c195000 	C:\Windows\WinSxS\amd64_microsoft.windows.common-controls_6595b64144ccf1df_6.0.18362.30_none_a1435978519dce7f\COMCTL32.dll
0x00007ff99b9e0000 - 0x00007ff99ba06000 	C:\Windows\System32\GDI32.dll
0x00007ff99bea0000 - 0x00007ff99bf3e000 	C:\Windows\System32\msvcrt.dll
0x00007ff99b490000 - 0x00007ff99b624000 	C:\Windows\System32\gdi32full.dll
0x00007ff99d4e0000 - 0x00007ff99d816000 	C:\Windows\System32\combase.dll
0x00007ff99b140000 - 0x00007ff99b1de000 	C:\Windows\System32\msvcp_win.dll
0x00007ff99ba90000 - 0x00007ff99bbb0000 	C:\Windows\System32\RPCRT4.dll
0x00007ff99b7e0000 - 0x00007ff99b861000 	C:\Windows\System32\bcryptPrimitives.dll
0x00007ff99c460000 - 0x00007ff99c48e000 	C:\Windows\System32\IMM32.DLL
0x00007ff946960000 - 0x00007ff9469fd000 	F:\AndroidStudio\jre\bin\msvcp140.dll
0x00007ff940e30000 - 0x00007ff941915000 	F:\AndroidStudio\jre\bin\server\jvm.dll
0x00007ff99b930000 - 0x00007ff99b9d3000 	C:\Windows\System32\ADVAPI32.dll
0x00007ff99c870000 - 0x00007ff99c907000 	C:\Windows\System32\sechost.dll
0x00007ff99bbb0000 - 0x00007ff99bbb8000 	C:\Windows\System32\PSAPI.DLL
0x00007ff997620000 - 0x00007ff997644000 	C:\Windows\SYSTEM32\WINMM.dll
0x00007ff993e90000 - 0x00007ff993e9a000 	C:\Windows\SYSTEM32\VERSION.dll
0x00007ff9808b0000 - 0x00007ff9808b9000 	C:\Windows\SYSTEM32\WSOCK32.dll
0x00007ff99c520000 - 0x00007ff99c58f000 	C:\Windows\System32\WS2_32.dll
0x00007ff997190000 - 0x00007ff9971bd000 	C:\Windows\SYSTEM32\winmmbase.dll
0x00007ff99b730000 - 0x00007ff99b77a000 	C:\Windows\System32\cfgmgr32.dll
0x00007ff99a740000 - 0x00007ff99a751000 	C:\Windows\System32\kernel.appcore.dll
0x00007ff9866c0000 - 0x00007ff9866d1000 	F:\AndroidStudio\jre\bin\verify.dll
0x00007ff999080000 - 0x00007ff999274000 	C:\Windows\SYSTEM32\DBGHELP.DLL
0x00007ff97f1b0000 - 0x00007ff97f1da000 	C:\Windows\SYSTEM32\dbgcore.DLL
0x00007ff97bbb0000 - 0x00007ff97bbd9000 	F:\AndroidStudio\jre\bin\java.dll
0x00007ff9938a0000 - 0x00007ff9938ab000 	F:\AndroidStudio\jre\bin\jimage.dll
0x00007ff981430000 - 0x00007ff981448000 	F:\AndroidStudio\jre\bin\zip.dll
0x00007ff99cb80000 - 0x00007ff99d260000 	C:\Windows\System32\SHELL32.dll
0x00007ff99bf40000 - 0x00007ff99bfe9000 	C:\Windows\System32\shcore.dll
0x00007ff99a7f0000 - 0x00007ff99af6b000 	C:\Windows\System32\windows.storage.dll
0x00007ff99a7d0000 - 0x00007ff99a7ef000 	C:\Windows\System32\profapi.dll
0x00007ff99a760000 - 0x00007ff99a7aa000 	C:\Windows\System32\powrprof.dll
0x00007ff99a730000 - 0x00007ff99a740000 	C:\Windows\System32\UMPDC.dll
0x00007ff99cb20000 - 0x00007ff99cb72000 	C:\Windows\System32\shlwapi.dll
0x00007ff99afd0000 - 0x00007ff99afe7000 	C:\Windows\System32\cryptsp.dll
0x00007ff980860000 - 0x00007ff98087a000 	F:\AndroidStudio\jre\bin\net.dll
0x00007ff993040000 - 0x00007ff99312f000 	C:\Windows\SYSTEM32\WINHTTP.dll
0x00007ff999fa0000 - 0x00007ff99a007000 	C:\Windows\system32\mswsock.dll
0x00007ff97e990000 - 0x00007ff97e9a4000 	F:\AndroidStudio\jre\bin\nio.dll
0x00007ff996710000 - 0x00007ff99672e000 	F:\AndroidStudio\jre\native\25\windows-amd64\native-platform.dll
0x00007ff993130000 - 0x00007ff99313a000 	F:\AndroidStudio\jre\bin\management.dll
0x00007ff9900d0000 - 0x00007ff9900dd000 	F:\AndroidStudio\jre\bin\management_ext.dll
0x00007ff999b60000 - 0x00007ff999b93000 	C:\Windows\system32\rsaenh.dll
0x00007ff99b780000 - 0x00007ff99b7a6000 	C:\Windows\System32\bcrypt.dll
0x00007ff99a620000 - 0x00007ff99a645000 	C:\Windows\SYSTEM32\USERENV.dll
0x00007ff99a170000 - 0x00007ff99a17c000 	C:\Windows\SYSTEM32\CRYPTBASE.dll
0x00007ff999d00000 - 0x00007ff999d3a000 	C:\Windows\SYSTEM32\IPHLPAPI.DLL
0x00007ff99c510000 - 0x00007ff99c518000 	C:\Windows\System32\NSI.dll
0x00007ff98b350000 - 0x00007ff98b366000 	C:\Windows\SYSTEM32\dhcpcsvc6.DLL
0x00007ff98fc70000 - 0x00007ff98fc8c000 	C:\Windows\SYSTEM32\dhcpcsvc.DLL
0x00007ff999d40000 - 0x00007ff999e0a000 	C:\Windows\SYSTEM32\DNSAPI.dll
0x00007ff9966d0000 - 0x00007ff9966f7000 	F:\AndroidStudio\jre\bin\sunec.dll
0x00007ff985ee0000 - 0x00007ff985eea000 	C:\Windows\System32\rasadhlp.dll
0x00007ff98a090000 - 0x00007ff98a107000 	C:\Windows\System32\fwpuclnt.dll
0x00007ff9997c0000 - 0x00007ff9997f1000 	C:\Windows\SYSTEM32\ntmarta.dll
0x00007ff97a210000 - 0x00007ff97a218000 	F:\AndroidStudio\jre\bin\rmi.dll
0x00007ff97a0f0000 - 0x00007ff97a10e000 	C:\Users\mojan\AppData\Local\Temp\native-platform3047759104130044741dir\native-platform.dll

dbghelp: loaded successfully - version: 4.0.5 - missing functions: none
symbol engine: initialized successfully - sym options: 0x614 - pdb path: .;F:\AndroidStudio\jre\bin;C:\Windows\SYSTEM32;C:\Windows\WinSxS\amd64_microsoft.windows.common-controls_6595b64144ccf1df_6.0.18362.30_none_a1435978519dce7f;F:\AndroidStudio\jre\bin\server;F:\AndroidStudio\jre\native\25\windows-amd64;C:\Users\mojan\AppData\Local\Temp\native-platform3047759104130044741dir

VM Arguments:
jvm_args: --add-opens=java.base/java.util=ALL-UNNAMED -Xmx2048m -Dfile.encoding=UTF-8 -Duser.country=CA -Duser.language=en -Duser.variant 
java_command: org.gradle.launcher.daemon.bootstrap.GradleDaemon 4.10.1
java_class_path (initial): F:\AndroidStudio\jre\wrapper\dists\gradle-4.10.1-bin\4homep1wqei7q35i17vhsr7k8\gradle-4.10.1\lib\gradle-launcher-4.10.1.jar
Launcher Type: SUN_STANDARD

[Global flags]
     intx CICompilerCount                          = 4                                         {product} {ergonomic}
     uint ConcGCThreads                            = 2                                         {product} {ergonomic}
     uint G1ConcRefinementThreads                  = 8                                         {product} {ergonomic}
   size_t G1HeapRegionSize                         = 1048576                                   {product} {ergonomic}
    uintx GCDrainStackTargetSize                   = 64                                        {product} {ergonomic}
   size_t InitialHeapSize                          = 201326592                                 {product} {ergonomic}
   size_t MarkStackSize                            = 4194304                                   {product} {ergonomic}
   size_t MaxHeapSize                              = 2147483648                                {product} {command line}
   size_t MaxNewSize                               = 1287651328                                {product} {ergonomic}
   size_t MinHeapDeltaBytes                        = 1048576                                   {product} {ergonomic}
    uintx NonNMethodCodeHeapSize                   = 5836300                                {pd product} {ergonomic}
    uintx NonProfiledCodeHeapSize                  = 122910970                              {pd product} {ergonomic}
    uintx ProfiledCodeHeapSize                     = 122910970                              {pd product} {ergonomic}
    uintx ReservedCodeCacheSize                    = 251658240                              {pd product} {ergonomic}
     bool SegmentedCodeCache                       = true                                      {product} {ergonomic}
     bool UseCompressedClassPointers               = true                                 {lp64_product} {ergonomic}
     bool UseCompressedOops                        = true                                 {lp64_product} {ergonomic}
     bool UseG1GC                                  = true                                      {product} {ergonomic}
     bool UseLargePagesIndividualAllocation        = false                                  {pd product} {ergonomic}

Logging:
Log output configuration:
 #0: stdout all=warning uptime,level,tags
 #1: stderr all=off uptime,level,tags

Environment Variables:
JAVA_HOME=F:\IntelliJ IDEA Community Edition 2022.1\jbr
PATH=C:\Windows\system32;C:\Windows;C:\Windows\System32\Wbem;C:\Windows\System32\WindowsPowerShell\v1.0\;C:\Windows\System32\OpenSSH\;C:\Program Files (x86)\NVIDIA Corporation\PhysX\Common;C:\Program Files\Microsoft SQL Server\130\Tools\Binn\;C:\Program Files (x86)\Common Files\lenovo\easyplussdk\bin;C:\Program Files\NVIDIA Corporation\NVIDIA NvDLISR;C:\Program Files\Intel\WiFi\bin\;C:\Program Files\Common Files\Intel\WirelessCommon\;C:\ProgramData\chocolatey\bin;C:\Program Files\dotnet\;C:\Program Files\Git\cmd;F:\Python310\Scripts\;F:\Python310\;C:\Program Files\Intel\WiFi\bin\;C:\Program Files\Common Files\Intel\WirelessCommon\;C:\Users\mojan\.dotnet\tools;C:\Users\mojan\AppData\Roaming\Pub\Cache\bin;F:\Microsoft VS Code\bin;C:\Program Files\mingw-w64\x86_64-8.1.0-posix-seh-rt_v6-rev0\mingw64\bin;C:\Users\mojan\.dotnet\tools;F:\PyCharm Community Edition 2021.3.3\bin;;F:\Java18\bin;F:\IntelliJ IDEA Community Edition 2022.1\bin;
USERNAME=mojan
OS=Windows_NT
PROCESSOR_IDENTIFIER=Intel64 Family 6 Model 142 Stepping 10, GenuineIntel



---------------  S Y S T E M  ---------------

OS: Windows 10 , 64 bit Build 18362 (10.0.18362.1)
OS uptime: 0 days 3:44 hours

CPU:total 8 (initial active 8) (4 cores per cpu, 2 threads per core) family 6 model 142 stepping 10 microcode 0x96, cmov, cx8, fxsr, mmx, sse, sse2, sse3, ssse3, sse4.1, sse4.2, popcnt, avx, avx2, aes, clmul, erms, 3dnowpref, lzcnt, ht, tsc, tscinvbit, bmi1, bmi2, adx, fma

Memory: 4k page, system-wide physical 12166M (1847M free)
TotalPageFile size 12166M (AvailPageFile size 4M)
current process WorkingSet (physical memory assigned to process): 604M, peak: 739M
current process commit charge ("private bytes"): 656M, peak: 784M

vm_info: OpenJDK 64-Bit Server VM (11.0.12+7-b1504.28-7817840) for windows-amd64 JRE (11.0.12+7-b1504.28-7817840), built on Oct 13 2021 22:12:33 by "builder" with MS VC++ 14.0 (VS2015)

END.
