#
# There is insufficient memory for the Java Runtime Environment to continue.
# Native memory allocation (malloc) failed to allocate 1189776 bytes for Chunk::new
# Possible reasons:
#   The system is out of physical RAM or swap space
#   The process is running with CompressedOops enabled, and the Java Heap may be blocking the growth of the native heap
# Possible solutions:
#   Reduce memory load on the system
#   Increase physical memory or swap space
#   Check if swap backing store is full
#   Decrease Java heap size (-Xmx/-Xms)
#   Decrease number of Java threads
#   Decrease Java thread stack sizes (-Xss)
#   Set larger code cache with -XX:ReservedCodeCacheSize=
#   JVM is running with Unscaled Compressed Oops mode in which the Java heap is
#     placed in the first 4GB address space. The Java Heap base address is the
#     maximum limit for the native heap growth. Please use -XX:HeapBaseMinAddress
#     to set the Java Heap base and to place the Java Heap above 4GB virtual address.
# This output file may be truncated or incomplete.
#
#  Out of Memory Error (./src/hotspot/share/memory/arena.cpp:197), pid=11816, tid=4120
#
# JRE version: OpenJDK Runtime Environment (11.0.12+7) (build 11.0.12+7-b1504.28-7817840)
# Java VM: OpenJDK 64-Bit Server VM (11.0.12+7-b1504.28-7817840, mixed mode, tiered, compressed oops, g1 gc, windows-amd64)
# No core dump will be written. Minidumps are not enabled by default on client versions of Windows
#

---------------  S U M M A R Y ------------

Command Line: --add-opens=java.base/java.util=ALL-UNNAMED --add-opens=java.base/java.lang=ALL-UNNAMED --add-opens=java.base/java.lang.invoke=ALL-UNNAMED --add-opens=java.prefs/java.util.prefs=ALL-UNNAMED -Xmx2048m -Dfile.encoding=UTF-8 -Duser.country=CA -Duser.language=en -Duser.variant org.gradle.launcher.daemon.bootstrap.GradleDaemon 5.0

Host: Intel(R) Core(TM) i7-8550U CPU @ 1.80GHz, 8 cores, 11G,  Windows 10 , 64 bit Build 18362 (10.0.18362.1)
Time: Tue May 17 17:36:10 2022 Eastern Daylight Time elapsed time: 3.976225 seconds (0d 0h 0m 3s)

---------------  T H R E A D  ---------------

Current thread (0x000001f9f431b800):  JavaThread "C2 CompilerThread0" daemon [_thread_in_native, id=4120, stack(0x0000001df5900000,0x0000001df5a00000)]


Current CompileTask:
C2:   3976 2677   !   4       java.net.URL::<init> (543 bytes)

Stack: [0x0000001df5900000,0x0000001df5a00000]
Native frames: (J=compiled Java code, j=interpreted, Vv=VM code, C=native code)
V  [jvm.dll+0x5fbcea]
V  [jvm.dll+0x731905]
V  [jvm.dll+0x732f1d]
V  [jvm.dll+0x7335d3]
V  [jvm.dll+0x247bf8]
V  [jvm.dll+0xc018c]
V  [jvm.dll+0xc06cc]
V  [jvm.dll+0x35b31d]
V  [jvm.dll+0x19d0bc]
V  [jvm.dll+0x20070e]
V  [jvm.dll+0x1ff794]
V  [jvm.dll+0x18868c]
V  [jvm.dll+0x20e0d7]
V  [jvm.dll+0x20c901]
V  [jvm.dll+0x6f9b7f]
V  [jvm.dll+0x6f26a5]
V  [jvm.dll+0x5fabf6]
C  [ucrtbase.dll+0x1d912]
C  [KERNEL32.DLL+0x17944]
C  [ntdll.dll+0x6ce71]


---------------  P R O C E S S  ---------------

Threads class SMR info:
_java_thread_list=0x000001f9f9810190, length=28, elements={
0x000001f9d763b000, 0x000001f9f3a94800, 0x000001f9f3a97800, 0x000001f9f42d1000,
0x000001f9f42d2000, 0x000001f9f42d3000, 0x000001f9f431b800, 0x000001f9f431d000,
0x000001f9f4320000, 0x000001f9f44c9800, 0x000001f9f5f18800, 0x000001f9f6116000,
0x000001f9f566b000, 0x000001f9f5388000, 0x000001f9f56b7800, 0x000001f9f5ed3000,
0x000001f9f5f14800, 0x000001f9f5f15800, 0x000001f9f61c2800, 0x000001f9f62ea800,
0x000001f9f62eb000, 0x000001f9f62ec000, 0x000001f9f63a4000, 0x000001f9f62f0000,
0x000001f9f8805800, 0x000001f9f62ee800, 0x000001f9f62f1000, 0x000001f9f62ed000
}

Java Threads: ( => current thread )
  0x000001f9d763b000 JavaThread "main" [_thread_blocked, id=9348, stack(0x0000001df4d00000,0x0000001df4e00000)]
  0x000001f9f3a94800 JavaThread "Reference Handler" daemon [_thread_blocked, id=9972, stack(0x0000001df5400000,0x0000001df5500000)]
  0x000001f9f3a97800 JavaThread "Finalizer" daemon [_thread_blocked, id=2904, stack(0x0000001df5500000,0x0000001df5600000)]
  0x000001f9f42d1000 JavaThread "Signal Dispatcher" daemon [_thread_blocked, id=5916, stack(0x0000001df5600000,0x0000001df5700000)]
  0x000001f9f42d2000 JavaThread "Attach Listener" daemon [_thread_blocked, id=11632, stack(0x0000001df5700000,0x0000001df5800000)]
  0x000001f9f42d3000 JavaThread "Service Thread" daemon [_thread_blocked, id=8388, stack(0x0000001df5800000,0x0000001df5900000)]
=>0x000001f9f431b800 JavaThread "C2 CompilerThread0" daemon [_thread_in_native, id=4120, stack(0x0000001df5900000,0x0000001df5a00000)]
  0x000001f9f431d000 JavaThread "C1 CompilerThread0" daemon [_thread_blocked, id=10180, stack(0x0000001df5a00000,0x0000001df5b00000)]
  0x000001f9f4320000 JavaThread "Sweeper thread" daemon [_thread_blocked, id=9488, stack(0x0000001df5b00000,0x0000001df5c00000)]
  0x000001f9f44c9800 JavaThread "Common-Cleaner" daemon [_thread_blocked, id=11488, stack(0x0000001df5c00000,0x0000001df5d00000)]
  0x000001f9f5f18800 JavaThread "Incoming local TCP Connector on port 3143" [_thread_in_native, id=3152, stack(0x0000001df5e00000,0x0000001df5f00000)]
  0x000001f9f6116000 JavaThread "Daemon periodic checks" [_thread_blocked, id=676, stack(0x0000001df6200000,0x0000001df6300000)]
  0x000001f9f566b000 JavaThread "Daemon" [_thread_blocked, id=7684, stack(0x0000001df6300000,0x0000001df6400000)]
  0x000001f9f5388000 JavaThread "Handler for socket connection from /127.0.0.1:3143 to /127.0.0.1:3144" [_thread_in_native, id=11540, stack(0x0000001df6400000,0x0000001df6500000)]
  0x000001f9f56b7800 JavaThread "Cancel handler" [_thread_blocked, id=10720, stack(0x0000001df6500000,0x0000001df6600000)]
  0x000001f9f5ed3000 JavaThread "Daemon worker" [_thread_blocked, id=8604, stack(0x0000001df6600000,0x0000001df6700000)]
  0x000001f9f5f14800 JavaThread "Asynchronous log dispatcher for DefaultDaemonConnection: socket connection from /127.0.0.1:3143 to /127.0.0.1:3144" [_thread_blocked, id=1376, stack(0x0000001df6700000,0x0000001df6800000)]
  0x000001f9f5f15800 JavaThread "Stdin handler" [_thread_blocked, id=10640, stack(0x0000001df6800000,0x0000001df6900000)]
  0x000001f9f61c2800 JavaThread "Thread-7" [_thread_blocked, id=11492, stack(0x0000001df6900000,0x0000001df6a00000)]
  0x000001f9f62ea800 JavaThread "Cache worker for file hash cache (F:\AndroidStudio\jre\caches\5.0\fileHashes)" [_thread_blocked, id=8940, stack(0x0000001df6a00000,0x0000001df6b00000)]
  0x000001f9f62eb000 JavaThread "File lock request listener" [_thread_in_native, id=5992, stack(0x0000001df6b00000,0x0000001df6c00000)]
  0x000001f9f62ec000 JavaThread "Cache worker for file hash cache (E:\Android\Repositories\PhotoFinder\.gradle\5.0\fileHashes)" [_thread_blocked, id=8612, stack(0x0000001df6c00000,0x0000001df6d00000)]
  0x000001f9f63a4000 JavaThread "C2 CompilerThread1" daemon [_thread_in_native, id=11712, stack(0x0000001df7200000,0x0000001df7300000)]
  0x000001f9f62f0000 JavaThread "Cache worker for journal cache (F:\AndroidStudio\jre\caches\journal-1)" [_thread_blocked, id=3448, stack(0x0000001df7300000,0x0000001df7400000)]
  0x000001f9f8805800 JavaThread "C2 CompilerThread2" daemon [_thread_in_native, id=10708, stack(0x0000001df7400000,0x0000001df7500000)]
  0x000001f9f62ee800 JavaThread "Cache worker for cache directory md-supplier (F:\AndroidStudio\jre\caches\5.0\md-supplier)" [_thread_blocked, id=12064, stack(0x0000001df7500000,0x0000001df7600000)]
  0x000001f9f62f1000 JavaThread "Cache worker for cache directory md-rule (F:\AndroidStudio\jre\caches\5.0\md-rule)" [_thread_blocked, id=11132, stack(0x0000001df7600000,0x0000001df7700000)]
  0x000001f9f62ed000 JavaThread "Cache worker for Artifact transforms cache (F:\AndroidStudio\jre\caches\transforms-1)" [_thread_blocked, id=8200, stack(0x0000001df7700000,0x0000001df7800000)]

Other Threads:
  0x000001f9f42c5000 VMThread "VM Thread" [stack: 0x0000001df5300000,0x0000001df5400000] [id=3256]
  0x000001f9f44e7000 WatcherThread [stack: 0x0000001df5d00000,0x0000001df5e00000] [id=9860]
  0x000001f9d7653800 GCTaskThread "GC Thread#0" [stack: 0x0000001df4e00000,0x0000001df4f00000] [id=6976]
  0x000001f9f4f80000 GCTaskThread "GC Thread#1" [stack: 0x0000001df5f00000,0x0000001df6000000] [id=4548]
  0x000001f9f53aa800 GCTaskThread "GC Thread#2" [stack: 0x0000001df6000000,0x0000001df6100000] [id=12028]
  0x000001f9f4efc000 GCTaskThread "GC Thread#3" [stack: 0x0000001df6100000,0x0000001df6200000] [id=11748]
  0x000001f9f62e0800 GCTaskThread "GC Thread#4" [stack: 0x0000001df6d00000,0x0000001df6e00000] [id=5944]
  0x000001f9f61a6800 GCTaskThread "GC Thread#5" [stack: 0x0000001df6e00000,0x0000001df6f00000] [id=2308]
  0x000001f9f61a7000 GCTaskThread "GC Thread#6" [stack: 0x0000001df6f00000,0x0000001df7000000] [id=6012]
  0x000001f9f5d30800 GCTaskThread "GC Thread#7" [stack: 0x0000001df7000000,0x0000001df7100000] [id=3332]
  0x000001f9d7687000 ConcurrentGCThread "G1 Main Marker" [stack: 0x0000001df4f00000,0x0000001df5000000] [id=2636]
  0x000001f9d7688000 ConcurrentGCThread "G1 Conc#0" [stack: 0x0000001df5000000,0x0000001df5100000] [id=6236]
  0x000001f9f6466800 ConcurrentGCThread "G1 Conc#1" [stack: 0x0000001df7100000,0x0000001df7200000] [id=10432]
  0x000001f9d770e800 ConcurrentGCThread "G1 Refine#0" [stack: 0x0000001df5100000,0x0000001df5200000] [id=140]
  0x000001f9f38f6800 ConcurrentGCThread "G1 Young RemSet Sampling" [stack: 0x0000001df5200000,0x0000001df5300000] [id=9832]

Threads with active compile tasks:
C2 CompilerThread0   5259 2677   !   4       java.net.URL::<init> (543 bytes)
C2 CompilerThread1   5260 2754       4       groovy.lang.MetaClassImpl$1MOPIter::methodNameAction (325 bytes)
C2 CompilerThread2   5260 2766       4       org.objectweb.asm.Frame::execute (2318 bytes)

VM state:at safepoint (normal execution)

VM Mutex/Monitor currently owned by a thread:  ([mutex/lock_event])
[0x000001f9d76390a0] Threads_lock - owner thread: 0x000001f9f42c5000
[0x000001f9d76389e0] Heap_lock - owner thread: 0x000001f9f5ed3000

Heap address: 0x0000000080000000, size: 2048 MB, Compressed Oops mode: 32-bit
Narrow klass base: 0x0000000000000000, Narrow klass shift: 3
Compressed class space size: 1073741824 Address: 0x0000000100000000

Heap:
 garbage-first heap   total 196608K, used 33459K [0x0000000080000000, 0x0000000100000000)
  region size 1024K, 12 young (12288K), 2 survivors (2048K)
 Metaspace       used 41266K, capacity 41941K, committed 42060K, reserved 1099776K
  class space    used 5223K, capacity 5447K, committed 5504K, reserved 1048576K
Heap Regions: E=young(eden), S=young(survivor), O=old, HS=humongous(starts), HC=humongous(continues), CS=collection set, F=free, A=archive, TAMS=top-at-mark-start (previous, next)
|   0|0x0000000080000000, 0x0000000080100000, 0x0000000080100000|100%|HS|  |TAMS 0x0000000080100000, 0x0000000080100000| Complete 
|   1|0x0000000080100000, 0x0000000080200000, 0x0000000080200000|100%|HS|  |TAMS 0x0000000080200000, 0x0000000080200000| Complete 
|   2|0x0000000080200000, 0x0000000080300000, 0x0000000080300000|100%|HC|  |TAMS 0x0000000080300000, 0x0000000080300000| Complete 
|   3|0x0000000080300000, 0x0000000080400000, 0x0000000080400000|100%| O|  |TAMS 0x0000000080400000, 0x0000000080400000| Untracked 
|   4|0x0000000080400000, 0x0000000080500000, 0x0000000080500000|100%| O|  |TAMS 0x0000000080500000, 0x0000000080500000| Untracked 
|   5|0x0000000080500000, 0x0000000080600000, 0x0000000080600000|100%| O|  |TAMS 0x0000000080600000, 0x0000000080600000| Untracked 
|   6|0x0000000080600000, 0x0000000080700000, 0x0000000080700000|100%| O|  |TAMS 0x0000000080700000, 0x0000000080700000| Untracked 
|   7|0x0000000080700000, 0x0000000080800000, 0x0000000080800000|100%| O|  |TAMS 0x0000000080800000, 0x0000000080800000| Untracked 
|   8|0x0000000080800000, 0x0000000080900000, 0x0000000080900000|100%| O|  |TAMS 0x0000000080900000, 0x0000000080900000| Untracked 
|   9|0x0000000080900000, 0x0000000080a00000, 0x0000000080a00000|100%| O|  |TAMS 0x0000000080a00000, 0x0000000080a00000| Untracked 
|  10|0x0000000080a00000, 0x0000000080b00000, 0x0000000080b00000|100%| O|  |TAMS 0x0000000080b00000, 0x0000000080b00000| Untracked 
|  11|0x0000000080b00000, 0x0000000080c00000, 0x0000000080c00000|100%| O|  |TAMS 0x0000000080c00000, 0x0000000080c00000| Untracked 
|  12|0x0000000080c00000, 0x0000000080d00000, 0x0000000080d00000|100%| O|  |TAMS 0x0000000080d00000, 0x0000000080d00000| Untracked 
|  13|0x0000000080d00000, 0x0000000080e00000, 0x0000000080e00000|100%| O|  |TAMS 0x0000000080e00000, 0x0000000080e00000| Untracked 
|  14|0x0000000080e00000, 0x0000000080f00000, 0x0000000080f00000|100%| O|  |TAMS 0x0000000080f00000, 0x0000000080f00000| Untracked 
|  15|0x0000000080f00000, 0x0000000081000000, 0x0000000081000000|100%| O|  |TAMS 0x0000000080fd8600, 0x0000000081000000| Untracked 
|  16|0x0000000081000000, 0x0000000081063af0, 0x0000000081100000| 38%| O|  |TAMS 0x0000000081000000, 0x0000000081100000| Untracked 
|  17|0x0000000081100000, 0x0000000081100000, 0x0000000081200000|  0%| F|  |TAMS 0x0000000081100000, 0x0000000081100000| Untracked 
|  18|0x0000000081200000, 0x0000000081200000, 0x0000000081300000|  0%| F|  |TAMS 0x0000000081200000, 0x0000000081200000| Untracked 
|  19|0x0000000081300000, 0x0000000081300000, 0x0000000081400000|  0%| F|  |TAMS 0x0000000081300000, 0x0000000081300000| Untracked 
|  20|0x0000000081400000, 0x0000000081400000, 0x0000000081500000|  0%| F|  |TAMS 0x0000000081400000, 0x0000000081400000| Untracked 
|  21|0x0000000081500000, 0x0000000081500000, 0x0000000081600000|  0%| F|  |TAMS 0x0000000081500000, 0x0000000081500000| Untracked 
|  22|0x0000000081600000, 0x0000000081600000, 0x0000000081700000|  0%| F|  |TAMS 0x0000000081600000, 0x0000000081600000| Untracked 
|  23|0x0000000081700000, 0x0000000081700000, 0x0000000081800000|  0%| F|  |TAMS 0x0000000081700000, 0x0000000081700000| Untracked 
|  24|0x0000000081800000, 0x0000000081800000, 0x0000000081900000|  0%| F|  |TAMS 0x0000000081800000, 0x0000000081800000| Untracked 
|  25|0x0000000081900000, 0x0000000081900000, 0x0000000081a00000|  0%| F|  |TAMS 0x0000000081900000, 0x0000000081900000| Untracked 
|  26|0x0000000081a00000, 0x0000000081a00000, 0x0000000081b00000|  0%| F|  |TAMS 0x0000000081a00000, 0x0000000081a00000| Untracked 
|  27|0x0000000081b00000, 0x0000000081b00000, 0x0000000081c00000|  0%| F|  |TAMS 0x0000000081b00000, 0x0000000081b00000| Untracked 
|  28|0x0000000081c00000, 0x0000000081c00000, 0x0000000081d00000|  0%| F|  |TAMS 0x0000000081c00000, 0x0000000081c00000| Untracked 
|  29|0x0000000081d00000, 0x0000000081d00000, 0x0000000081e00000|  0%| F|  |TAMS 0x0000000081d00000, 0x0000000081d00000| Untracked 
|  30|0x0000000081e00000, 0x0000000081e00000, 0x0000000081f00000|  0%| F|  |TAMS 0x0000000081e00000, 0x0000000081e00000| Untracked 
|  31|0x0000000081f00000, 0x0000000081f00000, 0x0000000082000000|  0%| F|  |TAMS 0x0000000081f00000, 0x0000000081f00000| Untracked 
|  32|0x0000000082000000, 0x0000000082000000, 0x0000000082100000|  0%| F|  |TAMS 0x0000000082000000, 0x0000000082000000| Untracked 
|  33|0x0000000082100000, 0x0000000082100000, 0x0000000082200000|  0%| F|  |TAMS 0x0000000082100000, 0x0000000082100000| Untracked 
|  34|0x0000000082200000, 0x0000000082200000, 0x0000000082300000|  0%| F|  |TAMS 0x0000000082200000, 0x0000000082200000| Untracked 
|  35|0x0000000082300000, 0x0000000082300000, 0x0000000082400000|  0%| F|  |TAMS 0x0000000082300000, 0x0000000082300000| Untracked 
|  36|0x0000000082400000, 0x0000000082400000, 0x0000000082500000|  0%| F|  |TAMS 0x0000000082400000, 0x0000000082400000| Untracked 
|  37|0x0000000082500000, 0x0000000082500000, 0x0000000082600000|  0%| F|  |TAMS 0x0000000082500000, 0x0000000082500000| Untracked 
|  38|0x0000000082600000, 0x0000000082600000, 0x0000000082700000|  0%| F|  |TAMS 0x0000000082600000, 0x0000000082600000| Untracked 
|  39|0x0000000082700000, 0x0000000082700000, 0x0000000082800000|  0%| F|  |TAMS 0x0000000082700000, 0x0000000082700000| Untracked 
|  40|0x0000000082800000, 0x0000000082800000, 0x0000000082900000|  0%| F|  |TAMS 0x0000000082800000, 0x0000000082800000| Untracked 
|  41|0x0000000082900000, 0x0000000082900000, 0x0000000082a00000|  0%| F|  |TAMS 0x0000000082900000, 0x0000000082900000| Untracked 
|  42|0x0000000082a00000, 0x0000000082a00000, 0x0000000082b00000|  0%| F|  |TAMS 0x0000000082a00000, 0x0000000082a00000| Untracked 
|  43|0x0000000082b00000, 0x0000000082b00000, 0x0000000082c00000|  0%| F|  |TAMS 0x0000000082b00000, 0x0000000082b00000| Untracked 
|  44|0x0000000082c00000, 0x0000000082c00000, 0x0000000082d00000|  0%| F|  |TAMS 0x0000000082c00000, 0x0000000082c00000| Untracked 
|  45|0x0000000082d00000, 0x0000000082d00000, 0x0000000082e00000|  0%| F|  |TAMS 0x0000000082d00000, 0x0000000082d00000| Untracked 
|  46|0x0000000082e00000, 0x0000000082e00000, 0x0000000082f00000|  0%| F|  |TAMS 0x0000000082e00000, 0x0000000082e00000| Untracked 
|  47|0x0000000082f00000, 0x0000000082f00000, 0x0000000083000000|  0%| F|  |TAMS 0x0000000082f00000, 0x0000000082f00000| Untracked 
|  48|0x0000000083000000, 0x0000000083000000, 0x0000000083100000|  0%| F|  |TAMS 0x0000000083000000, 0x0000000083000000| Untracked 
|  49|0x0000000083100000, 0x0000000083100000, 0x0000000083200000|  0%| F|  |TAMS 0x0000000083100000, 0x0000000083100000| Untracked 
|  50|0x0000000083200000, 0x0000000083200000, 0x0000000083300000|  0%| F|  |TAMS 0x0000000083200000, 0x0000000083200000| Untracked 
|  51|0x0000000083300000, 0x0000000083300000, 0x0000000083400000|  0%| F|  |TAMS 0x0000000083300000, 0x0000000083300000| Untracked 
|  52|0x0000000083400000, 0x0000000083400000, 0x0000000083500000|  0%| F|  |TAMS 0x0000000083400000, 0x0000000083400000| Untracked 
|  53|0x0000000083500000, 0x0000000083500000, 0x0000000083600000|  0%| F|  |TAMS 0x0000000083500000, 0x0000000083500000| Untracked 
|  54|0x0000000083600000, 0x0000000083600000, 0x0000000083700000|  0%| F|  |TAMS 0x0000000083600000, 0x0000000083600000| Untracked 
|  55|0x0000000083700000, 0x0000000083700000, 0x0000000083800000|  0%| F|  |TAMS 0x0000000083700000, 0x0000000083700000| Untracked 
|  56|0x0000000083800000, 0x0000000083800000, 0x0000000083900000|  0%| F|  |TAMS 0x0000000083800000, 0x0000000083800000| Untracked 
|  57|0x0000000083900000, 0x0000000083900000, 0x0000000083a00000|  0%| F|  |TAMS 0x0000000083900000, 0x0000000083900000| Untracked 
|  58|0x0000000083a00000, 0x0000000083a00000, 0x0000000083b00000|  0%| F|  |TAMS 0x0000000083a00000, 0x0000000083a00000| Untracked 
|  59|0x0000000083b00000, 0x0000000083b00000, 0x0000000083c00000|  0%| F|  |TAMS 0x0000000083b00000, 0x0000000083b00000| Untracked 
|  60|0x0000000083c00000, 0x0000000083c00000, 0x0000000083d00000|  0%| F|  |TAMS 0x0000000083c00000, 0x0000000083c00000| Untracked 
|  61|0x0000000083d00000, 0x0000000083d00000, 0x0000000083e00000|  0%| F|  |TAMS 0x0000000083d00000, 0x0000000083d00000| Untracked 
|  62|0x0000000083e00000, 0x0000000083e00000, 0x0000000083f00000|  0%| F|  |TAMS 0x0000000083e00000, 0x0000000083e00000| Untracked 
|  63|0x0000000083f00000, 0x0000000083f00000, 0x0000000084000000|  0%| F|  |TAMS 0x0000000083f00000, 0x0000000083f00000| Untracked 
|  64|0x0000000084000000, 0x0000000084000000, 0x0000000084100000|  0%| F|  |TAMS 0x0000000084000000, 0x0000000084000000| Untracked 
|  65|0x0000000084100000, 0x0000000084100000, 0x0000000084200000|  0%| F|  |TAMS 0x0000000084100000, 0x0000000084100000| Untracked 
|  66|0x0000000084200000, 0x0000000084200000, 0x0000000084300000|  0%| F|  |TAMS 0x0000000084200000, 0x0000000084200000| Untracked 
|  67|0x0000000084300000, 0x0000000084300000, 0x0000000084400000|  0%| F|  |TAMS 0x0000000084300000, 0x0000000084300000| Untracked 
|  68|0x0000000084400000, 0x0000000084400000, 0x0000000084500000|  0%| F|  |TAMS 0x0000000084400000, 0x0000000084400000| Untracked 
|  69|0x0000000084500000, 0x0000000084500000, 0x0000000084600000|  0%| F|  |TAMS 0x0000000084500000, 0x0000000084500000| Untracked 
|  70|0x0000000084600000, 0x0000000084600000, 0x0000000084700000|  0%| F|  |TAMS 0x0000000084600000, 0x0000000084600000| Untracked 
|  71|0x0000000084700000, 0x0000000084700000, 0x0000000084800000|  0%| F|  |TAMS 0x0000000084700000, 0x0000000084700000| Untracked 
|  72|0x0000000084800000, 0x0000000084800000, 0x0000000084900000|  0%| F|  |TAMS 0x0000000084800000, 0x0000000084800000| Untracked 
|  73|0x0000000084900000, 0x0000000084900000, 0x0000000084a00000|  0%| F|  |TAMS 0x0000000084900000, 0x0000000084900000| Untracked 
|  74|0x0000000084a00000, 0x0000000084a00000, 0x0000000084b00000|  0%| F|  |TAMS 0x0000000084a00000, 0x0000000084a00000| Untracked 
|  75|0x0000000084b00000, 0x0000000084b00000, 0x0000000084c00000|  0%| F|  |TAMS 0x0000000084b00000, 0x0000000084b00000| Untracked 
|  76|0x0000000084c00000, 0x0000000084c00000, 0x0000000084d00000|  0%| F|  |TAMS 0x0000000084c00000, 0x0000000084c00000| Untracked 
|  77|0x0000000084d00000, 0x0000000084d00000, 0x0000000084e00000|  0%| F|  |TAMS 0x0000000084d00000, 0x0000000084d00000| Untracked 
|  78|0x0000000084e00000, 0x0000000084e00000, 0x0000000084f00000|  0%| F|  |TAMS 0x0000000084e00000, 0x0000000084e00000| Untracked 
|  79|0x0000000084f00000, 0x0000000084f00000, 0x0000000085000000|  0%| F|  |TAMS 0x0000000084f00000, 0x0000000084f00000| Untracked 
|  80|0x0000000085000000, 0x0000000085000000, 0x0000000085100000|  0%| F|  |TAMS 0x0000000085000000, 0x0000000085000000| Untracked 
|  81|0x0000000085100000, 0x0000000085100000, 0x0000000085200000|  0%| F|  |TAMS 0x0000000085100000, 0x0000000085100000| Untracked 
|  82|0x0000000085200000, 0x0000000085200000, 0x0000000085300000|  0%| F|  |TAMS 0x0000000085200000, 0x0000000085200000| Untracked 
|  83|0x0000000085300000, 0x0000000085300000, 0x0000000085400000|  0%| F|  |TAMS 0x0000000085300000, 0x0000000085300000| Untracked 
|  84|0x0000000085400000, 0x0000000085400000, 0x0000000085500000|  0%| F|  |TAMS 0x0000000085400000, 0x0000000085400000| Untracked 
|  85|0x0000000085500000, 0x0000000085500000, 0x0000000085600000|  0%| F|  |TAMS 0x0000000085500000, 0x0000000085500000| Untracked 
|  86|0x0000000085600000, 0x0000000085600000, 0x0000000085700000|  0%| F|  |TAMS 0x0000000085600000, 0x0000000085600000| Untracked 
|  87|0x0000000085700000, 0x0000000085700000, 0x0000000085800000|  0%| F|  |TAMS 0x0000000085700000, 0x0000000085700000| Untracked 
|  88|0x0000000085800000, 0x0000000085800000, 0x0000000085900000|  0%| F|  |TAMS 0x0000000085800000, 0x0000000085800000| Untracked 
|  89|0x0000000085900000, 0x0000000085900000, 0x0000000085a00000|  0%| F|  |TAMS 0x0000000085900000, 0x0000000085900000| Untracked 
|  90|0x0000000085a00000, 0x0000000085a00000, 0x0000000085b00000|  0%| F|  |TAMS 0x0000000085a00000, 0x0000000085a00000| Untracked 
|  91|0x0000000085b00000, 0x0000000085b00000, 0x0000000085c00000|  0%| F|  |TAMS 0x0000000085b00000, 0x0000000085b00000| Untracked 
|  92|0x0000000085c00000, 0x0000000085c00000, 0x0000000085d00000|  0%| F|  |TAMS 0x0000000085c00000, 0x0000000085c00000| Untracked 
|  93|0x0000000085d00000, 0x0000000085d00000, 0x0000000085e00000|  0%| F|  |TAMS 0x0000000085d00000, 0x0000000085d00000| Untracked 
|  94|0x0000000085e00000, 0x0000000085e00000, 0x0000000085f00000|  0%| F|  |TAMS 0x0000000085e00000, 0x0000000085e00000| Untracked 
|  95|0x0000000085f00000, 0x0000000085f00000, 0x0000000086000000|  0%| F|  |TAMS 0x0000000085f00000, 0x0000000085f00000| Untracked 
|  96|0x0000000086000000, 0x0000000086000000, 0x0000000086100000|  0%| F|  |TAMS 0x0000000086000000, 0x0000000086000000| Untracked 
|  97|0x0000000086100000, 0x0000000086100000, 0x0000000086200000|  0%| F|  |TAMS 0x0000000086100000, 0x0000000086100000| Untracked 
|  98|0x0000000086200000, 0x0000000086200000, 0x0000000086300000|  0%| F|  |TAMS 0x0000000086200000, 0x0000000086200000| Untracked 
|  99|0x0000000086300000, 0x0000000086300000, 0x0000000086400000|  0%| F|  |TAMS 0x0000000086300000, 0x0000000086300000| Untracked 
| 100|0x0000000086400000, 0x0000000086400000, 0x0000000086500000|  0%| F|  |TAMS 0x0000000086400000, 0x0000000086400000| Untracked 
| 101|0x0000000086500000, 0x0000000086500000, 0x0000000086600000|  0%| F|  |TAMS 0x0000000086500000, 0x0000000086500000| Untracked 
| 102|0x0000000086600000, 0x0000000086600000, 0x0000000086700000|  0%| F|  |TAMS 0x0000000086600000, 0x0000000086600000| Untracked 
| 103|0x0000000086700000, 0x0000000086700000, 0x0000000086800000|  0%| F|  |TAMS 0x0000000086700000, 0x0000000086700000| Untracked 
| 104|0x0000000086800000, 0x0000000086800000, 0x0000000086900000|  0%| F|  |TAMS 0x0000000086800000, 0x0000000086800000| Untracked 
| 105|0x0000000086900000, 0x0000000086900000, 0x0000000086a00000|  0%| F|  |TAMS 0x0000000086900000, 0x0000000086900000| Untracked 
| 106|0x0000000086a00000, 0x0000000086a00000, 0x0000000086b00000|  0%| F|  |TAMS 0x0000000086a00000, 0x0000000086a00000| Untracked 
| 107|0x0000000086b00000, 0x0000000086b00000, 0x0000000086c00000|  0%| F|  |TAMS 0x0000000086b00000, 0x0000000086b00000| Untracked 
| 108|0x0000000086c00000, 0x0000000086c00000, 0x0000000086d00000|  0%| F|  |TAMS 0x0000000086c00000, 0x0000000086c00000| Untracked 
| 109|0x0000000086d00000, 0x0000000086d00000, 0x0000000086e00000|  0%| F|  |TAMS 0x0000000086d00000, 0x0000000086d00000| Untracked 
| 110|0x0000000086e00000, 0x0000000086e00000, 0x0000000086f00000|  0%| F|  |TAMS 0x0000000086e00000, 0x0000000086e00000| Untracked 
| 111|0x0000000086f00000, 0x0000000086f00000, 0x0000000087000000|  0%| F|  |TAMS 0x0000000086f00000, 0x0000000086f00000| Untracked 
| 112|0x0000000087000000, 0x0000000087000000, 0x0000000087100000|  0%| F|  |TAMS 0x0000000087000000, 0x0000000087000000| Untracked 
| 113|0x0000000087100000, 0x0000000087100000, 0x0000000087200000|  0%| F|  |TAMS 0x0000000087100000, 0x0000000087100000| Untracked 
| 114|0x0000000087200000, 0x0000000087200000, 0x0000000087300000|  0%| F|  |TAMS 0x0000000087200000, 0x0000000087200000| Untracked 
| 115|0x0000000087300000, 0x0000000087300000, 0x0000000087400000|  0%| F|  |TAMS 0x0000000087300000, 0x0000000087300000| Untracked 
| 116|0x0000000087400000, 0x0000000087400000, 0x0000000087500000|  0%| F|  |TAMS 0x0000000087400000, 0x0000000087400000| Untracked 
| 117|0x0000000087500000, 0x0000000087500000, 0x0000000087600000|  0%| F|  |TAMS 0x0000000087500000, 0x0000000087500000| Untracked 
| 118|0x0000000087600000, 0x0000000087600000, 0x0000000087700000|  0%| F|  |TAMS 0x0000000087600000, 0x0000000087600000| Untracked 
| 119|0x0000000087700000, 0x0000000087700000, 0x0000000087800000|  0%| F|  |TAMS 0x0000000087700000, 0x0000000087700000| Untracked 
| 120|0x0000000087800000, 0x0000000087800000, 0x0000000087900000|  0%| F|  |TAMS 0x0000000087800000, 0x0000000087800000| Untracked 
| 121|0x0000000087900000, 0x0000000087900000, 0x0000000087a00000|  0%| F|  |TAMS 0x0000000087900000, 0x0000000087900000| Untracked 
| 122|0x0000000087a00000, 0x0000000087a00000, 0x0000000087b00000|  0%| F|  |TAMS 0x0000000087a00000, 0x0000000087a00000| Untracked 
| 123|0x0000000087b00000, 0x0000000087b00000, 0x0000000087c00000|  0%| F|  |TAMS 0x0000000087b00000, 0x0000000087b00000| Untracked 
| 124|0x0000000087c00000, 0x0000000087c00000, 0x0000000087d00000|  0%| F|  |TAMS 0x0000000087c00000, 0x0000000087c00000| Untracked 
| 125|0x0000000087d00000, 0x0000000087d00000, 0x0000000087e00000|  0%| F|  |TAMS 0x0000000087d00000, 0x0000000087d00000| Untracked 
| 126|0x0000000087e00000, 0x0000000087e00000, 0x0000000087f00000|  0%| F|  |TAMS 0x0000000087e00000, 0x0000000087e00000| Untracked 
| 127|0x0000000087f00000, 0x0000000087f00000, 0x0000000088000000|  0%| F|  |TAMS 0x0000000087f00000, 0x0000000087f00000| Untracked 
| 128|0x0000000088000000, 0x0000000088000000, 0x0000000088100000|  0%| F|  |TAMS 0x0000000088000000, 0x0000000088000000| Untracked 
| 129|0x0000000088100000, 0x0000000088100000, 0x0000000088200000|  0%| F|  |TAMS 0x0000000088100000, 0x0000000088100000| Untracked 
| 130|0x0000000088200000, 0x0000000088200000, 0x0000000088300000|  0%| F|  |TAMS 0x0000000088200000, 0x0000000088200000| Untracked 
| 131|0x0000000088300000, 0x0000000088300000, 0x0000000088400000|  0%| F|  |TAMS 0x0000000088300000, 0x0000000088300000| Untracked 
| 132|0x0000000088400000, 0x0000000088400000, 0x0000000088500000|  0%| F|  |TAMS 0x0000000088400000, 0x0000000088400000| Untracked 
| 133|0x0000000088500000, 0x0000000088500000, 0x0000000088600000|  0%| F|  |TAMS 0x0000000088500000, 0x0000000088500000| Untracked 
| 134|0x0000000088600000, 0x0000000088600000, 0x0000000088700000|  0%| F|  |TAMS 0x0000000088600000, 0x0000000088600000| Untracked 
| 135|0x0000000088700000, 0x0000000088700000, 0x0000000088800000|  0%| F|  |TAMS 0x0000000088700000, 0x0000000088700000| Untracked 
| 136|0x0000000088800000, 0x0000000088800000, 0x0000000088900000|  0%| F|  |TAMS 0x0000000088800000, 0x0000000088800000| Untracked 
| 137|0x0000000088900000, 0x0000000088900000, 0x0000000088a00000|  0%| F|  |TAMS 0x0000000088900000, 0x0000000088900000| Untracked 
| 138|0x0000000088a00000, 0x0000000088a53fd0, 0x0000000088b00000| 32%| E|CS|TAMS 0x0000000088a00000, 0x0000000088a53fd0| Complete 
| 139|0x0000000088b00000, 0x0000000088c00000, 0x0000000088c00000|100%| E|CS|TAMS 0x0000000088b00000, 0x0000000088c00000| Complete 
| 140|0x0000000088c00000, 0x0000000088d00000, 0x0000000088d00000|100%| E|CS|TAMS 0x0000000088c00000, 0x0000000088d00000| Complete 
| 141|0x0000000088d00000, 0x0000000088e00000, 0x0000000088e00000|100%| E|CS|TAMS 0x0000000088d00000, 0x0000000088e00000| Complete 
| 142|0x0000000088e00000, 0x0000000088f00000, 0x0000000088f00000|100%| E|CS|TAMS 0x0000000088e00000, 0x0000000088f00000| Complete 
| 143|0x0000000088f00000, 0x0000000089000000, 0x0000000089000000|100%| E|CS|TAMS 0x0000000088f00000, 0x0000000089000000| Complete 
| 144|0x0000000089000000, 0x0000000089100000, 0x0000000089100000|100%| E|CS|TAMS 0x0000000089000000, 0x0000000089100000| Complete 
| 145|0x0000000089100000, 0x0000000089200000, 0x0000000089200000|100%| E|CS|TAMS 0x0000000089100000, 0x0000000089200000| Complete 
| 146|0x0000000089200000, 0x0000000089200000, 0x0000000089300000|  0%| F|  |TAMS 0x0000000089200000, 0x0000000089200000| Untracked 
| 147|0x0000000089300000, 0x0000000089300000, 0x0000000089400000|  0%| F|  |TAMS 0x0000000089300000, 0x0000000089300000| Untracked 
| 148|0x0000000089400000, 0x0000000089400000, 0x0000000089500000|  0%| F|  |TAMS 0x0000000089400000, 0x0000000089400000| Untracked 
| 149|0x0000000089500000, 0x0000000089500000, 0x0000000089600000|  0%| F|  |TAMS 0x0000000089500000, 0x0000000089500000| Untracked 
| 150|0x0000000089600000, 0x0000000089600000, 0x0000000089700000|  0%| F|  |TAMS 0x0000000089600000, 0x0000000089600000| Untracked 
| 151|0x0000000089700000, 0x0000000089700000, 0x0000000089800000|  0%| F|  |TAMS 0x0000000089700000, 0x0000000089700000| Untracked 
| 152|0x0000000089800000, 0x0000000089800000, 0x0000000089900000|  0%| F|  |TAMS 0x0000000089800000, 0x0000000089800000| Untracked 
| 153|0x0000000089900000, 0x0000000089900000, 0x0000000089a00000|  0%| F|  |TAMS 0x0000000089900000, 0x0000000089900000| Untracked 
| 154|0x0000000089a00000, 0x0000000089a00000, 0x0000000089b00000|  0%| F|  |TAMS 0x0000000089a00000, 0x0000000089a00000| Untracked 
| 155|0x0000000089b00000, 0x0000000089b00000, 0x0000000089c00000|  0%| F|  |TAMS 0x0000000089b00000, 0x0000000089b00000| Untracked 
| 156|0x0000000089c00000, 0x0000000089c00000, 0x0000000089d00000|  0%| F|  |TAMS 0x0000000089c00000, 0x0000000089c00000| Untracked 
| 157|0x0000000089d00000, 0x0000000089d00000, 0x0000000089e00000|  0%| F|  |TAMS 0x0000000089d00000, 0x0000000089d00000| Untracked 
| 158|0x0000000089e00000, 0x0000000089e00000, 0x0000000089f00000|  0%| F|  |TAMS 0x0000000089e00000, 0x0000000089e00000| Untracked 
| 159|0x0000000089f00000, 0x0000000089f00000, 0x000000008a000000|  0%| F|  |TAMS 0x0000000089f00000, 0x0000000089f00000| Untracked 
| 160|0x000000008a000000, 0x000000008a000000, 0x000000008a100000|  0%| F|  |TAMS 0x000000008a000000, 0x000000008a000000| Untracked 
| 161|0x000000008a100000, 0x000000008a100000, 0x000000008a200000|  0%| F|  |TAMS 0x000000008a100000, 0x000000008a100000| Untracked 
| 162|0x000000008a200000, 0x000000008a200000, 0x000000008a300000|  0%| F|  |TAMS 0x000000008a200000, 0x000000008a200000| Untracked 
| 163|0x000000008a300000, 0x000000008a300000, 0x000000008a400000|  0%| F|  |TAMS 0x000000008a300000, 0x000000008a300000| Untracked 
| 164|0x000000008a400000, 0x000000008a400000, 0x000000008a500000|  0%| F|  |TAMS 0x000000008a400000, 0x000000008a400000| Untracked 
| 165|0x000000008a500000, 0x000000008a500000, 0x000000008a600000|  0%| F|  |TAMS 0x000000008a500000, 0x000000008a500000| Untracked 
| 166|0x000000008a600000, 0x000000008a600000, 0x000000008a700000|  0%| F|  |TAMS 0x000000008a600000, 0x000000008a600000| Untracked 
| 167|0x000000008a700000, 0x000000008a700000, 0x000000008a800000|  0%| F|  |TAMS 0x000000008a700000, 0x000000008a700000| Untracked 
| 168|0x000000008a800000, 0x000000008a800000, 0x000000008a900000|  0%| F|  |TAMS 0x000000008a800000, 0x000000008a800000| Untracked 
| 169|0x000000008a900000, 0x000000008a900000, 0x000000008aa00000|  0%| F|  |TAMS 0x000000008a900000, 0x000000008a900000| Untracked 
| 170|0x000000008aa00000, 0x000000008aa00000, 0x000000008ab00000|  0%| F|  |TAMS 0x000000008aa00000, 0x000000008aa00000| Untracked 
| 171|0x000000008ab00000, 0x000000008ab00000, 0x000000008ac00000|  0%| F|  |TAMS 0x000000008ab00000, 0x000000008ab00000| Untracked 
| 172|0x000000008ac00000, 0x000000008ac00000, 0x000000008ad00000|  0%| F|  |TAMS 0x000000008ac00000, 0x000000008ac00000| Untracked 
| 173|0x000000008ad00000, 0x000000008ad00000, 0x000000008ae00000|  0%| F|  |TAMS 0x000000008ad00000, 0x000000008ad00000| Untracked 
| 174|0x000000008ae00000, 0x000000008ae00000, 0x000000008af00000|  0%| F|  |TAMS 0x000000008ae00000, 0x000000008ae00000| Untracked 
| 175|0x000000008af00000, 0x000000008af00000, 0x000000008b000000|  0%| F|  |TAMS 0x000000008af00000, 0x000000008af00000| Untracked 
| 176|0x000000008b000000, 0x000000008b000000, 0x000000008b100000|  0%| F|  |TAMS 0x000000008b000000, 0x000000008b000000| Untracked 
| 177|0x000000008b100000, 0x000000008b100000, 0x000000008b200000|  0%| F|  |TAMS 0x000000008b100000, 0x000000008b100000| Untracked 
| 178|0x000000008b200000, 0x000000008b200000, 0x000000008b300000|  0%| F|  |TAMS 0x000000008b200000, 0x000000008b200000| Untracked 
| 179|0x000000008b300000, 0x000000008b3504f0, 0x000000008b400000| 31%| S|  |TAMS 0x000000008b300000, 0x000000008b300000| Complete 
| 180|0x000000008b400000, 0x000000008b500000, 0x000000008b500000|100%| S|  |TAMS 0x000000008b400000, 0x000000008b400000| Complete 
| 181|0x000000008b500000, 0x000000008b600000, 0x000000008b600000|100%| S|  |TAMS 0x000000008b500000, 0x000000008b500000| Complete 
| 182|0x000000008b600000, 0x000000008b680800, 0x000000008b700000| 50%| E|CS|TAMS 0x000000008b600000, 0x000000008b680800| Complete 
| 183|0x000000008b700000, 0x000000008b800000, 0x000000008b800000|100%| E|CS|TAMS 0x000000008b700000, 0x000000008b800000| Complete 
| 184|0x000000008b800000, 0x000000008b900000, 0x000000008b900000|100%| E|CS|TAMS 0x000000008b800000, 0x000000008b900000| Complete 
| 185|0x000000008b900000, 0x000000008ba00000, 0x000000008ba00000|100%| E|CS|TAMS 0x000000008b900000, 0x000000008ba00000| Complete 
| 186|0x000000008ba00000, 0x000000008bb00000, 0x000000008bb00000|100%| E|CS|TAMS 0x000000008ba00000, 0x000000008bb00000| Complete 
| 187|0x000000008bb00000, 0x000000008bc00000, 0x000000008bc00000|100%| E|CS|TAMS 0x000000008bb00000, 0x000000008bc00000| Complete 
| 188|0x000000008bc00000, 0x000000008bd00000, 0x000000008bd00000|100%| E|CS|TAMS 0x000000008bc00000, 0x000000008bd00000| Complete 
| 189|0x000000008bd00000, 0x000000008be00000, 0x000000008be00000|100%| E|CS|TAMS 0x000000008bd00000, 0x000000008be00000| Complete 
| 190|0x000000008be00000, 0x000000008bf00000, 0x000000008bf00000|100%| E|CS|TAMS 0x000000008be00000, 0x000000008bf00000| Complete 
| 191|0x000000008bf00000, 0x000000008c000000, 0x000000008c000000|100%| E|CS|TAMS 0x000000008bf00000, 0x000000008c000000| Complete 

Card table byte_map: [0x000001f9ec790000,0x000001f9ecb90000] _byte_map_base: 0x000001f9ec390000

Marking Bits (Prev, Next): (CMBitMap*) 0x000001f9d767df40, (CMBitMap*) 0x000001f9d767df08
 Prev Bits: [0x000001f9eef90000, 0x000001f9f0f90000)
 Next Bits: [0x000001f9ecf90000, 0x000001f9eef90000)

Polling page: 0x000001f9d7710000

Metaspace:

Usage:
  Non-class:     35.64 MB capacity,    35.20 MB ( 99%) used,   392.30 KB (  1%) free+waste,    58.63 KB ( <1%) overhead. 
      Class:      5.32 MB capacity,     5.10 MB ( 96%) used,   197.30 KB (  4%) free+waste,    25.94 KB ( <1%) overhead. 
       Both:     40.96 MB capacity,    40.30 MB ( 98%) used,   589.60 KB (  1%) free+waste,    84.56 KB ( <1%) overhead. 

Virtual space:
  Non-class space:       50.00 MB reserved,      35.70 MB ( 71%) committed 
      Class space:        1.00 GB reserved,       5.38 MB ( <1%) committed 
             Both:        1.05 GB reserved,      41.07 MB (  4%) committed 

Chunk freelists:
   Non-Class:  62.00 KB
       Class:  25.00 KB
        Both:  87.00 KB

MaxMetaspaceSize: 17179869184.00 GB
CompressedClassSpaceSize: 1.00 GB
Initial GC threshold: 20.80 MB
Current GC threshold: 67.00 MB
CDS: off

CodeHeap 'non-profiled nmethods': size=120000Kb used=1505Kb max_used=1505Kb free=118494Kb
 bounds [0x000001f9e43e0000, 0x000001f9e4650000, 0x000001f9eb910000]
CodeHeap 'profiled nmethods': size=120000Kb used=6665Kb max_used=6665Kb free=113334Kb
 bounds [0x000001f9dceb0000, 0x000001f9dd540000, 0x000001f9e43e0000]
CodeHeap 'non-nmethods': size=5760Kb used=2272Kb max_used=2307Kb free=3487Kb
 bounds [0x000001f9dc910000, 0x000001f9dcb80000, 0x000001f9dceb0000]
 total_blobs=3988 nmethods=3231 adapters=669
 compilation: enabled
              stopped_count=0, restarted_count=0
 full_count=0

Compilation events (20 events):
Event: 3.952 Thread 0x000001f9f431d000 2771       3       sun.security.provider.MD5::GG (33 bytes)
Event: 3.952 Thread 0x000001f9f431d000 nmethod 2771 0x000001f9dd464010 code [0x000001f9dd4641c0, 0x000001f9dd4642d8]
Event: 3.952 Thread 0x000001f9f431d000 2772       3       sun.security.provider.MD5::HH (29 bytes)
Event: 3.953 Thread 0x000001f9f431d000 nmethod 2772 0x000001f9dd464390 code [0x000001f9dd464540, 0x000001f9dd464658]
Event: 3.953 Thread 0x000001f9f431d000 2773       3       sun.security.provider.MD5::II (31 bytes)
Event: 3.953 Thread 0x000001f9f431d000 nmethod 2773 0x000001f9dd464710 code [0x000001f9dd4648c0, 0x000001f9dd4649d8]
Event: 3.969 Thread 0x000001f9f431d000 2774       3       com.google.common.collect.AbstractMapBasedMultimap$WrappedCollection$WrappedIterator::validateIterator (30 bytes)
Event: 3.969 Thread 0x000001f9f431d000 nmethod 2774 0x000001f9dd464a90 code [0x000001f9dd464c60, 0x000001f9dd464f38]
Event: 3.969 Thread 0x000001f9f431d000 2775       3       java.util.regex.Matcher::find (69 bytes)
Event: 3.969 Thread 0x000001f9f431d000 nmethod 2775 0x000001f9dd465090 code [0x000001f9dd465260, 0x000001f9dd465548]
Event: 3.969 Thread 0x000001f9f431d000 2776       3       java.lang.AbstractStringBuilder::append (54 bytes)
Event: 3.969 Thread 0x000001f9f431d000 nmethod 2776 0x000001f9dd465690 code [0x000001f9dd4658c0, 0x000001f9dd466188]
Event: 3.970 Thread 0x000001f9f431d000 2777       3       java.util.LinkedHashMap::values (25 bytes)
Event: 3.970 Thread 0x000001f9f431d000 nmethod 2777 0x000001f9dd466310 code [0x000001f9dd4664e0, 0x000001f9dd466858]
Event: 3.970 Thread 0x000001f9f431d000 2778       3       java.util.LinkedHashMap$LinkedValues::iterator (12 bytes)
Event: 3.970 Thread 0x000001f9f431d000 nmethod 2778 0x000001f9dd466990 code [0x000001f9dd466b60, 0x000001f9dd466ef8]
Event: 3.970 Thread 0x000001f9f431d000 2779       3       java.util.LinkedHashMap$LinkedValueIterator::<init> (11 bytes)
Event: 3.970 Thread 0x000001f9f431d000 nmethod 2779 0x000001f9dd467010 code [0x000001f9dd4671e0, 0x000001f9dd4674f8]
Event: 3.970 Thread 0x000001f9f431d000 2780       1       java.lang.reflect.Constructor::getSignature (5 bytes)
Event: 3.970 Thread 0x000001f9f431d000 nmethod 2780 0x000001f9e4538e90 code [0x000001f9e4539040, 0x000001f9e45390f8]

GC Heap History (8 events):
Event: 0.678 GC heap before
{Heap before GC invocations=0 (full 0):
 garbage-first heap   total 196608K, used 26624K [0x0000000080000000, 0x0000000100000000)
  region size 1024K, 24 young (24576K), 0 survivors (0K)
 Metaspace       used 10700K, capacity 10929K, committed 11264K, reserved 1058816K
  class space    used 1127K, capacity 1196K, committed 1280K, reserved 1048576K
}
Event: 0.683 GC heap after
{Heap after GC invocations=1 (full 0):
 garbage-first heap   total 196608K, used 7476K [0x0000000080000000, 0x0000000100000000)
  region size 1024K, 3 young (3072K), 3 survivors (3072K)
 Metaspace       used 10700K, capacity 10929K, committed 11264K, reserved 1058816K
  class space    used 1127K, capacity 1196K, committed 1280K, reserved 1048576K
}
Event: 2.250 GC heap before
{Heap before GC invocations=1 (full 0):
 garbage-first heap   total 196608K, used 76084K [0x0000000080000000, 0x0000000100000000)
  region size 1024K, 71 young (72704K), 3 survivors (3072K)
 Metaspace       used 20732K, capacity 21139K, committed 21248K, reserved 1067008K
  class space    used 2614K, capacity 2743K, committed 2816K, reserved 1048576K
}
Event: 2.281 GC heap after
{Heap after GC invocations=2 (full 0):
 garbage-first heap   total 196608K, used 14735K [0x0000000080000000, 0x0000000100000000)
  region size 1024K, 11 young (11264K), 11 survivors (11264K)
 Metaspace       used 20732K, capacity 21139K, committed 21248K, reserved 1067008K
  class space    used 2614K, capacity 2743K, committed 2816K, reserved 1048576K
}
Event: 2.793 GC heap before
{Heap before GC invocations=3 (full 0):
 garbage-first heap   total 196608K, used 38287K [0x0000000080000000, 0x0000000100000000)
  region size 1024K, 35 young (35840K), 11 survivors (11264K)
 Metaspace       used 24425K, capacity 24901K, committed 25216K, reserved 1071104K
  class space    used 3171K, capacity 3356K, committed 3456K, reserved 1048576K
}
Event: 2.799 GC heap after
{Heap after GC invocations=4 (full 0):
 garbage-first heap   total 196608K, used 16518K [0x0000000080000000, 0x0000000100000000)
  region size 1024K, 2 young (2048K), 2 survivors (2048K)
 Metaspace       used 24425K, capacity 24901K, committed 25216K, reserved 1071104K
  class space    used 3171K, capacity 3356K, committed 3456K, reserved 1048576K
}
Event: 3.611 GC heap before
{Heap before GC invocations=4 (full 0):
 garbage-first heap   total 196608K, used 85126K [0x0000000080000000, 0x0000000100000000)
  region size 1024K, 68 young (69632K), 2 survivors (2048K)
 Metaspace       used 35206K, capacity 35764K, committed 35840K, reserved 1081344K
  class space    used 4388K, capacity 4586K, committed 4608K, reserved 1048576K
}
Event: 3.622 GC heap after
{Heap after GC invocations=5 (full 0):
 garbage-first heap   total 196608K, used 21045K [0x0000000080000000, 0x0000000100000000)
  region size 1024K, 7 young (7168K), 7 survivors (7168K)
 Metaspace       used 35206K, capacity 35764K, committed 35840K, reserved 1081344K
  class space    used 4388K, capacity 4586K, committed 4608K, reserved 1048576K
}

Deoptimization events (20 events):
Event: 3.544 Thread 0x000001f9f5ed3000 Uncommon trap: trap_request=0xffffff4d fr.pc=0x000001f9e4432e68 relative=0x0000000000000a48
Event: 3.544 Thread 0x000001f9f5ed3000 Uncommon trap: reason=unstable_if action=reinterpret pc=0x000001f9e4432e68 method=java.io.WinNTFileSystem.resolve(Ljava/lang/String;Ljava/lang/String;)Ljava/lang/String; @ 83 c2
Event: 3.544 Thread 0x000001f9f5ed3000 DEOPT PACKING pc=0x000001f9e4432e68 sp=0x0000001df66f86e0
Event: 3.544 Thread 0x000001f9f5ed3000 DEOPT UNPACKING pc=0x000001f9dc95a1af sp=0x0000001df66f8688 mode 2
Event: 3.601 Thread 0x000001f9f5ed3000 Uncommon trap: trap_request=0xffffffde fr.pc=0x000001f9e4501a64 relative=0x0000000000000a84
Event: 3.601 Thread 0x000001f9f5ed3000 Uncommon trap: reason=class_check action=maybe_recompile pc=0x000001f9e4501a64 method=java.util.WeakHashMap.eq(Ljava/lang/Object;Ljava/lang/Object;)Z @ 7 c2
Event: 3.601 Thread 0x000001f9f5ed3000 DEOPT PACKING pc=0x000001f9e4501a64 sp=0x0000001df66f5d60
Event: 3.601 Thread 0x000001f9f5ed3000 DEOPT UNPACKING pc=0x000001f9dc95a1af sp=0x0000001df66f5cd0 mode 2
Event: 3.761 Thread 0x000001f9f5ed3000 Uncommon trap: trap_request=0xffffff4d fr.pc=0x000001f9e452203c relative=0x000000000000017c
Event: 3.761 Thread 0x000001f9f5ed3000 Uncommon trap: reason=unstable_if action=reinterpret pc=0x000001f9e452203c method=java.util.regex.Pattern$BmpCharProperty.match(Ljava/util/regex/Matcher;ILjava/lang/CharSequence;)Z @ 39 c2
Event: 3.762 Thread 0x000001f9f5ed3000 DEOPT PACKING pc=0x000001f9e452203c sp=0x0000001df66f79b0
Event: 3.762 Thread 0x000001f9f5ed3000 DEOPT UNPACKING pc=0x000001f9dc95a1af sp=0x0000001df66f7960 mode 2
Event: 3.879 Thread 0x000001f9f5ed3000 Uncommon trap: trap_request=0xffffff4d fr.pc=0x000001f9e44206dc relative=0x000000000000011c
Event: 3.879 Thread 0x000001f9f5ed3000 Uncommon trap: reason=unstable_if action=reinterpret pc=0x000001f9e44206dc method=java.net.URI.match(CJJ)Z @ 45 c2
Event: 3.879 Thread 0x000001f9f5ed3000 DEOPT PACKING pc=0x000001f9e44206dc sp=0x0000001df66fa4b0
Event: 3.879 Thread 0x000001f9f5ed3000 DEOPT UNPACKING pc=0x000001f9dc95a1af sp=0x0000001df66fa3e8 mode 2
Event: 3.879 Thread 0x000001f9f5ed3000 Uncommon trap: trap_request=0xffffff4d fr.pc=0x000001f9e43f8168 relative=0x0000000000000048
Event: 3.879 Thread 0x000001f9f5ed3000 Uncommon trap: reason=unstable_if action=reinterpret pc=0x000001f9e43f8168 method=java.net.URI.match(CJJ)Z @ 19 c2
Event: 3.879 Thread 0x000001f9f5ed3000 DEOPT PACKING pc=0x000001f9e43f8168 sp=0x0000001df66fa4c0
Event: 3.879 Thread 0x000001f9f5ed3000 DEOPT UNPACKING pc=0x000001f9dc95a1af sp=0x0000001df66fa470 mode 2

Classes redefined (0 events):
No events

Internal exceptions (20 events):
Event: 3.863 Thread 0x000001f9f5ed3000 Exception <a 'java/security/PrivilegedActionException'{0x000000008ab6b010}> (0x000000008ab6b010) thrown at [./src/hotspot/share/prims/jvm.cpp, line 1306]
Event: 3.863 Thread 0x000001f9f5ed3000 Exception <a 'java/security/PrivilegedActionException'{0x000000008ab754b0}> (0x000000008ab754b0) thrown at [./src/hotspot/share/prims/jvm.cpp, line 1306]
Event: 3.863 Thread 0x000001f9f5ed3000 Exception <a 'java/security/PrivilegedActionException'{0x000000008ab76770}> (0x000000008ab76770) thrown at [./src/hotspot/share/prims/jvm.cpp, line 1306]
Event: 3.864 Thread 0x000001f9f5ed3000 Exception <a 'java/security/PrivilegedActionException'{0x000000008ab7e008}> (0x000000008ab7e008) thrown at [./src/hotspot/share/prims/jvm.cpp, line 1306]
Event: 3.864 Thread 0x000001f9f5ed3000 Exception <a 'java/security/PrivilegedActionException'{0x000000008ab7f2c8}> (0x000000008ab7f2c8) thrown at [./src/hotspot/share/prims/jvm.cpp, line 1306]
Event: 3.864 Thread 0x000001f9f5ed3000 Exception <a 'java/lang/ClassNotFoundException'{0x000000008ab87360}: groovy/lang/GString$1Customizer> (0x000000008ab87360) thrown at [./src/hotspot/share/classfile/systemDictionary.cpp, line 231]
Event: 3.869 Thread 0x000001f9f5ed3000 Exception <a 'java/security/PrivilegedActionException'{0x000000008aa072b0}> (0x000000008aa072b0) thrown at [./src/hotspot/share/prims/jvm.cpp, line 1306]
Event: 3.869 Thread 0x000001f9f5ed3000 Exception <a 'java/security/PrivilegedActionException'{0x000000008aa08570}> (0x000000008aa08570) thrown at [./src/hotspot/share/prims/jvm.cpp, line 1306]
Event: 3.870 Thread 0x000001f9f5ed3000 Exception <a 'java/security/PrivilegedActionException'{0x000000008aa13758}> (0x000000008aa13758) thrown at [./src/hotspot/share/prims/jvm.cpp, line 1306]
Event: 3.870 Thread 0x000001f9f5ed3000 Exception <a 'java/security/PrivilegedActionException'{0x000000008aa14a18}> (0x000000008aa14a18) thrown at [./src/hotspot/share/prims/jvm.cpp, line 1306]
Event: 3.870 Thread 0x000001f9f5ed3000 Exception <a 'java/security/PrivilegedActionException'{0x000000008aa1d010}> (0x000000008aa1d010) thrown at [./src/hotspot/share/prims/jvm.cpp, line 1306]
Event: 3.870 Thread 0x000001f9f5ed3000 Exception <a 'java/security/PrivilegedActionException'{0x000000008aa1e2d0}> (0x000000008aa1e2d0) thrown at [./src/hotspot/share/prims/jvm.cpp, line 1306]
Event: 3.870 Thread 0x000001f9f5ed3000 Exception <a 'java/lang/ClassNotFoundException'{0x000000008aa26d20}: org/codehaus/groovy/runtime/GStringImplBeanInfo> (0x000000008aa26d20) thrown at [./src/hotspot/share/classfile/systemDictionary.cpp, line 231]
Event: 3.871 Thread 0x000001f9f5ed3000 Exception <a 'java/security/PrivilegedActionException'{0x000000008aa2dd18}> (0x000000008aa2dd18) thrown at [./src/hotspot/share/prims/jvm.cpp, line 1306]
Event: 3.871 Thread 0x000001f9f5ed3000 Exception <a 'java/security/PrivilegedActionException'{0x000000008aa2efd8}> (0x000000008aa2efd8) thrown at [./src/hotspot/share/prims/jvm.cpp, line 1306]
Event: 3.871 Thread 0x000001f9f5ed3000 Exception <a 'java/security/PrivilegedActionException'{0x000000008aa39f70}> (0x000000008aa39f70) thrown at [./src/hotspot/share/prims/jvm.cpp, line 1306]
Event: 3.871 Thread 0x000001f9f5ed3000 Exception <a 'java/security/PrivilegedActionException'{0x000000008aa3b230}> (0x000000008aa3b230) thrown at [./src/hotspot/share/prims/jvm.cpp, line 1306]
Event: 3.872 Thread 0x000001f9f5ed3000 Exception <a 'java/security/PrivilegedActionException'{0x000000008aa43830}> (0x000000008aa43830) thrown at [./src/hotspot/share/prims/jvm.cpp, line 1306]
Event: 3.872 Thread 0x000001f9f5ed3000 Exception <a 'java/security/PrivilegedActionException'{0x000000008aa44af0}> (0x000000008aa44af0) thrown at [./src/hotspot/share/prims/jvm.cpp, line 1306]
Event: 3.872 Thread 0x000001f9f5ed3000 Exception <a 'java/lang/ClassNotFoundException'{0x000000008aa4d548}: org/codehaus/groovy/runtime/GStringImplCustomizer> (0x000000008aa4d548) thrown at [./src/hotspot/share/classfile/systemDictionary.cpp, line 231]

Events (20 events):
Event: 3.966 loading class org/gradle/api/internal/artifacts/ProjectBackedModule
Event: 3.966 loading class org/gradle/api/internal/artifacts/ProjectBackedModule done
Event: 3.966 loading class org/gradle/api/internal/artifacts/DefaultModuleVersionIdentifier
Event: 3.966 loading class org/gradle/api/internal/artifacts/DefaultModuleVersionIdentifier done
Event: 3.967 loading class org/gradle/internal/component/local/model/BuildableLocalConfigurationMetadata
Event: 3.967 loading class org/gradle/internal/component/local/model/BuildableLocalConfigurationMetadata done
Event: 3.967 loading class org/gradle/internal/component/local/model/LocalConfigurationMetadata
Event: 3.967 loading class org/gradle/internal/component/local/model/LocalConfigurationMetadata done
Event: 3.967 loading class org/gradle/internal/component/local/model/DefaultLocalComponentMetadata$DefaultLocalConfigurationMetadata
Event: 3.967 loading class org/gradle/internal/component/local/model/DefaultLocalComponentMetadata$DefaultLocalConfigurationMetadata done
Event: 3.968 loading class org/gradle/internal/component/local/model/RootLocalComponentMetadata$RootLocalConfigurationMetadata
Event: 3.968 loading class org/gradle/internal/component/local/model/RootLocalComponentMetadata$RootLocalConfigurationMetadata done
Event: 3.968 loading class org/gradle/internal/component/local/model/RootConfigurationMetadata
Event: 3.968 loading class org/gradle/internal/component/local/model/RootConfigurationMetadata done
Event: 3.972 loading class org/gradle/api/internal/collections/FilteredCollection
Event: 3.972 loading class org/gradle/api/internal/collections/FilteredCollection done
Event: 3.972 loading class org/gradle/api/internal/DefaultDomainObjectCollection$FlushingEventRegister
Event: 3.972 loading class org/gradle/api/internal/DefaultDomainObjectCollection$FlushingEventRegister done
Event: 3.973 loading class org/gradle/api/internal/DefaultNamedDomainObjectCollection$FilteredIndex
Event: 3.973 loading class org/gradle/api/internal/DefaultNamedDomainObjectCollection$FilteredIndex done


Dynamic libraries:
0x00007ff6fb800000 - 0x00007ff6fb80a000 	F:\AndroidStudio\jre\bin\java.exe
0x00007ff99d860000 - 0x00007ff99da50000 	C:\Windows\SYSTEM32\ntdll.dll
0x00007ff99d260000 - 0x00007ff99d312000 	C:\Windows\System32\KERNEL32.DLL
0x00007ff99b1e0000 - 0x00007ff99b482000 	C:\Windows\System32\KERNELBASE.dll
0x00007ff99b630000 - 0x00007ff99b72a000 	C:\Windows\System32\ucrtbase.dll
0x00007ff96efc0000 - 0x00007ff96efd9000 	F:\AndroidStudio\jre\bin\jli.dll
0x00007ff971220000 - 0x00007ff971237000 	F:\AndroidStudio\jre\bin\VCRUNTIME140.dll
0x00007ff99c590000 - 0x00007ff99c723000 	C:\Windows\System32\USER32.dll
0x00007ff97bf10000 - 0x00007ff97c195000 	C:\Windows\WinSxS\amd64_microsoft.windows.common-controls_6595b64144ccf1df_6.0.18362.30_none_a1435978519dce7f\COMCTL32.dll
0x00007ff99b7b0000 - 0x00007ff99b7d1000 	C:\Windows\System32\win32u.dll
0x00007ff99b9e0000 - 0x00007ff99ba06000 	C:\Windows\System32\GDI32.dll
0x00007ff99bea0000 - 0x00007ff99bf3e000 	C:\Windows\System32\msvcrt.dll
0x00007ff99b490000 - 0x00007ff99b624000 	C:\Windows\System32\gdi32full.dll
0x00007ff99b140000 - 0x00007ff99b1de000 	C:\Windows\System32\msvcp_win.dll
0x00007ff99d4e0000 - 0x00007ff99d816000 	C:\Windows\System32\combase.dll
0x00007ff99ba90000 - 0x00007ff99bbb0000 	C:\Windows\System32\RPCRT4.dll
0x00007ff99b7e0000 - 0x00007ff99b861000 	C:\Windows\System32\bcryptPrimitives.dll
0x00007ff99c460000 - 0x00007ff99c48e000 	C:\Windows\System32\IMM32.DLL
0x00007ff946960000 - 0x00007ff9469fd000 	F:\AndroidStudio\jre\bin\msvcp140.dll
0x00007ff940e30000 - 0x00007ff941915000 	F:\AndroidStudio\jre\bin\server\jvm.dll
0x00007ff99b930000 - 0x00007ff99b9d3000 	C:\Windows\System32\ADVAPI32.dll
0x00007ff99c870000 - 0x00007ff99c907000 	C:\Windows\System32\sechost.dll
0x00007ff99bbb0000 - 0x00007ff99bbb8000 	C:\Windows\System32\PSAPI.DLL
0x00007ff9808b0000 - 0x00007ff9808b9000 	C:\Windows\SYSTEM32\WSOCK32.dll
0x00007ff997620000 - 0x00007ff997644000 	C:\Windows\SYSTEM32\WINMM.dll
0x00007ff993e90000 - 0x00007ff993e9a000 	C:\Windows\SYSTEM32\VERSION.dll
0x00007ff99c520000 - 0x00007ff99c58f000 	C:\Windows\System32\WS2_32.dll
0x00007ff997190000 - 0x00007ff9971bd000 	C:\Windows\SYSTEM32\winmmbase.dll
0x00007ff99b730000 - 0x00007ff99b77a000 	C:\Windows\System32\cfgmgr32.dll
0x00007ff99a740000 - 0x00007ff99a751000 	C:\Windows\System32\kernel.appcore.dll
0x00007ff9866c0000 - 0x00007ff9866d1000 	F:\AndroidStudio\jre\bin\verify.dll
0x00007ff999080000 - 0x00007ff999274000 	C:\Windows\SYSTEM32\DBGHELP.DLL
0x00007ff97f1b0000 - 0x00007ff97f1da000 	C:\Windows\SYSTEM32\dbgcore.DLL
0x00007ff97bbb0000 - 0x00007ff97bbd9000 	F:\AndroidStudio\jre\bin\java.dll
0x00007ff9938a0000 - 0x00007ff9938ab000 	F:\AndroidStudio\jre\bin\jimage.dll
0x00007ff981430000 - 0x00007ff981448000 	F:\AndroidStudio\jre\bin\zip.dll
0x00007ff99cb80000 - 0x00007ff99d260000 	C:\Windows\System32\SHELL32.dll
0x00007ff99bf40000 - 0x00007ff99bfe9000 	C:\Windows\System32\shcore.dll
0x00007ff99a7f0000 - 0x00007ff99af6b000 	C:\Windows\System32\windows.storage.dll
0x00007ff99a7d0000 - 0x00007ff99a7ef000 	C:\Windows\System32\profapi.dll
0x00007ff99a760000 - 0x00007ff99a7aa000 	C:\Windows\System32\powrprof.dll
0x00007ff99a730000 - 0x00007ff99a740000 	C:\Windows\System32\UMPDC.dll
0x00007ff99cb20000 - 0x00007ff99cb72000 	C:\Windows\System32\shlwapi.dll
0x00007ff99afd0000 - 0x00007ff99afe7000 	C:\Windows\System32\cryptsp.dll
0x00007ff980860000 - 0x00007ff98087a000 	F:\AndroidStudio\jre\bin\net.dll
0x00007ff993040000 - 0x00007ff99312f000 	C:\Windows\SYSTEM32\WINHTTP.dll
0x00007ff999fa0000 - 0x00007ff99a007000 	C:\Windows\system32\mswsock.dll
0x00007ff97e990000 - 0x00007ff97e9a4000 	F:\AndroidStudio\jre\bin\nio.dll
0x00007ff996710000 - 0x00007ff99672e000 	F:\AndroidStudio\jre\native\25\windows-amd64\native-platform.dll
0x00007ff993130000 - 0x00007ff99313a000 	F:\AndroidStudio\jre\bin\management.dll
0x00007ff9900d0000 - 0x00007ff9900dd000 	F:\AndroidStudio\jre\bin\management_ext.dll
0x00007ff999b60000 - 0x00007ff999b93000 	C:\Windows\system32\rsaenh.dll
0x00007ff99b780000 - 0x00007ff99b7a6000 	C:\Windows\System32\bcrypt.dll
0x00007ff99a620000 - 0x00007ff99a645000 	C:\Windows\SYSTEM32\USERENV.dll
0x00007ff99a170000 - 0x00007ff99a17c000 	C:\Windows\SYSTEM32\CRYPTBASE.dll
0x00007ff999d00000 - 0x00007ff999d3a000 	C:\Windows\SYSTEM32\IPHLPAPI.DLL
0x00007ff99c510000 - 0x00007ff99c518000 	C:\Windows\System32\NSI.dll
0x00007ff98b350000 - 0x00007ff98b366000 	C:\Windows\SYSTEM32\dhcpcsvc6.DLL
0x00007ff98fc70000 - 0x00007ff98fc8c000 	C:\Windows\SYSTEM32\dhcpcsvc.DLL
0x00007ff999d40000 - 0x00007ff999e0a000 	C:\Windows\SYSTEM32\DNSAPI.dll
0x00007ff9966d0000 - 0x00007ff9966f7000 	F:\AndroidStudio\jre\bin\sunec.dll

dbghelp: loaded successfully - version: 4.0.5 - missing functions: none
symbol engine: initialized successfully - sym options: 0x614 - pdb path: .;F:\AndroidStudio\jre\bin;C:\Windows\SYSTEM32;C:\Windows\WinSxS\amd64_microsoft.windows.common-controls_6595b64144ccf1df_6.0.18362.30_none_a1435978519dce7f;F:\AndroidStudio\jre\bin\server;F:\AndroidStudio\jre\native\25\windows-amd64

VM Arguments:
jvm_args: --add-opens=java.base/java.util=ALL-UNNAMED --add-opens=java.base/java.lang=ALL-UNNAMED --add-opens=java.base/java.lang.invoke=ALL-UNNAMED --add-opens=java.prefs/java.util.prefs=ALL-UNNAMED -Xmx2048m -Dfile.encoding=UTF-8 -Duser.country=CA -Duser.language=en -Duser.variant 
java_command: org.gradle.launcher.daemon.bootstrap.GradleDaemon 5.0
java_class_path (initial): F:\AndroidStudio\jre\wrapper\dists\gradle-5.0-bin\pu5208521seraqlersebvqk\gradle-5.0\lib\gradle-launcher-5.0.jar
Launcher Type: SUN_STANDARD

[Global flags]
     intx CICompilerCount                          = 4                                         {product} {ergonomic}
     uint ConcGCThreads                            = 2                                         {product} {ergonomic}
     uint G1ConcRefinementThreads                  = 8                                         {product} {ergonomic}
   size_t G1HeapRegionSize                         = 1048576                                   {product} {ergonomic}
    uintx GCDrainStackTargetSize                   = 64                                        {product} {ergonomic}
   size_t InitialHeapSize                          = 201326592                                 {product} {ergonomic}
   size_t MarkStackSize                            = 4194304                                   {product} {ergonomic}
   size_t MaxHeapSize                              = 2147483648                                {product} {command line}
   size_t MaxNewSize                               = 1287651328                                {product} {ergonomic}
   size_t MinHeapDeltaBytes                        = 1048576                                   {product} {ergonomic}
    uintx NonNMethodCodeHeapSize                   = 5836300                                {pd product} {ergonomic}
    uintx NonProfiledCodeHeapSize                  = 122910970                              {pd product} {ergonomic}
    uintx ProfiledCodeHeapSize                     = 122910970                              {pd product} {ergonomic}
    uintx ReservedCodeCacheSize                    = 251658240                              {pd product} {ergonomic}
     bool SegmentedCodeCache                       = true                                      {product} {ergonomic}
     bool UseCompressedClassPointers               = true                                 {lp64_product} {ergonomic}
     bool UseCompressedOops                        = true                                 {lp64_product} {ergonomic}
     bool UseG1GC                                  = true                                      {product} {ergonomic}
     bool UseLargePagesIndividualAllocation        = false                                  {pd product} {ergonomic}

Logging:
Log output configuration:
 #0: stdout all=warning uptime,level,tags
 #1: stderr all=off uptime,level,tags

Environment Variables:
JAVA_HOME=F:\IntelliJ IDEA Community Edition 2022.1\jbr
PATH=C:\Windows\system32;C:\Windows;C:\Windows\System32\Wbem;C:\Windows\System32\WindowsPowerShell\v1.0\;C:\Windows\System32\OpenSSH\;C:\Program Files (x86)\NVIDIA Corporation\PhysX\Common;C:\Program Files\Microsoft SQL Server\130\Tools\Binn\;C:\Program Files (x86)\Common Files\lenovo\easyplussdk\bin;C:\Program Files\NVIDIA Corporation\NVIDIA NvDLISR;C:\Program Files\Intel\WiFi\bin\;C:\Program Files\Common Files\Intel\WirelessCommon\;C:\ProgramData\chocolatey\bin;C:\Program Files\dotnet\;C:\Program Files\Git\cmd;F:\Python310\Scripts\;F:\Python310\;C:\Program Files\Intel\WiFi\bin\;C:\Program Files\Common Files\Intel\WirelessCommon\;C:\Users\mojan\.dotnet\tools;C:\Users\mojan\AppData\Roaming\Pub\Cache\bin;F:\Microsoft VS Code\bin;C:\Program Files\mingw-w64\x86_64-8.1.0-posix-seh-rt_v6-rev0\mingw64\bin;C:\Users\mojan\.dotnet\tools;F:\PyCharm Community Edition 2021.3.3\bin;;F:\Java18\bin;F:\IntelliJ IDEA Community Edition 2022.1\bin;
USERNAME=mojan
OS=Windows_NT
PROCESSOR_IDENTIFIER=Intel64 Family 6 Model 142 Stepping 10, GenuineIntel



---------------  S Y S T E M  ---------------

OS: Windows 10 , 64 bit Build 18362 (10.0.18362.1)
OS uptime: 0 days 4:36 hours

CPU:total 8 (initial active 8) (4 cores per cpu, 2 threads per core) family 6 model 142 stepping 10 microcode 0x96, cmov, cx8, fxsr, mmx, sse, sse2, sse3, ssse3, sse4.1, sse4.2, popcnt, avx, avx2, aes, clmul, erms, 3dnowpref, lzcnt, ht, tsc, tscinvbit, bmi1, bmi2, adx, fma

Memory: 4k page, system-wide physical 12166M (2026M free)
TotalPageFile size 12166M (AvailPageFile size 3M)
current process WorkingSet (physical memory assigned to process): 259M, peak: 259M
current process commit charge ("private bytes"): 390M, peak: 390M

vm_info: OpenJDK 64-Bit Server VM (11.0.12+7-b1504.28-7817840) for windows-amd64 JRE (11.0.12+7-b1504.28-7817840), built on Oct 13 2021 22:12:33 by "builder" with MS VC++ 14.0 (VS2015)

END.
